[0.036s] Invoking command in '/home/rmi/ros2ws/build/my_robot_description': CMAKE_PREFIX_PATH=${CMAKE_PREFIX_PATH}:/home/rmi/ros2ws/src/install/serial_motor_demo:/home/rmi/ros2ws/src/install/learning_tf2_py:/home/rmi/ros2ws/install/serial_motor_demo:/home/rmi/ros2ws/install/learning_tf2_py:/opt/ros/humble /usr/bin/cmake /home/rmi/ros2ws/src/my_robot_description -DAMENT_CMAKE_SYMLINK_INSTALL=1 -DCMAKE_INSTALL_PREFIX=/home/rmi/ros2ws/install/my_robot_description
[0.106s] -- Found ament_cmake: 1.3.11 (/opt/ros/humble/share/ament_cmake/cmake)
[0.250s] -- Override CMake install command with custom implementation using symlinks instead of copying resources
[0.351s] -- Configuring done
[0.364s] -- Generating done
[0.365s] -- Build files have been written to: /home/rmi/ros2ws/build/my_robot_description
[0.368s] Invoked command in '/home/rmi/ros2ws/build/my_robot_description' returned '0': CMAKE_PREFIX_PATH=${CMAKE_PREFIX_PATH}:/home/rmi/ros2ws/src/install/serial_motor_demo:/home/rmi/ros2ws/src/install/learning_tf2_py:/home/rmi/ros2ws/install/serial_motor_demo:/home/rmi/ros2ws/install/learning_tf2_py:/opt/ros/humble /usr/bin/cmake /home/rmi/ros2ws/src/my_robot_description -DAMENT_CMAKE_SYMLINK_INSTALL=1 -DCMAKE_INSTALL_PREFIX=/home/rmi/ros2ws/install/my_robot_description
[0.371s] Invoking command in '/home/rmi/ros2ws/build/my_robot_description': CMAKE_PREFIX_PATH=${CMAKE_PREFIX_PATH}:/home/rmi/ros2ws/src/install/serial_motor_demo:/home/rmi/ros2ws/src/install/learning_tf2_py:/home/rmi/ros2ws/install/serial_motor_demo:/home/rmi/ros2ws/install/learning_tf2_py:/opt/ros/humble /usr/bin/cmake --build /home/rmi/ros2ws/build/my_robot_description -- -j8 -l8
[0.443s] Invoked command in '/home/rmi/ros2ws/build/my_robot_description' returned '0': CMAKE_PREFIX_PATH=${CMAKE_PREFIX_PATH}:/home/rmi/ros2ws/src/install/serial_motor_demo:/home/rmi/ros2ws/src/install/learning_tf2_py:/home/rmi/ros2ws/install/serial_motor_demo:/home/rmi/ros2ws/install/learning_tf2_py:/opt/ros/humble /usr/bin/cmake --build /home/rmi/ros2ws/build/my_robot_description -- -j8 -l8
[0.445s] Invoking command in '/home/rmi/ros2ws/build/my_robot_description': CMAKE_PREFIX_PATH=${CMAKE_PREFIX_PATH}:/home/rmi/ros2ws/src/install/serial_motor_demo:/home/rmi/ros2ws/src/install/learning_tf2_py:/home/rmi/ros2ws/install/serial_motor_demo:/home/rmi/ros2ws/install/learning_tf2_py:/opt/ros/humble /usr/bin/cmake --install /home/rmi/ros2ws/build/my_robot_description
[0.454s] -- Install configuration: ""
[0.455s] -- Execute custom install script
[0.455s] -- Symlinking: /home/rmi/ros2ws/install/my_robot_description/share/my_robot_description//urdf/camera.xacro
[0.466s] -- Symlinking: /home/rmi/ros2ws/install/my_robot_description/share/my_robot_description//urdf/camera.xacroZone.Identifier
[0.480s] -- Symlinking: /home/rmi/ros2ws/install/my_robot_description/share/my_robot_description//urdf/common_properties.xacro
[0.491s] -- Symlinking: /home/rmi/ros2ws/install/my_robot_description/share/my_robot_description//urdf/common_properties.xacroZone.Identifier
[0.501s] -- Symlinking: /home/rmi/ros2ws/install/my_robot_description/share/my_robot_description//urdf/lidar.txt
[0.513s] -- Symlinking: /home/rmi/ros2ws/install/my_robot_description/share/my_robot_description//urdf/lidar.xacro
[0.523s] -- Symlinking: /home/rmi/ros2ws/install/my_robot_description/share/my_robot_description//urdf/mobile_base.xacro
[0.534s] -- Symlinking: /home/rmi/ros2ws/install/my_robot_description/share/my_robot_description//urdf/mobile_base.xacroZone.Identifier
[0.544s] -- Symlinking: /home/rmi/ros2ws/install/my_robot_description/share/my_robot_description//urdf/mobile_base_gazebo.xacro
[0.555s] -- Symlinking: /home/rmi/ros2ws/install/my_robot_description/share/my_robot_description//urdf/mobile_base_gazebo.xacroZone.Identifier
[0.565s] -- Symlinking: /home/rmi/ros2ws/install/my_robot_description/share/my_robot_description//urdf/my_robot.urdf.xacro
[0.575s] -- Symlinking: /home/rmi/ros2ws/install/my_robot_description/share/my_robot_description//urdf/my_robot.urdf.xacroZone.Identifier
[0.593s] [33mCMake Warning (dev) at ament_cmake_symlink_install/ament_cmake_symlink_install.cmake:62 (file):
[0.593s]   Policy CMP0009 is not set: FILE GLOB_RECURSE calls should not follow
[0.593s]   symlinks by default.  Run "cmake --help-policy CMP0009" for policy details.
[0.593s]   Use the cmake_policy command to set the policy and suppress this warning.
[0.593s] Call Stack (most recent call first):
[0.593s]   ament_cmake_symlink_install/ament_cmake_symlink_install.cmake:314 (ament_cmake_symlink_install_directory)
[0.594s]   cmake_install.cmake:46 (include)
[0.594s] This warning is for project developers.  Use -Wno-dev to suppress it.
[0.594s] [0m
[0.594s] -- Symlinking: /home/rmi/ros2ws/install/my_robot_description/share/my_robot_description//launch/build/.built_by
[0.604s] -- Symlinking: /home/rmi/ros2ws/install/my_robot_description/share/my_robot_description//launch/build/COLCON_IGNORE
[0.614s] -- Symlinking: /home/rmi/ros2ws/install/my_robot_description/share/my_robot_description//launch/display.launch.py
[0.625s] -- Symlinking: /home/rmi/ros2ws/install/my_robot_description/share/my_robot_description//launch/display.launch.pyZone.Identifier
[0.637s] -- Symlinking: /home/rmi/ros2ws/install/my_robot_description/share/my_robot_description//launch/display.launch.xml
[0.647s] -- Symlinking: /home/rmi/ros2ws/install/my_robot_description/share/my_robot_description//launch/display.launch.xmlZone.Identifier
[0.658s] -- Symlinking: /home/rmi/ros2ws/install/my_robot_description/share/my_robot_description//launch/install/.colcon_install_layout
[0.668s] -- Symlinking: /home/rmi/ros2ws/install/my_robot_description/share/my_robot_description//launch/install/COLCON_IGNORE
[0.679s] -- Symlinking: /home/rmi/ros2ws/install/my_robot_description/share/my_robot_description//launch/install/_local_setup_util_ps1.py
[0.689s] -- Symlinking: /home/rmi/ros2ws/install/my_robot_description/share/my_robot_description//launch/install/_local_setup_util_sh.py
[0.699s] -- Symlinking: /home/rmi/ros2ws/install/my_robot_description/share/my_robot_description//launch/install/local_setup.bash
[0.710s] -- Symlinking: /home/rmi/ros2ws/install/my_robot_description/share/my_robot_description//launch/install/local_setup.ps1
[0.723s] -- Symlinking: /home/rmi/ros2ws/install/my_robot_description/share/my_robot_description//launch/install/local_setup.sh
[0.733s] -- Symlinking: /home/rmi/ros2ws/install/my_robot_description/share/my_robot_description//launch/install/local_setup.zsh
[0.745s] -- Symlinking: /home/rmi/ros2ws/install/my_robot_description/share/my_robot_description//launch/install/setup.bash
[0.759s] -- Symlinking: /home/rmi/ros2ws/install/my_robot_description/share/my_robot_description//launch/install/setup.ps1
[0.772s] -- Symlinking: /home/rmi/ros2ws/install/my_robot_description/share/my_robot_description//launch/install/setup.sh
[0.786s] -- Symlinking: /home/rmi/ros2ws/install/my_robot_description/share/my_robot_description//launch/install/setup.zsh
[0.798s] -- Symlinking: /home/rmi/ros2ws/install/my_robot_description/share/my_robot_description//launch/log/COLCON_IGNORE
[0.813s] -- Symlinking: /home/rmi/ros2ws/install/my_robot_description/share/my_robot_description//launch/log/build_2024-12-22_01-34-42/events.log
[0.824s] -- Symlinking: /home/rmi/ros2ws/install/my_robot_description/share/my_robot_description//launch/log/build_2024-12-22_01-34-42/logger_all.log
[0.838s] -- Symlinking: /home/rmi/ros2ws/install/my_robot_description/share/my_robot_description//launch/log/build_2024-12-22_01-37-29/events.log
[0.850s] -- Symlinking: /home/rmi/ros2ws/install/my_robot_description/share/my_robot_description//launch/log/build_2024-12-22_01-37-29/logger_all.log
[0.861s] -- Symlinking: /home/rmi/ros2ws/install/my_robot_description/share/my_robot_description//launch/log/build_2024-12-22_01-40-27/events.log
[0.871s] -- Symlinking: /home/rmi/ros2ws/install/my_robot_description/share/my_robot_description//launch/log/build_2024-12-22_01-40-27/logger_all.log
[0.882s] -- Symlinking: /home/rmi/ros2ws/install/my_robot_description/share/my_robot_description//launch/log/latest/events.log
[0.892s] -- Symlinking: /home/rmi/ros2ws/install/my_robot_description/share/my_robot_description//launch/log/latest/logger_all.log
[0.902s] -- Symlinking: /home/rmi/ros2ws/install/my_robot_description/share/my_robot_description//launch/log/latest_build/events.log
[0.912s] -- Symlinking: /home/rmi/ros2ws/install/my_robot_description/share/my_robot_description//launch/log/latest_build/logger_all.log
[0.923s] -- Symlinking: /home/rmi/ros2ws/install/my_robot_description/share/my_robot_description//rviz/urdf_config.rviz
[0.933s] -- Symlinking: /home/rmi/ros2ws/install/my_robot_description/share/my_robot_description//rviz/urdf_config.rvizZone.Identifier
[0.944s] -- Symlinking: /home/rmi/ros2ws/install/my_robot_description/share/ament_index/resource_index/package_run_dependencies/my_robot_description
[0.954s] -- Symlinking: /home/rmi/ros2ws/install/my_robot_description/share/ament_index/resource_index/parent_prefix_path/my_robot_description
[0.965s] -- Symlinking: /home/rmi/ros2ws/install/my_robot_description/share/my_robot_description/environment/ament_prefix_path.sh
[0.975s] -- Symlinking: /home/rmi/ros2ws/install/my_robot_description/share/my_robot_description/environment/ament_prefix_path.dsv
[0.986s] -- Symlinking: /home/rmi/ros2ws/install/my_robot_description/share/my_robot_description/environment/path.sh
[0.996s] -- Symlinking: /home/rmi/ros2ws/install/my_robot_description/share/my_robot_description/environment/path.dsv
[1.018s] -- Symlinking: /home/rmi/ros2ws/install/my_robot_description/share/my_robot_description/local_setup.bash
[1.018s] -- Symlinking: /home/rmi/ros2ws/install/my_robot_description/share/my_robot_description/local_setup.sh
[1.029s] -- Symlinking: /home/rmi/ros2ws/install/my_robot_description/share/my_robot_description/local_setup.zsh
[1.040s] -- Symlinking: /home/rmi/ros2ws/install/my_robot_description/share/my_robot_description/local_setup.dsv
[1.051s] -- Symlinking: /home/rmi/ros2ws/install/my_robot_description/share/my_robot_description/package.dsv
[1.062s] -- Symlinking: /home/rmi/ros2ws/install/my_robot_description/share/ament_index/resource_index/packages/my_robot_description
[1.072s] -- Symlinking: /home/rmi/ros2ws/install/my_robot_description/share/my_robot_description/cmake/my_robot_descriptionConfig.cmake
[1.082s] -- Symlinking: /home/rmi/ros2ws/install/my_robot_description/share/my_robot_description/cmake/my_robot_descriptionConfig-version.cmake
[1.093s] -- Symlinking: /home/rmi/ros2ws/install/my_robot_description/share/my_robot_description/package.xml
[1.105s] Invoked command in '/home/rmi/ros2ws/build/my_robot_description' returned '0': CMAKE_PREFIX_PATH=${CMAKE_PREFIX_PATH}:/home/rmi/ros2ws/src/install/serial_motor_demo:/home/rmi/ros2ws/src/install/learning_tf2_py:/home/rmi/ros2ws/install/serial_motor_demo:/home/rmi/ros2ws/install/learning_tf2_py:/opt/ros/humble /usr/bin/cmake --install /home/rmi/ros2ws/build/my_robot_description
