[0.113s] DEBUG:colcon:Command line arguments: ['/usr/bin/colcon', 'build', '--symlink-install']
[0.113s] DEBUG:colcon:Parsed command line arguments: Namespace(log_base=None, log_level=None, verb_name='build', build_base='build', install_base='install', merge_install=False, symlink_install=True, test_result_base=None, continue_on_error=False, executor='parallel', parallel_workers=8, event_handlers=None, ignore_user_meta=False, metas=['./colcon.meta'], base_paths=['.'], packages_ignore=None, packages_ignore_regex=None, paths=None, packages_up_to=None, packages_up_to_regex=None, packages_above=None, packages_above_and_dependencies=None, packages_above_depth=None, packages_select_by_dep=None, packages_skip_by_dep=None, packages_skip_up_to=None, packages_select_build_failed=False, packages_skip_build_finished=False, packages_select_test_failures=False, packages_skip_test_passed=False, packages_select=None, packages_skip=None, packages_select_regex=None, packages_skip_regex=None, packages_start=None, packages_end=None, allow_overriding=[], cmake_args=None, cmake_target=None, cmake_target_skip_unavailable=False, cmake_clean_cache=False, cmake_clean_first=False, cmake_force_configure=False, ament_cmake_args=None, catkin_cmake_args=None, catkin_skip_building_tests=False, verb_parser=<colcon_defaults.argument_parser.defaults.DefaultArgumentsDecorator object at 0x7f98a66d8670>, verb_extension=<colcon_core.verb.build.BuildVerb object at 0x7f98a66d8100>, main=<bound method BuildVerb.main of <colcon_core.verb.build.BuildVerb object at 0x7f98a66d8100>>)
[0.296s] Level 1:colcon.colcon_core.package_discovery:discover_packages(colcon_meta) check parameters
[0.297s] Level 1:colcon.colcon_core.package_discovery:discover_packages(recursive) check parameters
[0.297s] Level 1:colcon.colcon_core.package_discovery:discover_packages(ignore) check parameters
[0.297s] Level 1:colcon.colcon_core.package_discovery:discover_packages(path) check parameters
[0.297s] Level 1:colcon.colcon_core.package_discovery:discover_packages(colcon_meta) discover
[0.297s] Level 1:colcon.colcon_core.package_discovery:discover_packages(recursive) discover
[0.297s] INFO:colcon.colcon_core.package_discovery:Crawling recursively for packages in '/home/rmi/ros2ws'
[0.297s] Level 1:colcon.colcon_core.package_identification:_identify(.) by extensions ['ignore', 'ignore_ament_install']
[0.297s] Level 1:colcon.colcon_core.package_identification:_identify(.) by extension 'ignore'
[0.297s] Level 1:colcon.colcon_core.package_identification:_identify(.) by extension 'ignore_ament_install'
[0.297s] Level 1:colcon.colcon_core.package_identification:_identify(.) by extensions ['colcon_pkg']
[0.297s] Level 1:colcon.colcon_core.package_identification:_identify(.) by extension 'colcon_pkg'
[0.297s] Level 1:colcon.colcon_core.package_identification:_identify(.) by extensions ['colcon_meta']
[0.298s] Level 1:colcon.colcon_core.package_identification:_identify(.) by extension 'colcon_meta'
[0.298s] Level 1:colcon.colcon_core.package_identification:_identify(.) by extensions ['ros']
[0.298s] Level 1:colcon.colcon_core.package_identification:_identify(.) by extension 'ros'
[0.310s] Level 1:colcon.colcon_core.package_identification:_identify(.) by extensions ['cmake', 'python']
[0.310s] Level 1:colcon.colcon_core.package_identification:_identify(.) by extension 'cmake'
[0.310s] Level 1:colcon.colcon_core.package_identification:_identify(.) by extension 'python'
[0.310s] Level 1:colcon.colcon_core.package_identification:_identify(.) by extensions ['python_setup_py']
[0.310s] Level 1:colcon.colcon_core.package_identification:_identify(.) by extension 'python_setup_py'
[0.310s] Level 1:colcon.colcon_core.package_identification:_identify(build) by extensions ['ignore', 'ignore_ament_install']
[0.310s] Level 1:colcon.colcon_core.package_identification:_identify(build) by extension 'ignore'
[0.310s] Level 1:colcon.colcon_core.package_identification:_identify(build) ignored
[0.311s] Level 1:colcon.colcon_core.package_identification:_identify(install) by extensions ['ignore', 'ignore_ament_install']
[0.311s] Level 1:colcon.colcon_core.package_identification:_identify(install) by extension 'ignore'
[0.311s] Level 1:colcon.colcon_core.package_identification:_identify(install) ignored
[0.311s] Level 1:colcon.colcon_core.package_identification:_identify(log) by extensions ['ignore', 'ignore_ament_install']
[0.311s] Level 1:colcon.colcon_core.package_identification:_identify(log) by extension 'ignore'
[0.311s] Level 1:colcon.colcon_core.package_identification:_identify(log) ignored
[0.311s] Level 1:colcon.colcon_core.package_identification:_identify(src) by extensions ['ignore', 'ignore_ament_install']
[0.311s] Level 1:colcon.colcon_core.package_identification:_identify(src) by extension 'ignore'
[0.311s] Level 1:colcon.colcon_core.package_identification:_identify(src) by extension 'ignore_ament_install'
[0.312s] Level 1:colcon.colcon_core.package_identification:_identify(src) by extensions ['colcon_pkg']
[0.312s] Level 1:colcon.colcon_core.package_identification:_identify(src) by extension 'colcon_pkg'
[0.312s] Level 1:colcon.colcon_core.package_identification:_identify(src) by extensions ['colcon_meta']
[0.312s] Level 1:colcon.colcon_core.package_identification:_identify(src) by extension 'colcon_meta'
[0.312s] Level 1:colcon.colcon_core.package_identification:_identify(src) by extensions ['ros']
[0.312s] Level 1:colcon.colcon_core.package_identification:_identify(src) by extension 'ros'
[0.312s] Level 1:colcon.colcon_core.package_identification:_identify(src) by extensions ['cmake', 'python']
[0.312s] Level 1:colcon.colcon_core.package_identification:_identify(src) by extension 'cmake'
[0.312s] Level 1:colcon.colcon_core.package_identification:_identify(src) by extension 'python'
[0.312s] Level 1:colcon.colcon_core.package_identification:_identify(src) by extensions ['python_setup_py']
[0.312s] Level 1:colcon.colcon_core.package_identification:_identify(src) by extension 'python_setup_py'
[0.312s] Level 1:colcon.colcon_core.package_identification:_identify(src/build) by extensions ['ignore', 'ignore_ament_install']
[0.312s] Level 1:colcon.colcon_core.package_identification:_identify(src/build) by extension 'ignore'
[0.312s] Level 1:colcon.colcon_core.package_identification:_identify(src/build) ignored
[0.313s] Level 1:colcon.colcon_core.package_identification:_identify(src/differential_drive_robot) by extensions ['ignore', 'ignore_ament_install']
[0.313s] Level 1:colcon.colcon_core.package_identification:_identify(src/differential_drive_robot) by extension 'ignore'
[0.313s] Level 1:colcon.colcon_core.package_identification:_identify(src/differential_drive_robot) by extension 'ignore_ament_install'
[0.313s] Level 1:colcon.colcon_core.package_identification:_identify(src/differential_drive_robot) by extensions ['colcon_pkg']
[0.313s] Level 1:colcon.colcon_core.package_identification:_identify(src/differential_drive_robot) by extension 'colcon_pkg'
[0.313s] Level 1:colcon.colcon_core.package_identification:_identify(src/differential_drive_robot) by extensions ['colcon_meta']
[0.313s] Level 1:colcon.colcon_core.package_identification:_identify(src/differential_drive_robot) by extension 'colcon_meta'
[0.313s] Level 1:colcon.colcon_core.package_identification:_identify(src/differential_drive_robot) by extensions ['ros']
[0.313s] Level 1:colcon.colcon_core.package_identification:_identify(src/differential_drive_robot) by extension 'ros'
[0.316s] DEBUG:colcon.colcon_core.package_identification:Package 'src/differential_drive_robot' with type 'ros.ament_cmake' and name 'differential_drive_robot'
[0.316s] Level 1:colcon.colcon_core.package_identification:_identify(src/install) by extensions ['ignore', 'ignore_ament_install']
[0.316s] Level 1:colcon.colcon_core.package_identification:_identify(src/install) by extension 'ignore'
[0.316s] Level 1:colcon.colcon_core.package_identification:_identify(src/install) ignored
[0.316s] Level 1:colcon.colcon_core.package_identification:_identify(src/learning_tf2_py) by extensions ['ignore', 'ignore_ament_install']
[0.316s] Level 1:colcon.colcon_core.package_identification:_identify(src/learning_tf2_py) by extension 'ignore'
[0.316s] Level 1:colcon.colcon_core.package_identification:_identify(src/learning_tf2_py) by extension 'ignore_ament_install'
[0.317s] Level 1:colcon.colcon_core.package_identification:_identify(src/learning_tf2_py) by extensions ['colcon_pkg']
[0.317s] Level 1:colcon.colcon_core.package_identification:_identify(src/learning_tf2_py) by extension 'colcon_pkg'
[0.317s] Level 1:colcon.colcon_core.package_identification:_identify(src/learning_tf2_py) by extensions ['colcon_meta']
[0.317s] Level 1:colcon.colcon_core.package_identification:_identify(src/learning_tf2_py) by extension 'colcon_meta'
[0.317s] Level 1:colcon.colcon_core.package_identification:_identify(src/learning_tf2_py) by extensions ['ros']
[0.317s] Level 1:colcon.colcon_core.package_identification:_identify(src/learning_tf2_py) by extension 'ros'
[0.317s] DEBUG:colcon.colcon_core.package_identification:Package 'src/learning_tf2_py' with type 'ros.ament_python' and name 'learning_tf2_py'
[0.317s] Level 1:colcon.colcon_core.package_identification:_identify(src/log) by extensions ['ignore', 'ignore_ament_install']
[0.318s] Level 1:colcon.colcon_core.package_identification:_identify(src/log) by extension 'ignore'
[0.318s] Level 1:colcon.colcon_core.package_identification:_identify(src/log) ignored
[0.318s] Level 1:colcon.colcon_core.package_identification:_identify(src/my_robot_bringup) by extensions ['ignore', 'ignore_ament_install']
[0.318s] Level 1:colcon.colcon_core.package_identification:_identify(src/my_robot_bringup) by extension 'ignore'
[0.318s] Level 1:colcon.colcon_core.package_identification:_identify(src/my_robot_bringup) by extension 'ignore_ament_install'
[0.318s] Level 1:colcon.colcon_core.package_identification:_identify(src/my_robot_bringup) by extensions ['colcon_pkg']
[0.318s] Level 1:colcon.colcon_core.package_identification:_identify(src/my_robot_bringup) by extension 'colcon_pkg'
[0.318s] Level 1:colcon.colcon_core.package_identification:_identify(src/my_robot_bringup) by extensions ['colcon_meta']
[0.318s] Level 1:colcon.colcon_core.package_identification:_identify(src/my_robot_bringup) by extension 'colcon_meta'
[0.318s] Level 1:colcon.colcon_core.package_identification:_identify(src/my_robot_bringup) by extensions ['ros']
[0.318s] Level 1:colcon.colcon_core.package_identification:_identify(src/my_robot_bringup) by extension 'ros'
[0.319s] DEBUG:colcon.colcon_core.package_identification:Package 'src/my_robot_bringup' with type 'ros.ament_cmake' and name 'my_robot_bringup'
[0.319s] Level 1:colcon.colcon_core.package_identification:_identify(src/my_robot_description) by extensions ['ignore', 'ignore_ament_install']
[0.319s] Level 1:colcon.colcon_core.package_identification:_identify(src/my_robot_description) by extension 'ignore'
[0.319s] Level 1:colcon.colcon_core.package_identification:_identify(src/my_robot_description) by extension 'ignore_ament_install'
[0.319s] Level 1:colcon.colcon_core.package_identification:_identify(src/my_robot_description) by extensions ['colcon_pkg']
[0.319s] Level 1:colcon.colcon_core.package_identification:_identify(src/my_robot_description) by extension 'colcon_pkg'
[0.319s] Level 1:colcon.colcon_core.package_identification:_identify(src/my_robot_description) by extensions ['colcon_meta']
[0.319s] Level 1:colcon.colcon_core.package_identification:_identify(src/my_robot_description) by extension 'colcon_meta'
[0.319s] Level 1:colcon.colcon_core.package_identification:_identify(src/my_robot_description) by extensions ['ros']
[0.319s] Level 1:colcon.colcon_core.package_identification:_identify(src/my_robot_description) by extension 'ros'
[0.320s] DEBUG:colcon.colcon_core.package_identification:Package 'src/my_robot_description' with type 'ros.ament_cmake' and name 'my_robot_description'
[0.320s] Level 1:colcon.colcon_core.package_identification:_identify(src/serial_motor_demo) by extensions ['ignore', 'ignore_ament_install']
[0.320s] Level 1:colcon.colcon_core.package_identification:_identify(src/serial_motor_demo) by extension 'ignore'
[0.320s] Level 1:colcon.colcon_core.package_identification:_identify(src/serial_motor_demo) by extension 'ignore_ament_install'
[0.320s] Level 1:colcon.colcon_core.package_identification:_identify(src/serial_motor_demo) by extensions ['colcon_pkg']
[0.320s] Level 1:colcon.colcon_core.package_identification:_identify(src/serial_motor_demo) by extension 'colcon_pkg'
[0.320s] Level 1:colcon.colcon_core.package_identification:_identify(src/serial_motor_demo) by extensions ['colcon_meta']
[0.320s] Level 1:colcon.colcon_core.package_identification:_identify(src/serial_motor_demo) by extension 'colcon_meta'
[0.321s] Level 1:colcon.colcon_core.package_identification:_identify(src/serial_motor_demo) by extensions ['ros']
[0.321s] Level 1:colcon.colcon_core.package_identification:_identify(src/serial_motor_demo) by extension 'ros'
[0.321s] Level 1:colcon.colcon_core.package_identification:_identify(src/serial_motor_demo) by extensions ['cmake', 'python']
[0.321s] Level 1:colcon.colcon_core.package_identification:_identify(src/serial_motor_demo) by extension 'cmake'
[0.321s] Level 1:colcon.colcon_core.package_identification:_identify(src/serial_motor_demo) by extension 'python'
[0.321s] Level 1:colcon.colcon_core.package_identification:_identify(src/serial_motor_demo) by extensions ['python_setup_py']
[0.321s] Level 1:colcon.colcon_core.package_identification:_identify(src/serial_motor_demo) by extension 'python_setup_py'
[0.321s] Level 1:colcon.colcon_core.package_identification:_identify(src/serial_motor_demo/serial_motor_demo) by extensions ['ignore', 'ignore_ament_install']
[0.321s] Level 1:colcon.colcon_core.package_identification:_identify(src/serial_motor_demo/serial_motor_demo) by extension 'ignore'
[0.321s] Level 1:colcon.colcon_core.package_identification:_identify(src/serial_motor_demo/serial_motor_demo) by extension 'ignore_ament_install'
[0.321s] Level 1:colcon.colcon_core.package_identification:_identify(src/serial_motor_demo/serial_motor_demo) by extensions ['colcon_pkg']
[0.321s] Level 1:colcon.colcon_core.package_identification:_identify(src/serial_motor_demo/serial_motor_demo) by extension 'colcon_pkg'
[0.321s] Level 1:colcon.colcon_core.package_identification:_identify(src/serial_motor_demo/serial_motor_demo) by extensions ['colcon_meta']
[0.321s] Level 1:colcon.colcon_core.package_identification:_identify(src/serial_motor_demo/serial_motor_demo) by extension 'colcon_meta'
[0.321s] Level 1:colcon.colcon_core.package_identification:_identify(src/serial_motor_demo/serial_motor_demo) by extensions ['ros']
[0.321s] Level 1:colcon.colcon_core.package_identification:_identify(src/serial_motor_demo/serial_motor_demo) by extension 'ros'
[0.322s] DEBUG:colcon.colcon_core.package_identification:Package 'src/serial_motor_demo/serial_motor_demo' with type 'ros.ament_python' and name 'serial_motor_demo'
[0.322s] Level 1:colcon.colcon_core.package_identification:_identify(src/serial_motor_demo/serial_motor_demo_msgs) by extensions ['ignore', 'ignore_ament_install']
[0.322s] Level 1:colcon.colcon_core.package_identification:_identify(src/serial_motor_demo/serial_motor_demo_msgs) by extension 'ignore'
[0.322s] Level 1:colcon.colcon_core.package_identification:_identify(src/serial_motor_demo/serial_motor_demo_msgs) by extension 'ignore_ament_install'
[0.322s] Level 1:colcon.colcon_core.package_identification:_identify(src/serial_motor_demo/serial_motor_demo_msgs) by extensions ['colcon_pkg']
[0.322s] Level 1:colcon.colcon_core.package_identification:_identify(src/serial_motor_demo/serial_motor_demo_msgs) by extension 'colcon_pkg'
[0.323s] Level 1:colcon.colcon_core.package_identification:_identify(src/serial_motor_demo/serial_motor_demo_msgs) by extensions ['colcon_meta']
[0.323s] Level 1:colcon.colcon_core.package_identification:_identify(src/serial_motor_demo/serial_motor_demo_msgs) by extension 'colcon_meta'
[0.323s] Level 1:colcon.colcon_core.package_identification:_identify(src/serial_motor_demo/serial_motor_demo_msgs) by extensions ['ros']
[0.323s] Level 1:colcon.colcon_core.package_identification:_identify(src/serial_motor_demo/serial_motor_demo_msgs) by extension 'ros'
[0.323s] DEBUG:colcon.colcon_core.package_identification:Package 'src/serial_motor_demo/serial_motor_demo_msgs' with type 'ros.ament_cmake' and name 'serial_motor_demo_msgs'
[0.323s] Level 1:colcon.colcon_core.package_discovery:discover_packages(recursive) using defaults
[0.323s] Level 1:colcon.colcon_core.package_discovery:discover_packages(ignore) discover
[0.323s] Level 1:colcon.colcon_core.package_discovery:discover_packages(ignore) using defaults
[0.323s] Level 1:colcon.colcon_core.package_discovery:discover_packages(path) discover
[0.323s] Level 1:colcon.colcon_core.package_discovery:discover_packages(path) using defaults
[0.346s] Level 1:colcon.colcon_core.package_discovery:discover_packages(prefix_path) check parameters
[0.346s] Level 1:colcon.colcon_core.package_discovery:discover_packages(prefix_path) discover
[0.349s] DEBUG:colcon.colcon_installed_package_information.package_discovery:Found 385 installed packages in /opt/ros/humble
[0.362s] Level 1:colcon.colcon_core.package_discovery:discover_packages(prefix_path) using defaults
[0.416s] Level 5:colcon.colcon_core.verb:set package 'differential_drive_robot' build argument 'cmake_args' from command line to 'None'
[0.416s] Level 5:colcon.colcon_core.verb:set package 'differential_drive_robot' build argument 'cmake_target' from command line to 'None'
[0.417s] Level 5:colcon.colcon_core.verb:set package 'differential_drive_robot' build argument 'cmake_target_skip_unavailable' from command line to 'False'
[0.417s] Level 5:colcon.colcon_core.verb:set package 'differential_drive_robot' build argument 'cmake_clean_cache' from command line to 'False'
[0.417s] Level 5:colcon.colcon_core.verb:set package 'differential_drive_robot' build argument 'cmake_clean_first' from command line to 'False'
[0.417s] Level 5:colcon.colcon_core.verb:set package 'differential_drive_robot' build argument 'cmake_force_configure' from command line to 'False'
[0.417s] Level 5:colcon.colcon_core.verb:set package 'differential_drive_robot' build argument 'ament_cmake_args' from command line to 'None'
[0.417s] Level 5:colcon.colcon_core.verb:set package 'differential_drive_robot' build argument 'catkin_cmake_args' from command line to 'None'
[0.417s] Level 5:colcon.colcon_core.verb:set package 'differential_drive_robot' build argument 'catkin_skip_building_tests' from command line to 'False'
[0.417s] DEBUG:colcon.colcon_core.verb:Building package 'differential_drive_robot' with the following arguments: {'ament_cmake_args': None, 'build_base': '/home/rmi/ros2ws/build/differential_drive_robot', 'catkin_cmake_args': None, 'catkin_skip_building_tests': False, 'cmake_args': None, 'cmake_clean_cache': False, 'cmake_clean_first': False, 'cmake_force_configure': False, 'cmake_target': None, 'cmake_target_skip_unavailable': False, 'install_base': '/home/rmi/ros2ws/install/differential_drive_robot', 'merge_install': False, 'path': '/home/rmi/ros2ws/src/differential_drive_robot', 'symlink_install': True, 'test_result_base': None}
[0.417s] Level 5:colcon.colcon_core.verb:set package 'learning_tf2_py' build argument 'cmake_args' from command line to 'None'
[0.417s] Level 5:colcon.colcon_core.verb:set package 'learning_tf2_py' build argument 'cmake_target' from command line to 'None'
[0.417s] Level 5:colcon.colcon_core.verb:set package 'learning_tf2_py' build argument 'cmake_target_skip_unavailable' from command line to 'False'
[0.417s] Level 5:colcon.colcon_core.verb:set package 'learning_tf2_py' build argument 'cmake_clean_cache' from command line to 'False'
[0.417s] Level 5:colcon.colcon_core.verb:set package 'learning_tf2_py' build argument 'cmake_clean_first' from command line to 'False'
[0.417s] Level 5:colcon.colcon_core.verb:set package 'learning_tf2_py' build argument 'cmake_force_configure' from command line to 'False'
[0.417s] Level 5:colcon.colcon_core.verb:set package 'learning_tf2_py' build argument 'ament_cmake_args' from command line to 'None'
[0.417s] Level 5:colcon.colcon_core.verb:set package 'learning_tf2_py' build argument 'catkin_cmake_args' from command line to 'None'
[0.417s] Level 5:colcon.colcon_core.verb:set package 'learning_tf2_py' build argument 'catkin_skip_building_tests' from command line to 'False'
[0.417s] DEBUG:colcon.colcon_core.verb:Building package 'learning_tf2_py' with the following arguments: {'ament_cmake_args': None, 'build_base': '/home/rmi/ros2ws/build/learning_tf2_py', 'catkin_cmake_args': None, 'catkin_skip_building_tests': False, 'cmake_args': None, 'cmake_clean_cache': False, 'cmake_clean_first': False, 'cmake_force_configure': False, 'cmake_target': None, 'cmake_target_skip_unavailable': False, 'install_base': '/home/rmi/ros2ws/install/learning_tf2_py', 'merge_install': False, 'path': '/home/rmi/ros2ws/src/learning_tf2_py', 'symlink_install': True, 'test_result_base': None}
[0.418s] Level 5:colcon.colcon_core.verb:set package 'my_robot_description' build argument 'cmake_args' from command line to 'None'
[0.418s] Level 5:colcon.colcon_core.verb:set package 'my_robot_description' build argument 'cmake_target' from command line to 'None'
[0.418s] Level 5:colcon.colcon_core.verb:set package 'my_robot_description' build argument 'cmake_target_skip_unavailable' from command line to 'False'
[0.418s] Level 5:colcon.colcon_core.verb:set package 'my_robot_description' build argument 'cmake_clean_cache' from command line to 'False'
[0.418s] Level 5:colcon.colcon_core.verb:set package 'my_robot_description' build argument 'cmake_clean_first' from command line to 'False'
[0.418s] Level 5:colcon.colcon_core.verb:set package 'my_robot_description' build argument 'cmake_force_configure' from command line to 'False'
[0.418s] Level 5:colcon.colcon_core.verb:set package 'my_robot_description' build argument 'ament_cmake_args' from command line to 'None'
[0.418s] Level 5:colcon.colcon_core.verb:set package 'my_robot_description' build argument 'catkin_cmake_args' from command line to 'None'
[0.418s] Level 5:colcon.colcon_core.verb:set package 'my_robot_description' build argument 'catkin_skip_building_tests' from command line to 'False'
[0.418s] DEBUG:colcon.colcon_core.verb:Building package 'my_robot_description' with the following arguments: {'ament_cmake_args': None, 'build_base': '/home/rmi/ros2ws/build/my_robot_description', 'catkin_cmake_args': None, 'catkin_skip_building_tests': False, 'cmake_args': None, 'cmake_clean_cache': False, 'cmake_clean_first': False, 'cmake_force_configure': False, 'cmake_target': None, 'cmake_target_skip_unavailable': False, 'install_base': '/home/rmi/ros2ws/install/my_robot_description', 'merge_install': False, 'path': '/home/rmi/ros2ws/src/my_robot_description', 'symlink_install': True, 'test_result_base': None}
[0.419s] Level 5:colcon.colcon_core.verb:set package 'serial_motor_demo_msgs' build argument 'cmake_args' from command line to 'None'
[0.419s] Level 5:colcon.colcon_core.verb:set package 'serial_motor_demo_msgs' build argument 'cmake_target' from command line to 'None'
[0.419s] Level 5:colcon.colcon_core.verb:set package 'serial_motor_demo_msgs' build argument 'cmake_target_skip_unavailable' from command line to 'False'
[0.419s] Level 5:colcon.colcon_core.verb:set package 'serial_motor_demo_msgs' build argument 'cmake_clean_cache' from command line to 'False'
[0.419s] Level 5:colcon.colcon_core.verb:set package 'serial_motor_demo_msgs' build argument 'cmake_clean_first' from command line to 'False'
[0.419s] Level 5:colcon.colcon_core.verb:set package 'serial_motor_demo_msgs' build argument 'cmake_force_configure' from command line to 'False'
[0.419s] Level 5:colcon.colcon_core.verb:set package 'serial_motor_demo_msgs' build argument 'ament_cmake_args' from command line to 'None'
[0.419s] Level 5:colcon.colcon_core.verb:set package 'serial_motor_demo_msgs' build argument 'catkin_cmake_args' from command line to 'None'
[0.419s] Level 5:colcon.colcon_core.verb:set package 'serial_motor_demo_msgs' build argument 'catkin_skip_building_tests' from command line to 'False'
[0.419s] DEBUG:colcon.colcon_core.verb:Building package 'serial_motor_demo_msgs' with the following arguments: {'ament_cmake_args': None, 'build_base': '/home/rmi/ros2ws/build/serial_motor_demo_msgs', 'catkin_cmake_args': None, 'catkin_skip_building_tests': False, 'cmake_args': None, 'cmake_clean_cache': False, 'cmake_clean_first': False, 'cmake_force_configure': False, 'cmake_target': None, 'cmake_target_skip_unavailable': False, 'install_base': '/home/rmi/ros2ws/install/serial_motor_demo_msgs', 'merge_install': False, 'path': '/home/rmi/ros2ws/src/serial_motor_demo/serial_motor_demo_msgs', 'symlink_install': True, 'test_result_base': None}
[0.419s] Level 5:colcon.colcon_core.verb:set package 'my_robot_bringup' build argument 'cmake_args' from command line to 'None'
[0.419s] Level 5:colcon.colcon_core.verb:set package 'my_robot_bringup' build argument 'cmake_target' from command line to 'None'
[0.419s] Level 5:colcon.colcon_core.verb:set package 'my_robot_bringup' build argument 'cmake_target_skip_unavailable' from command line to 'False'
[0.419s] Level 5:colcon.colcon_core.verb:set package 'my_robot_bringup' build argument 'cmake_clean_cache' from command line to 'False'
[0.419s] Level 5:colcon.colcon_core.verb:set package 'my_robot_bringup' build argument 'cmake_clean_first' from command line to 'False'
[0.419s] Level 5:colcon.colcon_core.verb:set package 'my_robot_bringup' build argument 'cmake_force_configure' from command line to 'False'
[0.419s] Level 5:colcon.colcon_core.verb:set package 'my_robot_bringup' build argument 'ament_cmake_args' from command line to 'None'
[0.419s] Level 5:colcon.colcon_core.verb:set package 'my_robot_bringup' build argument 'catkin_cmake_args' from command line to 'None'
[0.420s] Level 5:colcon.colcon_core.verb:set package 'my_robot_bringup' build argument 'catkin_skip_building_tests' from command line to 'False'
[0.420s] DEBUG:colcon.colcon_core.verb:Building package 'my_robot_bringup' with the following arguments: {'ament_cmake_args': None, 'build_base': '/home/rmi/ros2ws/build/my_robot_bringup', 'catkin_cmake_args': None, 'catkin_skip_building_tests': False, 'cmake_args': None, 'cmake_clean_cache': False, 'cmake_clean_first': False, 'cmake_force_configure': False, 'cmake_target': None, 'cmake_target_skip_unavailable': False, 'install_base': '/home/rmi/ros2ws/install/my_robot_bringup', 'merge_install': False, 'path': '/home/rmi/ros2ws/src/my_robot_bringup', 'symlink_install': True, 'test_result_base': None}
[0.420s] Level 5:colcon.colcon_core.verb:set package 'serial_motor_demo' build argument 'cmake_args' from command line to 'None'
[0.420s] Level 5:colcon.colcon_core.verb:set package 'serial_motor_demo' build argument 'cmake_target' from command line to 'None'
[0.420s] Level 5:colcon.colcon_core.verb:set package 'serial_motor_demo' build argument 'cmake_target_skip_unavailable' from command line to 'False'
[0.420s] Level 5:colcon.colcon_core.verb:set package 'serial_motor_demo' build argument 'cmake_clean_cache' from command line to 'False'
[0.420s] Level 5:colcon.colcon_core.verb:set package 'serial_motor_demo' build argument 'cmake_clean_first' from command line to 'False'
[0.420s] Level 5:colcon.colcon_core.verb:set package 'serial_motor_demo' build argument 'cmake_force_configure' from command line to 'False'
[0.420s] Level 5:colcon.colcon_core.verb:set package 'serial_motor_demo' build argument 'ament_cmake_args' from command line to 'None'
[0.420s] Level 5:colcon.colcon_core.verb:set package 'serial_motor_demo' build argument 'catkin_cmake_args' from command line to 'None'
[0.420s] Level 5:colcon.colcon_core.verb:set package 'serial_motor_demo' build argument 'catkin_skip_building_tests' from command line to 'False'
[0.420s] DEBUG:colcon.colcon_core.verb:Building package 'serial_motor_demo' with the following arguments: {'ament_cmake_args': None, 'build_base': '/home/rmi/ros2ws/build/serial_motor_demo', 'catkin_cmake_args': None, 'catkin_skip_building_tests': False, 'cmake_args': None, 'cmake_clean_cache': False, 'cmake_clean_first': False, 'cmake_force_configure': False, 'cmake_target': None, 'cmake_target_skip_unavailable': False, 'install_base': '/home/rmi/ros2ws/install/serial_motor_demo', 'merge_install': False, 'path': '/home/rmi/ros2ws/src/serial_motor_demo/serial_motor_demo', 'symlink_install': True, 'test_result_base': None}
[0.420s] INFO:colcon.colcon_core.executor:Executing jobs using 'parallel' executor
[0.421s] DEBUG:colcon.colcon_parallel_executor.executor.parallel:run_until_complete
[0.422s] INFO:colcon.colcon_ros.task.ament_cmake.build:Building ROS package in '/home/rmi/ros2ws/src/my_robot_description' with build type 'ament_cmake'
[0.422s] INFO:colcon.colcon_cmake.task.cmake.build:Building CMake package in '/home/rmi/ros2ws/src/my_robot_description'
[0.426s] INFO:colcon.colcon_core.plugin_system:Skipping extension 'colcon_core.shell.bat': Not used on non-Windows systems
[0.426s] INFO:colcon.colcon_core.shell:Skip shell extension 'powershell' for command environment: Not usable outside of PowerShell
[0.426s] DEBUG:colcon.colcon_core.shell:Skip shell extension 'dsv' for command environment
[0.430s] INFO:colcon.colcon_ros.task.ament_cmake.build:Building ROS package in '/home/rmi/ros2ws/src/serial_motor_demo/serial_motor_demo_msgs' with build type 'ament_cmake'
[0.430s] INFO:colcon.colcon_cmake.task.cmake.build:Building CMake package in '/home/rmi/ros2ws/src/serial_motor_demo/serial_motor_demo_msgs'
[0.430s] INFO:colcon.colcon_core.shell:Skip shell extension 'powershell' for command environment: Not usable outside of PowerShell
[0.431s] DEBUG:colcon.colcon_core.shell:Skip shell extension 'dsv' for command environment
[0.434s] INFO:colcon.colcon_ros.task.ament_cmake.build:Building ROS package in '/home/rmi/ros2ws/src/differential_drive_robot' with build type 'ament_cmake'
[0.434s] INFO:colcon.colcon_cmake.task.cmake.build:Building CMake package in '/home/rmi/ros2ws/src/differential_drive_robot'
[0.435s] INFO:colcon.colcon_core.shell:Skip shell extension 'powershell' for command environment: Not usable outside of PowerShell
[0.435s] DEBUG:colcon.colcon_core.shell:Skip shell extension 'dsv' for command environment
[0.438s] INFO:colcon.colcon_ros.task.ament_python.build:Building ROS package in '/home/rmi/ros2ws/src/learning_tf2_py' with build type 'ament_python'
[0.439s] Level 1:colcon.colcon_core.shell:create_environment_hook('learning_tf2_py', 'ament_prefix_path')
[0.439s] INFO:colcon.colcon_core.shell:Creating environment hook '/home/rmi/ros2ws/install/learning_tf2_py/share/learning_tf2_py/hook/ament_prefix_path.ps1'
[0.440s] INFO:colcon.colcon_core.shell:Creating environment descriptor '/home/rmi/ros2ws/install/learning_tf2_py/share/learning_tf2_py/hook/ament_prefix_path.dsv'
[0.440s] INFO:colcon.colcon_core.shell:Creating environment hook '/home/rmi/ros2ws/install/learning_tf2_py/share/learning_tf2_py/hook/ament_prefix_path.sh'
[0.441s] INFO:colcon.colcon_core.shell:Skip shell extension 'powershell' for command environment: Not usable outside of PowerShell
[0.441s] DEBUG:colcon.colcon_core.shell:Skip shell extension 'dsv' for command environment
[0.454s] DEBUG:colcon.colcon_core.event_handler.log_command:Invoking command in '/home/rmi/ros2ws/build/my_robot_description': CMAKE_PREFIX_PATH=/opt/ros/humble /usr/bin/cmake /home/rmi/ros2ws/src/my_robot_description -DAMENT_CMAKE_SYMLINK_INSTALL=1 -DCMAKE_INSTALL_PREFIX=/home/rmi/ros2ws/install/my_robot_description
[0.460s] DEBUG:colcon.colcon_core.event_handler.log_command:Invoking command in '/home/rmi/ros2ws/build/serial_motor_demo_msgs': CMAKE_PREFIX_PATH=/opt/ros/humble /usr/bin/cmake /home/rmi/ros2ws/src/serial_motor_demo/serial_motor_demo_msgs -DAMENT_CMAKE_SYMLINK_INSTALL=1 -DCMAKE_INSTALL_PREFIX=/home/rmi/ros2ws/install/serial_motor_demo_msgs
[0.464s] DEBUG:colcon.colcon_core.event_handler.log_command:Invoking command in '/home/rmi/ros2ws/build/differential_drive_robot': CMAKE_PREFIX_PATH=/opt/ros/humble /usr/bin/cmake /home/rmi/ros2ws/src/differential_drive_robot -DAMENT_CMAKE_SYMLINK_INSTALL=1 -DCMAKE_INSTALL_PREFIX=/home/rmi/ros2ws/install/differential_drive_robot
[0.786s] INFO:colcon.colcon_core.task.python.build:Building Python package in '/home/rmi/ros2ws/src/learning_tf2_py'
[0.786s] INFO:colcon.colcon_core.shell:Skip shell extension 'powershell' for command environment: Not usable outside of PowerShell
[0.786s] DEBUG:colcon.colcon_core.shell:Skip shell extension 'dsv' for command environment
[0.836s] DEBUG:colcon.colcon_core.event_handler.log_command:Invoked command in '/home/rmi/ros2ws/build/my_robot_description' returned '0': CMAKE_PREFIX_PATH=/opt/ros/humble /usr/bin/cmake /home/rmi/ros2ws/src/my_robot_description -DAMENT_CMAKE_SYMLINK_INSTALL=1 -DCMAKE_INSTALL_PREFIX=/home/rmi/ros2ws/install/my_robot_description
[0.839s] DEBUG:colcon.colcon_core.event_handler.log_command:Invoking command in '/home/rmi/ros2ws/build/my_robot_description': CMAKE_PREFIX_PATH=/opt/ros/humble /usr/bin/cmake --build /home/rmi/ros2ws/build/my_robot_description -- -j8 -l8
[0.875s] DEBUG:colcon.colcon_core.event_handler.log_command:Invoked command in '/home/rmi/ros2ws/build/differential_drive_robot' returned '0': CMAKE_PREFIX_PATH=/opt/ros/humble /usr/bin/cmake /home/rmi/ros2ws/src/differential_drive_robot -DAMENT_CMAKE_SYMLINK_INSTALL=1 -DCMAKE_INSTALL_PREFIX=/home/rmi/ros2ws/install/differential_drive_robot
[0.876s] DEBUG:colcon.colcon_core.event_handler.log_command:Invoking command in '/home/rmi/ros2ws/build/differential_drive_robot': CMAKE_PREFIX_PATH=/opt/ros/humble /usr/bin/cmake --build /home/rmi/ros2ws/build/differential_drive_robot -- -j8 -l8
[0.901s] DEBUG:colcon.colcon_core.event_handler.log_command:Invoked command in '/home/rmi/ros2ws/build/my_robot_description' returned '0': CMAKE_PREFIX_PATH=/opt/ros/humble /usr/bin/cmake --build /home/rmi/ros2ws/build/my_robot_description -- -j8 -l8
[0.914s] DEBUG:colcon.colcon_core.event_handler.log_command:Invoking command in '/home/rmi/ros2ws/build/my_robot_description': CMAKE_PREFIX_PATH=/opt/ros/humble /usr/bin/cmake --install /home/rmi/ros2ws/build/my_robot_description
[0.945s] DEBUG:colcon.colcon_core.event_handler.log_command:Invoked command in '/home/rmi/ros2ws/build/differential_drive_robot' returned '0': CMAKE_PREFIX_PATH=/opt/ros/humble /usr/bin/cmake --build /home/rmi/ros2ws/build/differential_drive_robot -- -j8 -l8
[0.947s] DEBUG:colcon.colcon_core.event_handler.log_command:Invoking command in '/home/rmi/ros2ws/build/differential_drive_robot': CMAKE_PREFIX_PATH=/opt/ros/humble /usr/bin/cmake --install /home/rmi/ros2ws/build/differential_drive_robot
[0.951s] Level 1:colcon.colcon_core.environment:create_environment_scripts_only(my_robot_description)
[0.952s] DEBUG:colcon.colcon_core.event_handler.log_command:Invoked command in '/home/rmi/ros2ws/build/my_robot_description' returned '0': CMAKE_PREFIX_PATH=/opt/ros/humble /usr/bin/cmake --install /home/rmi/ros2ws/build/my_robot_description
[0.954s] Level 1:colcon.colcon_core.environment:checking '/home/rmi/ros2ws/install/my_robot_description' for CMake module files
[0.955s] Level 1:colcon.colcon_core.environment:checking '/home/rmi/ros2ws/install/my_robot_description' for CMake config files
[0.955s] Level 1:colcon.colcon_core.shell:create_environment_hook('my_robot_description', 'cmake_prefix_path')
[0.955s] INFO:colcon.colcon_core.shell:Creating environment hook '/home/rmi/ros2ws/install/my_robot_description/share/my_robot_description/hook/cmake_prefix_path.ps1'
[0.956s] INFO:colcon.colcon_core.shell:Creating environment descriptor '/home/rmi/ros2ws/install/my_robot_description/share/my_robot_description/hook/cmake_prefix_path.dsv'
[0.956s] INFO:colcon.colcon_core.shell:Creating environment hook '/home/rmi/ros2ws/install/my_robot_description/share/my_robot_description/hook/cmake_prefix_path.sh'
[0.957s] Level 1:colcon.colcon_core.environment:checking '/home/rmi/ros2ws/install/my_robot_description/bin'
[0.957s] Level 1:colcon.colcon_core.environment:checking '/home/rmi/ros2ws/install/my_robot_description/lib/pkgconfig/my_robot_description.pc'
[0.958s] Level 1:colcon.colcon_core.environment:checking '/home/rmi/ros2ws/install/my_robot_description/lib/python3.10/site-packages'
[0.958s] Level 1:colcon.colcon_core.environment:checking '/home/rmi/ros2ws/install/my_robot_description/bin'
[0.958s] INFO:colcon.colcon_core.shell:Creating package script '/home/rmi/ros2ws/install/my_robot_description/share/my_robot_description/package.ps1'
[0.960s] INFO:colcon.colcon_core.shell:Creating package descriptor '/home/rmi/ros2ws/install/my_robot_description/share/my_robot_description/package.dsv'
[0.961s] INFO:colcon.colcon_core.shell:Creating package script '/home/rmi/ros2ws/install/my_robot_description/share/my_robot_description/package.sh'
[0.966s] INFO:colcon.colcon_core.shell:Creating package script '/home/rmi/ros2ws/install/my_robot_description/share/my_robot_description/package.bash'
[0.967s] INFO:colcon.colcon_core.shell:Creating package script '/home/rmi/ros2ws/install/my_robot_description/share/my_robot_description/package.zsh'
[0.971s] Level 1:colcon.colcon_core.environment:create_file_with_runtime_dependencies(/home/rmi/ros2ws/install/my_robot_description/share/colcon-core/packages/my_robot_description)
[0.971s] Level 1:colcon.colcon_core.environment:create_environment_scripts_only(my_robot_description)
[0.972s] Level 1:colcon.colcon_core.environment:checking '/home/rmi/ros2ws/install/my_robot_description' for CMake module files
[0.972s] Level 1:colcon.colcon_core.environment:checking '/home/rmi/ros2ws/install/my_robot_description' for CMake config files
[0.973s] Level 1:colcon.colcon_core.shell:create_environment_hook('my_robot_description', 'cmake_prefix_path')
[0.973s] INFO:colcon.colcon_core.shell:Creating environment hook '/home/rmi/ros2ws/install/my_robot_description/share/my_robot_description/hook/cmake_prefix_path.ps1'
[0.973s] INFO:colcon.colcon_core.shell:Creating environment descriptor '/home/rmi/ros2ws/install/my_robot_description/share/my_robot_description/hook/cmake_prefix_path.dsv'
[0.974s] INFO:colcon.colcon_core.shell:Creating environment hook '/home/rmi/ros2ws/install/my_robot_description/share/my_robot_description/hook/cmake_prefix_path.sh'
[0.975s] Level 1:colcon.colcon_core.environment:checking '/home/rmi/ros2ws/install/my_robot_description/bin'
[0.975s] Level 1:colcon.colcon_core.environment:checking '/home/rmi/ros2ws/install/my_robot_description/lib/pkgconfig/my_robot_description.pc'
[0.975s] Level 1:colcon.colcon_core.environment:checking '/home/rmi/ros2ws/install/my_robot_description/lib/python3.10/site-packages'
[0.975s] Level 1:colcon.colcon_core.environment:checking '/home/rmi/ros2ws/install/my_robot_description/bin'
[0.976s] INFO:colcon.colcon_core.shell:Creating package script '/home/rmi/ros2ws/install/my_robot_description/share/my_robot_description/package.ps1'
[0.977s] INFO:colcon.colcon_core.shell:Creating package descriptor '/home/rmi/ros2ws/install/my_robot_description/share/my_robot_description/package.dsv'
[0.978s] INFO:colcon.colcon_core.shell:Creating package script '/home/rmi/ros2ws/install/my_robot_description/share/my_robot_description/package.sh'
[0.979s] INFO:colcon.colcon_core.shell:Creating package script '/home/rmi/ros2ws/install/my_robot_description/share/my_robot_description/package.bash'
[0.980s] INFO:colcon.colcon_core.shell:Creating package script '/home/rmi/ros2ws/install/my_robot_description/share/my_robot_description/package.zsh'
[0.980s] Level 1:colcon.colcon_core.environment:create_file_with_runtime_dependencies(/home/rmi/ros2ws/install/my_robot_description/share/colcon-core/packages/my_robot_description)
[0.980s] INFO:colcon.colcon_ros.task.ament_cmake.build:Building ROS package in '/home/rmi/ros2ws/src/my_robot_bringup' with build type 'ament_cmake'
[0.981s] INFO:colcon.colcon_cmake.task.cmake.build:Building CMake package in '/home/rmi/ros2ws/src/my_robot_bringup'
[0.981s] INFO:colcon.colcon_core.shell:Skip shell extension 'powershell' for command environment: Not usable outside of PowerShell
[0.981s] DEBUG:colcon.colcon_core.shell:Skip shell extension 'dsv' for command environment
[0.987s] Level 1:colcon.colcon_core.environment:create_environment_scripts_only(differential_drive_robot)
[0.987s] Level 1:colcon.colcon_core.environment:checking '/home/rmi/ros2ws/install/differential_drive_robot' for CMake module files
[0.988s] DEBUG:colcon.colcon_core.event_handler.log_command:Invoked command in '/home/rmi/ros2ws/build/differential_drive_robot' returned '0': CMAKE_PREFIX_PATH=/opt/ros/humble /usr/bin/cmake --install /home/rmi/ros2ws/build/differential_drive_robot
[0.988s] Level 1:colcon.colcon_core.environment:checking '/home/rmi/ros2ws/install/differential_drive_robot' for CMake config files
[0.989s] Level 1:colcon.colcon_core.shell:create_environment_hook('differential_drive_robot', 'cmake_prefix_path')
[0.989s] INFO:colcon.colcon_core.shell:Creating environment hook '/home/rmi/ros2ws/install/differential_drive_robot/share/differential_drive_robot/hook/cmake_prefix_path.ps1'
[0.990s] INFO:colcon.colcon_core.shell:Creating environment descriptor '/home/rmi/ros2ws/install/differential_drive_robot/share/differential_drive_robot/hook/cmake_prefix_path.dsv'
[0.990s] INFO:colcon.colcon_core.shell:Creating environment hook '/home/rmi/ros2ws/install/differential_drive_robot/share/differential_drive_robot/hook/cmake_prefix_path.sh'
[0.991s] Level 1:colcon.colcon_core.environment:checking '/home/rmi/ros2ws/install/differential_drive_robot/bin'
[0.991s] Level 1:colcon.colcon_core.environment:checking '/home/rmi/ros2ws/install/differential_drive_robot/lib/pkgconfig/differential_drive_robot.pc'
[0.991s] Level 1:colcon.colcon_core.environment:checking '/home/rmi/ros2ws/install/differential_drive_robot/lib/python3.10/site-packages'
[0.992s] Level 1:colcon.colcon_core.environment:checking '/home/rmi/ros2ws/install/differential_drive_robot/bin'
[0.992s] INFO:colcon.colcon_core.shell:Creating package script '/home/rmi/ros2ws/install/differential_drive_robot/share/differential_drive_robot/package.ps1'
[0.992s] INFO:colcon.colcon_core.shell:Creating package descriptor '/home/rmi/ros2ws/install/differential_drive_robot/share/differential_drive_robot/package.dsv'
[0.993s] INFO:colcon.colcon_core.shell:Creating package script '/home/rmi/ros2ws/install/differential_drive_robot/share/differential_drive_robot/package.sh'
[0.993s] INFO:colcon.colcon_core.shell:Creating package script '/home/rmi/ros2ws/install/differential_drive_robot/share/differential_drive_robot/package.bash'
[0.994s] INFO:colcon.colcon_core.shell:Creating package script '/home/rmi/ros2ws/install/differential_drive_robot/share/differential_drive_robot/package.zsh'
[0.995s] Level 1:colcon.colcon_core.environment:create_file_with_runtime_dependencies(/home/rmi/ros2ws/install/differential_drive_robot/share/colcon-core/packages/differential_drive_robot)
[0.995s] Level 1:colcon.colcon_core.environment:create_environment_scripts_only(differential_drive_robot)
[0.995s] Level 1:colcon.colcon_core.environment:checking '/home/rmi/ros2ws/install/differential_drive_robot' for CMake module files
[0.996s] Level 1:colcon.colcon_core.environment:checking '/home/rmi/ros2ws/install/differential_drive_robot' for CMake config files
[0.996s] Level 1:colcon.colcon_core.shell:create_environment_hook('differential_drive_robot', 'cmake_prefix_path')
[0.997s] INFO:colcon.colcon_core.shell:Creating environment hook '/home/rmi/ros2ws/install/differential_drive_robot/share/differential_drive_robot/hook/cmake_prefix_path.ps1'
[0.997s] INFO:colcon.colcon_core.shell:Creating environment descriptor '/home/rmi/ros2ws/install/differential_drive_robot/share/differential_drive_robot/hook/cmake_prefix_path.dsv'
[0.998s] INFO:colcon.colcon_core.shell:Creating environment hook '/home/rmi/ros2ws/install/differential_drive_robot/share/differential_drive_robot/hook/cmake_prefix_path.sh'
[0.999s] Level 1:colcon.colcon_core.environment:checking '/home/rmi/ros2ws/install/differential_drive_robot/bin'
[0.999s] Level 1:colcon.colcon_core.environment:checking '/home/rmi/ros2ws/install/differential_drive_robot/lib/pkgconfig/differential_drive_robot.pc'
[0.999s] Level 1:colcon.colcon_core.environment:checking '/home/rmi/ros2ws/install/differential_drive_robot/lib/python3.10/site-packages'
[0.999s] Level 1:colcon.colcon_core.environment:checking '/home/rmi/ros2ws/install/differential_drive_robot/bin'
[1.000s] INFO:colcon.colcon_core.shell:Creating package script '/home/rmi/ros2ws/install/differential_drive_robot/share/differential_drive_robot/package.ps1'
[1.002s] INFO:colcon.colcon_core.shell:Creating package descriptor '/home/rmi/ros2ws/install/differential_drive_robot/share/differential_drive_robot/package.dsv'
[1.003s] INFO:colcon.colcon_core.shell:Creating package script '/home/rmi/ros2ws/install/differential_drive_robot/share/differential_drive_robot/package.sh'
[1.003s] INFO:colcon.colcon_core.shell:Creating package script '/home/rmi/ros2ws/install/differential_drive_robot/share/differential_drive_robot/package.bash'
[1.004s] INFO:colcon.colcon_core.shell:Creating package script '/home/rmi/ros2ws/install/differential_drive_robot/share/differential_drive_robot/package.zsh'
[1.005s] Level 1:colcon.colcon_core.environment:create_file_with_runtime_dependencies(/home/rmi/ros2ws/install/differential_drive_robot/share/colcon-core/packages/differential_drive_robot)
[1.010s] DEBUG:colcon.colcon_core.event_handler.log_command:Invoking command in '/home/rmi/ros2ws/build/my_robot_bringup': AMENT_PREFIX_PATH=/home/rmi/ros2ws/install/my_robot_description:${AMENT_PREFIX_PATH} CMAKE_PREFIX_PATH=/home/rmi/ros2ws/install/my_robot_description:/opt/ros/humble /usr/bin/cmake /home/rmi/ros2ws/src/my_robot_bringup -DAMENT_CMAKE_SYMLINK_INSTALL=1 -DCMAKE_INSTALL_PREFIX=/home/rmi/ros2ws/install/my_robot_bringup
[1.260s] DEBUG:colcon.colcon_core.task.python.build:While undoing a previous installation files outside the Python library path are being ignored: /home/rmi/ros2ws/install/learning_tf2_py/share/ament_index/resource_index/packages/learning_tf2_py
[1.260s] DEBUG:colcon.colcon_core.task.python.build:While undoing a previous installation files outside the Python library path are being ignored: /home/rmi/ros2ws/install/learning_tf2_py/share/learning_tf2_py/package.xml
[1.263s] DEBUG:colcon.colcon_core.event_handler.log_command:Invoking command in '/home/rmi/ros2ws/build/learning_tf2_py': PYTHONPATH=/home/rmi/ros2ws/build/learning_tf2_py/prefix_override:/usr/lib/python3/dist-packages/colcon_core/task/python/colcon_distutils_commands:/home/rmi/ros2ws/install/learning_tf2_py/lib/python3.10/site-packages:${PYTHONPATH} /usr/bin/python3 -W ignore:setup.py install is deprecated -W ignore:easy_install command is deprecated setup.py develop --editable --build-directory /home/rmi/ros2ws/build/learning_tf2_py/build --no-deps symlink_data --force
[1.288s] DEBUG:colcon.colcon_core.event_handler.log_command:Invoked command in '/home/rmi/ros2ws/build/my_robot_bringup' returned '0': AMENT_PREFIX_PATH=/home/rmi/ros2ws/install/my_robot_description:${AMENT_PREFIX_PATH} CMAKE_PREFIX_PATH=/home/rmi/ros2ws/install/my_robot_description:/opt/ros/humble /usr/bin/cmake /home/rmi/ros2ws/src/my_robot_bringup -DAMENT_CMAKE_SYMLINK_INSTALL=1 -DCMAKE_INSTALL_PREFIX=/home/rmi/ros2ws/install/my_robot_bringup
[1.290s] DEBUG:colcon.colcon_core.event_handler.log_command:Invoking command in '/home/rmi/ros2ws/build/my_robot_bringup': AMENT_PREFIX_PATH=/home/rmi/ros2ws/install/my_robot_description:${AMENT_PREFIX_PATH} CMAKE_PREFIX_PATH=/home/rmi/ros2ws/install/my_robot_description:/opt/ros/humble /usr/bin/cmake --build /home/rmi/ros2ws/build/my_robot_bringup -- -j8 -l8
[1.350s] DEBUG:colcon.colcon_core.event_handler.log_command:Invoked command in '/home/rmi/ros2ws/build/my_robot_bringup' returned '0': AMENT_PREFIX_PATH=/home/rmi/ros2ws/install/my_robot_description:${AMENT_PREFIX_PATH} CMAKE_PREFIX_PATH=/home/rmi/ros2ws/install/my_robot_description:/opt/ros/humble /usr/bin/cmake --build /home/rmi/ros2ws/build/my_robot_bringup -- -j8 -l8
[1.355s] DEBUG:colcon.colcon_core.event_handler.log_command:Invoking command in '/home/rmi/ros2ws/build/my_robot_bringup': AMENT_PREFIX_PATH=/home/rmi/ros2ws/install/my_robot_description:${AMENT_PREFIX_PATH} CMAKE_PREFIX_PATH=/home/rmi/ros2ws/install/my_robot_description:/opt/ros/humble /usr/bin/cmake --install /home/rmi/ros2ws/build/my_robot_bringup
[1.378s] Level 1:colcon.colcon_core.environment:create_environment_scripts_only(my_robot_bringup)
[1.379s] Level 1:colcon.colcon_core.environment:checking '/home/rmi/ros2ws/install/my_robot_bringup' for CMake module files
[1.380s] DEBUG:colcon.colcon_core.event_handler.log_command:Invoked command in '/home/rmi/ros2ws/build/my_robot_bringup' returned '0': AMENT_PREFIX_PATH=/home/rmi/ros2ws/install/my_robot_description:${AMENT_PREFIX_PATH} CMAKE_PREFIX_PATH=/home/rmi/ros2ws/install/my_robot_description:/opt/ros/humble /usr/bin/cmake --install /home/rmi/ros2ws/build/my_robot_bringup
[1.380s] Level 1:colcon.colcon_core.environment:checking '/home/rmi/ros2ws/install/my_robot_bringup' for CMake config files
[1.380s] Level 1:colcon.colcon_core.shell:create_environment_hook('my_robot_bringup', 'cmake_prefix_path')
[1.380s] INFO:colcon.colcon_core.shell:Creating environment hook '/home/rmi/ros2ws/install/my_robot_bringup/share/my_robot_bringup/hook/cmake_prefix_path.ps1'
[1.381s] INFO:colcon.colcon_core.shell:Creating environment descriptor '/home/rmi/ros2ws/install/my_robot_bringup/share/my_robot_bringup/hook/cmake_prefix_path.dsv'
[1.382s] INFO:colcon.colcon_core.shell:Creating environment hook '/home/rmi/ros2ws/install/my_robot_bringup/share/my_robot_bringup/hook/cmake_prefix_path.sh'
[1.382s] Level 1:colcon.colcon_core.environment:checking '/home/rmi/ros2ws/install/my_robot_bringup/bin'
[1.383s] Level 1:colcon.colcon_core.environment:checking '/home/rmi/ros2ws/install/my_robot_bringup/lib/pkgconfig/my_robot_bringup.pc'
[1.383s] Level 1:colcon.colcon_core.environment:checking '/home/rmi/ros2ws/install/my_robot_bringup/lib/python3.10/site-packages'
[1.383s] Level 1:colcon.colcon_core.environment:checking '/home/rmi/ros2ws/install/my_robot_bringup/bin'
[1.383s] INFO:colcon.colcon_core.shell:Creating package script '/home/rmi/ros2ws/install/my_robot_bringup/share/my_robot_bringup/package.ps1'
[1.384s] INFO:colcon.colcon_core.shell:Creating package descriptor '/home/rmi/ros2ws/install/my_robot_bringup/share/my_robot_bringup/package.dsv'
[1.385s] INFO:colcon.colcon_core.shell:Creating package script '/home/rmi/ros2ws/install/my_robot_bringup/share/my_robot_bringup/package.sh'
[1.385s] INFO:colcon.colcon_core.shell:Creating package script '/home/rmi/ros2ws/install/my_robot_bringup/share/my_robot_bringup/package.bash'
[1.386s] INFO:colcon.colcon_core.shell:Creating package script '/home/rmi/ros2ws/install/my_robot_bringup/share/my_robot_bringup/package.zsh'
[1.387s] Level 1:colcon.colcon_core.environment:create_file_with_runtime_dependencies(/home/rmi/ros2ws/install/my_robot_bringup/share/colcon-core/packages/my_robot_bringup)
[1.388s] Level 1:colcon.colcon_core.environment:create_environment_scripts_only(my_robot_bringup)
[1.388s] Level 1:colcon.colcon_core.environment:checking '/home/rmi/ros2ws/install/my_robot_bringup' for CMake module files
[1.389s] Level 1:colcon.colcon_core.environment:checking '/home/rmi/ros2ws/install/my_robot_bringup' for CMake config files
[1.389s] Level 1:colcon.colcon_core.shell:create_environment_hook('my_robot_bringup', 'cmake_prefix_path')
[1.389s] INFO:colcon.colcon_core.shell:Creating environment hook '/home/rmi/ros2ws/install/my_robot_bringup/share/my_robot_bringup/hook/cmake_prefix_path.ps1'
[1.390s] INFO:colcon.colcon_core.shell:Creating environment descriptor '/home/rmi/ros2ws/install/my_robot_bringup/share/my_robot_bringup/hook/cmake_prefix_path.dsv'
[1.390s] INFO:colcon.colcon_core.shell:Creating environment hook '/home/rmi/ros2ws/install/my_robot_bringup/share/my_robot_bringup/hook/cmake_prefix_path.sh'
[1.391s] Level 1:colcon.colcon_core.environment:checking '/home/rmi/ros2ws/install/my_robot_bringup/bin'
[1.391s] Level 1:colcon.colcon_core.environment:checking '/home/rmi/ros2ws/install/my_robot_bringup/lib/pkgconfig/my_robot_bringup.pc'
[1.392s] Level 1:colcon.colcon_core.environment:checking '/home/rmi/ros2ws/install/my_robot_bringup/lib/python3.10/site-packages'
[1.392s] Level 1:colcon.colcon_core.environment:checking '/home/rmi/ros2ws/install/my_robot_bringup/bin'
[1.392s] INFO:colcon.colcon_core.shell:Creating package script '/home/rmi/ros2ws/install/my_robot_bringup/share/my_robot_bringup/package.ps1'
[1.393s] INFO:colcon.colcon_core.shell:Creating package descriptor '/home/rmi/ros2ws/install/my_robot_bringup/share/my_robot_bringup/package.dsv'
[1.393s] INFO:colcon.colcon_core.shell:Creating package script '/home/rmi/ros2ws/install/my_robot_bringup/share/my_robot_bringup/package.sh'
[1.394s] INFO:colcon.colcon_core.shell:Creating package script '/home/rmi/ros2ws/install/my_robot_bringup/share/my_robot_bringup/package.bash'
[1.403s] INFO:colcon.colcon_core.shell:Creating package script '/home/rmi/ros2ws/install/my_robot_bringup/share/my_robot_bringup/package.zsh'
[1.404s] Level 1:colcon.colcon_core.environment:create_file_with_runtime_dependencies(/home/rmi/ros2ws/install/my_robot_bringup/share/colcon-core/packages/my_robot_bringup)
[2.217s] Level 1:colcon.colcon_core.shell:create_environment_hook('learning_tf2_py', 'pythonpath_develop')
[2.218s] INFO:colcon.colcon_core.shell:Creating environment hook '/home/rmi/ros2ws/build/learning_tf2_py/share/learning_tf2_py/hook/pythonpath_develop.ps1'
[2.219s] DEBUG:colcon.colcon_core.event_handler.log_command:Invoked command in '/home/rmi/ros2ws/build/learning_tf2_py' returned '0': PYTHONPATH=/home/rmi/ros2ws/build/learning_tf2_py/prefix_override:/usr/lib/python3/dist-packages/colcon_core/task/python/colcon_distutils_commands:/home/rmi/ros2ws/install/learning_tf2_py/lib/python3.10/site-packages:${PYTHONPATH} /usr/bin/python3 -W ignore:setup.py install is deprecated -W ignore:easy_install command is deprecated setup.py develop --editable --build-directory /home/rmi/ros2ws/build/learning_tf2_py/build --no-deps symlink_data --force
[2.219s] INFO:colcon.colcon_core.shell:Creating environment descriptor '/home/rmi/ros2ws/build/learning_tf2_py/share/learning_tf2_py/hook/pythonpath_develop.dsv'
[2.220s] INFO:colcon.colcon_core.shell:Creating environment hook '/home/rmi/ros2ws/build/learning_tf2_py/share/learning_tf2_py/hook/pythonpath_develop.sh'
[2.221s] Level 1:colcon.colcon_core.environment:checking '/home/rmi/ros2ws/install/learning_tf2_py' for CMake module files
[2.221s] Level 1:colcon.colcon_core.environment:checking '/home/rmi/ros2ws/install/learning_tf2_py' for CMake config files
[2.222s] Level 1:colcon.colcon_core.environment:checking '/home/rmi/ros2ws/install/learning_tf2_py/lib'
[2.222s] Level 1:colcon.colcon_core.environment:checking '/home/rmi/ros2ws/install/learning_tf2_py/bin'
[2.222s] Level 1:colcon.colcon_core.environment:checking '/home/rmi/ros2ws/install/learning_tf2_py/lib/pkgconfig/learning_tf2_py.pc'
[2.223s] Level 1:colcon.colcon_core.environment:checking '/home/rmi/ros2ws/install/learning_tf2_py/lib/python3.10/site-packages'
[2.223s] Level 1:colcon.colcon_core.shell:create_environment_hook('learning_tf2_py', 'pythonpath')
[2.223s] INFO:colcon.colcon_core.shell:Creating environment hook '/home/rmi/ros2ws/install/learning_tf2_py/share/learning_tf2_py/hook/pythonpath.ps1'
[2.224s] INFO:colcon.colcon_core.shell:Creating environment descriptor '/home/rmi/ros2ws/install/learning_tf2_py/share/learning_tf2_py/hook/pythonpath.dsv'
[2.225s] INFO:colcon.colcon_core.shell:Creating environment hook '/home/rmi/ros2ws/install/learning_tf2_py/share/learning_tf2_py/hook/pythonpath.sh'
[2.225s] Level 1:colcon.colcon_core.environment:checking '/home/rmi/ros2ws/install/learning_tf2_py/bin'
[2.226s] Level 1:colcon.colcon_core.environment:create_environment_scripts_only(learning_tf2_py)
[2.226s] INFO:colcon.colcon_core.shell:Creating package script '/home/rmi/ros2ws/install/learning_tf2_py/share/learning_tf2_py/package.ps1'
[2.227s] INFO:colcon.colcon_core.shell:Creating package descriptor '/home/rmi/ros2ws/install/learning_tf2_py/share/learning_tf2_py/package.dsv'
[2.228s] INFO:colcon.colcon_core.shell:Creating package script '/home/rmi/ros2ws/install/learning_tf2_py/share/learning_tf2_py/package.sh'
[2.228s] INFO:colcon.colcon_core.shell:Creating package script '/home/rmi/ros2ws/install/learning_tf2_py/share/learning_tf2_py/package.bash'
[2.229s] INFO:colcon.colcon_core.shell:Creating package script '/home/rmi/ros2ws/install/learning_tf2_py/share/learning_tf2_py/package.zsh'
[2.230s] Level 1:colcon.colcon_core.environment:create_file_with_runtime_dependencies(/home/rmi/ros2ws/install/learning_tf2_py/share/colcon-core/packages/learning_tf2_py)
[2.494s] DEBUG:colcon.colcon_core.event_handler.log_command:Invoked command in '/home/rmi/ros2ws/build/serial_motor_demo_msgs' returned '0': CMAKE_PREFIX_PATH=/opt/ros/humble /usr/bin/cmake /home/rmi/ros2ws/src/serial_motor_demo/serial_motor_demo_msgs -DAMENT_CMAKE_SYMLINK_INSTALL=1 -DCMAKE_INSTALL_PREFIX=/home/rmi/ros2ws/install/serial_motor_demo_msgs
[2.496s] DEBUG:colcon.colcon_core.event_handler.log_command:Invoking command in '/home/rmi/ros2ws/build/serial_motor_demo_msgs': CMAKE_PREFIX_PATH=/opt/ros/humble /usr/bin/cmake --build /home/rmi/ros2ws/build/serial_motor_demo_msgs -- -j8 -l8
[2.976s] DEBUG:colcon.colcon_core.event_handler.log_command:Invoked command in '/home/rmi/ros2ws/build/serial_motor_demo_msgs' returned '0': CMAKE_PREFIX_PATH=/opt/ros/humble /usr/bin/cmake --build /home/rmi/ros2ws/build/serial_motor_demo_msgs -- -j8 -l8
[2.978s] DEBUG:colcon.colcon_core.event_handler.log_command:Invoking command in '/home/rmi/ros2ws/build/serial_motor_demo_msgs': CMAKE_PREFIX_PATH=/opt/ros/humble /usr/bin/cmake --install /home/rmi/ros2ws/build/serial_motor_demo_msgs
[3.101s] Level 1:colcon.colcon_core.environment:create_environment_scripts_only(serial_motor_demo_msgs)
[3.101s] Level 1:colcon.colcon_core.environment:checking '/home/rmi/ros2ws/install/serial_motor_demo_msgs' for CMake module files
[3.102s] DEBUG:colcon.colcon_core.event_handler.log_command:Invoked command in '/home/rmi/ros2ws/build/serial_motor_demo_msgs' returned '0': CMAKE_PREFIX_PATH=/opt/ros/humble /usr/bin/cmake --install /home/rmi/ros2ws/build/serial_motor_demo_msgs
[3.102s] Level 1:colcon.colcon_core.environment:checking '/home/rmi/ros2ws/install/serial_motor_demo_msgs' for CMake config files
[3.103s] Level 1:colcon.colcon_core.shell:create_environment_hook('serial_motor_demo_msgs', 'cmake_prefix_path')
[3.103s] INFO:colcon.colcon_core.shell:Creating environment hook '/home/rmi/ros2ws/install/serial_motor_demo_msgs/share/serial_motor_demo_msgs/hook/cmake_prefix_path.ps1'
[3.104s] INFO:colcon.colcon_core.shell:Creating environment descriptor '/home/rmi/ros2ws/install/serial_motor_demo_msgs/share/serial_motor_demo_msgs/hook/cmake_prefix_path.dsv'
[3.104s] INFO:colcon.colcon_core.shell:Creating environment hook '/home/rmi/ros2ws/install/serial_motor_demo_msgs/share/serial_motor_demo_msgs/hook/cmake_prefix_path.sh'
[3.105s] Level 1:colcon.colcon_core.environment:checking '/home/rmi/ros2ws/install/serial_motor_demo_msgs/lib'
[3.105s] Level 1:colcon.colcon_core.shell:create_environment_hook('serial_motor_demo_msgs', 'ld_library_path_lib')
[3.105s] INFO:colcon.colcon_core.shell:Creating environment hook '/home/rmi/ros2ws/install/serial_motor_demo_msgs/share/serial_motor_demo_msgs/hook/ld_library_path_lib.ps1'
[3.106s] INFO:colcon.colcon_core.shell:Creating environment descriptor '/home/rmi/ros2ws/install/serial_motor_demo_msgs/share/serial_motor_demo_msgs/hook/ld_library_path_lib.dsv'
[3.106s] INFO:colcon.colcon_core.shell:Creating environment hook '/home/rmi/ros2ws/install/serial_motor_demo_msgs/share/serial_motor_demo_msgs/hook/ld_library_path_lib.sh'
[3.107s] Level 1:colcon.colcon_core.environment:checking '/home/rmi/ros2ws/install/serial_motor_demo_msgs/bin'
[3.107s] Level 1:colcon.colcon_core.environment:checking '/home/rmi/ros2ws/install/serial_motor_demo_msgs/lib/pkgconfig/serial_motor_demo_msgs.pc'
[3.107s] Level 1:colcon.colcon_core.environment:checking '/home/rmi/ros2ws/install/serial_motor_demo_msgs/lib/python3.10/site-packages'
[3.107s] Level 1:colcon.colcon_core.environment:checking '/home/rmi/ros2ws/install/serial_motor_demo_msgs/bin'
[3.107s] INFO:colcon.colcon_core.shell:Creating package script '/home/rmi/ros2ws/install/serial_motor_demo_msgs/share/serial_motor_demo_msgs/package.ps1'
[3.108s] INFO:colcon.colcon_core.shell:Creating package descriptor '/home/rmi/ros2ws/install/serial_motor_demo_msgs/share/serial_motor_demo_msgs/package.dsv'
[3.108s] INFO:colcon.colcon_core.shell:Creating package script '/home/rmi/ros2ws/install/serial_motor_demo_msgs/share/serial_motor_demo_msgs/package.sh'
[3.109s] INFO:colcon.colcon_core.shell:Creating package script '/home/rmi/ros2ws/install/serial_motor_demo_msgs/share/serial_motor_demo_msgs/package.bash'
[3.109s] INFO:colcon.colcon_core.shell:Creating package script '/home/rmi/ros2ws/install/serial_motor_demo_msgs/share/serial_motor_demo_msgs/package.zsh'
[3.110s] Level 1:colcon.colcon_core.environment:create_file_with_runtime_dependencies(/home/rmi/ros2ws/install/serial_motor_demo_msgs/share/colcon-core/packages/serial_motor_demo_msgs)
[3.111s] Level 1:colcon.colcon_core.environment:create_environment_scripts_only(serial_motor_demo_msgs)
[3.111s] Level 1:colcon.colcon_core.environment:checking '/home/rmi/ros2ws/install/serial_motor_demo_msgs' for CMake module files
[3.111s] Level 1:colcon.colcon_core.environment:checking '/home/rmi/ros2ws/install/serial_motor_demo_msgs' for CMake config files
[3.113s] Level 1:colcon.colcon_core.shell:create_environment_hook('serial_motor_demo_msgs', 'cmake_prefix_path')
[3.113s] INFO:colcon.colcon_core.shell:Creating environment hook '/home/rmi/ros2ws/install/serial_motor_demo_msgs/share/serial_motor_demo_msgs/hook/cmake_prefix_path.ps1'
[3.114s] INFO:colcon.colcon_core.shell:Creating environment descriptor '/home/rmi/ros2ws/install/serial_motor_demo_msgs/share/serial_motor_demo_msgs/hook/cmake_prefix_path.dsv'
[3.114s] INFO:colcon.colcon_core.shell:Creating environment hook '/home/rmi/ros2ws/install/serial_motor_demo_msgs/share/serial_motor_demo_msgs/hook/cmake_prefix_path.sh'
[3.115s] Level 1:colcon.colcon_core.environment:checking '/home/rmi/ros2ws/install/serial_motor_demo_msgs/lib'
[3.115s] Level 1:colcon.colcon_core.shell:create_environment_hook('serial_motor_demo_msgs', 'ld_library_path_lib')
[3.115s] INFO:colcon.colcon_core.shell:Creating environment hook '/home/rmi/ros2ws/install/serial_motor_demo_msgs/share/serial_motor_demo_msgs/hook/ld_library_path_lib.ps1'
[3.116s] INFO:colcon.colcon_core.shell:Creating environment descriptor '/home/rmi/ros2ws/install/serial_motor_demo_msgs/share/serial_motor_demo_msgs/hook/ld_library_path_lib.dsv'
[3.116s] INFO:colcon.colcon_core.shell:Creating environment hook '/home/rmi/ros2ws/install/serial_motor_demo_msgs/share/serial_motor_demo_msgs/hook/ld_library_path_lib.sh'
[3.116s] Level 1:colcon.colcon_core.environment:checking '/home/rmi/ros2ws/install/serial_motor_demo_msgs/bin'
[3.117s] Level 1:colcon.colcon_core.environment:checking '/home/rmi/ros2ws/install/serial_motor_demo_msgs/lib/pkgconfig/serial_motor_demo_msgs.pc'
[3.117s] Level 1:colcon.colcon_core.environment:checking '/home/rmi/ros2ws/install/serial_motor_demo_msgs/lib/python3.10/site-packages'
[3.117s] Level 1:colcon.colcon_core.environment:checking '/home/rmi/ros2ws/install/serial_motor_demo_msgs/bin'
[3.117s] INFO:colcon.colcon_core.shell:Creating package script '/home/rmi/ros2ws/install/serial_motor_demo_msgs/share/serial_motor_demo_msgs/package.ps1'
[3.118s] INFO:colcon.colcon_core.shell:Creating package descriptor '/home/rmi/ros2ws/install/serial_motor_demo_msgs/share/serial_motor_demo_msgs/package.dsv'
[3.121s] INFO:colcon.colcon_core.shell:Creating package script '/home/rmi/ros2ws/install/serial_motor_demo_msgs/share/serial_motor_demo_msgs/package.sh'
[3.122s] INFO:colcon.colcon_core.shell:Creating package script '/home/rmi/ros2ws/install/serial_motor_demo_msgs/share/serial_motor_demo_msgs/package.bash'
[3.122s] INFO:colcon.colcon_core.shell:Creating package script '/home/rmi/ros2ws/install/serial_motor_demo_msgs/share/serial_motor_demo_msgs/package.zsh'
[3.123s] Level 1:colcon.colcon_core.environment:create_file_with_runtime_dependencies(/home/rmi/ros2ws/install/serial_motor_demo_msgs/share/colcon-core/packages/serial_motor_demo_msgs)
[3.123s] INFO:colcon.colcon_ros.task.ament_python.build:Building ROS package in '/home/rmi/ros2ws/src/serial_motor_demo/serial_motor_demo' with build type 'ament_python'
[3.123s] Level 1:colcon.colcon_core.shell:create_environment_hook('serial_motor_demo', 'ament_prefix_path')
[3.124s] INFO:colcon.colcon_core.shell:Creating environment hook '/home/rmi/ros2ws/install/serial_motor_demo/share/serial_motor_demo/hook/ament_prefix_path.ps1'
[3.126s] INFO:colcon.colcon_core.shell:Creating environment descriptor '/home/rmi/ros2ws/install/serial_motor_demo/share/serial_motor_demo/hook/ament_prefix_path.dsv'
[3.126s] INFO:colcon.colcon_core.shell:Creating environment hook '/home/rmi/ros2ws/install/serial_motor_demo/share/serial_motor_demo/hook/ament_prefix_path.sh'
[3.127s] INFO:colcon.colcon_core.shell:Skip shell extension 'powershell' for command environment: Not usable outside of PowerShell
[3.127s] DEBUG:colcon.colcon_core.shell:Skip shell extension 'dsv' for command environment
[3.406s] INFO:colcon.colcon_core.task.python.build:Building Python package in '/home/rmi/ros2ws/src/serial_motor_demo/serial_motor_demo'
[3.407s] INFO:colcon.colcon_core.shell:Skip shell extension 'powershell' for command environment: Not usable outside of PowerShell
[3.407s] DEBUG:colcon.colcon_core.shell:Skip shell extension 'dsv' for command environment
[3.779s] DEBUG:colcon.colcon_core.task.python.build:While undoing a previous installation files outside the Python library path are being ignored: /home/rmi/ros2ws/install/serial_motor_demo/share/ament_index/resource_index/packages/serial_motor_demo
[3.779s] DEBUG:colcon.colcon_core.task.python.build:While undoing a previous installation files outside the Python library path are being ignored: /home/rmi/ros2ws/install/serial_motor_demo/share/serial_motor_demo/package.xml
[3.780s] DEBUG:colcon.colcon_core.task.python.build:While undoing a previous installation files outside the Python library path are being ignored: /home/rmi/ros2ws/install/serial_motor_demo/lib/serial_motor_demo/driver
[3.780s] DEBUG:colcon.colcon_core.task.python.build:While undoing a previous installation files outside the Python library path are being ignored: /home/rmi/ros2ws/install/serial_motor_demo/lib/serial_motor_demo/gui
[3.783s] DEBUG:colcon.colcon_core.event_handler.log_command:Invoking command in '/home/rmi/ros2ws/build/serial_motor_demo': AMENT_PREFIX_PATH=/home/rmi/ros2ws/install/serial_motor_demo_msgs:${AMENT_PREFIX_PATH} CMAKE_PREFIX_PATH=/home/rmi/ros2ws/install/serial_motor_demo_msgs LD_LIBRARY_PATH=/home/rmi/ros2ws/install/serial_motor_demo_msgs/lib:${LD_LIBRARY_PATH} PYTHONPATH=/home/rmi/ros2ws/build/serial_motor_demo/prefix_override:/usr/lib/python3/dist-packages/colcon_core/task/python/colcon_distutils_commands:/home/rmi/ros2ws/install/serial_motor_demo/lib/python3.10/site-packages:/home/rmi/ros2ws/install/serial_motor_demo_msgs/local/lib/python3.10/dist-packages:${PYTHONPATH} /usr/bin/python3 -W ignore:setup.py install is deprecated -W ignore:easy_install command is deprecated setup.py develop --editable --build-directory /home/rmi/ros2ws/build/serial_motor_demo/build --no-deps symlink_data --force
[4.275s] Level 1:colcon.colcon_core.shell:create_environment_hook('serial_motor_demo', 'pythonpath_develop')
[4.276s] INFO:colcon.colcon_core.shell:Creating environment hook '/home/rmi/ros2ws/build/serial_motor_demo/share/serial_motor_demo/hook/pythonpath_develop.ps1'
[4.276s] DEBUG:colcon.colcon_core.event_handler.log_command:Invoked command in '/home/rmi/ros2ws/build/serial_motor_demo' returned '0': AMENT_PREFIX_PATH=/home/rmi/ros2ws/install/serial_motor_demo_msgs:${AMENT_PREFIX_PATH} CMAKE_PREFIX_PATH=/home/rmi/ros2ws/install/serial_motor_demo_msgs LD_LIBRARY_PATH=/home/rmi/ros2ws/install/serial_motor_demo_msgs/lib:${LD_LIBRARY_PATH} PYTHONPATH=/home/rmi/ros2ws/build/serial_motor_demo/prefix_override:/usr/lib/python3/dist-packages/colcon_core/task/python/colcon_distutils_commands:/home/rmi/ros2ws/install/serial_motor_demo/lib/python3.10/site-packages:/home/rmi/ros2ws/install/serial_motor_demo_msgs/local/lib/python3.10/dist-packages:${PYTHONPATH} /usr/bin/python3 -W ignore:setup.py install is deprecated -W ignore:easy_install command is deprecated setup.py develop --editable --build-directory /home/rmi/ros2ws/build/serial_motor_demo/build --no-deps symlink_data --force
[4.277s] INFO:colcon.colcon_core.shell:Creating environment descriptor '/home/rmi/ros2ws/build/serial_motor_demo/share/serial_motor_demo/hook/pythonpath_develop.dsv'
[4.278s] INFO:colcon.colcon_core.shell:Creating environment hook '/home/rmi/ros2ws/build/serial_motor_demo/share/serial_motor_demo/hook/pythonpath_develop.sh'
[4.279s] Level 1:colcon.colcon_core.environment:checking '/home/rmi/ros2ws/install/serial_motor_demo' for CMake module files
[4.279s] Level 1:colcon.colcon_core.environment:checking '/home/rmi/ros2ws/install/serial_motor_demo' for CMake config files
[4.280s] Level 1:colcon.colcon_core.environment:checking '/home/rmi/ros2ws/install/serial_motor_demo/lib'
[4.280s] Level 1:colcon.colcon_core.environment:checking '/home/rmi/ros2ws/install/serial_motor_demo/bin'
[4.280s] Level 1:colcon.colcon_core.environment:checking '/home/rmi/ros2ws/install/serial_motor_demo/lib/pkgconfig/serial_motor_demo.pc'
[4.281s] Level 1:colcon.colcon_core.environment:checking '/home/rmi/ros2ws/install/serial_motor_demo/lib/python3.10/site-packages'
[4.281s] Level 1:colcon.colcon_core.shell:create_environment_hook('serial_motor_demo', 'pythonpath')
[4.281s] INFO:colcon.colcon_core.shell:Creating environment hook '/home/rmi/ros2ws/install/serial_motor_demo/share/serial_motor_demo/hook/pythonpath.ps1'
[4.282s] INFO:colcon.colcon_core.shell:Creating environment descriptor '/home/rmi/ros2ws/install/serial_motor_demo/share/serial_motor_demo/hook/pythonpath.dsv'
[4.282s] INFO:colcon.colcon_core.shell:Creating environment hook '/home/rmi/ros2ws/install/serial_motor_demo/share/serial_motor_demo/hook/pythonpath.sh'
[4.283s] Level 1:colcon.colcon_core.environment:checking '/home/rmi/ros2ws/install/serial_motor_demo/bin'
[4.283s] Level 1:colcon.colcon_core.environment:create_environment_scripts_only(serial_motor_demo)
[4.284s] INFO:colcon.colcon_core.shell:Creating package script '/home/rmi/ros2ws/install/serial_motor_demo/share/serial_motor_demo/package.ps1'
[4.284s] INFO:colcon.colcon_core.shell:Creating package descriptor '/home/rmi/ros2ws/install/serial_motor_demo/share/serial_motor_demo/package.dsv'
[4.285s] INFO:colcon.colcon_core.shell:Creating package script '/home/rmi/ros2ws/install/serial_motor_demo/share/serial_motor_demo/package.sh'
[4.286s] INFO:colcon.colcon_core.shell:Creating package script '/home/rmi/ros2ws/install/serial_motor_demo/share/serial_motor_demo/package.bash'
[4.286s] INFO:colcon.colcon_core.shell:Creating package script '/home/rmi/ros2ws/install/serial_motor_demo/share/serial_motor_demo/package.zsh'
[4.287s] Level 1:colcon.colcon_core.environment:create_file_with_runtime_dependencies(/home/rmi/ros2ws/install/serial_motor_demo/share/colcon-core/packages/serial_motor_demo)
[4.287s] DEBUG:colcon.colcon_parallel_executor.executor.parallel:closing loop
[4.288s] DEBUG:colcon.colcon_parallel_executor.executor.parallel:loop closed
[4.288s] DEBUG:colcon.colcon_parallel_executor.executor.parallel:run_until_complete finished with '0'
[4.288s] DEBUG:colcon.colcon_core.event_reactor:joining thread
[4.295s] INFO:colcon.colcon_core.plugin_system:Skipping extension 'colcon_notification.desktop_notification.notify_send': Could not find 'notify-send'
[4.295s] INFO:colcon.colcon_core.plugin_system:Skipping extension 'colcon_notification.desktop_notification.terminal_notifier': Not used on non-Darwin systems
[4.295s] INFO:colcon.colcon_core.plugin_system:Skipping extension 'colcon_notification.desktop_notification.win32': Not used on non-Windows systems
[4.295s] INFO:colcon.colcon_notification.desktop_notification:Sending desktop notification using 'notify2'
[4.297s] DEBUG:colcon.colcon_notification.desktop_notification.notify2:Failed to initialize notify2: org.freedesktop.DBus.Error.ServiceUnknown: The name org.freedesktop.Notifications was not provided by any .service files
[4.297s] DEBUG:colcon.colcon_core.event_reactor:joined thread
[4.298s] INFO:colcon.colcon_core.shell:Creating prefix script '/home/rmi/ros2ws/install/local_setup.ps1'
[4.299s] INFO:colcon.colcon_core.shell:Creating prefix util module '/home/rmi/ros2ws/install/_local_setup_util_ps1.py'
[4.300s] INFO:colcon.colcon_core.shell:Creating prefix chain script '/home/rmi/ros2ws/install/setup.ps1'
[4.302s] INFO:colcon.colcon_core.shell:Creating prefix script '/home/rmi/ros2ws/install/local_setup.sh'
[4.303s] INFO:colcon.colcon_core.shell:Creating prefix util module '/home/rmi/ros2ws/install/_local_setup_util_sh.py'
[4.304s] INFO:colcon.colcon_core.shell:Creating prefix chain script '/home/rmi/ros2ws/install/setup.sh'
[4.305s] INFO:colcon.colcon_core.shell:Creating prefix script '/home/rmi/ros2ws/install/local_setup.bash'
[4.306s] INFO:colcon.colcon_core.shell:Creating prefix chain script '/home/rmi/ros2ws/install/setup.bash'
[4.307s] INFO:colcon.colcon_core.shell:Creating prefix script '/home/rmi/ros2ws/install/local_setup.zsh'
[4.307s] INFO:colcon.colcon_core.shell:Creating prefix chain script '/home/rmi/ros2ws/install/setup.zsh'
