[0.093s] DEBUG:colcon:Command line arguments: ['/usr/bin/colcon', 'build', '--symlink-install']
[0.093s] DEBUG:colcon:Parsed command line arguments: Namespace(log_base=None, log_level=None, verb_name='build', build_base='build', install_base='install', merge_install=False, symlink_install=True, test_result_base=None, continue_on_error=False, executor='parallel', parallel_workers=8, event_handlers=None, ignore_user_meta=False, metas=['./colcon.meta'], base_paths=['.'], packages_ignore=None, packages_ignore_regex=None, paths=None, packages_up_to=None, packages_up_to_regex=None, packages_above=None, packages_above_and_dependencies=None, packages_above_depth=None, packages_select_by_dep=None, packages_skip_by_dep=None, packages_skip_up_to=None, packages_select_build_failed=False, packages_skip_build_finished=False, packages_select_test_failures=False, packages_skip_test_passed=False, packages_select=None, packages_skip=None, packages_select_regex=None, packages_skip_regex=None, packages_start=None, packages_end=None, allow_overriding=[], cmake_args=None, cmake_target=None, cmake_target_skip_unavailable=False, cmake_clean_cache=False, cmake_clean_first=False, cmake_force_configure=False, ament_cmake_args=None, catkin_cmake_args=None, catkin_skip_building_tests=False, verb_parser=<colcon_defaults.argument_parser.defaults.DefaultArgumentsDecorator object at 0x7f64707e5090>, verb_extension=<colcon_core.verb.build.BuildVerb object at 0x7f64707e4b80>, main=<bound method BuildVerb.main of <colcon_core.verb.build.BuildVerb object at 0x7f64707e4b80>>)
[0.243s] Level 1:colcon.colcon_core.package_discovery:discover_packages(colcon_meta) check parameters
[0.244s] Level 1:colcon.colcon_core.package_discovery:discover_packages(recursive) check parameters
[0.244s] Level 1:colcon.colcon_core.package_discovery:discover_packages(ignore) check parameters
[0.244s] Level 1:colcon.colcon_core.package_discovery:discover_packages(path) check parameters
[0.244s] Level 1:colcon.colcon_core.package_discovery:discover_packages(colcon_meta) discover
[0.244s] Level 1:colcon.colcon_core.package_discovery:discover_packages(recursive) discover
[0.244s] INFO:colcon.colcon_core.package_discovery:Crawling recursively for packages in '/home/rmi/ros2ws'
[0.244s] Level 1:colcon.colcon_core.package_identification:_identify(.) by extensions ['ignore', 'ignore_ament_install']
[0.244s] Level 1:colcon.colcon_core.package_identification:_identify(.) by extension 'ignore'
[0.244s] Level 1:colcon.colcon_core.package_identification:_identify(.) by extension 'ignore_ament_install'
[0.244s] Level 1:colcon.colcon_core.package_identification:_identify(.) by extensions ['colcon_pkg']
[0.244s] Level 1:colcon.colcon_core.package_identification:_identify(.) by extension 'colcon_pkg'
[0.244s] Level 1:colcon.colcon_core.package_identification:_identify(.) by extensions ['colcon_meta']
[0.244s] Level 1:colcon.colcon_core.package_identification:_identify(.) by extension 'colcon_meta'
[0.244s] Level 1:colcon.colcon_core.package_identification:_identify(.) by extensions ['ros']
[0.244s] Level 1:colcon.colcon_core.package_identification:_identify(.) by extension 'ros'
[0.254s] Level 1:colcon.colcon_core.package_identification:_identify(.) by extensions ['cmake', 'python']
[0.254s] Level 1:colcon.colcon_core.package_identification:_identify(.) by extension 'cmake'
[0.254s] Level 1:colcon.colcon_core.package_identification:_identify(.) by extension 'python'
[0.255s] Level 1:colcon.colcon_core.package_identification:_identify(.) by extensions ['python_setup_py']
[0.255s] Level 1:colcon.colcon_core.package_identification:_identify(.) by extension 'python_setup_py'
[0.255s] Level 1:colcon.colcon_core.package_identification:_identify(build) by extensions ['ignore', 'ignore_ament_install']
[0.255s] Level 1:colcon.colcon_core.package_identification:_identify(build) by extension 'ignore'
[0.255s] Level 1:colcon.colcon_core.package_identification:_identify(build) ignored
[0.255s] Level 1:colcon.colcon_core.package_identification:_identify(install) by extensions ['ignore', 'ignore_ament_install']
[0.255s] Level 1:colcon.colcon_core.package_identification:_identify(install) by extension 'ignore'
[0.255s] Level 1:colcon.colcon_core.package_identification:_identify(install) ignored
[0.255s] Level 1:colcon.colcon_core.package_identification:_identify(log) by extensions ['ignore', 'ignore_ament_install']
[0.255s] Level 1:colcon.colcon_core.package_identification:_identify(log) by extension 'ignore'
[0.255s] Level 1:colcon.colcon_core.package_identification:_identify(log) ignored
[0.256s] Level 1:colcon.colcon_core.package_identification:_identify(src) by extensions ['ignore', 'ignore_ament_install']
[0.256s] Level 1:colcon.colcon_core.package_identification:_identify(src) by extension 'ignore'
[0.256s] Level 1:colcon.colcon_core.package_identification:_identify(src) by extension 'ignore_ament_install'
[0.256s] Level 1:colcon.colcon_core.package_identification:_identify(src) by extensions ['colcon_pkg']
[0.256s] Level 1:colcon.colcon_core.package_identification:_identify(src) by extension 'colcon_pkg'
[0.256s] Level 1:colcon.colcon_core.package_identification:_identify(src) by extensions ['colcon_meta']
[0.256s] Level 1:colcon.colcon_core.package_identification:_identify(src) by extension 'colcon_meta'
[0.256s] Level 1:colcon.colcon_core.package_identification:_identify(src) by extensions ['ros']
[0.256s] Level 1:colcon.colcon_core.package_identification:_identify(src) by extension 'ros'
[0.256s] Level 1:colcon.colcon_core.package_identification:_identify(src) by extensions ['cmake', 'python']
[0.256s] Level 1:colcon.colcon_core.package_identification:_identify(src) by extension 'cmake'
[0.256s] Level 1:colcon.colcon_core.package_identification:_identify(src) by extension 'python'
[0.256s] Level 1:colcon.colcon_core.package_identification:_identify(src) by extensions ['python_setup_py']
[0.256s] Level 1:colcon.colcon_core.package_identification:_identify(src) by extension 'python_setup_py'
[0.256s] Level 1:colcon.colcon_core.package_identification:_identify(src/build) by extensions ['ignore', 'ignore_ament_install']
[0.256s] Level 1:colcon.colcon_core.package_identification:_identify(src/build) by extension 'ignore'
[0.256s] Level 1:colcon.colcon_core.package_identification:_identify(src/build) ignored
[0.257s] Level 1:colcon.colcon_core.package_identification:_identify(src/differential_drive_robot) by extensions ['ignore', 'ignore_ament_install']
[0.257s] Level 1:colcon.colcon_core.package_identification:_identify(src/differential_drive_robot) by extension 'ignore'
[0.257s] Level 1:colcon.colcon_core.package_identification:_identify(src/differential_drive_robot) by extension 'ignore_ament_install'
[0.257s] Level 1:colcon.colcon_core.package_identification:_identify(src/differential_drive_robot) by extensions ['colcon_pkg']
[0.257s] Level 1:colcon.colcon_core.package_identification:_identify(src/differential_drive_robot) by extension 'colcon_pkg'
[0.257s] Level 1:colcon.colcon_core.package_identification:_identify(src/differential_drive_robot) by extensions ['colcon_meta']
[0.257s] Level 1:colcon.colcon_core.package_identification:_identify(src/differential_drive_robot) by extension 'colcon_meta'
[0.257s] Level 1:colcon.colcon_core.package_identification:_identify(src/differential_drive_robot) by extensions ['ros']
[0.257s] Level 1:colcon.colcon_core.package_identification:_identify(src/differential_drive_robot) by extension 'ros'
[0.259s] DEBUG:colcon.colcon_core.package_identification:Package 'src/differential_drive_robot' with type 'ros.ament_cmake' and name 'differential_drive_robot'
[0.259s] Level 1:colcon.colcon_core.package_identification:_identify(src/install) by extensions ['ignore', 'ignore_ament_install']
[0.259s] Level 1:colcon.colcon_core.package_identification:_identify(src/install) by extension 'ignore'
[0.259s] Level 1:colcon.colcon_core.package_identification:_identify(src/install) ignored
[0.259s] Level 1:colcon.colcon_core.package_identification:_identify(src/learning_tf2_py) by extensions ['ignore', 'ignore_ament_install']
[0.259s] Level 1:colcon.colcon_core.package_identification:_identify(src/learning_tf2_py) by extension 'ignore'
[0.259s] Level 1:colcon.colcon_core.package_identification:_identify(src/learning_tf2_py) by extension 'ignore_ament_install'
[0.259s] Level 1:colcon.colcon_core.package_identification:_identify(src/learning_tf2_py) by extensions ['colcon_pkg']
[0.259s] Level 1:colcon.colcon_core.package_identification:_identify(src/learning_tf2_py) by extension 'colcon_pkg'
[0.260s] Level 1:colcon.colcon_core.package_identification:_identify(src/learning_tf2_py) by extensions ['colcon_meta']
[0.260s] Level 1:colcon.colcon_core.package_identification:_identify(src/learning_tf2_py) by extension 'colcon_meta'
[0.260s] Level 1:colcon.colcon_core.package_identification:_identify(src/learning_tf2_py) by extensions ['ros']
[0.260s] Level 1:colcon.colcon_core.package_identification:_identify(src/learning_tf2_py) by extension 'ros'
[0.260s] DEBUG:colcon.colcon_core.package_identification:Package 'src/learning_tf2_py' with type 'ros.ament_python' and name 'learning_tf2_py'
[0.260s] Level 1:colcon.colcon_core.package_identification:_identify(src/log) by extensions ['ignore', 'ignore_ament_install']
[0.260s] Level 1:colcon.colcon_core.package_identification:_identify(src/log) by extension 'ignore'
[0.260s] Level 1:colcon.colcon_core.package_identification:_identify(src/log) ignored
[0.260s] Level 1:colcon.colcon_core.package_identification:_identify(src/my_robot_bringup) by extensions ['ignore', 'ignore_ament_install']
[0.261s] Level 1:colcon.colcon_core.package_identification:_identify(src/my_robot_bringup) by extension 'ignore'
[0.261s] Level 1:colcon.colcon_core.package_identification:_identify(src/my_robot_bringup) by extension 'ignore_ament_install'
[0.261s] Level 1:colcon.colcon_core.package_identification:_identify(src/my_robot_bringup) by extensions ['colcon_pkg']
[0.261s] Level 1:colcon.colcon_core.package_identification:_identify(src/my_robot_bringup) by extension 'colcon_pkg'
[0.261s] Level 1:colcon.colcon_core.package_identification:_identify(src/my_robot_bringup) by extensions ['colcon_meta']
[0.261s] Level 1:colcon.colcon_core.package_identification:_identify(src/my_robot_bringup) by extension 'colcon_meta'
[0.261s] Level 1:colcon.colcon_core.package_identification:_identify(src/my_robot_bringup) by extensions ['ros']
[0.261s] Level 1:colcon.colcon_core.package_identification:_identify(src/my_robot_bringup) by extension 'ros'
[0.261s] DEBUG:colcon.colcon_core.package_identification:Package 'src/my_robot_bringup' with type 'ros.ament_cmake' and name 'my_robot_bringup'
[0.261s] Level 1:colcon.colcon_core.package_identification:_identify(src/my_robot_description) by extensions ['ignore', 'ignore_ament_install']
[0.261s] Level 1:colcon.colcon_core.package_identification:_identify(src/my_robot_description) by extension 'ignore'
[0.262s] Level 1:colcon.colcon_core.package_identification:_identify(src/my_robot_description) by extension 'ignore_ament_install'
[0.262s] Level 1:colcon.colcon_core.package_identification:_identify(src/my_robot_description) by extensions ['colcon_pkg']
[0.262s] Level 1:colcon.colcon_core.package_identification:_identify(src/my_robot_description) by extension 'colcon_pkg'
[0.262s] Level 1:colcon.colcon_core.package_identification:_identify(src/my_robot_description) by extensions ['colcon_meta']
[0.262s] Level 1:colcon.colcon_core.package_identification:_identify(src/my_robot_description) by extension 'colcon_meta'
[0.262s] Level 1:colcon.colcon_core.package_identification:_identify(src/my_robot_description) by extensions ['ros']
[0.262s] Level 1:colcon.colcon_core.package_identification:_identify(src/my_robot_description) by extension 'ros'
[0.262s] DEBUG:colcon.colcon_core.package_identification:Package 'src/my_robot_description' with type 'ros.ament_cmake' and name 'my_robot_description'
[0.262s] Level 1:colcon.colcon_core.package_identification:_identify(src/serial_motor_demo) by extensions ['ignore', 'ignore_ament_install']
[0.262s] Level 1:colcon.colcon_core.package_identification:_identify(src/serial_motor_demo) by extension 'ignore'
[0.263s] Level 1:colcon.colcon_core.package_identification:_identify(src/serial_motor_demo) by extension 'ignore_ament_install'
[0.263s] Level 1:colcon.colcon_core.package_identification:_identify(src/serial_motor_demo) by extensions ['colcon_pkg']
[0.263s] Level 1:colcon.colcon_core.package_identification:_identify(src/serial_motor_demo) by extension 'colcon_pkg'
[0.263s] Level 1:colcon.colcon_core.package_identification:_identify(src/serial_motor_demo) by extensions ['colcon_meta']
[0.263s] Level 1:colcon.colcon_core.package_identification:_identify(src/serial_motor_demo) by extension 'colcon_meta'
[0.263s] Level 1:colcon.colcon_core.package_identification:_identify(src/serial_motor_demo) by extensions ['ros']
[0.263s] Level 1:colcon.colcon_core.package_identification:_identify(src/serial_motor_demo) by extension 'ros'
[0.263s] Level 1:colcon.colcon_core.package_identification:_identify(src/serial_motor_demo) by extensions ['cmake', 'python']
[0.263s] Level 1:colcon.colcon_core.package_identification:_identify(src/serial_motor_demo) by extension 'cmake'
[0.263s] Level 1:colcon.colcon_core.package_identification:_identify(src/serial_motor_demo) by extension 'python'
[0.263s] Level 1:colcon.colcon_core.package_identification:_identify(src/serial_motor_demo) by extensions ['python_setup_py']
[0.263s] Level 1:colcon.colcon_core.package_identification:_identify(src/serial_motor_demo) by extension 'python_setup_py'
[0.263s] Level 1:colcon.colcon_core.package_identification:_identify(src/serial_motor_demo/serial_motor_demo) by extensions ['ignore', 'ignore_ament_install']
[0.263s] Level 1:colcon.colcon_core.package_identification:_identify(src/serial_motor_demo/serial_motor_demo) by extension 'ignore'
[0.263s] Level 1:colcon.colcon_core.package_identification:_identify(src/serial_motor_demo/serial_motor_demo) by extension 'ignore_ament_install'
[0.263s] Level 1:colcon.colcon_core.package_identification:_identify(src/serial_motor_demo/serial_motor_demo) by extensions ['colcon_pkg']
[0.263s] Level 1:colcon.colcon_core.package_identification:_identify(src/serial_motor_demo/serial_motor_demo) by extension 'colcon_pkg'
[0.263s] Level 1:colcon.colcon_core.package_identification:_identify(src/serial_motor_demo/serial_motor_demo) by extensions ['colcon_meta']
[0.264s] Level 1:colcon.colcon_core.package_identification:_identify(src/serial_motor_demo/serial_motor_demo) by extension 'colcon_meta'
[0.264s] Level 1:colcon.colcon_core.package_identification:_identify(src/serial_motor_demo/serial_motor_demo) by extensions ['ros']
[0.264s] Level 1:colcon.colcon_core.package_identification:_identify(src/serial_motor_demo/serial_motor_demo) by extension 'ros'
[0.264s] DEBUG:colcon.colcon_core.package_identification:Package 'src/serial_motor_demo/serial_motor_demo' with type 'ros.ament_python' and name 'serial_motor_demo'
[0.264s] Level 1:colcon.colcon_core.package_identification:_identify(src/serial_motor_demo/serial_motor_demo_msgs) by extensions ['ignore', 'ignore_ament_install']
[0.264s] Level 1:colcon.colcon_core.package_identification:_identify(src/serial_motor_demo/serial_motor_demo_msgs) by extension 'ignore'
[0.264s] Level 1:colcon.colcon_core.package_identification:_identify(src/serial_motor_demo/serial_motor_demo_msgs) by extension 'ignore_ament_install'
[0.265s] Level 1:colcon.colcon_core.package_identification:_identify(src/serial_motor_demo/serial_motor_demo_msgs) by extensions ['colcon_pkg']
[0.265s] Level 1:colcon.colcon_core.package_identification:_identify(src/serial_motor_demo/serial_motor_demo_msgs) by extension 'colcon_pkg'
[0.265s] Level 1:colcon.colcon_core.package_identification:_identify(src/serial_motor_demo/serial_motor_demo_msgs) by extensions ['colcon_meta']
[0.265s] Level 1:colcon.colcon_core.package_identification:_identify(src/serial_motor_demo/serial_motor_demo_msgs) by extension 'colcon_meta'
[0.265s] Level 1:colcon.colcon_core.package_identification:_identify(src/serial_motor_demo/serial_motor_demo_msgs) by extensions ['ros']
[0.265s] Level 1:colcon.colcon_core.package_identification:_identify(src/serial_motor_demo/serial_motor_demo_msgs) by extension 'ros'
[0.265s] DEBUG:colcon.colcon_core.package_identification:Package 'src/serial_motor_demo/serial_motor_demo_msgs' with type 'ros.ament_cmake' and name 'serial_motor_demo_msgs'
[0.265s] Level 1:colcon.colcon_core.package_discovery:discover_packages(recursive) using defaults
[0.265s] Level 1:colcon.colcon_core.package_discovery:discover_packages(ignore) discover
[0.265s] Level 1:colcon.colcon_core.package_discovery:discover_packages(ignore) using defaults
[0.265s] Level 1:colcon.colcon_core.package_discovery:discover_packages(path) discover
[0.265s] Level 1:colcon.colcon_core.package_discovery:discover_packages(path) using defaults
[0.283s] Level 1:colcon.colcon_core.package_discovery:discover_packages(prefix_path) check parameters
[0.283s] Level 1:colcon.colcon_core.package_discovery:discover_packages(prefix_path) discover
[0.285s] DEBUG:colcon.colcon_installed_package_information.package_discovery:Found 6 installed packages in /home/rmi/ros2ws/install
[0.285s] DEBUG:colcon.colcon_installed_package_information.package_discovery:Found 2 installed packages in /home/rmi/install
[0.287s] DEBUG:colcon.colcon_installed_package_information.package_discovery:Found 386 installed packages in /opt/ros/humble
[0.297s] Level 1:colcon.colcon_core.package_discovery:discover_packages(prefix_path) using defaults
[0.338s] Level 5:colcon.colcon_core.verb:set package 'differential_drive_robot' build argument 'cmake_args' from command line to 'None'
[0.338s] Level 5:colcon.colcon_core.verb:set package 'differential_drive_robot' build argument 'cmake_target' from command line to 'None'
[0.338s] Level 5:colcon.colcon_core.verb:set package 'differential_drive_robot' build argument 'cmake_target_skip_unavailable' from command line to 'False'
[0.338s] Level 5:colcon.colcon_core.verb:set package 'differential_drive_robot' build argument 'cmake_clean_cache' from command line to 'False'
[0.338s] Level 5:colcon.colcon_core.verb:set package 'differential_drive_robot' build argument 'cmake_clean_first' from command line to 'False'
[0.338s] Level 5:colcon.colcon_core.verb:set package 'differential_drive_robot' build argument 'cmake_force_configure' from command line to 'False'
[0.338s] Level 5:colcon.colcon_core.verb:set package 'differential_drive_robot' build argument 'ament_cmake_args' from command line to 'None'
[0.338s] Level 5:colcon.colcon_core.verb:set package 'differential_drive_robot' build argument 'catkin_cmake_args' from command line to 'None'
[0.338s] Level 5:colcon.colcon_core.verb:set package 'differential_drive_robot' build argument 'catkin_skip_building_tests' from command line to 'False'
[0.338s] DEBUG:colcon.colcon_core.verb:Building package 'differential_drive_robot' with the following arguments: {'ament_cmake_args': None, 'build_base': '/home/rmi/ros2ws/build/differential_drive_robot', 'catkin_cmake_args': None, 'catkin_skip_building_tests': False, 'cmake_args': None, 'cmake_clean_cache': False, 'cmake_clean_first': False, 'cmake_force_configure': False, 'cmake_target': None, 'cmake_target_skip_unavailable': False, 'install_base': '/home/rmi/ros2ws/install/differential_drive_robot', 'merge_install': False, 'path': '/home/rmi/ros2ws/src/differential_drive_robot', 'symlink_install': True, 'test_result_base': None}
[0.338s] Level 5:colcon.colcon_core.verb:set package 'learning_tf2_py' build argument 'cmake_args' from command line to 'None'
[0.338s] Level 5:colcon.colcon_core.verb:set package 'learning_tf2_py' build argument 'cmake_target' from command line to 'None'
[0.338s] Level 5:colcon.colcon_core.verb:set package 'learning_tf2_py' build argument 'cmake_target_skip_unavailable' from command line to 'False'
[0.338s] Level 5:colcon.colcon_core.verb:set package 'learning_tf2_py' build argument 'cmake_clean_cache' from command line to 'False'
[0.338s] Level 5:colcon.colcon_core.verb:set package 'learning_tf2_py' build argument 'cmake_clean_first' from command line to 'False'
[0.338s] Level 5:colcon.colcon_core.verb:set package 'learning_tf2_py' build argument 'cmake_force_configure' from command line to 'False'
[0.338s] Level 5:colcon.colcon_core.verb:set package 'learning_tf2_py' build argument 'ament_cmake_args' from command line to 'None'
[0.338s] Level 5:colcon.colcon_core.verb:set package 'learning_tf2_py' build argument 'catkin_cmake_args' from command line to 'None'
[0.338s] Level 5:colcon.colcon_core.verb:set package 'learning_tf2_py' build argument 'catkin_skip_building_tests' from command line to 'False'
[0.338s] DEBUG:colcon.colcon_core.verb:Building package 'learning_tf2_py' with the following arguments: {'ament_cmake_args': None, 'build_base': '/home/rmi/ros2ws/build/learning_tf2_py', 'catkin_cmake_args': None, 'catkin_skip_building_tests': False, 'cmake_args': None, 'cmake_clean_cache': False, 'cmake_clean_first': False, 'cmake_force_configure': False, 'cmake_target': None, 'cmake_target_skip_unavailable': False, 'install_base': '/home/rmi/ros2ws/install/learning_tf2_py', 'merge_install': False, 'path': '/home/rmi/ros2ws/src/learning_tf2_py', 'symlink_install': True, 'test_result_base': None}
[0.339s] Level 5:colcon.colcon_core.verb:set package 'my_robot_description' build argument 'cmake_args' from command line to 'None'
[0.339s] Level 5:colcon.colcon_core.verb:set package 'my_robot_description' build argument 'cmake_target' from command line to 'None'
[0.339s] Level 5:colcon.colcon_core.verb:set package 'my_robot_description' build argument 'cmake_target_skip_unavailable' from command line to 'False'
[0.339s] Level 5:colcon.colcon_core.verb:set package 'my_robot_description' build argument 'cmake_clean_cache' from command line to 'False'
[0.339s] Level 5:colcon.colcon_core.verb:set package 'my_robot_description' build argument 'cmake_clean_first' from command line to 'False'
[0.339s] Level 5:colcon.colcon_core.verb:set package 'my_robot_description' build argument 'cmake_force_configure' from command line to 'False'
[0.339s] Level 5:colcon.colcon_core.verb:set package 'my_robot_description' build argument 'ament_cmake_args' from command line to 'None'
[0.339s] Level 5:colcon.colcon_core.verb:set package 'my_robot_description' build argument 'catkin_cmake_args' from command line to 'None'
[0.339s] Level 5:colcon.colcon_core.verb:set package 'my_robot_description' build argument 'catkin_skip_building_tests' from command line to 'False'
[0.339s] DEBUG:colcon.colcon_core.verb:Building package 'my_robot_description' with the following arguments: {'ament_cmake_args': None, 'build_base': '/home/rmi/ros2ws/build/my_robot_description', 'catkin_cmake_args': None, 'catkin_skip_building_tests': False, 'cmake_args': None, 'cmake_clean_cache': False, 'cmake_clean_first': False, 'cmake_force_configure': False, 'cmake_target': None, 'cmake_target_skip_unavailable': False, 'install_base': '/home/rmi/ros2ws/install/my_robot_description', 'merge_install': False, 'path': '/home/rmi/ros2ws/src/my_robot_description', 'symlink_install': True, 'test_result_base': None}
[0.339s] Level 5:colcon.colcon_core.verb:set package 'serial_motor_demo_msgs' build argument 'cmake_args' from command line to 'None'
[0.339s] Level 5:colcon.colcon_core.verb:set package 'serial_motor_demo_msgs' build argument 'cmake_target' from command line to 'None'
[0.339s] Level 5:colcon.colcon_core.verb:set package 'serial_motor_demo_msgs' build argument 'cmake_target_skip_unavailable' from command line to 'False'
[0.340s] Level 5:colcon.colcon_core.verb:set package 'serial_motor_demo_msgs' build argument 'cmake_clean_cache' from command line to 'False'
[0.340s] Level 5:colcon.colcon_core.verb:set package 'serial_motor_demo_msgs' build argument 'cmake_clean_first' from command line to 'False'
[0.340s] Level 5:colcon.colcon_core.verb:set package 'serial_motor_demo_msgs' build argument 'cmake_force_configure' from command line to 'False'
[0.340s] Level 5:colcon.colcon_core.verb:set package 'serial_motor_demo_msgs' build argument 'ament_cmake_args' from command line to 'None'
[0.340s] Level 5:colcon.colcon_core.verb:set package 'serial_motor_demo_msgs' build argument 'catkin_cmake_args' from command line to 'None'
[0.340s] Level 5:colcon.colcon_core.verb:set package 'serial_motor_demo_msgs' build argument 'catkin_skip_building_tests' from command line to 'False'
[0.340s] DEBUG:colcon.colcon_core.verb:Building package 'serial_motor_demo_msgs' with the following arguments: {'ament_cmake_args': None, 'build_base': '/home/rmi/ros2ws/build/serial_motor_demo_msgs', 'catkin_cmake_args': None, 'catkin_skip_building_tests': False, 'cmake_args': None, 'cmake_clean_cache': False, 'cmake_clean_first': False, 'cmake_force_configure': False, 'cmake_target': None, 'cmake_target_skip_unavailable': False, 'install_base': '/home/rmi/ros2ws/install/serial_motor_demo_msgs', 'merge_install': False, 'path': '/home/rmi/ros2ws/src/serial_motor_demo/serial_motor_demo_msgs', 'symlink_install': True, 'test_result_base': None}
[0.340s] Level 5:colcon.colcon_core.verb:set package 'my_robot_bringup' build argument 'cmake_args' from command line to 'None'
[0.340s] Level 5:colcon.colcon_core.verb:set package 'my_robot_bringup' build argument 'cmake_target' from command line to 'None'
[0.340s] Level 5:colcon.colcon_core.verb:set package 'my_robot_bringup' build argument 'cmake_target_skip_unavailable' from command line to 'False'
[0.340s] Level 5:colcon.colcon_core.verb:set package 'my_robot_bringup' build argument 'cmake_clean_cache' from command line to 'False'
[0.340s] Level 5:colcon.colcon_core.verb:set package 'my_robot_bringup' build argument 'cmake_clean_first' from command line to 'False'
[0.340s] Level 5:colcon.colcon_core.verb:set package 'my_robot_bringup' build argument 'cmake_force_configure' from command line to 'False'
[0.340s] Level 5:colcon.colcon_core.verb:set package 'my_robot_bringup' build argument 'ament_cmake_args' from command line to 'None'
[0.340s] Level 5:colcon.colcon_core.verb:set package 'my_robot_bringup' build argument 'catkin_cmake_args' from command line to 'None'
[0.340s] Level 5:colcon.colcon_core.verb:set package 'my_robot_bringup' build argument 'catkin_skip_building_tests' from command line to 'False'
[0.340s] DEBUG:colcon.colcon_core.verb:Building package 'my_robot_bringup' with the following arguments: {'ament_cmake_args': None, 'build_base': '/home/rmi/ros2ws/build/my_robot_bringup', 'catkin_cmake_args': None, 'catkin_skip_building_tests': False, 'cmake_args': None, 'cmake_clean_cache': False, 'cmake_clean_first': False, 'cmake_force_configure': False, 'cmake_target': None, 'cmake_target_skip_unavailable': False, 'install_base': '/home/rmi/ros2ws/install/my_robot_bringup', 'merge_install': False, 'path': '/home/rmi/ros2ws/src/my_robot_bringup', 'symlink_install': True, 'test_result_base': None}
[0.341s] Level 5:colcon.colcon_core.verb:set package 'serial_motor_demo' build argument 'cmake_args' from command line to 'None'
[0.341s] Level 5:colcon.colcon_core.verb:set package 'serial_motor_demo' build argument 'cmake_target' from command line to 'None'
[0.341s] Level 5:colcon.colcon_core.verb:set package 'serial_motor_demo' build argument 'cmake_target_skip_unavailable' from command line to 'False'
[0.341s] Level 5:colcon.colcon_core.verb:set package 'serial_motor_demo' build argument 'cmake_clean_cache' from command line to 'False'
[0.341s] Level 5:colcon.colcon_core.verb:set package 'serial_motor_demo' build argument 'cmake_clean_first' from command line to 'False'
[0.341s] Level 5:colcon.colcon_core.verb:set package 'serial_motor_demo' build argument 'cmake_force_configure' from command line to 'False'
[0.341s] Level 5:colcon.colcon_core.verb:set package 'serial_motor_demo' build argument 'ament_cmake_args' from command line to 'None'
[0.341s] Level 5:colcon.colcon_core.verb:set package 'serial_motor_demo' build argument 'catkin_cmake_args' from command line to 'None'
[0.341s] Level 5:colcon.colcon_core.verb:set package 'serial_motor_demo' build argument 'catkin_skip_building_tests' from command line to 'False'
[0.341s] DEBUG:colcon.colcon_core.verb:Building package 'serial_motor_demo' with the following arguments: {'ament_cmake_args': None, 'build_base': '/home/rmi/ros2ws/build/serial_motor_demo', 'catkin_cmake_args': None, 'catkin_skip_building_tests': False, 'cmake_args': None, 'cmake_clean_cache': False, 'cmake_clean_first': False, 'cmake_force_configure': False, 'cmake_target': None, 'cmake_target_skip_unavailable': False, 'install_base': '/home/rmi/ros2ws/install/serial_motor_demo', 'merge_install': False, 'path': '/home/rmi/ros2ws/src/serial_motor_demo/serial_motor_demo', 'symlink_install': True, 'test_result_base': None}
[0.341s] INFO:colcon.colcon_core.executor:Executing jobs using 'parallel' executor
[0.342s] DEBUG:colcon.colcon_parallel_executor.executor.parallel:run_until_complete
[0.342s] INFO:colcon.colcon_ros.task.ament_cmake.build:Building ROS package in '/home/rmi/ros2ws/src/my_robot_description' with build type 'ament_cmake'
[0.342s] INFO:colcon.colcon_cmake.task.cmake.build:Building CMake package in '/home/rmi/ros2ws/src/my_robot_description'
[0.345s] INFO:colcon.colcon_core.plugin_system:Skipping extension 'colcon_core.shell.bat': Not used on non-Windows systems
[0.345s] INFO:colcon.colcon_core.shell:Skip shell extension 'powershell' for command environment: Not usable outside of PowerShell
[0.345s] DEBUG:colcon.colcon_core.shell:Skip shell extension 'dsv' for command environment
[0.349s] INFO:colcon.colcon_ros.task.ament_cmake.build:Building ROS package in '/home/rmi/ros2ws/src/serial_motor_demo/serial_motor_demo_msgs' with build type 'ament_cmake'
[0.350s] INFO:colcon.colcon_cmake.task.cmake.build:Building CMake package in '/home/rmi/ros2ws/src/serial_motor_demo/serial_motor_demo_msgs'
[0.350s] INFO:colcon.colcon_core.shell:Skip shell extension 'powershell' for command environment: Not usable outside of PowerShell
[0.350s] DEBUG:colcon.colcon_core.shell:Skip shell extension 'dsv' for command environment
[0.354s] INFO:colcon.colcon_ros.task.ament_cmake.build:Building ROS package in '/home/rmi/ros2ws/src/differential_drive_robot' with build type 'ament_cmake'
[0.354s] INFO:colcon.colcon_cmake.task.cmake.build:Building CMake package in '/home/rmi/ros2ws/src/differential_drive_robot'
[0.354s] INFO:colcon.colcon_core.shell:Skip shell extension 'powershell' for command environment: Not usable outside of PowerShell
[0.354s] DEBUG:colcon.colcon_core.shell:Skip shell extension 'dsv' for command environment
[0.359s] INFO:colcon.colcon_ros.task.ament_python.build:Building ROS package in '/home/rmi/ros2ws/src/learning_tf2_py' with build type 'ament_python'
[0.360s] Level 1:colcon.colcon_core.shell:create_environment_hook('learning_tf2_py', 'ament_prefix_path')
[0.360s] INFO:colcon.colcon_core.shell:Creating environment hook '/home/rmi/ros2ws/install/learning_tf2_py/share/learning_tf2_py/hook/ament_prefix_path.ps1'
[0.361s] INFO:colcon.colcon_core.shell:Creating environment descriptor '/home/rmi/ros2ws/install/learning_tf2_py/share/learning_tf2_py/hook/ament_prefix_path.dsv'
[0.362s] INFO:colcon.colcon_core.shell:Creating environment hook '/home/rmi/ros2ws/install/learning_tf2_py/share/learning_tf2_py/hook/ament_prefix_path.sh'
[0.363s] INFO:colcon.colcon_core.shell:Skip shell extension 'powershell' for command environment: Not usable outside of PowerShell
[0.363s] DEBUG:colcon.colcon_core.shell:Skip shell extension 'dsv' for command environment
[0.374s] DEBUG:colcon.colcon_core.event_handler.log_command:Invoking command in '/home/rmi/ros2ws/build/my_robot_description': CMAKE_PREFIX_PATH=${CMAKE_PREFIX_PATH}:/home/rmi/ros2ws/install/serial_motor_demo:/home/rmi/ros2ws/install/learning_tf2_py:/home/rmi/install/serial_motor_demo:/opt/ros/humble /usr/bin/cmake --build /home/rmi/ros2ws/build/my_robot_description -- -j8 -l8
[0.431s] DEBUG:colcon.colcon_core.event_handler.log_command:Invoking command in '/home/rmi/ros2ws/build/serial_motor_demo_msgs': CMAKE_PREFIX_PATH=${CMAKE_PREFIX_PATH}:/home/rmi/ros2ws/install/serial_motor_demo:/home/rmi/ros2ws/install/learning_tf2_py:/home/rmi/install/serial_motor_demo:/opt/ros/humble /usr/bin/cmake --build /home/rmi/ros2ws/build/serial_motor_demo_msgs -- -j8 -l8
[0.435s] DEBUG:colcon.colcon_core.event_handler.log_command:Invoking command in '/home/rmi/ros2ws/build/differential_drive_robot': CMAKE_PREFIX_PATH=${CMAKE_PREFIX_PATH}:/home/rmi/ros2ws/install/serial_motor_demo:/home/rmi/ros2ws/install/learning_tf2_py:/home/rmi/install/serial_motor_demo:/opt/ros/humble /usr/bin/cmake --build /home/rmi/ros2ws/build/differential_drive_robot -- -j8 -l8
[0.705s] INFO:colcon.colcon_core.task.python.build:Building Python package in '/home/rmi/ros2ws/src/learning_tf2_py'
[0.706s] INFO:colcon.colcon_core.shell:Skip shell extension 'powershell' for command environment: Not usable outside of PowerShell
[0.706s] DEBUG:colcon.colcon_core.shell:Skip shell extension 'dsv' for command environment
[0.712s] DEBUG:colcon.colcon_core.event_handler.log_command:Invoked command in '/home/rmi/ros2ws/build/my_robot_description' returned '0': CMAKE_PREFIX_PATH=${CMAKE_PREFIX_PATH}:/home/rmi/ros2ws/install/serial_motor_demo:/home/rmi/ros2ws/install/learning_tf2_py:/home/rmi/install/serial_motor_demo:/opt/ros/humble /usr/bin/cmake --build /home/rmi/ros2ws/build/my_robot_description -- -j8 -l8
[0.723s] DEBUG:colcon.colcon_core.event_handler.log_command:Invoking command in '/home/rmi/ros2ws/build/my_robot_description': CMAKE_PREFIX_PATH=${CMAKE_PREFIX_PATH}:/home/rmi/ros2ws/install/serial_motor_demo:/home/rmi/ros2ws/install/learning_tf2_py:/home/rmi/install/serial_motor_demo:/opt/ros/humble /usr/bin/cmake --install /home/rmi/ros2ws/build/my_robot_description
[0.728s] DEBUG:colcon.colcon_core.event_handler.log_command:Invoked command in '/home/rmi/ros2ws/build/differential_drive_robot' returned '0': CMAKE_PREFIX_PATH=${CMAKE_PREFIX_PATH}:/home/rmi/ros2ws/install/serial_motor_demo:/home/rmi/ros2ws/install/learning_tf2_py:/home/rmi/install/serial_motor_demo:/opt/ros/humble /usr/bin/cmake --build /home/rmi/ros2ws/build/differential_drive_robot -- -j8 -l8
[0.730s] DEBUG:colcon.colcon_core.event_handler.log_command:Invoking command in '/home/rmi/ros2ws/build/differential_drive_robot': CMAKE_PREFIX_PATH=${CMAKE_PREFIX_PATH}:/home/rmi/ros2ws/install/serial_motor_demo:/home/rmi/ros2ws/install/learning_tf2_py:/home/rmi/install/serial_motor_demo:/opt/ros/humble /usr/bin/cmake --install /home/rmi/ros2ws/build/differential_drive_robot
[0.751s] Level 1:colcon.colcon_core.environment:create_environment_scripts_only(my_robot_description)
[0.751s] DEBUG:colcon.colcon_core.event_handler.log_command:Invoked command in '/home/rmi/ros2ws/build/my_robot_description' returned '0': CMAKE_PREFIX_PATH=${CMAKE_PREFIX_PATH}:/home/rmi/ros2ws/install/serial_motor_demo:/home/rmi/ros2ws/install/learning_tf2_py:/home/rmi/install/serial_motor_demo:/opt/ros/humble /usr/bin/cmake --install /home/rmi/ros2ws/build/my_robot_description
[0.753s] Level 1:colcon.colcon_core.environment:checking '/home/rmi/ros2ws/install/my_robot_description' for CMake module files
[0.754s] Level 1:colcon.colcon_core.environment:checking '/home/rmi/ros2ws/install/my_robot_description' for CMake config files
[0.754s] Level 1:colcon.colcon_core.shell:create_environment_hook('my_robot_description', 'cmake_prefix_path')
[0.754s] INFO:colcon.colcon_core.shell:Creating environment hook '/home/rmi/ros2ws/install/my_robot_description/share/my_robot_description/hook/cmake_prefix_path.ps1'
[0.755s] INFO:colcon.colcon_core.shell:Creating environment descriptor '/home/rmi/ros2ws/install/my_robot_description/share/my_robot_description/hook/cmake_prefix_path.dsv'
[0.755s] INFO:colcon.colcon_core.shell:Creating environment hook '/home/rmi/ros2ws/install/my_robot_description/share/my_robot_description/hook/cmake_prefix_path.sh'
[0.756s] Level 1:colcon.colcon_core.environment:checking '/home/rmi/ros2ws/install/my_robot_description/bin'
[0.756s] Level 1:colcon.colcon_core.environment:checking '/home/rmi/ros2ws/install/my_robot_description/lib/pkgconfig/my_robot_description.pc'
[0.757s] Level 1:colcon.colcon_core.environment:checking '/home/rmi/ros2ws/install/my_robot_description/lib/python3.10/site-packages'
[0.757s] Level 1:colcon.colcon_core.environment:checking '/home/rmi/ros2ws/install/my_robot_description/bin'
[0.757s] INFO:colcon.colcon_core.shell:Creating package script '/home/rmi/ros2ws/install/my_robot_description/share/my_robot_description/package.ps1'
[0.759s] INFO:colcon.colcon_core.shell:Creating package descriptor '/home/rmi/ros2ws/install/my_robot_description/share/my_robot_description/package.dsv'
[0.760s] INFO:colcon.colcon_core.shell:Creating package script '/home/rmi/ros2ws/install/my_robot_description/share/my_robot_description/package.sh'
[0.760s] INFO:colcon.colcon_core.shell:Creating package script '/home/rmi/ros2ws/install/my_robot_description/share/my_robot_description/package.bash'
[0.761s] INFO:colcon.colcon_core.shell:Creating package script '/home/rmi/ros2ws/install/my_robot_description/share/my_robot_description/package.zsh'
[0.762s] Level 1:colcon.colcon_core.environment:create_file_with_runtime_dependencies(/home/rmi/ros2ws/install/my_robot_description/share/colcon-core/packages/my_robot_description)
[0.762s] Level 1:colcon.colcon_core.environment:create_environment_scripts_only(my_robot_description)
[0.762s] Level 1:colcon.colcon_core.environment:checking '/home/rmi/ros2ws/install/my_robot_description' for CMake module files
[0.763s] Level 1:colcon.colcon_core.environment:checking '/home/rmi/ros2ws/install/my_robot_description' for CMake config files
[0.763s] Level 1:colcon.colcon_core.shell:create_environment_hook('my_robot_description', 'cmake_prefix_path')
[0.763s] INFO:colcon.colcon_core.shell:Creating environment hook '/home/rmi/ros2ws/install/my_robot_description/share/my_robot_description/hook/cmake_prefix_path.ps1'
[0.764s] INFO:colcon.colcon_core.shell:Creating environment descriptor '/home/rmi/ros2ws/install/my_robot_description/share/my_robot_description/hook/cmake_prefix_path.dsv'
[0.765s] INFO:colcon.colcon_core.shell:Creating environment hook '/home/rmi/ros2ws/install/my_robot_description/share/my_robot_description/hook/cmake_prefix_path.sh'
[0.766s] Level 1:colcon.colcon_core.environment:checking '/home/rmi/ros2ws/install/my_robot_description/bin'
[0.766s] Level 1:colcon.colcon_core.environment:checking '/home/rmi/ros2ws/install/my_robot_description/lib/pkgconfig/my_robot_description.pc'
[0.766s] Level 1:colcon.colcon_core.environment:checking '/home/rmi/ros2ws/install/my_robot_description/lib/python3.10/site-packages'
[0.766s] Level 1:colcon.colcon_core.environment:checking '/home/rmi/ros2ws/install/my_robot_description/bin'
[0.767s] INFO:colcon.colcon_core.shell:Creating package script '/home/rmi/ros2ws/install/my_robot_description/share/my_robot_description/package.ps1'
[0.767s] INFO:colcon.colcon_core.shell:Creating package descriptor '/home/rmi/ros2ws/install/my_robot_description/share/my_robot_description/package.dsv'
[0.768s] INFO:colcon.colcon_core.shell:Creating package script '/home/rmi/ros2ws/install/my_robot_description/share/my_robot_description/package.sh'
[0.769s] INFO:colcon.colcon_core.shell:Creating package script '/home/rmi/ros2ws/install/my_robot_description/share/my_robot_description/package.bash'
[0.770s] INFO:colcon.colcon_core.shell:Creating package script '/home/rmi/ros2ws/install/my_robot_description/share/my_robot_description/package.zsh'
[0.770s] Level 1:colcon.colcon_core.environment:create_file_with_runtime_dependencies(/home/rmi/ros2ws/install/my_robot_description/share/colcon-core/packages/my_robot_description)
[0.771s] INFO:colcon.colcon_ros.task.ament_cmake.build:Building ROS package in '/home/rmi/ros2ws/src/my_robot_bringup' with build type 'ament_cmake'
[0.771s] INFO:colcon.colcon_cmake.task.cmake.build:Building CMake package in '/home/rmi/ros2ws/src/my_robot_bringup'
[0.772s] INFO:colcon.colcon_core.shell:Skip shell extension 'powershell' for command environment: Not usable outside of PowerShell
[0.772s] DEBUG:colcon.colcon_core.shell:Skip shell extension 'dsv' for command environment
[0.778s] Level 1:colcon.colcon_core.environment:create_environment_scripts_only(differential_drive_robot)
[0.779s] Level 1:colcon.colcon_core.environment:checking '/home/rmi/ros2ws/install/differential_drive_robot' for CMake module files
[0.780s] DEBUG:colcon.colcon_core.event_handler.log_command:Invoked command in '/home/rmi/ros2ws/build/differential_drive_robot' returned '0': CMAKE_PREFIX_PATH=${CMAKE_PREFIX_PATH}:/home/rmi/ros2ws/install/serial_motor_demo:/home/rmi/ros2ws/install/learning_tf2_py:/home/rmi/install/serial_motor_demo:/opt/ros/humble /usr/bin/cmake --install /home/rmi/ros2ws/build/differential_drive_robot
[0.780s] Level 1:colcon.colcon_core.environment:checking '/home/rmi/ros2ws/install/differential_drive_robot' for CMake config files
[0.781s] Level 1:colcon.colcon_core.shell:create_environment_hook('differential_drive_robot', 'cmake_prefix_path')
[0.781s] INFO:colcon.colcon_core.shell:Creating environment hook '/home/rmi/ros2ws/install/differential_drive_robot/share/differential_drive_robot/hook/cmake_prefix_path.ps1'
[0.781s] INFO:colcon.colcon_core.shell:Creating environment descriptor '/home/rmi/ros2ws/install/differential_drive_robot/share/differential_drive_robot/hook/cmake_prefix_path.dsv'
[0.782s] INFO:colcon.colcon_core.shell:Creating environment hook '/home/rmi/ros2ws/install/differential_drive_robot/share/differential_drive_robot/hook/cmake_prefix_path.sh'
[0.783s] Level 1:colcon.colcon_core.environment:checking '/home/rmi/ros2ws/install/differential_drive_robot/bin'
[0.783s] Level 1:colcon.colcon_core.environment:checking '/home/rmi/ros2ws/install/differential_drive_robot/lib/pkgconfig/differential_drive_robot.pc'
[0.783s] Level 1:colcon.colcon_core.environment:checking '/home/rmi/ros2ws/install/differential_drive_robot/lib/python3.10/site-packages'
[0.783s] Level 1:colcon.colcon_core.environment:checking '/home/rmi/ros2ws/install/differential_drive_robot/bin'
[0.784s] INFO:colcon.colcon_core.shell:Creating package script '/home/rmi/ros2ws/install/differential_drive_robot/share/differential_drive_robot/package.ps1'
[0.784s] INFO:colcon.colcon_core.shell:Creating package descriptor '/home/rmi/ros2ws/install/differential_drive_robot/share/differential_drive_robot/package.dsv'
[0.785s] INFO:colcon.colcon_core.shell:Creating package script '/home/rmi/ros2ws/install/differential_drive_robot/share/differential_drive_robot/package.sh'
[0.785s] INFO:colcon.colcon_core.shell:Creating package script '/home/rmi/ros2ws/install/differential_drive_robot/share/differential_drive_robot/package.bash'
[0.786s] INFO:colcon.colcon_core.shell:Creating package script '/home/rmi/ros2ws/install/differential_drive_robot/share/differential_drive_robot/package.zsh'
[0.787s] Level 1:colcon.colcon_core.environment:create_file_with_runtime_dependencies(/home/rmi/ros2ws/install/differential_drive_robot/share/colcon-core/packages/differential_drive_robot)
[0.787s] Level 1:colcon.colcon_core.environment:create_environment_scripts_only(differential_drive_robot)
[0.788s] Level 1:colcon.colcon_core.environment:checking '/home/rmi/ros2ws/install/differential_drive_robot' for CMake module files
[0.788s] Level 1:colcon.colcon_core.environment:checking '/home/rmi/ros2ws/install/differential_drive_robot' for CMake config files
[0.788s] Level 1:colcon.colcon_core.shell:create_environment_hook('differential_drive_robot', 'cmake_prefix_path')
[0.789s] INFO:colcon.colcon_core.shell:Creating environment hook '/home/rmi/ros2ws/install/differential_drive_robot/share/differential_drive_robot/hook/cmake_prefix_path.ps1'
[0.790s] INFO:colcon.colcon_core.shell:Creating environment descriptor '/home/rmi/ros2ws/install/differential_drive_robot/share/differential_drive_robot/hook/cmake_prefix_path.dsv'
[0.790s] INFO:colcon.colcon_core.shell:Creating environment hook '/home/rmi/ros2ws/install/differential_drive_robot/share/differential_drive_robot/hook/cmake_prefix_path.sh'
[0.791s] Level 1:colcon.colcon_core.environment:checking '/home/rmi/ros2ws/install/differential_drive_robot/bin'
[0.791s] Level 1:colcon.colcon_core.environment:checking '/home/rmi/ros2ws/install/differential_drive_robot/lib/pkgconfig/differential_drive_robot.pc'
[0.791s] Level 1:colcon.colcon_core.environment:checking '/home/rmi/ros2ws/install/differential_drive_robot/lib/python3.10/site-packages'
[0.791s] Level 1:colcon.colcon_core.environment:checking '/home/rmi/ros2ws/install/differential_drive_robot/bin'
[0.792s] INFO:colcon.colcon_core.shell:Creating package script '/home/rmi/ros2ws/install/differential_drive_robot/share/differential_drive_robot/package.ps1'
[0.792s] INFO:colcon.colcon_core.shell:Creating package descriptor '/home/rmi/ros2ws/install/differential_drive_robot/share/differential_drive_robot/package.dsv'
[0.793s] INFO:colcon.colcon_core.shell:Creating package script '/home/rmi/ros2ws/install/differential_drive_robot/share/differential_drive_robot/package.sh'
[0.794s] INFO:colcon.colcon_core.shell:Creating package script '/home/rmi/ros2ws/install/differential_drive_robot/share/differential_drive_robot/package.bash'
[0.794s] INFO:colcon.colcon_core.shell:Creating package script '/home/rmi/ros2ws/install/differential_drive_robot/share/differential_drive_robot/package.zsh'
[0.795s] Level 1:colcon.colcon_core.environment:create_file_with_runtime_dependencies(/home/rmi/ros2ws/install/differential_drive_robot/share/colcon-core/packages/differential_drive_robot)
[0.800s] DEBUG:colcon.colcon_core.event_handler.log_command:Invoking command in '/home/rmi/ros2ws/build/my_robot_bringup': CMAKE_PREFIX_PATH=/home/rmi/ros2ws/install/my_robot_description:/home/rmi/ros2ws/install/serial_motor_demo_msgs:/home/rmi/ros2ws/install/my_robot_bringup:/home/rmi/ros2ws/install/differential_drive_robot:/home/rmi/install/serial_motor_demo_msgs:/home/rmi/ros2ws/install/serial_motor_demo:/home/rmi/ros2ws/install/learning_tf2_py:/home/rmi/install/serial_motor_demo:/opt/ros/humble /usr/bin/cmake --build /home/rmi/ros2ws/build/my_robot_bringup -- -j8 -l8
[0.820s] DEBUG:colcon.colcon_core.event_handler.log_command:Invoked command in '/home/rmi/ros2ws/build/serial_motor_demo_msgs' returned '0': CMAKE_PREFIX_PATH=${CMAKE_PREFIX_PATH}:/home/rmi/ros2ws/install/serial_motor_demo:/home/rmi/ros2ws/install/learning_tf2_py:/home/rmi/install/serial_motor_demo:/opt/ros/humble /usr/bin/cmake --build /home/rmi/ros2ws/build/serial_motor_demo_msgs -- -j8 -l8
[0.822s] DEBUG:colcon.colcon_core.event_handler.log_command:Invoking command in '/home/rmi/ros2ws/build/serial_motor_demo_msgs': CMAKE_PREFIX_PATH=${CMAKE_PREFIX_PATH}:/home/rmi/ros2ws/install/serial_motor_demo:/home/rmi/ros2ws/install/learning_tf2_py:/home/rmi/install/serial_motor_demo:/opt/ros/humble /usr/bin/cmake --install /home/rmi/ros2ws/build/serial_motor_demo_msgs
[0.853s] DEBUG:colcon.colcon_core.event_handler.log_command:Invoked command in '/home/rmi/ros2ws/build/my_robot_bringup' returned '0': CMAKE_PREFIX_PATH=/home/rmi/ros2ws/install/my_robot_description:/home/rmi/ros2ws/install/serial_motor_demo_msgs:/home/rmi/ros2ws/install/my_robot_bringup:/home/rmi/ros2ws/install/differential_drive_robot:/home/rmi/install/serial_motor_demo_msgs:/home/rmi/ros2ws/install/serial_motor_demo:/home/rmi/ros2ws/install/learning_tf2_py:/home/rmi/install/serial_motor_demo:/opt/ros/humble /usr/bin/cmake --build /home/rmi/ros2ws/build/my_robot_bringup -- -j8 -l8
[0.853s] DEBUG:colcon.colcon_core.event_handler.log_command:Invoking command in '/home/rmi/ros2ws/build/my_robot_bringup': CMAKE_PREFIX_PATH=/home/rmi/ros2ws/install/my_robot_description:/home/rmi/ros2ws/install/serial_motor_demo_msgs:/home/rmi/ros2ws/install/my_robot_bringup:/home/rmi/ros2ws/install/differential_drive_robot:/home/rmi/install/serial_motor_demo_msgs:/home/rmi/ros2ws/install/serial_motor_demo:/home/rmi/ros2ws/install/learning_tf2_py:/home/rmi/install/serial_motor_demo:/opt/ros/humble /usr/bin/cmake --install /home/rmi/ros2ws/build/my_robot_bringup
[0.877s] Level 1:colcon.colcon_core.environment:create_environment_scripts_only(my_robot_bringup)
[0.878s] Level 1:colcon.colcon_core.environment:checking '/home/rmi/ros2ws/install/my_robot_bringup' for CMake module files
[0.878s] DEBUG:colcon.colcon_core.event_handler.log_command:Invoked command in '/home/rmi/ros2ws/build/my_robot_bringup' returned '0': CMAKE_PREFIX_PATH=/home/rmi/ros2ws/install/my_robot_description:/home/rmi/ros2ws/install/serial_motor_demo_msgs:/home/rmi/ros2ws/install/my_robot_bringup:/home/rmi/ros2ws/install/differential_drive_robot:/home/rmi/install/serial_motor_demo_msgs:/home/rmi/ros2ws/install/serial_motor_demo:/home/rmi/ros2ws/install/learning_tf2_py:/home/rmi/install/serial_motor_demo:/opt/ros/humble /usr/bin/cmake --install /home/rmi/ros2ws/build/my_robot_bringup
[0.879s] Level 1:colcon.colcon_core.environment:checking '/home/rmi/ros2ws/install/my_robot_bringup' for CMake config files
[0.879s] Level 1:colcon.colcon_core.shell:create_environment_hook('my_robot_bringup', 'cmake_prefix_path')
[0.879s] INFO:colcon.colcon_core.shell:Creating environment hook '/home/rmi/ros2ws/install/my_robot_bringup/share/my_robot_bringup/hook/cmake_prefix_path.ps1'
[0.880s] INFO:colcon.colcon_core.shell:Creating environment descriptor '/home/rmi/ros2ws/install/my_robot_bringup/share/my_robot_bringup/hook/cmake_prefix_path.dsv'
[0.880s] INFO:colcon.colcon_core.shell:Creating environment hook '/home/rmi/ros2ws/install/my_robot_bringup/share/my_robot_bringup/hook/cmake_prefix_path.sh'
[0.881s] Level 1:colcon.colcon_core.environment:checking '/home/rmi/ros2ws/install/my_robot_bringup/bin'
[0.881s] Level 1:colcon.colcon_core.environment:checking '/home/rmi/ros2ws/install/my_robot_bringup/lib/pkgconfig/my_robot_bringup.pc'
[0.881s] Level 1:colcon.colcon_core.environment:checking '/home/rmi/ros2ws/install/my_robot_bringup/lib/python3.10/site-packages'
[0.882s] Level 1:colcon.colcon_core.environment:checking '/home/rmi/ros2ws/install/my_robot_bringup/bin'
[0.882s] INFO:colcon.colcon_core.shell:Creating package script '/home/rmi/ros2ws/install/my_robot_bringup/share/my_robot_bringup/package.ps1'
[0.883s] INFO:colcon.colcon_core.shell:Creating package descriptor '/home/rmi/ros2ws/install/my_robot_bringup/share/my_robot_bringup/package.dsv'
[0.883s] INFO:colcon.colcon_core.shell:Creating package script '/home/rmi/ros2ws/install/my_robot_bringup/share/my_robot_bringup/package.sh'
[0.884s] INFO:colcon.colcon_core.shell:Creating package script '/home/rmi/ros2ws/install/my_robot_bringup/share/my_robot_bringup/package.bash'
[0.884s] INFO:colcon.colcon_core.shell:Creating package script '/home/rmi/ros2ws/install/my_robot_bringup/share/my_robot_bringup/package.zsh'
[0.885s] Level 1:colcon.colcon_core.environment:create_file_with_runtime_dependencies(/home/rmi/ros2ws/install/my_robot_bringup/share/colcon-core/packages/my_robot_bringup)
[0.885s] Level 1:colcon.colcon_core.environment:create_environment_scripts_only(my_robot_bringup)
[0.886s] Level 1:colcon.colcon_core.environment:checking '/home/rmi/ros2ws/install/my_robot_bringup' for CMake module files
[0.886s] Level 1:colcon.colcon_core.environment:checking '/home/rmi/ros2ws/install/my_robot_bringup' for CMake config files
[0.886s] Level 1:colcon.colcon_core.shell:create_environment_hook('my_robot_bringup', 'cmake_prefix_path')
[0.887s] INFO:colcon.colcon_core.shell:Creating environment hook '/home/rmi/ros2ws/install/my_robot_bringup/share/my_robot_bringup/hook/cmake_prefix_path.ps1'
[0.887s] INFO:colcon.colcon_core.shell:Creating environment descriptor '/home/rmi/ros2ws/install/my_robot_bringup/share/my_robot_bringup/hook/cmake_prefix_path.dsv'
[0.887s] INFO:colcon.colcon_core.shell:Creating environment hook '/home/rmi/ros2ws/install/my_robot_bringup/share/my_robot_bringup/hook/cmake_prefix_path.sh'
[0.888s] Level 1:colcon.colcon_core.environment:checking '/home/rmi/ros2ws/install/my_robot_bringup/bin'
[0.888s] Level 1:colcon.colcon_core.environment:checking '/home/rmi/ros2ws/install/my_robot_bringup/lib/pkgconfig/my_robot_bringup.pc'
[0.889s] Level 1:colcon.colcon_core.environment:checking '/home/rmi/ros2ws/install/my_robot_bringup/lib/python3.10/site-packages'
[0.889s] Level 1:colcon.colcon_core.environment:checking '/home/rmi/ros2ws/install/my_robot_bringup/bin'
[0.889s] INFO:colcon.colcon_core.shell:Creating package script '/home/rmi/ros2ws/install/my_robot_bringup/share/my_robot_bringup/package.ps1'
[0.890s] INFO:colcon.colcon_core.shell:Creating package descriptor '/home/rmi/ros2ws/install/my_robot_bringup/share/my_robot_bringup/package.dsv'
[0.890s] INFO:colcon.colcon_core.shell:Creating package script '/home/rmi/ros2ws/install/my_robot_bringup/share/my_robot_bringup/package.sh'
[0.891s] INFO:colcon.colcon_core.shell:Creating package script '/home/rmi/ros2ws/install/my_robot_bringup/share/my_robot_bringup/package.bash'
[0.891s] INFO:colcon.colcon_core.shell:Creating package script '/home/rmi/ros2ws/install/my_robot_bringup/share/my_robot_bringup/package.zsh'
[0.892s] Level 1:colcon.colcon_core.environment:create_file_with_runtime_dependencies(/home/rmi/ros2ws/install/my_robot_bringup/share/colcon-core/packages/my_robot_bringup)
[0.903s] Level 1:colcon.colcon_core.environment:create_environment_scripts_only(serial_motor_demo_msgs)
[0.904s] Level 1:colcon.colcon_core.environment:checking '/home/rmi/ros2ws/install/serial_motor_demo_msgs' for CMake module files
[0.904s] DEBUG:colcon.colcon_core.event_handler.log_command:Invoked command in '/home/rmi/ros2ws/build/serial_motor_demo_msgs' returned '0': CMAKE_PREFIX_PATH=${CMAKE_PREFIX_PATH}:/home/rmi/ros2ws/install/serial_motor_demo:/home/rmi/ros2ws/install/learning_tf2_py:/home/rmi/install/serial_motor_demo:/opt/ros/humble /usr/bin/cmake --install /home/rmi/ros2ws/build/serial_motor_demo_msgs
[0.905s] Level 1:colcon.colcon_core.environment:checking '/home/rmi/ros2ws/install/serial_motor_demo_msgs' for CMake config files
[0.906s] Level 1:colcon.colcon_core.shell:create_environment_hook('serial_motor_demo_msgs', 'cmake_prefix_path')
[0.906s] INFO:colcon.colcon_core.shell:Creating environment hook '/home/rmi/ros2ws/install/serial_motor_demo_msgs/share/serial_motor_demo_msgs/hook/cmake_prefix_path.ps1'
[0.906s] INFO:colcon.colcon_core.shell:Creating environment descriptor '/home/rmi/ros2ws/install/serial_motor_demo_msgs/share/serial_motor_demo_msgs/hook/cmake_prefix_path.dsv'
[0.907s] INFO:colcon.colcon_core.shell:Creating environment hook '/home/rmi/ros2ws/install/serial_motor_demo_msgs/share/serial_motor_demo_msgs/hook/cmake_prefix_path.sh'
[0.907s] Level 1:colcon.colcon_core.environment:checking '/home/rmi/ros2ws/install/serial_motor_demo_msgs/lib'
[0.908s] Level 1:colcon.colcon_core.shell:create_environment_hook('serial_motor_demo_msgs', 'ld_library_path_lib')
[0.908s] INFO:colcon.colcon_core.shell:Creating environment hook '/home/rmi/ros2ws/install/serial_motor_demo_msgs/share/serial_motor_demo_msgs/hook/ld_library_path_lib.ps1'
[0.908s] INFO:colcon.colcon_core.shell:Creating environment descriptor '/home/rmi/ros2ws/install/serial_motor_demo_msgs/share/serial_motor_demo_msgs/hook/ld_library_path_lib.dsv'
[0.909s] INFO:colcon.colcon_core.shell:Creating environment hook '/home/rmi/ros2ws/install/serial_motor_demo_msgs/share/serial_motor_demo_msgs/hook/ld_library_path_lib.sh'
[0.909s] Level 1:colcon.colcon_core.environment:checking '/home/rmi/ros2ws/install/serial_motor_demo_msgs/bin'
[0.909s] Level 1:colcon.colcon_core.environment:checking '/home/rmi/ros2ws/install/serial_motor_demo_msgs/lib/pkgconfig/serial_motor_demo_msgs.pc'
[0.910s] Level 1:colcon.colcon_core.environment:checking '/home/rmi/ros2ws/install/serial_motor_demo_msgs/lib/python3.10/site-packages'
[0.910s] Level 1:colcon.colcon_core.environment:checking '/home/rmi/ros2ws/install/serial_motor_demo_msgs/bin'
[0.910s] INFO:colcon.colcon_core.shell:Creating package script '/home/rmi/ros2ws/install/serial_motor_demo_msgs/share/serial_motor_demo_msgs/package.ps1'
[0.911s] INFO:colcon.colcon_core.shell:Creating package descriptor '/home/rmi/ros2ws/install/serial_motor_demo_msgs/share/serial_motor_demo_msgs/package.dsv'
[0.911s] INFO:colcon.colcon_core.shell:Creating package script '/home/rmi/ros2ws/install/serial_motor_demo_msgs/share/serial_motor_demo_msgs/package.sh'
[0.912s] INFO:colcon.colcon_core.shell:Creating package script '/home/rmi/ros2ws/install/serial_motor_demo_msgs/share/serial_motor_demo_msgs/package.bash'
[0.912s] INFO:colcon.colcon_core.shell:Creating package script '/home/rmi/ros2ws/install/serial_motor_demo_msgs/share/serial_motor_demo_msgs/package.zsh'
[0.913s] Level 1:colcon.colcon_core.environment:create_file_with_runtime_dependencies(/home/rmi/ros2ws/install/serial_motor_demo_msgs/share/colcon-core/packages/serial_motor_demo_msgs)
[0.913s] Level 1:colcon.colcon_core.environment:create_environment_scripts_only(serial_motor_demo_msgs)
[0.914s] Level 1:colcon.colcon_core.environment:checking '/home/rmi/ros2ws/install/serial_motor_demo_msgs' for CMake module files
[0.914s] Level 1:colcon.colcon_core.environment:checking '/home/rmi/ros2ws/install/serial_motor_demo_msgs' for CMake config files
[0.915s] Level 1:colcon.colcon_core.shell:create_environment_hook('serial_motor_demo_msgs', 'cmake_prefix_path')
[0.915s] INFO:colcon.colcon_core.shell:Creating environment hook '/home/rmi/ros2ws/install/serial_motor_demo_msgs/share/serial_motor_demo_msgs/hook/cmake_prefix_path.ps1'
[0.916s] INFO:colcon.colcon_core.shell:Creating environment descriptor '/home/rmi/ros2ws/install/serial_motor_demo_msgs/share/serial_motor_demo_msgs/hook/cmake_prefix_path.dsv'
[0.916s] INFO:colcon.colcon_core.shell:Creating environment hook '/home/rmi/ros2ws/install/serial_motor_demo_msgs/share/serial_motor_demo_msgs/hook/cmake_prefix_path.sh'
[0.917s] Level 1:colcon.colcon_core.environment:checking '/home/rmi/ros2ws/install/serial_motor_demo_msgs/lib'
[0.917s] Level 1:colcon.colcon_core.shell:create_environment_hook('serial_motor_demo_msgs', 'ld_library_path_lib')
[0.917s] INFO:colcon.colcon_core.shell:Creating environment hook '/home/rmi/ros2ws/install/serial_motor_demo_msgs/share/serial_motor_demo_msgs/hook/ld_library_path_lib.ps1'
[0.917s] INFO:colcon.colcon_core.shell:Creating environment descriptor '/home/rmi/ros2ws/install/serial_motor_demo_msgs/share/serial_motor_demo_msgs/hook/ld_library_path_lib.dsv'
[0.918s] INFO:colcon.colcon_core.shell:Creating environment hook '/home/rmi/ros2ws/install/serial_motor_demo_msgs/share/serial_motor_demo_msgs/hook/ld_library_path_lib.sh'
[0.919s] Level 1:colcon.colcon_core.environment:checking '/home/rmi/ros2ws/install/serial_motor_demo_msgs/bin'
[0.919s] Level 1:colcon.colcon_core.environment:checking '/home/rmi/ros2ws/install/serial_motor_demo_msgs/lib/pkgconfig/serial_motor_demo_msgs.pc'
[0.919s] Level 1:colcon.colcon_core.environment:checking '/home/rmi/ros2ws/install/serial_motor_demo_msgs/lib/python3.10/site-packages'
[0.919s] Level 1:colcon.colcon_core.environment:checking '/home/rmi/ros2ws/install/serial_motor_demo_msgs/bin'
[0.919s] INFO:colcon.colcon_core.shell:Creating package script '/home/rmi/ros2ws/install/serial_motor_demo_msgs/share/serial_motor_demo_msgs/package.ps1'
[0.920s] INFO:colcon.colcon_core.shell:Creating package descriptor '/home/rmi/ros2ws/install/serial_motor_demo_msgs/share/serial_motor_demo_msgs/package.dsv'
[0.921s] INFO:colcon.colcon_core.shell:Creating package script '/home/rmi/ros2ws/install/serial_motor_demo_msgs/share/serial_motor_demo_msgs/package.sh'
[0.921s] INFO:colcon.colcon_core.shell:Creating package script '/home/rmi/ros2ws/install/serial_motor_demo_msgs/share/serial_motor_demo_msgs/package.bash'
[0.922s] INFO:colcon.colcon_core.shell:Creating package script '/home/rmi/ros2ws/install/serial_motor_demo_msgs/share/serial_motor_demo_msgs/package.zsh'
[0.922s] Level 1:colcon.colcon_core.environment:create_file_with_runtime_dependencies(/home/rmi/ros2ws/install/serial_motor_demo_msgs/share/colcon-core/packages/serial_motor_demo_msgs)
[0.923s] INFO:colcon.colcon_ros.task.ament_python.build:Building ROS package in '/home/rmi/ros2ws/src/serial_motor_demo/serial_motor_demo' with build type 'ament_python'
[0.923s] Level 1:colcon.colcon_core.shell:create_environment_hook('serial_motor_demo', 'ament_prefix_path')
[0.924s] INFO:colcon.colcon_core.shell:Creating environment hook '/home/rmi/ros2ws/install/serial_motor_demo/share/serial_motor_demo/hook/ament_prefix_path.ps1'
[0.924s] INFO:colcon.colcon_core.shell:Creating environment descriptor '/home/rmi/ros2ws/install/serial_motor_demo/share/serial_motor_demo/hook/ament_prefix_path.dsv'
[0.925s] INFO:colcon.colcon_core.shell:Creating environment hook '/home/rmi/ros2ws/install/serial_motor_demo/share/serial_motor_demo/hook/ament_prefix_path.sh'
[0.926s] INFO:colcon.colcon_core.shell:Skip shell extension 'powershell' for command environment: Not usable outside of PowerShell
[0.926s] DEBUG:colcon.colcon_core.shell:Skip shell extension 'dsv' for command environment
[1.186s] INFO:colcon.colcon_core.task.python.build:Building Python package in '/home/rmi/ros2ws/src/serial_motor_demo/serial_motor_demo'
[1.187s] INFO:colcon.colcon_core.shell:Skip shell extension 'powershell' for command environment: Not usable outside of PowerShell
[1.187s] DEBUG:colcon.colcon_core.shell:Skip shell extension 'dsv' for command environment
[1.194s] DEBUG:colcon.colcon_core.event_handler.log_command:Invoking command in '/home/rmi/ros2ws/build/learning_tf2_py': PYTHONPATH=/home/rmi/ros2ws/build/learning_tf2_py/prefix_override:/usr/lib/python3/dist-packages/colcon_core/task/python/colcon_distutils_commands:/home/rmi/ros2ws/install/learning_tf2_py/lib/python3.10/site-packages:${PYTHONPATH} /usr/bin/python3 -W ignore:setup.py install is deprecated -W ignore:easy_install command is deprecated setup.py develop --editable --build-directory /home/rmi/ros2ws/build/learning_tf2_py/build --no-deps symlink_data
[1.518s] DEBUG:colcon.colcon_core.event_handler.log_command:Invoking command in '/home/rmi/ros2ws/build/serial_motor_demo': PYTHONPATH=/home/rmi/ros2ws/build/serial_motor_demo/prefix_override:/usr/lib/python3/dist-packages/colcon_core/task/python/colcon_distutils_commands:/home/rmi/ros2ws/install/serial_motor_demo/lib/python3.10/site-packages:${PYTHONPATH} /usr/bin/python3 -W ignore:setup.py install is deprecated -W ignore:easy_install command is deprecated setup.py develop --editable --build-directory /home/rmi/ros2ws/build/serial_motor_demo/build --no-deps symlink_data
[1.625s] Level 1:colcon.colcon_core.shell:create_environment_hook('learning_tf2_py', 'pythonpath_develop')
[1.625s] INFO:colcon.colcon_core.shell:Creating environment hook '/home/rmi/ros2ws/build/learning_tf2_py/share/learning_tf2_py/hook/pythonpath_develop.ps1'
[1.626s] DEBUG:colcon.colcon_core.event_handler.log_command:Invoked command in '/home/rmi/ros2ws/build/learning_tf2_py' returned '0': PYTHONPATH=/home/rmi/ros2ws/build/learning_tf2_py/prefix_override:/usr/lib/python3/dist-packages/colcon_core/task/python/colcon_distutils_commands:/home/rmi/ros2ws/install/learning_tf2_py/lib/python3.10/site-packages:${PYTHONPATH} /usr/bin/python3 -W ignore:setup.py install is deprecated -W ignore:easy_install command is deprecated setup.py develop --editable --build-directory /home/rmi/ros2ws/build/learning_tf2_py/build --no-deps symlink_data
[1.627s] INFO:colcon.colcon_core.shell:Creating environment descriptor '/home/rmi/ros2ws/build/learning_tf2_py/share/learning_tf2_py/hook/pythonpath_develop.dsv'
[1.627s] INFO:colcon.colcon_core.shell:Creating environment hook '/home/rmi/ros2ws/build/learning_tf2_py/share/learning_tf2_py/hook/pythonpath_develop.sh'
[1.628s] Level 1:colcon.colcon_core.environment:checking '/home/rmi/ros2ws/install/learning_tf2_py' for CMake module files
[1.629s] Level 1:colcon.colcon_core.environment:checking '/home/rmi/ros2ws/install/learning_tf2_py' for CMake config files
[1.629s] Level 1:colcon.colcon_core.environment:checking '/home/rmi/ros2ws/install/learning_tf2_py/lib'
[1.629s] Level 1:colcon.colcon_core.environment:checking '/home/rmi/ros2ws/install/learning_tf2_py/bin'
[1.629s] Level 1:colcon.colcon_core.environment:checking '/home/rmi/ros2ws/install/learning_tf2_py/lib/pkgconfig/learning_tf2_py.pc'
[1.629s] Level 1:colcon.colcon_core.environment:checking '/home/rmi/ros2ws/install/learning_tf2_py/lib/python3.10/site-packages'
[1.629s] Level 1:colcon.colcon_core.shell:create_environment_hook('learning_tf2_py', 'pythonpath')
[1.630s] INFO:colcon.colcon_core.shell:Creating environment hook '/home/rmi/ros2ws/install/learning_tf2_py/share/learning_tf2_py/hook/pythonpath.ps1'
[1.630s] INFO:colcon.colcon_core.shell:Creating environment descriptor '/home/rmi/ros2ws/install/learning_tf2_py/share/learning_tf2_py/hook/pythonpath.dsv'
[1.631s] INFO:colcon.colcon_core.shell:Creating environment hook '/home/rmi/ros2ws/install/learning_tf2_py/share/learning_tf2_py/hook/pythonpath.sh'
[1.632s] Level 1:colcon.colcon_core.environment:checking '/home/rmi/ros2ws/install/learning_tf2_py/bin'
[1.632s] Level 1:colcon.colcon_core.environment:create_environment_scripts_only(learning_tf2_py)
[1.632s] INFO:colcon.colcon_core.shell:Creating package script '/home/rmi/ros2ws/install/learning_tf2_py/share/learning_tf2_py/package.ps1'
[1.633s] INFO:colcon.colcon_core.shell:Creating package descriptor '/home/rmi/ros2ws/install/learning_tf2_py/share/learning_tf2_py/package.dsv'
[1.633s] INFO:colcon.colcon_core.shell:Creating package script '/home/rmi/ros2ws/install/learning_tf2_py/share/learning_tf2_py/package.sh'
[1.634s] INFO:colcon.colcon_core.shell:Creating package script '/home/rmi/ros2ws/install/learning_tf2_py/share/learning_tf2_py/package.bash'
[1.635s] INFO:colcon.colcon_core.shell:Creating package script '/home/rmi/ros2ws/install/learning_tf2_py/share/learning_tf2_py/package.zsh'
[1.635s] Level 1:colcon.colcon_core.environment:create_file_with_runtime_dependencies(/home/rmi/ros2ws/install/learning_tf2_py/share/colcon-core/packages/learning_tf2_py)
[1.938s] Level 1:colcon.colcon_core.shell:create_environment_hook('serial_motor_demo', 'pythonpath_develop')
[1.938s] INFO:colcon.colcon_core.shell:Creating environment hook '/home/rmi/ros2ws/build/serial_motor_demo/share/serial_motor_demo/hook/pythonpath_develop.ps1'
[1.939s] DEBUG:colcon.colcon_core.event_handler.log_command:Invoked command in '/home/rmi/ros2ws/build/serial_motor_demo' returned '0': PYTHONPATH=/home/rmi/ros2ws/build/serial_motor_demo/prefix_override:/usr/lib/python3/dist-packages/colcon_core/task/python/colcon_distutils_commands:/home/rmi/ros2ws/install/serial_motor_demo/lib/python3.10/site-packages:${PYTHONPATH} /usr/bin/python3 -W ignore:setup.py install is deprecated -W ignore:easy_install command is deprecated setup.py develop --editable --build-directory /home/rmi/ros2ws/build/serial_motor_demo/build --no-deps symlink_data
[1.939s] INFO:colcon.colcon_core.shell:Creating environment descriptor '/home/rmi/ros2ws/build/serial_motor_demo/share/serial_motor_demo/hook/pythonpath_develop.dsv'
[1.940s] INFO:colcon.colcon_core.shell:Creating environment hook '/home/rmi/ros2ws/build/serial_motor_demo/share/serial_motor_demo/hook/pythonpath_develop.sh'
[1.941s] Level 1:colcon.colcon_core.environment:checking '/home/rmi/ros2ws/install/serial_motor_demo' for CMake module files
[1.941s] Level 1:colcon.colcon_core.environment:checking '/home/rmi/ros2ws/install/serial_motor_demo' for CMake config files
[1.941s] Level 1:colcon.colcon_core.environment:checking '/home/rmi/ros2ws/install/serial_motor_demo/lib'
[1.942s] Level 1:colcon.colcon_core.environment:checking '/home/rmi/ros2ws/install/serial_motor_demo/bin'
[1.942s] Level 1:colcon.colcon_core.environment:checking '/home/rmi/ros2ws/install/serial_motor_demo/lib/pkgconfig/serial_motor_demo.pc'
[1.942s] Level 1:colcon.colcon_core.environment:checking '/home/rmi/ros2ws/install/serial_motor_demo/lib/python3.10/site-packages'
[1.942s] Level 1:colcon.colcon_core.shell:create_environment_hook('serial_motor_demo', 'pythonpath')
[1.942s] INFO:colcon.colcon_core.shell:Creating environment hook '/home/rmi/ros2ws/install/serial_motor_demo/share/serial_motor_demo/hook/pythonpath.ps1'
[1.942s] INFO:colcon.colcon_core.shell:Creating environment descriptor '/home/rmi/ros2ws/install/serial_motor_demo/share/serial_motor_demo/hook/pythonpath.dsv'
[1.943s] INFO:colcon.colcon_core.shell:Creating environment hook '/home/rmi/ros2ws/install/serial_motor_demo/share/serial_motor_demo/hook/pythonpath.sh'
[1.944s] Level 1:colcon.colcon_core.environment:checking '/home/rmi/ros2ws/install/serial_motor_demo/bin'
[1.944s] Level 1:colcon.colcon_core.environment:create_environment_scripts_only(serial_motor_demo)
[1.945s] INFO:colcon.colcon_core.shell:Creating package script '/home/rmi/ros2ws/install/serial_motor_demo/share/serial_motor_demo/package.ps1'
[1.946s] INFO:colcon.colcon_core.shell:Creating package descriptor '/home/rmi/ros2ws/install/serial_motor_demo/share/serial_motor_demo/package.dsv'
[1.946s] INFO:colcon.colcon_core.shell:Creating package script '/home/rmi/ros2ws/install/serial_motor_demo/share/serial_motor_demo/package.sh'
[1.947s] INFO:colcon.colcon_core.shell:Creating package script '/home/rmi/ros2ws/install/serial_motor_demo/share/serial_motor_demo/package.bash'
[1.948s] INFO:colcon.colcon_core.shell:Creating package script '/home/rmi/ros2ws/install/serial_motor_demo/share/serial_motor_demo/package.zsh'
[1.948s] Level 1:colcon.colcon_core.environment:create_file_with_runtime_dependencies(/home/rmi/ros2ws/install/serial_motor_demo/share/colcon-core/packages/serial_motor_demo)
[1.949s] DEBUG:colcon.colcon_parallel_executor.executor.parallel:closing loop
[1.949s] DEBUG:colcon.colcon_parallel_executor.executor.parallel:loop closed
[1.949s] DEBUG:colcon.colcon_parallel_executor.executor.parallel:run_until_complete finished with '0'
[1.949s] DEBUG:colcon.colcon_core.event_reactor:joining thread
[1.955s] INFO:colcon.colcon_core.plugin_system:Skipping extension 'colcon_notification.desktop_notification.notify_send': Could not find 'notify-send'
[1.955s] INFO:colcon.colcon_core.plugin_system:Skipping extension 'colcon_notification.desktop_notification.terminal_notifier': Not used on non-Darwin systems
[1.955s] INFO:colcon.colcon_core.plugin_system:Skipping extension 'colcon_notification.desktop_notification.win32': Not used on non-Windows systems
[1.955s] INFO:colcon.colcon_notification.desktop_notification:Sending desktop notification using 'notify2'
[1.957s] DEBUG:colcon.colcon_notification.desktop_notification.notify2:Failed to initialize notify2: org.freedesktop.DBus.Error.ServiceUnknown: The name org.freedesktop.Notifications was not provided by any .service files
[1.957s] DEBUG:colcon.colcon_core.event_reactor:joined thread
[1.957s] INFO:colcon.colcon_core.shell:Creating prefix script '/home/rmi/ros2ws/install/local_setup.ps1'
[1.958s] INFO:colcon.colcon_core.shell:Creating prefix util module '/home/rmi/ros2ws/install/_local_setup_util_ps1.py'
[1.960s] INFO:colcon.colcon_core.shell:Creating prefix chain script '/home/rmi/ros2ws/install/setup.ps1'
[1.961s] INFO:colcon.colcon_core.shell:Creating prefix script '/home/rmi/ros2ws/install/local_setup.sh'
[1.962s] INFO:colcon.colcon_core.shell:Creating prefix util module '/home/rmi/ros2ws/install/_local_setup_util_sh.py'
[1.962s] INFO:colcon.colcon_core.shell:Creating prefix chain script '/home/rmi/ros2ws/install/setup.sh'
[1.964s] INFO:colcon.colcon_core.shell:Creating prefix script '/home/rmi/ros2ws/install/local_setup.bash'
[1.964s] INFO:colcon.colcon_core.shell:Creating prefix chain script '/home/rmi/ros2ws/install/setup.bash'
[1.965s] INFO:colcon.colcon_core.shell:Creating prefix script '/home/rmi/ros2ws/install/local_setup.zsh'
[1.966s] INFO:colcon.colcon_core.shell:Creating prefix chain script '/home/rmi/ros2ws/install/setup.zsh'
