[0.023s] Invoking command in '/home/rmi/ros2ws/build/my_robot_description': CMAKE_PREFIX_PATH=/opt/ros/humble /usr/bin/cmake /home/rmi/ros2ws/src/my_robot_description -DCMAKE_INSTALL_PREFIX=/home/rmi/ros2ws/install/my_robot_description
[0.040s] -- Found ament_cmake: 1.3.11 (/opt/ros/humble/share/ament_cmake/cmake)
[0.158s] -- Override CMake install command with custom implementation using symlinks instead of copying resources
[0.232s] -- Configuring done
[0.234s] -- Generating done
[0.236s] -- Build files have been written to: /home/rmi/ros2ws/build/my_robot_description
[0.292s] Invoked command in '/home/rmi/ros2ws/build/my_robot_description' returned '0': CMAKE_PREFIX_PATH=/opt/ros/humble /usr/bin/cmake /home/rmi/ros2ws/src/my_robot_description -DCMAKE_INSTALL_PREFIX=/home/rmi/ros2ws/install/my_robot_description
[0.293s] Invoking command in '/home/rmi/ros2ws/build/my_robot_description': CMAKE_PREFIX_PATH=/opt/ros/humble /usr/bin/cmake --build /home/rmi/ros2ws/build/my_robot_description -- -j8 -l8
[0.346s] Invoked command in '/home/rmi/ros2ws/build/my_robot_description' returned '0': CMAKE_PREFIX_PATH=/opt/ros/humble /usr/bin/cmake --build /home/rmi/ros2ws/build/my_robot_description -- -j8 -l8
[0.347s] Invoking command in '/home/rmi/ros2ws/build/my_robot_description': CMAKE_PREFIX_PATH=/opt/ros/humble /usr/bin/cmake --install /home/rmi/ros2ws/build/my_robot_description
[0.360s] -- Install configuration: ""
[0.360s] -- Execute custom install script
[0.361s] -- Up-to-date symlink: /home/rmi/ros2ws/install/my_robot_description/share/my_robot_description//urdf/camera.xacro
[0.361s] -- Up-to-date symlink: /home/rmi/ros2ws/install/my_robot_description/share/my_robot_description//urdf/camera.xacroZone.Identifier
[0.361s] -- Up-to-date symlink: /home/rmi/ros2ws/install/my_robot_description/share/my_robot_description//urdf/common_properties.xacro
[0.362s] -- Up-to-date symlink: /home/rmi/ros2ws/install/my_robot_description/share/my_robot_description//urdf/common_properties.xacroZone.Identifier
[0.362s] -- Up-to-date symlink: /home/rmi/ros2ws/install/my_robot_description/share/my_robot_description//urdf/inertial_macros.xacro
[0.362s] -- Up-to-date symlink: /home/rmi/ros2ws/install/my_robot_description/share/my_robot_description//urdf/lidar.txt
[0.362s] -- Up-to-date symlink: /home/rmi/ros2ws/install/my_robot_description/share/my_robot_description//urdf/lidar.xacro
[0.363s] -- Up-to-date symlink: /home/rmi/ros2ws/install/my_robot_description/share/my_robot_description//urdf/mobile_base.xacro
[0.363s] -- Up-to-date symlink: /home/rmi/ros2ws/install/my_robot_description/share/my_robot_description//urdf/mobile_base.xacroZone.Identifier
[0.363s] -- Up-to-date symlink: /home/rmi/ros2ws/install/my_robot_description/share/my_robot_description//urdf/mobile_base_gazebo.xacro
[0.363s] [33mCMake Warning (dev) at ament_cmake_symlink_install/ament_cmake_symlink_install.cmake:62 (file):
[0.364s]   Policy CMP0009 is not set: FILE GLOB_RECURSE calls should not follow
[0.364s]   symlinks by default.  Run "cmake --help-policy CMP0009" for policy details.
[0.364s]   Use the cmake_policy command to set the policy and suppress this warning.
[0.364s] Call Stack (most recent call first):
[0.365s]   ament_cmake_symlink_install/ament_cmake_symlink_install.cmake:314 (ament_cmake_symlink_install_directory)
[0.365s]   cmake_install.cmake:46 (include)
[0.365s] This warning is for project developers.  Use -Wno-dev to suppress it.
[0.366s] [0m
[0.366s] -- Up-to-date symlink: /home/rmi/ros2ws/install/my_robot_description/share/my_robot_description//urdf/mobile_base_gazebo.xacroZone.Identifier
[0.366s] -- Up-to-date symlink: /home/rmi/ros2ws/install/my_robot_description/share/my_robot_description//urdf/my_robot.urdf.xacro
[0.366s] -- Up-to-date symlink: /home/rmi/ros2ws/install/my_robot_description/share/my_robot_description//urdf/my_robot.urdf.xacroZone.Identifier
[0.366s] -- Up-to-date symlink: /home/rmi/ros2ws/install/my_robot_description/share/my_robot_description//urdf/ros2_control.xacro
[0.367s] -- Up-to-date symlink: /home/rmi/ros2ws/install/my_robot_description/share/my_robot_description//launch/build/.built_by
[0.367s] -- Up-to-date symlink: /home/rmi/ros2ws/install/my_robot_description/share/my_robot_description//launch/build/COLCON_IGNORE
[0.367s] -- Up-to-date symlink: /home/rmi/ros2ws/install/my_robot_description/share/my_robot_description//launch/display.launch.py
[0.367s] -- Up-to-date symlink: /home/rmi/ros2ws/install/my_robot_description/share/my_robot_description//launch/display.launch.pyZone.Identifier
[0.367s] -- Up-to-date symlink: /home/rmi/ros2ws/install/my_robot_description/share/my_robot_description//launch/display.launch.xml
[0.367s] -- Up-to-date symlink: /home/rmi/ros2ws/install/my_robot_description/share/my_robot_description//launch/display.launch.xmlZone.Identifier
[0.368s] -- Up-to-date symlink: /home/rmi/ros2ws/install/my_robot_description/share/my_robot_description//launch/install/.colcon_install_layout
[0.368s] -- Up-to-date symlink: /home/rmi/ros2ws/install/my_robot_description/share/my_robot_description//launch/install/COLCON_IGNORE
[0.368s] -- Up-to-date symlink: /home/rmi/ros2ws/install/my_robot_description/share/my_robot_description//launch/install/_local_setup_util_ps1.py
[0.368s] -- Up-to-date symlink: /home/rmi/ros2ws/install/my_robot_description/share/my_robot_description//launch/install/_local_setup_util_sh.py
[0.368s] -- Up-to-date symlink: /home/rmi/ros2ws/install/my_robot_description/share/my_robot_description//launch/install/local_setup.bash
[0.368s] -- Up-to-date symlink: /home/rmi/ros2ws/install/my_robot_description/share/my_robot_description//launch/install/local_setup.ps1
[0.368s] -- Up-to-date symlink: /home/rmi/ros2ws/install/my_robot_description/share/my_robot_description//launch/install/local_setup.sh
[0.368s] -- Up-to-date symlink: /home/rmi/ros2ws/install/my_robot_description/share/my_robot_description//launch/install/local_setup.zsh
[0.368s] -- Up-to-date symlink: /home/rmi/ros2ws/install/my_robot_description/share/my_robot_description//launch/install/setup.bash
[0.369s] -- Up-to-date symlink: /home/rmi/ros2ws/install/my_robot_description/share/my_robot_description//launch/install/setup.ps1
[0.369s] -- Up-to-date symlink: /home/rmi/ros2ws/install/my_robot_description/share/my_robot_description//launch/install/setup.sh
[0.369s] -- Up-to-date symlink: /home/rmi/ros2ws/install/my_robot_description/share/my_robot_description//launch/install/setup.zsh
[0.369s] -- Up-to-date symlink: /home/rmi/ros2ws/install/my_robot_description/share/my_robot_description//launch/log/COLCON_IGNORE
[0.369s] -- Up-to-date symlink: /home/rmi/ros2ws/install/my_robot_description/share/my_robot_description//launch/log/build_2024-12-22_01-34-42/events.log
[0.369s] -- Up-to-date symlink: /home/rmi/ros2ws/install/my_robot_description/share/my_robot_description//launch/log/build_2024-12-22_01-34-42/logger_all.log
[0.369s] -- Up-to-date symlink: /home/rmi/ros2ws/install/my_robot_description/share/my_robot_description//launch/log/build_2024-12-22_01-37-29/events.log
[0.369s] -- Up-to-date symlink: /home/rmi/ros2ws/install/my_robot_description/share/my_robot_description//launch/log/build_2024-12-22_01-37-29/logger_all.log
[0.369s] -- Up-to-date symlink: /home/rmi/ros2ws/install/my_robot_description/share/my_robot_description//launch/log/build_2024-12-22_01-40-27/events.log
[0.369s] -- Up-to-date symlink: /home/rmi/ros2ws/install/my_robot_description/share/my_robot_description//launch/log/build_2024-12-22_01-40-27/logger_all.log
[0.370s] -- Up-to-date symlink: /home/rmi/ros2ws/install/my_robot_description/share/my_robot_description//launch/log/latest/events.log
[0.370s] -- Up-to-date symlink: /home/rmi/ros2ws/install/my_robot_description/share/my_robot_description//launch/log/latest/logger_all.log
[0.370s] -- Up-to-date symlink: /home/rmi/ros2ws/install/my_robot_description/share/my_robot_description//launch/log/latest_build/events.log
[0.370s] -- Up-to-date symlink: /home/rmi/ros2ws/install/my_robot_description/share/my_robot_description//launch/log/latest_build/logger_all.log
[0.371s] -- Up-to-date symlink: /home/rmi/ros2ws/install/my_robot_description/share/my_robot_description//rviz/urdf_config.rviz
[0.371s] -- Up-to-date symlink: /home/rmi/ros2ws/install/my_robot_description/share/my_robot_description//rviz/urdf_config.rvizZone.Identifier
[0.371s] -- Up-to-date symlink: /home/rmi/ros2ws/install/my_robot_description/share/my_robot_description//config/my_controllers.yaml
[0.372s] -- Up-to-date symlink: /home/rmi/ros2ws/install/my_robot_description/share/ament_index/resource_index/package_run_dependencies/my_robot_description
[0.372s] -- Up-to-date symlink: /home/rmi/ros2ws/install/my_robot_description/share/ament_index/resource_index/parent_prefix_path/my_robot_description
[0.372s] -- Up-to-date symlink: /home/rmi/ros2ws/install/my_robot_description/share/my_robot_description/environment/ament_prefix_path.sh
[0.372s] -- Up-to-date symlink: /home/rmi/ros2ws/install/my_robot_description/share/my_robot_description/environment/ament_prefix_path.dsv
[0.373s] -- Up-to-date symlink: /home/rmi/ros2ws/install/my_robot_description/share/my_robot_description/environment/path.sh
[0.373s] -- Up-to-date symlink: /home/rmi/ros2ws/install/my_robot_description/share/my_robot_description/environment/path.dsv
[0.373s] -- Up-to-date symlink: /home/rmi/ros2ws/install/my_robot_description/share/my_robot_description/local_setup.bash
[0.373s] -- Up-to-date symlink: /home/rmi/ros2ws/install/my_robot_description/share/my_robot_description/local_setup.sh
[0.373s] -- Up-to-date symlink: /home/rmi/ros2ws/install/my_robot_description/share/my_robot_description/local_setup.zsh
[0.373s] -- Up-to-date symlink: /home/rmi/ros2ws/install/my_robot_description/share/my_robot_description/local_setup.dsv
[0.373s] -- Symlinking: /home/rmi/ros2ws/install/my_robot_description/share/my_robot_description/package.dsv
[0.381s] -- Up-to-date symlink: /home/rmi/ros2ws/install/my_robot_description/share/ament_index/resource_index/packages/my_robot_description
[0.381s] -- Up-to-date symlink: /home/rmi/ros2ws/install/my_robot_description/share/my_robot_description/cmake/my_robot_descriptionConfig.cmake
[0.381s] -- Up-to-date symlink: /home/rmi/ros2ws/install/my_robot_description/share/my_robot_description/cmake/my_robot_descriptionConfig-version.cmake
[0.382s] -- Up-to-date symlink: /home/rmi/ros2ws/install/my_robot_description/share/my_robot_description/package.xml
[0.395s] Invoked command in '/home/rmi/ros2ws/build/my_robot_description' returned '0': CMAKE_PREFIX_PATH=/opt/ros/humble /usr/bin/cmake --install /home/rmi/ros2ws/build/my_robot_description
