[0.014s] Invoking command in '/home/rmi/ros2ws/build/my_robot_bringup': CMAKE_PREFIX_PATH=/home/rmi/ros2ws/install/my_robot_description:/home/rmi/ros2ws/install/serial_motor_demo_msgs:/home/rmi/ros2ws/install/my_robot_bringup:/home/rmi/ros2ws/install/differential_drive_robot:/home/rmi/install/serial_motor_demo_msgs:/home/rmi/ros2ws/install/serial_motor_demo:/home/rmi/ros2ws/install/learning_tf2_py:/home/rmi/install/serial_motor_demo:/opt/ros/humble /usr/bin/cmake --build /home/rmi/ros2ws/build/my_robot_bringup -- -j8 -l8
[0.066s] Invoked command in '/home/rmi/ros2ws/build/my_robot_bringup' returned '0': CMAKE_PREFIX_PATH=/home/rmi/ros2ws/install/my_robot_description:/home/rmi/ros2ws/install/serial_motor_demo_msgs:/home/rmi/ros2ws/install/my_robot_bringup:/home/rmi/ros2ws/install/differential_drive_robot:/home/rmi/install/serial_motor_demo_msgs:/home/rmi/ros2ws/install/serial_motor_demo:/home/rmi/ros2ws/install/learning_tf2_py:/home/rmi/install/serial_motor_demo:/opt/ros/humble /usr/bin/cmake --build /home/rmi/ros2ws/build/my_robot_bringup -- -j8 -l8
[0.067s] Invoking command in '/home/rmi/ros2ws/build/my_robot_bringup': CMAKE_PREFIX_PATH=/home/rmi/ros2ws/install/my_robot_description:/home/rmi/ros2ws/install/serial_motor_demo_msgs:/home/rmi/ros2ws/install/my_robot_bringup:/home/rmi/ros2ws/install/differential_drive_robot:/home/rmi/install/serial_motor_demo_msgs:/home/rmi/ros2ws/install/serial_motor_demo:/home/rmi/ros2ws/install/learning_tf2_py:/home/rmi/install/serial_motor_demo:/opt/ros/humble /usr/bin/cmake --install /home/rmi/ros2ws/build/my_robot_bringup
[0.076s] -- Install configuration: ""
[0.077s] -- Execute custom install script
[0.078s] -- Up-to-date symlink: /home/rmi/ros2ws/install/my_robot_bringup/share/my_robot_bringup//launch/my_robot_gazebo.launch.xml
[0.078s] -- Up-to-date symlink: /home/rmi/ros2ws/install/my_robot_bringup/share/my_robot_bringup//launch/my_robot_gazebo.launch.xmlZone.Identifier
[0.079s] -- Up-to-date symlink: /home/rmi/ros2ws/install/my_robot_bringup/share/my_robot_bringup//rviz/urdf_config.rviz
[0.079s] -- Up-to-date symlink: /home/rmi/ros2ws/install/my_robot_bringup/share/my_robot_bringup//rviz/urdf_config.rvizZone.Identifier
[0.079s] -- Up-to-date symlink: /home/rmi/ros2ws/install/my_robot_bringup/share/my_robot_bringup//worlds/test_world.world
[0.079s] -- Up-to-date symlink: /home/rmi/ros2ws/install/my_robot_bringup/share/my_robot_bringup//worlds/test_world.worldZone.Identifier
[0.079s] -- Up-to-date symlink: /home/rmi/ros2ws/install/my_robot_bringup/share/ament_index/resource_index/package_run_dependencies/my_robot_bringup
[0.080s] -- Up-to-date symlink: /home/rmi/ros2ws/install/my_robot_bringup/share/ament_index/resource_index/parent_prefix_path/my_robot_bringup
[0.080s] -- Up-to-date symlink: /home/rmi/ros2ws/install/my_robot_bringup/share/my_robot_bringup/environment/ament_prefix_path.sh
[0.080s] -- Up-to-date symlink: /home/rmi/ros2ws/install/my_robot_bringup/share/my_robot_bringup/environment/ament_prefix_path.dsv
[0.080s] -- Up-to-date symlink: /home/rmi/ros2ws/install/my_robot_bringup/share/my_robot_bringup/environment/path.sh
[0.080s] -- Up-to-date symlink: /home/rmi/ros2ws/install/my_robot_bringup/share/my_robot_bringup/environment/path.dsv
[0.081s] -- Up-to-date symlink: /home/rmi/ros2ws/install/my_robot_bringup/share/my_robot_bringup/local_setup.bash
[0.081s] -- Up-to-date symlink: /home/rmi/ros2ws/install/my_robot_bringup/share/my_robot_bringup/local_setup.sh
[0.081s] -- Up-to-date symlink: /home/rmi/ros2ws/install/my_robot_bringup/share/my_robot_bringup/local_setup.zsh
[0.081s] -- Up-to-date symlink: /home/rmi/ros2ws/install/my_robot_bringup/share/my_robot_bringup/local_setup.dsv
[0.081s] -- Symlinking: /home/rmi/ros2ws/install/my_robot_bringup/share/my_robot_bringup/package.dsv
[0.091s] -- Up-to-date symlink: /home/rmi/ros2ws/install/my_robot_bringup/share/ament_index/resource_index/packages/my_robot_bringup
[0.091s] -- Up-to-date symlink: /home/rmi/ros2ws/install/my_robot_bringup/share/my_robot_bringup/cmake/my_robot_bringupConfig.cmake
[0.091s] -- Up-to-date symlink: /home/rmi/ros2ws/install/my_robot_bringup/share/my_robot_bringup/cmake/my_robot_bringupConfig-version.cmake
[0.091s] -- Up-to-date symlink: /home/rmi/ros2ws/install/my_robot_bringup/share/my_robot_bringup/package.xml
[0.094s] Invoked command in '/home/rmi/ros2ws/build/my_robot_bringup' returned '0': CMAKE_PREFIX_PATH=/home/rmi/ros2ws/install/my_robot_description:/home/rmi/ros2ws/install/serial_motor_demo_msgs:/home/rmi/ros2ws/install/my_robot_bringup:/home/rmi/ros2ws/install/differential_drive_robot:/home/rmi/install/serial_motor_demo_msgs:/home/rmi/ros2ws/install/serial_motor_demo:/home/rmi/ros2ws/install/learning_tf2_py:/home/rmi/install/serial_motor_demo:/opt/ros/humble /usr/bin/cmake --install /home/rmi/ros2ws/build/my_robot_bringup
