[0.012s] Invoking command in '/home/rmi/ros2ws/src/build/my_robot_bringup': AMENT_PREFIX_PATH=/home/rmi/ros2ws/src/install/my_robot_description:${AMENT_PREFIX_PATH} CMAKE_PREFIX_PATH=/home/rmi/ros2ws/src/install/my_robot_description:/home/rmi/ros2ws/install/serial_motor_demo_msgs:/home/rmi/ros2ws/install/my_robot_bringup:/home/rmi/ros2ws/install/my_robot_description:/home/rmi/ros2ws/install/differential_drive_robot:/home/rmi/ros2ws/install/serial_motor_demo:/home/rmi/ros2ws/install/learning_tf2_py:/opt/ros/humble /usr/bin/cmake /home/rmi/ros2ws/src/my_robot_bringup -DAMENT_CMAKE_SYMLINK_INSTALL=1 -DCMAKE_INSTALL_PREFIX=/home/rmi/ros2ws/src/install/my_robot_bringup
[0.085s] -- The C compiler identification is GNU 11.4.0
[0.160s] -- The CXX compiler identification is GNU 11.4.0
[0.169s] -- Detecting C compiler ABI info
[0.265s] -- Detecting C compiler ABI info - done
[0.272s] -- Check for working C compiler: /usr/bin/cc - skipped
[0.273s] -- Detecting C compile features
[0.273s] -- Detecting C compile features - done
[0.276s] -- Detecting CXX compiler ABI info
[0.384s] -- Detecting CXX compiler ABI info - done
[0.391s] -- Check for working CXX compiler: /usr/bin/c++ - skipped
[0.392s] -- Detecting CXX compile features
[0.392s] -- Detecting CXX compile features - done
[0.396s] -- Found ament_cmake: 1.3.11 (/opt/ros/humble/share/ament_cmake/cmake)
[0.573s] -- Found Python3: /usr/bin/python3 (found version "3.10.12") found components: Interpreter 
[0.643s] -- Override CMake install command with custom implementation using symlinks instead of copying resources
[0.759s] -- Configuring done
[0.760s] -- Generating done
[0.761s] -- Build files have been written to: /home/rmi/ros2ws/src/build/my_robot_bringup
[0.766s] Invoked command in '/home/rmi/ros2ws/src/build/my_robot_bringup' returned '0': AMENT_PREFIX_PATH=/home/rmi/ros2ws/src/install/my_robot_description:${AMENT_PREFIX_PATH} CMAKE_PREFIX_PATH=/home/rmi/ros2ws/src/install/my_robot_description:/home/rmi/ros2ws/install/serial_motor_demo_msgs:/home/rmi/ros2ws/install/my_robot_bringup:/home/rmi/ros2ws/install/my_robot_description:/home/rmi/ros2ws/install/differential_drive_robot:/home/rmi/ros2ws/install/serial_motor_demo:/home/rmi/ros2ws/install/learning_tf2_py:/opt/ros/humble /usr/bin/cmake /home/rmi/ros2ws/src/my_robot_bringup -DAMENT_CMAKE_SYMLINK_INSTALL=1 -DCMAKE_INSTALL_PREFIX=/home/rmi/ros2ws/src/install/my_robot_bringup
[0.767s] Invoking command in '/home/rmi/ros2ws/src/build/my_robot_bringup': AMENT_PREFIX_PATH=/home/rmi/ros2ws/src/install/my_robot_description:${AMENT_PREFIX_PATH} CMAKE_PREFIX_PATH=/home/rmi/ros2ws/src/install/my_robot_description:/home/rmi/ros2ws/install/serial_motor_demo_msgs:/home/rmi/ros2ws/install/my_robot_bringup:/home/rmi/ros2ws/install/my_robot_description:/home/rmi/ros2ws/install/differential_drive_robot:/home/rmi/ros2ws/install/serial_motor_demo:/home/rmi/ros2ws/install/learning_tf2_py:/opt/ros/humble /usr/bin/cmake --build /home/rmi/ros2ws/src/build/my_robot_bringup -- -j8 -l8
[0.818s] Invoked command in '/home/rmi/ros2ws/src/build/my_robot_bringup' returned '0': AMENT_PREFIX_PATH=/home/rmi/ros2ws/src/install/my_robot_description:${AMENT_PREFIX_PATH} CMAKE_PREFIX_PATH=/home/rmi/ros2ws/src/install/my_robot_description:/home/rmi/ros2ws/install/serial_motor_demo_msgs:/home/rmi/ros2ws/install/my_robot_bringup:/home/rmi/ros2ws/install/my_robot_description:/home/rmi/ros2ws/install/differential_drive_robot:/home/rmi/ros2ws/install/serial_motor_demo:/home/rmi/ros2ws/install/learning_tf2_py:/opt/ros/humble /usr/bin/cmake --build /home/rmi/ros2ws/src/build/my_robot_bringup -- -j8 -l8
[0.820s] Invoking command in '/home/rmi/ros2ws/src/build/my_robot_bringup': AMENT_PREFIX_PATH=/home/rmi/ros2ws/src/install/my_robot_description:${AMENT_PREFIX_PATH} CMAKE_PREFIX_PATH=/home/rmi/ros2ws/src/install/my_robot_description:/home/rmi/ros2ws/install/serial_motor_demo_msgs:/home/rmi/ros2ws/install/my_robot_bringup:/home/rmi/ros2ws/install/my_robot_description:/home/rmi/ros2ws/install/differential_drive_robot:/home/rmi/ros2ws/install/serial_motor_demo:/home/rmi/ros2ws/install/learning_tf2_py:/opt/ros/humble /usr/bin/cmake --install /home/rmi/ros2ws/src/build/my_robot_bringup
[0.829s] -- Install configuration: ""
[0.829s] -- Execute custom install script
[0.830s] -- Symlinking: /home/rmi/ros2ws/src/install/my_robot_bringup/share/my_robot_bringup//launch/my_robot_gazebo.launch.xml
[0.840s] -- Symlinking: /home/rmi/ros2ws/src/install/my_robot_bringup/share/my_robot_bringup//launch/my_robot_gazebo.launch.xmlZone.Identifier
[0.851s] -- Symlinking: /home/rmi/ros2ws/src/install/my_robot_bringup/share/my_robot_bringup//rviz/urdf_config.rviz
[0.862s] -- Symlinking: /home/rmi/ros2ws/src/install/my_robot_bringup/share/my_robot_bringup//rviz/urdf_config.rvizZone.Identifier
[0.872s] -- Symlinking: /home/rmi/ros2ws/src/install/my_robot_bringup/share/my_robot_bringup//worlds/test_world.world
[0.883s] -- Symlinking: /home/rmi/ros2ws/src/install/my_robot_bringup/share/my_robot_bringup//worlds/test_world.worldZone.Identifier
[0.902s] -- Symlinking: /home/rmi/ros2ws/src/install/my_robot_bringup/share/ament_index/resource_index/package_run_dependencies/my_robot_bringup
[0.922s] -- Symlinking: /home/rmi/ros2ws/src/install/my_robot_bringup/share/ament_index/resource_index/parent_prefix_path/my_robot_bringup
[0.934s] -- Symlinking: /home/rmi/ros2ws/src/install/my_robot_bringup/share/my_robot_bringup/environment/ament_prefix_path.sh
[0.946s] -- Symlinking: /home/rmi/ros2ws/src/install/my_robot_bringup/share/my_robot_bringup/environment/ament_prefix_path.dsv
[0.961s] -- Symlinking: /home/rmi/ros2ws/src/install/my_robot_bringup/share/my_robot_bringup/environment/path.sh
[0.972s] -- Symlinking: /home/rmi/ros2ws/src/install/my_robot_bringup/share/my_robot_bringup/environment/path.dsv
[0.983s] -- Symlinking: /home/rmi/ros2ws/src/install/my_robot_bringup/share/my_robot_bringup/local_setup.bash
[0.994s] -- Symlinking: /home/rmi/ros2ws/src/install/my_robot_bringup/share/my_robot_bringup/local_setup.sh
[1.008s] -- Symlinking: /home/rmi/ros2ws/src/install/my_robot_bringup/share/my_robot_bringup/local_setup.zsh
[1.018s] -- Symlinking: /home/rmi/ros2ws/src/install/my_robot_bringup/share/my_robot_bringup/local_setup.dsv
[1.029s] -- Symlinking: /home/rmi/ros2ws/src/install/my_robot_bringup/share/my_robot_bringup/package.dsv
[1.045s] -- Symlinking: /home/rmi/ros2ws/src/install/my_robot_bringup/share/ament_index/resource_index/packages/my_robot_bringup
[1.060s] -- Symlinking: /home/rmi/ros2ws/src/install/my_robot_bringup/share/my_robot_bringup/cmake/my_robot_bringupConfig.cmake
[1.073s] -- Symlinking: /home/rmi/ros2ws/src/install/my_robot_bringup/share/my_robot_bringup/cmake/my_robot_bringupConfig-version.cmake
[1.088s] -- Symlinking: /home/rmi/ros2ws/src/install/my_robot_bringup/share/my_robot_bringup/package.xml
[1.101s] Invoked command in '/home/rmi/ros2ws/src/build/my_robot_bringup' returned '0': AMENT_PREFIX_PATH=/home/rmi/ros2ws/src/install/my_robot_description:${AMENT_PREFIX_PATH} CMAKE_PREFIX_PATH=/home/rmi/ros2ws/src/install/my_robot_description:/home/rmi/ros2ws/install/serial_motor_demo_msgs:/home/rmi/ros2ws/install/my_robot_bringup:/home/rmi/ros2ws/install/my_robot_description:/home/rmi/ros2ws/install/differential_drive_robot:/home/rmi/ros2ws/install/serial_motor_demo:/home/rmi/ros2ws/install/learning_tf2_py:/opt/ros/humble /usr/bin/cmake --install /home/rmi/ros2ws/src/build/my_robot_bringup
