[0.015s] Invoking command in '/home/rmi/ros2ws/build/my_robot_bringup': CMAKE_PREFIX_PATH=/home/rmi/ros2ws/install/my_robot_description:/home/rmi/ros2ws/src/install/serial_motor_demo_msgs:/home/rmi/ros2ws/src/install/my_robot_bringup:/home/rmi/ros2ws/src/install/my_robot_description:/home/rmi/ros2ws/src/install/differential_drive_robot:/home/rmi/ros2ws/install/serial_motor_demo_msgs:/home/rmi/ros2ws/install/my_robot_bringup:/home/rmi/ros2ws/install/differential_drive_robot:/home/rmi/ros2ws/src/install/serial_motor_demo:/home/rmi/ros2ws/src/install/learning_tf2_py:/home/rmi/ros2ws/install/serial_motor_demo:/home/rmi/ros2ws/install/learning_tf2_py:/opt/ros/humble /usr/bin/cmake /home/rmi/ros2ws/src/my_robot_bringup -DAMENT_CMAKE_SYMLINK_INSTALL=1 -DCMAKE_INSTALL_PREFIX=/home/rmi/ros2ws/install/my_robot_bringup
[0.032s] -- Found ament_cmake: 1.3.11 (/opt/ros/humble/share/ament_cmake/cmake)
[0.171s] -- Override CMake install command with custom implementation using symlinks instead of copying resources
[0.264s] -- Configuring done
[0.274s] -- Generating done
[0.277s] -- Build files have been written to: /home/rmi/ros2ws/build/my_robot_bringup
[0.280s] Invoked command in '/home/rmi/ros2ws/build/my_robot_bringup' returned '0': CMAKE_PREFIX_PATH=/home/rmi/ros2ws/install/my_robot_description:/home/rmi/ros2ws/src/install/serial_motor_demo_msgs:/home/rmi/ros2ws/src/install/my_robot_bringup:/home/rmi/ros2ws/src/install/my_robot_description:/home/rmi/ros2ws/src/install/differential_drive_robot:/home/rmi/ros2ws/install/serial_motor_demo_msgs:/home/rmi/ros2ws/install/my_robot_bringup:/home/rmi/ros2ws/install/differential_drive_robot:/home/rmi/ros2ws/src/install/serial_motor_demo:/home/rmi/ros2ws/src/install/learning_tf2_py:/home/rmi/ros2ws/install/serial_motor_demo:/home/rmi/ros2ws/install/learning_tf2_py:/opt/ros/humble /usr/bin/cmake /home/rmi/ros2ws/src/my_robot_bringup -DAMENT_CMAKE_SYMLINK_INSTALL=1 -DCMAKE_INSTALL_PREFIX=/home/rmi/ros2ws/install/my_robot_bringup
[0.283s] Invoking command in '/home/rmi/ros2ws/build/my_robot_bringup': CMAKE_PREFIX_PATH=/home/rmi/ros2ws/install/my_robot_description:/home/rmi/ros2ws/src/install/serial_motor_demo_msgs:/home/rmi/ros2ws/src/install/my_robot_bringup:/home/rmi/ros2ws/src/install/my_robot_description:/home/rmi/ros2ws/src/install/differential_drive_robot:/home/rmi/ros2ws/install/serial_motor_demo_msgs:/home/rmi/ros2ws/install/my_robot_bringup:/home/rmi/ros2ws/install/differential_drive_robot:/home/rmi/ros2ws/src/install/serial_motor_demo:/home/rmi/ros2ws/src/install/learning_tf2_py:/home/rmi/ros2ws/install/serial_motor_demo:/home/rmi/ros2ws/install/learning_tf2_py:/opt/ros/humble /usr/bin/cmake --build /home/rmi/ros2ws/build/my_robot_bringup -- -j8 -l8
[0.339s] Invoked command in '/home/rmi/ros2ws/build/my_robot_bringup' returned '0': CMAKE_PREFIX_PATH=/home/rmi/ros2ws/install/my_robot_description:/home/rmi/ros2ws/src/install/serial_motor_demo_msgs:/home/rmi/ros2ws/src/install/my_robot_bringup:/home/rmi/ros2ws/src/install/my_robot_description:/home/rmi/ros2ws/src/install/differential_drive_robot:/home/rmi/ros2ws/install/serial_motor_demo_msgs:/home/rmi/ros2ws/install/my_robot_bringup:/home/rmi/ros2ws/install/differential_drive_robot:/home/rmi/ros2ws/src/install/serial_motor_demo:/home/rmi/ros2ws/src/install/learning_tf2_py:/home/rmi/ros2ws/install/serial_motor_demo:/home/rmi/ros2ws/install/learning_tf2_py:/opt/ros/humble /usr/bin/cmake --build /home/rmi/ros2ws/build/my_robot_bringup -- -j8 -l8
[0.342s] Invoking command in '/home/rmi/ros2ws/build/my_robot_bringup': CMAKE_PREFIX_PATH=/home/rmi/ros2ws/install/my_robot_description:/home/rmi/ros2ws/src/install/serial_motor_demo_msgs:/home/rmi/ros2ws/src/install/my_robot_bringup:/home/rmi/ros2ws/src/install/my_robot_description:/home/rmi/ros2ws/src/install/differential_drive_robot:/home/rmi/ros2ws/install/serial_motor_demo_msgs:/home/rmi/ros2ws/install/my_robot_bringup:/home/rmi/ros2ws/install/differential_drive_robot:/home/rmi/ros2ws/src/install/serial_motor_demo:/home/rmi/ros2ws/src/install/learning_tf2_py:/home/rmi/ros2ws/install/serial_motor_demo:/home/rmi/ros2ws/install/learning_tf2_py:/opt/ros/humble /usr/bin/cmake --install /home/rmi/ros2ws/build/my_robot_bringup
[0.353s] -- Install configuration: ""
[0.353s] -- Execute custom install script
[0.353s] -- Symlinking: /home/rmi/ros2ws/install/my_robot_bringup/share/my_robot_bringup//launch/my_robot_gazebo.launch.xml
[0.364s] -- Symlinking: /home/rmi/ros2ws/install/my_robot_bringup/share/my_robot_bringup//launch/my_robot_gazebo.launch.xmlZone.Identifier
[0.376s] -- Symlinking: /home/rmi/ros2ws/install/my_robot_bringup/share/my_robot_bringup//rviz/urdf_config.rviz
[0.387s] -- Symlinking: /home/rmi/ros2ws/install/my_robot_bringup/share/my_robot_bringup//rviz/urdf_config.rvizZone.Identifier
[0.398s] -- Symlinking: /home/rmi/ros2ws/install/my_robot_bringup/share/my_robot_bringup//worlds/test_world.world
[0.408s] -- Symlinking: /home/rmi/ros2ws/install/my_robot_bringup/share/my_robot_bringup//worlds/test_world.worldZone.Identifier
[0.418s] -- Symlinking: /home/rmi/ros2ws/install/my_robot_bringup/share/ament_index/resource_index/package_run_dependencies/my_robot_bringup
[0.428s] -- Symlinking: /home/rmi/ros2ws/install/my_robot_bringup/share/ament_index/resource_index/parent_prefix_path/my_robot_bringup
[0.438s] -- Symlinking: /home/rmi/ros2ws/install/my_robot_bringup/share/my_robot_bringup/environment/ament_prefix_path.sh
[0.449s] -- Symlinking: /home/rmi/ros2ws/install/my_robot_bringup/share/my_robot_bringup/environment/ament_prefix_path.dsv
[0.460s] -- Symlinking: /home/rmi/ros2ws/install/my_robot_bringup/share/my_robot_bringup/environment/path.sh
[0.474s] -- Symlinking: /home/rmi/ros2ws/install/my_robot_bringup/share/my_robot_bringup/environment/path.dsv
[0.484s] -- Symlinking: /home/rmi/ros2ws/install/my_robot_bringup/share/my_robot_bringup/local_setup.bash
[0.494s] -- Symlinking: /home/rmi/ros2ws/install/my_robot_bringup/share/my_robot_bringup/local_setup.sh
[0.507s] -- Symlinking: /home/rmi/ros2ws/install/my_robot_bringup/share/my_robot_bringup/local_setup.zsh
[0.518s] -- Symlinking: /home/rmi/ros2ws/install/my_robot_bringup/share/my_robot_bringup/local_setup.dsv
[0.528s] -- Symlinking: /home/rmi/ros2ws/install/my_robot_bringup/share/my_robot_bringup/package.dsv
[0.539s] -- Symlinking: /home/rmi/ros2ws/install/my_robot_bringup/share/ament_index/resource_index/packages/my_robot_bringup
[0.548s] -- Symlinking: /home/rmi/ros2ws/install/my_robot_bringup/share/my_robot_bringup/cmake/my_robot_bringupConfig.cmake
[0.558s] -- Symlinking: /home/rmi/ros2ws/install/my_robot_bringup/share/my_robot_bringup/cmake/my_robot_bringupConfig-version.cmake
[0.567s] -- Symlinking: /home/rmi/ros2ws/install/my_robot_bringup/share/my_robot_bringup/package.xml
[0.579s] Invoked command in '/home/rmi/ros2ws/build/my_robot_bringup' returned '0': CMAKE_PREFIX_PATH=/home/rmi/ros2ws/install/my_robot_description:/home/rmi/ros2ws/src/install/serial_motor_demo_msgs:/home/rmi/ros2ws/src/install/my_robot_bringup:/home/rmi/ros2ws/src/install/my_robot_description:/home/rmi/ros2ws/src/install/differential_drive_robot:/home/rmi/ros2ws/install/serial_motor_demo_msgs:/home/rmi/ros2ws/install/my_robot_bringup:/home/rmi/ros2ws/install/differential_drive_robot:/home/rmi/ros2ws/src/install/serial_motor_demo:/home/rmi/ros2ws/src/install/learning_tf2_py:/home/rmi/ros2ws/install/serial_motor_demo:/home/rmi/ros2ws/install/learning_tf2_py:/opt/ros/humble /usr/bin/cmake --install /home/rmi/ros2ws/build/my_robot_bringup
