[0.653s] Invoking command in '/home/rmi/ros2ws/src/build/serial_motor_demo': AMENT_PREFIX_PATH=/home/rmi/ros2ws/src/install/serial_motor_demo_msgs:${AMENT_PREFIX_PATH} CMAKE_PREFIX_PATH=/home/rmi/ros2ws/src/install/serial_motor_demo_msgs:${CMAKE_PREFIX_PATH} LD_LIBRARY_PATH=/home/rmi/ros2ws/src/install/serial_motor_demo_msgs/lib:${LD_LIBRARY_PATH} PYTHONPATH=/home/rmi/ros2ws/src/build/serial_motor_demo/prefix_override:/usr/lib/python3/dist-packages/colcon_core/task/python/colcon_distutils_commands:/home/rmi/ros2ws/src/install/serial_motor_demo/lib/python3.10/site-packages:/home/rmi/ros2ws/src/install/serial_motor_demo_msgs/local/lib/python3.10/dist-packages:${PYTHONPATH} /usr/bin/python3 -W ignore:setup.py install is deprecated -W ignore:easy_install command is deprecated setup.py develop --editable --build-directory /home/rmi/ros2ws/src/build/serial_motor_demo/build --no-deps symlink_data
[0.881s] /usr/lib/python3/dist-packages/setuptools/dist.py:723: UserWarning: Usage of dash-separated 'script-dir' will not be supported in future versions. Please use the underscore name 'script_dir' instead
[0.881s]   warnings.warn(
[0.906s] running develop
[1.060s] running egg_info
[1.060s] creating serial_motor_demo.egg-info
[1.061s] writing serial_motor_demo.egg-info/PKG-INFO
[1.061s] writing dependency_links to serial_motor_demo.egg-info/dependency_links.txt
[1.061s] writing entry points to serial_motor_demo.egg-info/entry_points.txt
[1.061s] writing requirements to serial_motor_demo.egg-info/requires.txt
[1.061s] writing top-level names to serial_motor_demo.egg-info/top_level.txt
[1.061s] writing manifest file 'serial_motor_demo.egg-info/SOURCES.txt'
[1.063s] reading manifest file 'serial_motor_demo.egg-info/SOURCES.txt'
[1.064s] writing manifest file 'serial_motor_demo.egg-info/SOURCES.txt'
[1.065s] running build_ext
[1.065s] Creating /home/rmi/ros2ws/src/install/serial_motor_demo/lib/python3.10/site-packages/serial-motor-demo.egg-link (link to .)
[1.066s] Installing driver script to /home/rmi/ros2ws/src/install/serial_motor_demo/lib/serial_motor_demo
[1.066s] Installing gui script to /home/rmi/ros2ws/src/install/serial_motor_demo/lib/serial_motor_demo
[1.066s] 
[1.067s] Installed /home/rmi/ros2ws/src/build/serial_motor_demo
[1.067s] running symlink_data
[1.067s] creating /home/rmi/ros2ws/src/install/serial_motor_demo/share/ament_index
[1.067s] creating /home/rmi/ros2ws/src/install/serial_motor_demo/share/ament_index/resource_index
[1.067s] creating /home/rmi/ros2ws/src/install/serial_motor_demo/share/ament_index/resource_index/packages
[1.067s] symbolically linking /home/rmi/ros2ws/src/build/serial_motor_demo/resource/serial_motor_demo -> /home/rmi/ros2ws/src/install/serial_motor_demo/share/ament_index/resource_index/packages
[1.068s] symbolically linking /home/rmi/ros2ws/src/build/serial_motor_demo/package.xml -> /home/rmi/ros2ws/src/install/serial_motor_demo/share/serial_motor_demo
[1.091s] Invoked command in '/home/rmi/ros2ws/src/build/serial_motor_demo' returned '0': AMENT_PREFIX_PATH=/home/rmi/ros2ws/src/install/serial_motor_demo_msgs:${AMENT_PREFIX_PATH} CMAKE_PREFIX_PATH=/home/rmi/ros2ws/src/install/serial_motor_demo_msgs:${CMAKE_PREFIX_PATH} LD_LIBRARY_PATH=/home/rmi/ros2ws/src/install/serial_motor_demo_msgs/lib:${LD_LIBRARY_PATH} PYTHONPATH=/home/rmi/ros2ws/src/build/serial_motor_demo/prefix_override:/usr/lib/python3/dist-packages/colcon_core/task/python/colcon_distutils_commands:/home/rmi/ros2ws/src/install/serial_motor_demo/lib/python3.10/site-packages:/home/rmi/ros2ws/src/install/serial_motor_demo_msgs/local/lib/python3.10/dist-packages:${PYTHONPATH} /usr/bin/python3 -W ignore:setup.py install is deprecated -W ignore:easy_install command is deprecated setup.py develop --editable --build-directory /home/rmi/ros2ws/src/build/serial_motor_demo/build --no-deps symlink_data
