[10.204s] Invoking command in '/home/rmi/ros2ws/src/learning_tf2_py': PYTHONPATH=/home/rmi/ros2ws/build/learning_tf2_py/prefix_override:/usr/lib/python3/dist-packages/colcon_core/task/python/colcon_distutils_commands:/home/rmi/ros2ws/install/learning_tf2_py/lib/python3.10/site-packages:${PYTHONPATH} /usr/bin/python3 -W ignore:setup.py install is deprecated -W ignore:easy_install command is deprecated setup.py egg_info --egg-base ../../build/learning_tf2_py build --build-base /home/rmi/ros2ws/build/learning_tf2_py/build install --record /home/rmi/ros2ws/build/learning_tf2_py/install.log --single-version-externally-managed install_data
[13.380s] running egg_info
[13.384s] creating ../../build/learning_tf2_py/learning_tf2_py.egg-info
[13.388s] writing ../../build/learning_tf2_py/learning_tf2_py.egg-info/PKG-INFO
[13.392s] writing dependency_links to ../../build/learning_tf2_py/learning_tf2_py.egg-info/dependency_links.txt
[13.392s] writing entry points to ../../build/learning_tf2_py/learning_tf2_py.egg-info/entry_points.txt
[13.396s] writing requirements to ../../build/learning_tf2_py/learning_tf2_py.egg-info/requires.txt
[13.396s] writing top-level names to ../../build/learning_tf2_py/learning_tf2_py.egg-info/top_level.txt
[13.396s] writing manifest file '../../build/learning_tf2_py/learning_tf2_py.egg-info/SOURCES.txt'
[13.412s] reading manifest file '../../build/learning_tf2_py/learning_tf2_py.egg-info/SOURCES.txt'
[13.412s] adding license file 'LICENSE'
[13.424s] writing manifest file '../../build/learning_tf2_py/learning_tf2_py.egg-info/SOURCES.txt'
[13.428s] running build
[13.432s] running build_py
[13.432s] creating /home/rmi/ros2ws/build/learning_tf2_py/build
[13.436s] creating /home/rmi/ros2ws/build/learning_tf2_py/build/lib
[13.436s] creating /home/rmi/ros2ws/build/learning_tf2_py/build/lib/learning_tf2_py
[13.436s] copying learning_tf2_py/__init__.py -> /home/rmi/ros2ws/build/learning_tf2_py/build/lib/learning_tf2_py
[13.436s] copying learning_tf2_py/static_turtle_tf2_broadcaster.py -> /home/rmi/ros2ws/build/learning_tf2_py/build/lib/learning_tf2_py
[13.436s] running install
[13.436s] running install_lib
[13.444s] creating /home/rmi/ros2ws/install/learning_tf2_py/lib/python3.10/site-packages/learning_tf2_py
[13.444s] copying /home/rmi/ros2ws/build/learning_tf2_py/build/lib/learning_tf2_py/__init__.py -> /home/rmi/ros2ws/install/learning_tf2_py/lib/python3.10/site-packages/learning_tf2_py
[13.444s] copying /home/rmi/ros2ws/build/learning_tf2_py/build/lib/learning_tf2_py/static_turtle_tf2_broadcaster.py -> /home/rmi/ros2ws/install/learning_tf2_py/lib/python3.10/site-packages/learning_tf2_py
[13.452s] byte-compiling /home/rmi/ros2ws/install/learning_tf2_py/lib/python3.10/site-packages/learning_tf2_py/__init__.py to __init__.cpython-310.pyc
[13.452s] byte-compiling /home/rmi/ros2ws/install/learning_tf2_py/lib/python3.10/site-packages/learning_tf2_py/static_turtle_tf2_broadcaster.py to static_turtle_tf2_broadcaster.cpython-310.pyc
[13.460s] running install_data
[13.464s] creating /home/rmi/ros2ws/install/learning_tf2_py/share/ament_index
[13.464s] creating /home/rmi/ros2ws/install/learning_tf2_py/share/ament_index/resource_index
[13.468s] creating /home/rmi/ros2ws/install/learning_tf2_py/share/ament_index/resource_index/packages
[13.472s] copying resource/learning_tf2_py -> /home/rmi/ros2ws/install/learning_tf2_py/share/ament_index/resource_index/packages
[13.472s] copying package.xml -> /home/rmi/ros2ws/install/learning_tf2_py/share/learning_tf2_py
[13.476s] running install_egg_info
[13.496s] Copying ../../build/learning_tf2_py/learning_tf2_py.egg-info to /home/rmi/ros2ws/install/learning_tf2_py/lib/python3.10/site-packages/learning_tf2_py-0.0.0-py3.10.egg-info
[13.536s] running install_scripts
[13.740s] writing list of installed files to '/home/rmi/ros2ws/build/learning_tf2_py/install.log'
[14.064s] Invoked command in '/home/rmi/ros2ws/src/learning_tf2_py' returned '0': PYTHONPATH=/home/rmi/ros2ws/build/learning_tf2_py/prefix_override:/usr/lib/python3/dist-packages/colcon_core/task/python/colcon_distutils_commands:/home/rmi/ros2ws/install/learning_tf2_py/lib/python3.10/site-packages:${PYTHONPATH} /usr/bin/python3 -W ignore:setup.py install is deprecated -W ignore:easy_install command is deprecated setup.py egg_info --egg-base ../../build/learning_tf2_py build --build-base /home/rmi/ros2ws/build/learning_tf2_py/build install --record /home/rmi/ros2ws/build/learning_tf2_py/install.log --single-version-externally-managed install_data
