[0.093s] DEBUG:colcon:Command line arguments: ['/usr/bin/colcon', 'build', '--symlink-install']
[0.094s] DEBUG:colcon:Parsed command line arguments: Namespace(log_base=None, log_level=None, verb_name='build', build_base='build', install_base='install', merge_install=False, symlink_install=True, test_result_base=None, continue_on_error=False, executor='parallel', parallel_workers=8, event_handlers=None, ignore_user_meta=False, metas=['./colcon.meta'], base_paths=['.'], packages_ignore=None, packages_ignore_regex=None, paths=None, packages_up_to=None, packages_up_to_regex=None, packages_above=None, packages_above_and_dependencies=None, packages_above_depth=None, packages_select_by_dep=None, packages_skip_by_dep=None, packages_skip_up_to=None, packages_select_build_failed=False, packages_skip_build_finished=False, packages_select_test_failures=False, packages_skip_test_passed=False, packages_select=None, packages_skip=None, packages_select_regex=None, packages_skip_regex=None, packages_start=None, packages_end=None, allow_overriding=[], cmake_args=None, cmake_target=None, cmake_target_skip_unavailable=False, cmake_clean_cache=False, cmake_clean_first=False, cmake_force_configure=False, ament_cmake_args=None, catkin_cmake_args=None, catkin_skip_building_tests=False, verb_parser=<colcon_defaults.argument_parser.defaults.DefaultArgumentsDecorator object at 0x7fab23f88610>, verb_extension=<colcon_core.verb.build.BuildVerb object at 0x7fab23f880a0>, main=<bound method BuildVerb.main of <colcon_core.verb.build.BuildVerb object at 0x7fab23f880a0>>)
[0.252s] Level 1:colcon.colcon_core.package_discovery:discover_packages(colcon_meta) check parameters
[0.252s] Level 1:colcon.colcon_core.package_discovery:discover_packages(recursive) check parameters
[0.253s] Level 1:colcon.colcon_core.package_discovery:discover_packages(ignore) check parameters
[0.253s] Level 1:colcon.colcon_core.package_discovery:discover_packages(path) check parameters
[0.253s] Level 1:colcon.colcon_core.package_discovery:discover_packages(colcon_meta) discover
[0.253s] Level 1:colcon.colcon_core.package_discovery:discover_packages(recursive) discover
[0.253s] INFO:colcon.colcon_core.package_discovery:Crawling recursively for packages in '/home/rmi/ros2ws'
[0.253s] Level 1:colcon.colcon_core.package_identification:_identify(.) by extensions ['ignore', 'ignore_ament_install']
[0.253s] Level 1:colcon.colcon_core.package_identification:_identify(.) by extension 'ignore'
[0.253s] Level 1:colcon.colcon_core.package_identification:_identify(.) by extension 'ignore_ament_install'
[0.253s] Level 1:colcon.colcon_core.package_identification:_identify(.) by extensions ['colcon_pkg']
[0.253s] Level 1:colcon.colcon_core.package_identification:_identify(.) by extension 'colcon_pkg'
[0.253s] Level 1:colcon.colcon_core.package_identification:_identify(.) by extensions ['colcon_meta']
[0.253s] Level 1:colcon.colcon_core.package_identification:_identify(.) by extension 'colcon_meta'
[0.253s] Level 1:colcon.colcon_core.package_identification:_identify(.) by extensions ['ros']
[0.253s] Level 1:colcon.colcon_core.package_identification:_identify(.) by extension 'ros'
[0.263s] Level 1:colcon.colcon_core.package_identification:_identify(.) by extensions ['cmake', 'python']
[0.263s] Level 1:colcon.colcon_core.package_identification:_identify(.) by extension 'cmake'
[0.263s] Level 1:colcon.colcon_core.package_identification:_identify(.) by extension 'python'
[0.263s] Level 1:colcon.colcon_core.package_identification:_identify(.) by extensions ['python_setup_py']
[0.263s] Level 1:colcon.colcon_core.package_identification:_identify(.) by extension 'python_setup_py'
[0.264s] Level 1:colcon.colcon_core.package_identification:_identify(build) by extensions ['ignore', 'ignore_ament_install']
[0.264s] Level 1:colcon.colcon_core.package_identification:_identify(build) by extension 'ignore'
[0.264s] Level 1:colcon.colcon_core.package_identification:_identify(build) ignored
[0.264s] Level 1:colcon.colcon_core.package_identification:_identify(install) by extensions ['ignore', 'ignore_ament_install']
[0.264s] Level 1:colcon.colcon_core.package_identification:_identify(install) by extension 'ignore'
[0.264s] Level 1:colcon.colcon_core.package_identification:_identify(install) ignored
[0.264s] Level 1:colcon.colcon_core.package_identification:_identify(log) by extensions ['ignore', 'ignore_ament_install']
[0.264s] Level 1:colcon.colcon_core.package_identification:_identify(log) by extension 'ignore'
[0.264s] Level 1:colcon.colcon_core.package_identification:_identify(log) ignored
[0.265s] Level 1:colcon.colcon_core.package_identification:_identify(src) by extensions ['ignore', 'ignore_ament_install']
[0.265s] Level 1:colcon.colcon_core.package_identification:_identify(src) by extension 'ignore'
[0.265s] Level 1:colcon.colcon_core.package_identification:_identify(src) by extension 'ignore_ament_install'
[0.265s] Level 1:colcon.colcon_core.package_identification:_identify(src) by extensions ['colcon_pkg']
[0.265s] Level 1:colcon.colcon_core.package_identification:_identify(src) by extension 'colcon_pkg'
[0.265s] Level 1:colcon.colcon_core.package_identification:_identify(src) by extensions ['colcon_meta']
[0.265s] Level 1:colcon.colcon_core.package_identification:_identify(src) by extension 'colcon_meta'
[0.265s] Level 1:colcon.colcon_core.package_identification:_identify(src) by extensions ['ros']
[0.265s] Level 1:colcon.colcon_core.package_identification:_identify(src) by extension 'ros'
[0.265s] Level 1:colcon.colcon_core.package_identification:_identify(src) by extensions ['cmake', 'python']
[0.265s] Level 1:colcon.colcon_core.package_identification:_identify(src) by extension 'cmake'
[0.265s] Level 1:colcon.colcon_core.package_identification:_identify(src) by extension 'python'
[0.265s] Level 1:colcon.colcon_core.package_identification:_identify(src) by extensions ['python_setup_py']
[0.265s] Level 1:colcon.colcon_core.package_identification:_identify(src) by extension 'python_setup_py'
[0.265s] Level 1:colcon.colcon_core.package_identification:_identify(src/build) by extensions ['ignore', 'ignore_ament_install']
[0.265s] Level 1:colcon.colcon_core.package_identification:_identify(src/build) by extension 'ignore'
[0.265s] Level 1:colcon.colcon_core.package_identification:_identify(src/build) ignored
[0.266s] Level 1:colcon.colcon_core.package_identification:_identify(src/differential_drive_robot) by extensions ['ignore', 'ignore_ament_install']
[0.266s] Level 1:colcon.colcon_core.package_identification:_identify(src/differential_drive_robot) by extension 'ignore'
[0.266s] Level 1:colcon.colcon_core.package_identification:_identify(src/differential_drive_robot) by extension 'ignore_ament_install'
[0.266s] Level 1:colcon.colcon_core.package_identification:_identify(src/differential_drive_robot) by extensions ['colcon_pkg']
[0.266s] Level 1:colcon.colcon_core.package_identification:_identify(src/differential_drive_robot) by extension 'colcon_pkg'
[0.266s] Level 1:colcon.colcon_core.package_identification:_identify(src/differential_drive_robot) by extensions ['colcon_meta']
[0.266s] Level 1:colcon.colcon_core.package_identification:_identify(src/differential_drive_robot) by extension 'colcon_meta'
[0.266s] Level 1:colcon.colcon_core.package_identification:_identify(src/differential_drive_robot) by extensions ['ros']
[0.266s] Level 1:colcon.colcon_core.package_identification:_identify(src/differential_drive_robot) by extension 'ros'
[0.268s] DEBUG:colcon.colcon_core.package_identification:Package 'src/differential_drive_robot' with type 'ros.ament_cmake' and name 'differential_drive_robot'
[0.268s] Level 1:colcon.colcon_core.package_identification:_identify(src/install) by extensions ['ignore', 'ignore_ament_install']
[0.268s] Level 1:colcon.colcon_core.package_identification:_identify(src/install) by extension 'ignore'
[0.268s] Level 1:colcon.colcon_core.package_identification:_identify(src/install) ignored
[0.268s] Level 1:colcon.colcon_core.package_identification:_identify(src/learning_tf2_py) by extensions ['ignore', 'ignore_ament_install']
[0.269s] Level 1:colcon.colcon_core.package_identification:_identify(src/learning_tf2_py) by extension 'ignore'
[0.269s] Level 1:colcon.colcon_core.package_identification:_identify(src/learning_tf2_py) by extension 'ignore_ament_install'
[0.269s] Level 1:colcon.colcon_core.package_identification:_identify(src/learning_tf2_py) by extensions ['colcon_pkg']
[0.269s] Level 1:colcon.colcon_core.package_identification:_identify(src/learning_tf2_py) by extension 'colcon_pkg'
[0.269s] Level 1:colcon.colcon_core.package_identification:_identify(src/learning_tf2_py) by extensions ['colcon_meta']
[0.269s] Level 1:colcon.colcon_core.package_identification:_identify(src/learning_tf2_py) by extension 'colcon_meta'
[0.269s] Level 1:colcon.colcon_core.package_identification:_identify(src/learning_tf2_py) by extensions ['ros']
[0.269s] Level 1:colcon.colcon_core.package_identification:_identify(src/learning_tf2_py) by extension 'ros'
[0.269s] DEBUG:colcon.colcon_core.package_identification:Package 'src/learning_tf2_py' with type 'ros.ament_python' and name 'learning_tf2_py'
[0.270s] Level 1:colcon.colcon_core.package_identification:_identify(src/log) by extensions ['ignore', 'ignore_ament_install']
[0.270s] Level 1:colcon.colcon_core.package_identification:_identify(src/log) by extension 'ignore'
[0.270s] Level 1:colcon.colcon_core.package_identification:_identify(src/log) ignored
[0.270s] Level 1:colcon.colcon_core.package_identification:_identify(src/my_robot_bringup) by extensions ['ignore', 'ignore_ament_install']
[0.270s] Level 1:colcon.colcon_core.package_identification:_identify(src/my_robot_bringup) by extension 'ignore'
[0.270s] Level 1:colcon.colcon_core.package_identification:_identify(src/my_robot_bringup) by extension 'ignore_ament_install'
[0.270s] Level 1:colcon.colcon_core.package_identification:_identify(src/my_robot_bringup) by extensions ['colcon_pkg']
[0.270s] Level 1:colcon.colcon_core.package_identification:_identify(src/my_robot_bringup) by extension 'colcon_pkg'
[0.270s] Level 1:colcon.colcon_core.package_identification:_identify(src/my_robot_bringup) by extensions ['colcon_meta']
[0.270s] Level 1:colcon.colcon_core.package_identification:_identify(src/my_robot_bringup) by extension 'colcon_meta'
[0.270s] Level 1:colcon.colcon_core.package_identification:_identify(src/my_robot_bringup) by extensions ['ros']
[0.270s] Level 1:colcon.colcon_core.package_identification:_identify(src/my_robot_bringup) by extension 'ros'
[0.271s] DEBUG:colcon.colcon_core.package_identification:Package 'src/my_robot_bringup' with type 'ros.ament_cmake' and name 'my_robot_bringup'
[0.271s] Level 1:colcon.colcon_core.package_identification:_identify(src/my_robot_description) by extensions ['ignore', 'ignore_ament_install']
[0.271s] Level 1:colcon.colcon_core.package_identification:_identify(src/my_robot_description) by extension 'ignore'
[0.271s] Level 1:colcon.colcon_core.package_identification:_identify(src/my_robot_description) by extension 'ignore_ament_install'
[0.271s] Level 1:colcon.colcon_core.package_identification:_identify(src/my_robot_description) by extensions ['colcon_pkg']
[0.271s] Level 1:colcon.colcon_core.package_identification:_identify(src/my_robot_description) by extension 'colcon_pkg'
[0.271s] Level 1:colcon.colcon_core.package_identification:_identify(src/my_robot_description) by extensions ['colcon_meta']
[0.271s] Level 1:colcon.colcon_core.package_identification:_identify(src/my_robot_description) by extension 'colcon_meta'
[0.271s] Level 1:colcon.colcon_core.package_identification:_identify(src/my_robot_description) by extensions ['ros']
[0.271s] Level 1:colcon.colcon_core.package_identification:_identify(src/my_robot_description) by extension 'ros'
[0.272s] DEBUG:colcon.colcon_core.package_identification:Package 'src/my_robot_description' with type 'ros.ament_cmake' and name 'my_robot_description'
[0.272s] Level 1:colcon.colcon_core.package_identification:_identify(src/serial_motor_demo) by extensions ['ignore', 'ignore_ament_install']
[0.272s] Level 1:colcon.colcon_core.package_identification:_identify(src/serial_motor_demo) by extension 'ignore'
[0.272s] Level 1:colcon.colcon_core.package_identification:_identify(src/serial_motor_demo) by extension 'ignore_ament_install'
[0.272s] Level 1:colcon.colcon_core.package_identification:_identify(src/serial_motor_demo) by extensions ['colcon_pkg']
[0.272s] Level 1:colcon.colcon_core.package_identification:_identify(src/serial_motor_demo) by extension 'colcon_pkg'
[0.272s] Level 1:colcon.colcon_core.package_identification:_identify(src/serial_motor_demo) by extensions ['colcon_meta']
[0.272s] Level 1:colcon.colcon_core.package_identification:_identify(src/serial_motor_demo) by extension 'colcon_meta'
[0.272s] Level 1:colcon.colcon_core.package_identification:_identify(src/serial_motor_demo) by extensions ['ros']
[0.272s] Level 1:colcon.colcon_core.package_identification:_identify(src/serial_motor_demo) by extension 'ros'
[0.272s] Level 1:colcon.colcon_core.package_identification:_identify(src/serial_motor_demo) by extensions ['cmake', 'python']
[0.272s] Level 1:colcon.colcon_core.package_identification:_identify(src/serial_motor_demo) by extension 'cmake'
[0.272s] Level 1:colcon.colcon_core.package_identification:_identify(src/serial_motor_demo) by extension 'python'
[0.273s] Level 1:colcon.colcon_core.package_identification:_identify(src/serial_motor_demo) by extensions ['python_setup_py']
[0.273s] Level 1:colcon.colcon_core.package_identification:_identify(src/serial_motor_demo) by extension 'python_setup_py'
[0.273s] Level 1:colcon.colcon_core.package_identification:_identify(src/serial_motor_demo/serial_motor_demo) by extensions ['ignore', 'ignore_ament_install']
[0.273s] Level 1:colcon.colcon_core.package_identification:_identify(src/serial_motor_demo/serial_motor_demo) by extension 'ignore'
[0.273s] Level 1:colcon.colcon_core.package_identification:_identify(src/serial_motor_demo/serial_motor_demo) by extension 'ignore_ament_install'
[0.273s] Level 1:colcon.colcon_core.package_identification:_identify(src/serial_motor_demo/serial_motor_demo) by extensions ['colcon_pkg']
[0.273s] Level 1:colcon.colcon_core.package_identification:_identify(src/serial_motor_demo/serial_motor_demo) by extension 'colcon_pkg'
[0.273s] Level 1:colcon.colcon_core.package_identification:_identify(src/serial_motor_demo/serial_motor_demo) by extensions ['colcon_meta']
[0.273s] Level 1:colcon.colcon_core.package_identification:_identify(src/serial_motor_demo/serial_motor_demo) by extension 'colcon_meta'
[0.273s] Level 1:colcon.colcon_core.package_identification:_identify(src/serial_motor_demo/serial_motor_demo) by extensions ['ros']
[0.273s] Level 1:colcon.colcon_core.package_identification:_identify(src/serial_motor_demo/serial_motor_demo) by extension 'ros'
[0.274s] DEBUG:colcon.colcon_core.package_identification:Package 'src/serial_motor_demo/serial_motor_demo' with type 'ros.ament_python' and name 'serial_motor_demo'
[0.274s] Level 1:colcon.colcon_core.package_identification:_identify(src/serial_motor_demo/serial_motor_demo_msgs) by extensions ['ignore', 'ignore_ament_install']
[0.274s] Level 1:colcon.colcon_core.package_identification:_identify(src/serial_motor_demo/serial_motor_demo_msgs) by extension 'ignore'
[0.274s] Level 1:colcon.colcon_core.package_identification:_identify(src/serial_motor_demo/serial_motor_demo_msgs) by extension 'ignore_ament_install'
[0.274s] Level 1:colcon.colcon_core.package_identification:_identify(src/serial_motor_demo/serial_motor_demo_msgs) by extensions ['colcon_pkg']
[0.274s] Level 1:colcon.colcon_core.package_identification:_identify(src/serial_motor_demo/serial_motor_demo_msgs) by extension 'colcon_pkg'
[0.274s] Level 1:colcon.colcon_core.package_identification:_identify(src/serial_motor_demo/serial_motor_demo_msgs) by extensions ['colcon_meta']
[0.274s] Level 1:colcon.colcon_core.package_identification:_identify(src/serial_motor_demo/serial_motor_demo_msgs) by extension 'colcon_meta'
[0.274s] Level 1:colcon.colcon_core.package_identification:_identify(src/serial_motor_demo/serial_motor_demo_msgs) by extensions ['ros']
[0.274s] Level 1:colcon.colcon_core.package_identification:_identify(src/serial_motor_demo/serial_motor_demo_msgs) by extension 'ros'
[0.275s] DEBUG:colcon.colcon_core.package_identification:Package 'src/serial_motor_demo/serial_motor_demo_msgs' with type 'ros.ament_cmake' and name 'serial_motor_demo_msgs'
[0.275s] Level 1:colcon.colcon_core.package_discovery:discover_packages(recursive) using defaults
[0.275s] Level 1:colcon.colcon_core.package_discovery:discover_packages(ignore) discover
[0.275s] Level 1:colcon.colcon_core.package_discovery:discover_packages(ignore) using defaults
[0.275s] Level 1:colcon.colcon_core.package_discovery:discover_packages(path) discover
[0.275s] Level 1:colcon.colcon_core.package_discovery:discover_packages(path) using defaults
[0.292s] Level 1:colcon.colcon_core.package_discovery:discover_packages(prefix_path) check parameters
[0.293s] Level 1:colcon.colcon_core.package_discovery:discover_packages(prefix_path) discover
[0.295s] DEBUG:colcon.colcon_installed_package_information.package_discovery:Found 386 installed packages in /opt/ros/humble
[0.305s] Level 1:colcon.colcon_core.package_discovery:discover_packages(prefix_path) using defaults
[0.348s] Level 5:colcon.colcon_core.verb:set package 'differential_drive_robot' build argument 'cmake_args' from command line to 'None'
[0.348s] Level 5:colcon.colcon_core.verb:set package 'differential_drive_robot' build argument 'cmake_target' from command line to 'None'
[0.348s] Level 5:colcon.colcon_core.verb:set package 'differential_drive_robot' build argument 'cmake_target_skip_unavailable' from command line to 'False'
[0.348s] Level 5:colcon.colcon_core.verb:set package 'differential_drive_robot' build argument 'cmake_clean_cache' from command line to 'False'
[0.348s] Level 5:colcon.colcon_core.verb:set package 'differential_drive_robot' build argument 'cmake_clean_first' from command line to 'False'
[0.348s] Level 5:colcon.colcon_core.verb:set package 'differential_drive_robot' build argument 'cmake_force_configure' from command line to 'False'
[0.348s] Level 5:colcon.colcon_core.verb:set package 'differential_drive_robot' build argument 'ament_cmake_args' from command line to 'None'
[0.348s] Level 5:colcon.colcon_core.verb:set package 'differential_drive_robot' build argument 'catkin_cmake_args' from command line to 'None'
[0.348s] Level 5:colcon.colcon_core.verb:set package 'differential_drive_robot' build argument 'catkin_skip_building_tests' from command line to 'False'
[0.349s] DEBUG:colcon.colcon_core.verb:Building package 'differential_drive_robot' with the following arguments: {'ament_cmake_args': None, 'build_base': '/home/rmi/ros2ws/build/differential_drive_robot', 'catkin_cmake_args': None, 'catkin_skip_building_tests': False, 'cmake_args': None, 'cmake_clean_cache': False, 'cmake_clean_first': False, 'cmake_force_configure': False, 'cmake_target': None, 'cmake_target_skip_unavailable': False, 'install_base': '/home/rmi/ros2ws/install/differential_drive_robot', 'merge_install': False, 'path': '/home/rmi/ros2ws/src/differential_drive_robot', 'symlink_install': True, 'test_result_base': None}
[0.349s] Level 5:colcon.colcon_core.verb:set package 'learning_tf2_py' build argument 'cmake_args' from command line to 'None'
[0.349s] Level 5:colcon.colcon_core.verb:set package 'learning_tf2_py' build argument 'cmake_target' from command line to 'None'
[0.349s] Level 5:colcon.colcon_core.verb:set package 'learning_tf2_py' build argument 'cmake_target_skip_unavailable' from command line to 'False'
[0.349s] Level 5:colcon.colcon_core.verb:set package 'learning_tf2_py' build argument 'cmake_clean_cache' from command line to 'False'
[0.349s] Level 5:colcon.colcon_core.verb:set package 'learning_tf2_py' build argument 'cmake_clean_first' from command line to 'False'
[0.349s] Level 5:colcon.colcon_core.verb:set package 'learning_tf2_py' build argument 'cmake_force_configure' from command line to 'False'
[0.349s] Level 5:colcon.colcon_core.verb:set package 'learning_tf2_py' build argument 'ament_cmake_args' from command line to 'None'
[0.349s] Level 5:colcon.colcon_core.verb:set package 'learning_tf2_py' build argument 'catkin_cmake_args' from command line to 'None'
[0.349s] Level 5:colcon.colcon_core.verb:set package 'learning_tf2_py' build argument 'catkin_skip_building_tests' from command line to 'False'
[0.349s] DEBUG:colcon.colcon_core.verb:Building package 'learning_tf2_py' with the following arguments: {'ament_cmake_args': None, 'build_base': '/home/rmi/ros2ws/build/learning_tf2_py', 'catkin_cmake_args': None, 'catkin_skip_building_tests': False, 'cmake_args': None, 'cmake_clean_cache': False, 'cmake_clean_first': False, 'cmake_force_configure': False, 'cmake_target': None, 'cmake_target_skip_unavailable': False, 'install_base': '/home/rmi/ros2ws/install/learning_tf2_py', 'merge_install': False, 'path': '/home/rmi/ros2ws/src/learning_tf2_py', 'symlink_install': True, 'test_result_base': None}
[0.349s] Level 5:colcon.colcon_core.verb:set package 'my_robot_description' build argument 'cmake_args' from command line to 'None'
[0.349s] Level 5:colcon.colcon_core.verb:set package 'my_robot_description' build argument 'cmake_target' from command line to 'None'
[0.350s] Level 5:colcon.colcon_core.verb:set package 'my_robot_description' build argument 'cmake_target_skip_unavailable' from command line to 'False'
[0.350s] Level 5:colcon.colcon_core.verb:set package 'my_robot_description' build argument 'cmake_clean_cache' from command line to 'False'
[0.350s] Level 5:colcon.colcon_core.verb:set package 'my_robot_description' build argument 'cmake_clean_first' from command line to 'False'
[0.350s] Level 5:colcon.colcon_core.verb:set package 'my_robot_description' build argument 'cmake_force_configure' from command line to 'False'
[0.350s] Level 5:colcon.colcon_core.verb:set package 'my_robot_description' build argument 'ament_cmake_args' from command line to 'None'
[0.350s] Level 5:colcon.colcon_core.verb:set package 'my_robot_description' build argument 'catkin_cmake_args' from command line to 'None'
[0.350s] Level 5:colcon.colcon_core.verb:set package 'my_robot_description' build argument 'catkin_skip_building_tests' from command line to 'False'
[0.350s] DEBUG:colcon.colcon_core.verb:Building package 'my_robot_description' with the following arguments: {'ament_cmake_args': None, 'build_base': '/home/rmi/ros2ws/build/my_robot_description', 'catkin_cmake_args': None, 'catkin_skip_building_tests': False, 'cmake_args': None, 'cmake_clean_cache': False, 'cmake_clean_first': False, 'cmake_force_configure': False, 'cmake_target': None, 'cmake_target_skip_unavailable': False, 'install_base': '/home/rmi/ros2ws/install/my_robot_description', 'merge_install': False, 'path': '/home/rmi/ros2ws/src/my_robot_description', 'symlink_install': True, 'test_result_base': None}
[0.350s] Level 5:colcon.colcon_core.verb:set package 'serial_motor_demo_msgs' build argument 'cmake_args' from command line to 'None'
[0.350s] Level 5:colcon.colcon_core.verb:set package 'serial_motor_demo_msgs' build argument 'cmake_target' from command line to 'None'
[0.350s] Level 5:colcon.colcon_core.verb:set package 'serial_motor_demo_msgs' build argument 'cmake_target_skip_unavailable' from command line to 'False'
[0.350s] Level 5:colcon.colcon_core.verb:set package 'serial_motor_demo_msgs' build argument 'cmake_clean_cache' from command line to 'False'
[0.350s] Level 5:colcon.colcon_core.verb:set package 'serial_motor_demo_msgs' build argument 'cmake_clean_first' from command line to 'False'
[0.350s] Level 5:colcon.colcon_core.verb:set package 'serial_motor_demo_msgs' build argument 'cmake_force_configure' from command line to 'False'
[0.350s] Level 5:colcon.colcon_core.verb:set package 'serial_motor_demo_msgs' build argument 'ament_cmake_args' from command line to 'None'
[0.350s] Level 5:colcon.colcon_core.verb:set package 'serial_motor_demo_msgs' build argument 'catkin_cmake_args' from command line to 'None'
[0.350s] Level 5:colcon.colcon_core.verb:set package 'serial_motor_demo_msgs' build argument 'catkin_skip_building_tests' from command line to 'False'
[0.350s] DEBUG:colcon.colcon_core.verb:Building package 'serial_motor_demo_msgs' with the following arguments: {'ament_cmake_args': None, 'build_base': '/home/rmi/ros2ws/build/serial_motor_demo_msgs', 'catkin_cmake_args': None, 'catkin_skip_building_tests': False, 'cmake_args': None, 'cmake_clean_cache': False, 'cmake_clean_first': False, 'cmake_force_configure': False, 'cmake_target': None, 'cmake_target_skip_unavailable': False, 'install_base': '/home/rmi/ros2ws/install/serial_motor_demo_msgs', 'merge_install': False, 'path': '/home/rmi/ros2ws/src/serial_motor_demo/serial_motor_demo_msgs', 'symlink_install': True, 'test_result_base': None}
[0.351s] Level 5:colcon.colcon_core.verb:set package 'my_robot_bringup' build argument 'cmake_args' from command line to 'None'
[0.351s] Level 5:colcon.colcon_core.verb:set package 'my_robot_bringup' build argument 'cmake_target' from command line to 'None'
[0.351s] Level 5:colcon.colcon_core.verb:set package 'my_robot_bringup' build argument 'cmake_target_skip_unavailable' from command line to 'False'
[0.351s] Level 5:colcon.colcon_core.verb:set package 'my_robot_bringup' build argument 'cmake_clean_cache' from command line to 'False'
[0.351s] Level 5:colcon.colcon_core.verb:set package 'my_robot_bringup' build argument 'cmake_clean_first' from command line to 'False'
[0.351s] Level 5:colcon.colcon_core.verb:set package 'my_robot_bringup' build argument 'cmake_force_configure' from command line to 'False'
[0.351s] Level 5:colcon.colcon_core.verb:set package 'my_robot_bringup' build argument 'ament_cmake_args' from command line to 'None'
[0.351s] Level 5:colcon.colcon_core.verb:set package 'my_robot_bringup' build argument 'catkin_cmake_args' from command line to 'None'
[0.351s] Level 5:colcon.colcon_core.verb:set package 'my_robot_bringup' build argument 'catkin_skip_building_tests' from command line to 'False'
[0.351s] DEBUG:colcon.colcon_core.verb:Building package 'my_robot_bringup' with the following arguments: {'ament_cmake_args': None, 'build_base': '/home/rmi/ros2ws/build/my_robot_bringup', 'catkin_cmake_args': None, 'catkin_skip_building_tests': False, 'cmake_args': None, 'cmake_clean_cache': False, 'cmake_clean_first': False, 'cmake_force_configure': False, 'cmake_target': None, 'cmake_target_skip_unavailable': False, 'install_base': '/home/rmi/ros2ws/install/my_robot_bringup', 'merge_install': False, 'path': '/home/rmi/ros2ws/src/my_robot_bringup', 'symlink_install': True, 'test_result_base': None}
[0.351s] Level 5:colcon.colcon_core.verb:set package 'serial_motor_demo' build argument 'cmake_args' from command line to 'None'
[0.351s] Level 5:colcon.colcon_core.verb:set package 'serial_motor_demo' build argument 'cmake_target' from command line to 'None'
[0.351s] Level 5:colcon.colcon_core.verb:set package 'serial_motor_demo' build argument 'cmake_target_skip_unavailable' from command line to 'False'
[0.351s] Level 5:colcon.colcon_core.verb:set package 'serial_motor_demo' build argument 'cmake_clean_cache' from command line to 'False'
[0.351s] Level 5:colcon.colcon_core.verb:set package 'serial_motor_demo' build argument 'cmake_clean_first' from command line to 'False'
[0.351s] Level 5:colcon.colcon_core.verb:set package 'serial_motor_demo' build argument 'cmake_force_configure' from command line to 'False'
[0.351s] Level 5:colcon.colcon_core.verb:set package 'serial_motor_demo' build argument 'ament_cmake_args' from command line to 'None'
[0.351s] Level 5:colcon.colcon_core.verb:set package 'serial_motor_demo' build argument 'catkin_cmake_args' from command line to 'None'
[0.351s] Level 5:colcon.colcon_core.verb:set package 'serial_motor_demo' build argument 'catkin_skip_building_tests' from command line to 'False'
[0.351s] DEBUG:colcon.colcon_core.verb:Building package 'serial_motor_demo' with the following arguments: {'ament_cmake_args': None, 'build_base': '/home/rmi/ros2ws/build/serial_motor_demo', 'catkin_cmake_args': None, 'catkin_skip_building_tests': False, 'cmake_args': None, 'cmake_clean_cache': False, 'cmake_clean_first': False, 'cmake_force_configure': False, 'cmake_target': None, 'cmake_target_skip_unavailable': False, 'install_base': '/home/rmi/ros2ws/install/serial_motor_demo', 'merge_install': False, 'path': '/home/rmi/ros2ws/src/serial_motor_demo/serial_motor_demo', 'symlink_install': True, 'test_result_base': None}
[0.351s] INFO:colcon.colcon_core.executor:Executing jobs using 'parallel' executor
[0.352s] DEBUG:colcon.colcon_parallel_executor.executor.parallel:run_until_complete
[0.353s] INFO:colcon.colcon_ros.task.ament_cmake.build:Building ROS package in '/home/rmi/ros2ws/src/my_robot_description' with build type 'ament_cmake'
[0.353s] INFO:colcon.colcon_cmake.task.cmake.build:Building CMake package in '/home/rmi/ros2ws/src/my_robot_description'
[0.355s] INFO:colcon.colcon_core.plugin_system:Skipping extension 'colcon_core.shell.bat': Not used on non-Windows systems
[0.356s] INFO:colcon.colcon_core.shell:Skip shell extension 'powershell' for command environment: Not usable outside of PowerShell
[0.356s] DEBUG:colcon.colcon_core.shell:Skip shell extension 'dsv' for command environment
[0.359s] INFO:colcon.colcon_ros.task.ament_cmake.build:Building ROS package in '/home/rmi/ros2ws/src/serial_motor_demo/serial_motor_demo_msgs' with build type 'ament_cmake'
[0.359s] INFO:colcon.colcon_cmake.task.cmake.build:Building CMake package in '/home/rmi/ros2ws/src/serial_motor_demo/serial_motor_demo_msgs'
[0.359s] INFO:colcon.colcon_core.shell:Skip shell extension 'powershell' for command environment: Not usable outside of PowerShell
[0.360s] DEBUG:colcon.colcon_core.shell:Skip shell extension 'dsv' for command environment
[0.363s] INFO:colcon.colcon_ros.task.ament_cmake.build:Building ROS package in '/home/rmi/ros2ws/src/differential_drive_robot' with build type 'ament_cmake'
[0.364s] INFO:colcon.colcon_cmake.task.cmake.build:Building CMake package in '/home/rmi/ros2ws/src/differential_drive_robot'
[0.364s] INFO:colcon.colcon_core.shell:Skip shell extension 'powershell' for command environment: Not usable outside of PowerShell
[0.364s] DEBUG:colcon.colcon_core.shell:Skip shell extension 'dsv' for command environment
[0.368s] INFO:colcon.colcon_ros.task.ament_python.build:Building ROS package in '/home/rmi/ros2ws/src/learning_tf2_py' with build type 'ament_python'
[0.369s] Level 1:colcon.colcon_core.shell:create_environment_hook('learning_tf2_py', 'ament_prefix_path')
[0.369s] INFO:colcon.colcon_core.shell:Creating environment hook '/home/rmi/ros2ws/install/learning_tf2_py/share/learning_tf2_py/hook/ament_prefix_path.ps1'
[0.370s] INFO:colcon.colcon_core.shell:Creating environment descriptor '/home/rmi/ros2ws/install/learning_tf2_py/share/learning_tf2_py/hook/ament_prefix_path.dsv'
[0.370s] INFO:colcon.colcon_core.shell:Creating environment hook '/home/rmi/ros2ws/install/learning_tf2_py/share/learning_tf2_py/hook/ament_prefix_path.sh'
[0.371s] INFO:colcon.colcon_core.shell:Skip shell extension 'powershell' for command environment: Not usable outside of PowerShell
[0.371s] DEBUG:colcon.colcon_core.shell:Skip shell extension 'dsv' for command environment
[0.380s] DEBUG:colcon.colcon_core.event_handler.log_command:Invoking command in '/home/rmi/ros2ws/build/my_robot_description': CMAKE_PREFIX_PATH=/opt/ros/humble /usr/bin/cmake /home/rmi/ros2ws/src/my_robot_description -DAMENT_CMAKE_SYMLINK_INSTALL=1 -DCMAKE_INSTALL_PREFIX=/home/rmi/ros2ws/install/my_robot_description
[0.385s] DEBUG:colcon.colcon_core.event_handler.log_command:Invoking command in '/home/rmi/ros2ws/build/serial_motor_demo_msgs': CMAKE_PREFIX_PATH=/opt/ros/humble /usr/bin/cmake /home/rmi/ros2ws/src/serial_motor_demo/serial_motor_demo_msgs -DAMENT_CMAKE_SYMLINK_INSTALL=1 -DCMAKE_INSTALL_PREFIX=/home/rmi/ros2ws/install/serial_motor_demo_msgs
[0.388s] DEBUG:colcon.colcon_core.event_handler.log_command:Invoking command in '/home/rmi/ros2ws/build/differential_drive_robot': CMAKE_PREFIX_PATH=/opt/ros/humble /usr/bin/cmake /home/rmi/ros2ws/src/differential_drive_robot -DAMENT_CMAKE_SYMLINK_INSTALL=1 -DCMAKE_INSTALL_PREFIX=/home/rmi/ros2ws/install/differential_drive_robot
[0.660s] INFO:colcon.colcon_core.task.python.build:Building Python package in '/home/rmi/ros2ws/src/learning_tf2_py'
[0.661s] INFO:colcon.colcon_core.shell:Skip shell extension 'powershell' for command environment: Not usable outside of PowerShell
[0.661s] DEBUG:colcon.colcon_core.shell:Skip shell extension 'dsv' for command environment
[0.666s] DEBUG:colcon.colcon_core.event_handler.log_command:Invoked command in '/home/rmi/ros2ws/build/my_robot_description' returned '0': CMAKE_PREFIX_PATH=/opt/ros/humble /usr/bin/cmake /home/rmi/ros2ws/src/my_robot_description -DAMENT_CMAKE_SYMLINK_INSTALL=1 -DCMAKE_INSTALL_PREFIX=/home/rmi/ros2ws/install/my_robot_description
[0.669s] DEBUG:colcon.colcon_core.event_handler.log_command:Invoking command in '/home/rmi/ros2ws/build/my_robot_description': CMAKE_PREFIX_PATH=/opt/ros/humble /usr/bin/cmake --build /home/rmi/ros2ws/build/my_robot_description -- -j8 -l8
[0.670s] DEBUG:colcon.colcon_core.event_handler.log_command:Invoked command in '/home/rmi/ros2ws/build/differential_drive_robot' returned '0': CMAKE_PREFIX_PATH=/opt/ros/humble /usr/bin/cmake /home/rmi/ros2ws/src/differential_drive_robot -DAMENT_CMAKE_SYMLINK_INSTALL=1 -DCMAKE_INSTALL_PREFIX=/home/rmi/ros2ws/install/differential_drive_robot
[0.671s] DEBUG:colcon.colcon_core.event_handler.log_command:Invoking command in '/home/rmi/ros2ws/build/differential_drive_robot': CMAKE_PREFIX_PATH=/opt/ros/humble /usr/bin/cmake --build /home/rmi/ros2ws/build/differential_drive_robot -- -j8 -l8
[0.714s] DEBUG:colcon.colcon_core.event_handler.log_command:Invoked command in '/home/rmi/ros2ws/build/my_robot_description' returned '0': CMAKE_PREFIX_PATH=/opt/ros/humble /usr/bin/cmake --build /home/rmi/ros2ws/build/my_robot_description -- -j8 -l8
[0.727s] DEBUG:colcon.colcon_core.event_handler.log_command:Invoking command in '/home/rmi/ros2ws/build/my_robot_description': CMAKE_PREFIX_PATH=/opt/ros/humble /usr/bin/cmake --install /home/rmi/ros2ws/build/my_robot_description
[0.729s] DEBUG:colcon.colcon_core.event_handler.log_command:Invoked command in '/home/rmi/ros2ws/build/differential_drive_robot' returned '0': CMAKE_PREFIX_PATH=/opt/ros/humble /usr/bin/cmake --build /home/rmi/ros2ws/build/differential_drive_robot -- -j8 -l8
[0.731s] DEBUG:colcon.colcon_core.event_handler.log_command:Invoking command in '/home/rmi/ros2ws/build/differential_drive_robot': CMAKE_PREFIX_PATH=/opt/ros/humble /usr/bin/cmake --install /home/rmi/ros2ws/build/differential_drive_robot
[0.764s] Level 1:colcon.colcon_core.environment:create_environment_scripts_only(my_robot_description)
[0.765s] DEBUG:colcon.colcon_core.event_handler.log_command:Invoked command in '/home/rmi/ros2ws/build/my_robot_description' returned '0': CMAKE_PREFIX_PATH=/opt/ros/humble /usr/bin/cmake --install /home/rmi/ros2ws/build/my_robot_description
[0.768s] Level 1:colcon.colcon_core.environment:checking '/home/rmi/ros2ws/install/my_robot_description' for CMake module files
[0.768s] Level 1:colcon.colcon_core.environment:checking '/home/rmi/ros2ws/install/my_robot_description' for CMake config files
[0.768s] Level 1:colcon.colcon_core.shell:create_environment_hook('my_robot_description', 'cmake_prefix_path')
[0.769s] INFO:colcon.colcon_core.shell:Creating environment hook '/home/rmi/ros2ws/install/my_robot_description/share/my_robot_description/hook/cmake_prefix_path.ps1'
[0.769s] INFO:colcon.colcon_core.shell:Creating environment descriptor '/home/rmi/ros2ws/install/my_robot_description/share/my_robot_description/hook/cmake_prefix_path.dsv'
[0.770s] INFO:colcon.colcon_core.shell:Creating environment hook '/home/rmi/ros2ws/install/my_robot_description/share/my_robot_description/hook/cmake_prefix_path.sh'
[0.770s] Level 1:colcon.colcon_core.environment:checking '/home/rmi/ros2ws/install/my_robot_description/bin'
[0.770s] Level 1:colcon.colcon_core.environment:checking '/home/rmi/ros2ws/install/my_robot_description/lib/pkgconfig/my_robot_description.pc'
[0.771s] Level 1:colcon.colcon_core.environment:checking '/home/rmi/ros2ws/install/my_robot_description/lib/python3.10/site-packages'
[0.771s] Level 1:colcon.colcon_core.environment:checking '/home/rmi/ros2ws/install/my_robot_description/bin'
[0.771s] INFO:colcon.colcon_core.shell:Creating package script '/home/rmi/ros2ws/install/my_robot_description/share/my_robot_description/package.ps1'
[0.772s] INFO:colcon.colcon_core.shell:Creating package descriptor '/home/rmi/ros2ws/install/my_robot_description/share/my_robot_description/package.dsv'
[0.773s] INFO:colcon.colcon_core.shell:Creating package script '/home/rmi/ros2ws/install/my_robot_description/share/my_robot_description/package.sh'
[0.773s] INFO:colcon.colcon_core.shell:Creating package script '/home/rmi/ros2ws/install/my_robot_description/share/my_robot_description/package.bash'
[0.774s] INFO:colcon.colcon_core.shell:Creating package script '/home/rmi/ros2ws/install/my_robot_description/share/my_robot_description/package.zsh'
[0.775s] Level 1:colcon.colcon_core.environment:create_file_with_runtime_dependencies(/home/rmi/ros2ws/install/my_robot_description/share/colcon-core/packages/my_robot_description)
[0.775s] Level 1:colcon.colcon_core.environment:create_environment_scripts_only(my_robot_description)
[0.775s] Level 1:colcon.colcon_core.environment:checking '/home/rmi/ros2ws/install/my_robot_description' for CMake module files
[0.776s] Level 1:colcon.colcon_core.environment:checking '/home/rmi/ros2ws/install/my_robot_description' for CMake config files
[0.776s] Level 1:colcon.colcon_core.shell:create_environment_hook('my_robot_description', 'cmake_prefix_path')
[0.776s] INFO:colcon.colcon_core.shell:Creating environment hook '/home/rmi/ros2ws/install/my_robot_description/share/my_robot_description/hook/cmake_prefix_path.ps1'
[0.777s] INFO:colcon.colcon_core.shell:Creating environment descriptor '/home/rmi/ros2ws/install/my_robot_description/share/my_robot_description/hook/cmake_prefix_path.dsv'
[0.777s] INFO:colcon.colcon_core.shell:Creating environment hook '/home/rmi/ros2ws/install/my_robot_description/share/my_robot_description/hook/cmake_prefix_path.sh'
[0.778s] Level 1:colcon.colcon_core.environment:checking '/home/rmi/ros2ws/install/my_robot_description/bin'
[0.778s] Level 1:colcon.colcon_core.environment:checking '/home/rmi/ros2ws/install/my_robot_description/lib/pkgconfig/my_robot_description.pc'
[0.778s] Level 1:colcon.colcon_core.environment:checking '/home/rmi/ros2ws/install/my_robot_description/lib/python3.10/site-packages'
[0.778s] Level 1:colcon.colcon_core.environment:checking '/home/rmi/ros2ws/install/my_robot_description/bin'
[0.779s] INFO:colcon.colcon_core.shell:Creating package script '/home/rmi/ros2ws/install/my_robot_description/share/my_robot_description/package.ps1'
[0.779s] INFO:colcon.colcon_core.shell:Creating package descriptor '/home/rmi/ros2ws/install/my_robot_description/share/my_robot_description/package.dsv'
[0.785s] INFO:colcon.colcon_core.shell:Creating package script '/home/rmi/ros2ws/install/my_robot_description/share/my_robot_description/package.sh'
[0.786s] INFO:colcon.colcon_core.shell:Creating package script '/home/rmi/ros2ws/install/my_robot_description/share/my_robot_description/package.bash'
[0.786s] INFO:colcon.colcon_core.shell:Creating package script '/home/rmi/ros2ws/install/my_robot_description/share/my_robot_description/package.zsh'
[0.787s] Level 1:colcon.colcon_core.environment:create_file_with_runtime_dependencies(/home/rmi/ros2ws/install/my_robot_description/share/colcon-core/packages/my_robot_description)
[0.787s] INFO:colcon.colcon_ros.task.ament_cmake.build:Building ROS package in '/home/rmi/ros2ws/src/my_robot_bringup' with build type 'ament_cmake'
[0.787s] INFO:colcon.colcon_cmake.task.cmake.build:Building CMake package in '/home/rmi/ros2ws/src/my_robot_bringup'
[0.788s] INFO:colcon.colcon_core.shell:Skip shell extension 'powershell' for command environment: Not usable outside of PowerShell
[0.788s] DEBUG:colcon.colcon_core.shell:Skip shell extension 'dsv' for command environment
[0.793s] Level 1:colcon.colcon_core.environment:create_environment_scripts_only(differential_drive_robot)
[0.793s] Level 1:colcon.colcon_core.environment:checking '/home/rmi/ros2ws/install/differential_drive_robot' for CMake module files
[0.794s] DEBUG:colcon.colcon_core.event_handler.log_command:Invoked command in '/home/rmi/ros2ws/build/differential_drive_robot' returned '0': CMAKE_PREFIX_PATH=/opt/ros/humble /usr/bin/cmake --install /home/rmi/ros2ws/build/differential_drive_robot
[0.794s] Level 1:colcon.colcon_core.environment:checking '/home/rmi/ros2ws/install/differential_drive_robot' for CMake config files
[0.794s] Level 1:colcon.colcon_core.shell:create_environment_hook('differential_drive_robot', 'cmake_prefix_path')
[0.795s] INFO:colcon.colcon_core.shell:Creating environment hook '/home/rmi/ros2ws/install/differential_drive_robot/share/differential_drive_robot/hook/cmake_prefix_path.ps1'
[0.795s] INFO:colcon.colcon_core.shell:Creating environment descriptor '/home/rmi/ros2ws/install/differential_drive_robot/share/differential_drive_robot/hook/cmake_prefix_path.dsv'
[0.796s] INFO:colcon.colcon_core.shell:Creating environment hook '/home/rmi/ros2ws/install/differential_drive_robot/share/differential_drive_robot/hook/cmake_prefix_path.sh'
[0.797s] Level 1:colcon.colcon_core.environment:checking '/home/rmi/ros2ws/install/differential_drive_robot/bin'
[0.797s] Level 1:colcon.colcon_core.environment:checking '/home/rmi/ros2ws/install/differential_drive_robot/lib/pkgconfig/differential_drive_robot.pc'
[0.797s] Level 1:colcon.colcon_core.environment:checking '/home/rmi/ros2ws/install/differential_drive_robot/lib/python3.10/site-packages'
[0.797s] Level 1:colcon.colcon_core.environment:checking '/home/rmi/ros2ws/install/differential_drive_robot/bin'
[0.798s] INFO:colcon.colcon_core.shell:Creating package script '/home/rmi/ros2ws/install/differential_drive_robot/share/differential_drive_robot/package.ps1'
[0.798s] INFO:colcon.colcon_core.shell:Creating package descriptor '/home/rmi/ros2ws/install/differential_drive_robot/share/differential_drive_robot/package.dsv'
[0.799s] INFO:colcon.colcon_core.shell:Creating package script '/home/rmi/ros2ws/install/differential_drive_robot/share/differential_drive_robot/package.sh'
[0.799s] INFO:colcon.colcon_core.shell:Creating package script '/home/rmi/ros2ws/install/differential_drive_robot/share/differential_drive_robot/package.bash'
[0.800s] INFO:colcon.colcon_core.shell:Creating package script '/home/rmi/ros2ws/install/differential_drive_robot/share/differential_drive_robot/package.zsh'
[0.800s] Level 1:colcon.colcon_core.environment:create_file_with_runtime_dependencies(/home/rmi/ros2ws/install/differential_drive_robot/share/colcon-core/packages/differential_drive_robot)
[0.801s] Level 1:colcon.colcon_core.environment:create_environment_scripts_only(differential_drive_robot)
[0.801s] Level 1:colcon.colcon_core.environment:checking '/home/rmi/ros2ws/install/differential_drive_robot' for CMake module files
[0.802s] Level 1:colcon.colcon_core.environment:checking '/home/rmi/ros2ws/install/differential_drive_robot' for CMake config files
[0.802s] Level 1:colcon.colcon_core.shell:create_environment_hook('differential_drive_robot', 'cmake_prefix_path')
[0.802s] INFO:colcon.colcon_core.shell:Creating environment hook '/home/rmi/ros2ws/install/differential_drive_robot/share/differential_drive_robot/hook/cmake_prefix_path.ps1'
[0.803s] INFO:colcon.colcon_core.shell:Creating environment descriptor '/home/rmi/ros2ws/install/differential_drive_robot/share/differential_drive_robot/hook/cmake_prefix_path.dsv'
[0.803s] INFO:colcon.colcon_core.shell:Creating environment hook '/home/rmi/ros2ws/install/differential_drive_robot/share/differential_drive_robot/hook/cmake_prefix_path.sh'
[0.804s] Level 1:colcon.colcon_core.environment:checking '/home/rmi/ros2ws/install/differential_drive_robot/bin'
[0.804s] Level 1:colcon.colcon_core.environment:checking '/home/rmi/ros2ws/install/differential_drive_robot/lib/pkgconfig/differential_drive_robot.pc'
[0.804s] Level 1:colcon.colcon_core.environment:checking '/home/rmi/ros2ws/install/differential_drive_robot/lib/python3.10/site-packages'
[0.805s] Level 1:colcon.colcon_core.environment:checking '/home/rmi/ros2ws/install/differential_drive_robot/bin'
[0.805s] INFO:colcon.colcon_core.shell:Creating package script '/home/rmi/ros2ws/install/differential_drive_robot/share/differential_drive_robot/package.ps1'
[0.806s] INFO:colcon.colcon_core.shell:Creating package descriptor '/home/rmi/ros2ws/install/differential_drive_robot/share/differential_drive_robot/package.dsv'
[0.806s] INFO:colcon.colcon_core.shell:Creating package script '/home/rmi/ros2ws/install/differential_drive_robot/share/differential_drive_robot/package.sh'
[0.807s] INFO:colcon.colcon_core.shell:Creating package script '/home/rmi/ros2ws/install/differential_drive_robot/share/differential_drive_robot/package.bash'
[0.807s] INFO:colcon.colcon_core.shell:Creating package script '/home/rmi/ros2ws/install/differential_drive_robot/share/differential_drive_robot/package.zsh'
[0.808s] Level 1:colcon.colcon_core.environment:create_file_with_runtime_dependencies(/home/rmi/ros2ws/install/differential_drive_robot/share/colcon-core/packages/differential_drive_robot)
[0.818s] DEBUG:colcon.colcon_core.event_handler.log_command:Invoking command in '/home/rmi/ros2ws/build/my_robot_bringup': AMENT_PREFIX_PATH=/home/rmi/ros2ws/install/my_robot_description:${AMENT_PREFIX_PATH} CMAKE_PREFIX_PATH=/home/rmi/ros2ws/install/my_robot_description:/opt/ros/humble /usr/bin/cmake /home/rmi/ros2ws/src/my_robot_bringup -DAMENT_CMAKE_SYMLINK_INSTALL=1 -DCMAKE_INSTALL_PREFIX=/home/rmi/ros2ws/install/my_robot_bringup
[1.025s] DEBUG:colcon.colcon_core.event_handler.log_command:Invoked command in '/home/rmi/ros2ws/build/my_robot_bringup' returned '0': AMENT_PREFIX_PATH=/home/rmi/ros2ws/install/my_robot_description:${AMENT_PREFIX_PATH} CMAKE_PREFIX_PATH=/home/rmi/ros2ws/install/my_robot_description:/opt/ros/humble /usr/bin/cmake /home/rmi/ros2ws/src/my_robot_bringup -DAMENT_CMAKE_SYMLINK_INSTALL=1 -DCMAKE_INSTALL_PREFIX=/home/rmi/ros2ws/install/my_robot_bringup
[1.026s] DEBUG:colcon.colcon_core.event_handler.log_command:Invoking command in '/home/rmi/ros2ws/build/my_robot_bringup': AMENT_PREFIX_PATH=/home/rmi/ros2ws/install/my_robot_description:${AMENT_PREFIX_PATH} CMAKE_PREFIX_PATH=/home/rmi/ros2ws/install/my_robot_description:/opt/ros/humble /usr/bin/cmake --build /home/rmi/ros2ws/build/my_robot_bringup -- -j8 -l8
[1.045s] DEBUG:colcon.colcon_core.task.python.build:While undoing a previous installation files outside the Python library path are being ignored: /home/rmi/ros2ws/install/learning_tf2_py/share/ament_index/resource_index/packages/learning_tf2_py
[1.045s] DEBUG:colcon.colcon_core.task.python.build:While undoing a previous installation files outside the Python library path are being ignored: /home/rmi/ros2ws/install/learning_tf2_py/share/learning_tf2_py/package.xml
[1.048s] DEBUG:colcon.colcon_core.event_handler.log_command:Invoking command in '/home/rmi/ros2ws/build/learning_tf2_py': PYTHONPATH=/home/rmi/ros2ws/build/learning_tf2_py/prefix_override:/usr/lib/python3/dist-packages/colcon_core/task/python/colcon_distutils_commands:/home/rmi/ros2ws/install/learning_tf2_py/lib/python3.10/site-packages:${PYTHONPATH} /usr/bin/python3 -W ignore:setup.py install is deprecated -W ignore:easy_install command is deprecated setup.py develop --editable --build-directory /home/rmi/ros2ws/build/learning_tf2_py/build --no-deps symlink_data --force
[1.071s] DEBUG:colcon.colcon_core.event_handler.log_command:Invoked command in '/home/rmi/ros2ws/build/my_robot_bringup' returned '0': AMENT_PREFIX_PATH=/home/rmi/ros2ws/install/my_robot_description:${AMENT_PREFIX_PATH} CMAKE_PREFIX_PATH=/home/rmi/ros2ws/install/my_robot_description:/opt/ros/humble /usr/bin/cmake --build /home/rmi/ros2ws/build/my_robot_bringup -- -j8 -l8
[1.072s] DEBUG:colcon.colcon_core.event_handler.log_command:Invoking command in '/home/rmi/ros2ws/build/my_robot_bringup': AMENT_PREFIX_PATH=/home/rmi/ros2ws/install/my_robot_description:${AMENT_PREFIX_PATH} CMAKE_PREFIX_PATH=/home/rmi/ros2ws/install/my_robot_description:/opt/ros/humble /usr/bin/cmake --install /home/rmi/ros2ws/build/my_robot_bringup
[1.101s] Level 1:colcon.colcon_core.environment:create_environment_scripts_only(my_robot_bringup)
[1.102s] Level 1:colcon.colcon_core.environment:checking '/home/rmi/ros2ws/install/my_robot_bringup' for CMake module files
[1.102s] DEBUG:colcon.colcon_core.event_handler.log_command:Invoked command in '/home/rmi/ros2ws/build/my_robot_bringup' returned '0': AMENT_PREFIX_PATH=/home/rmi/ros2ws/install/my_robot_description:${AMENT_PREFIX_PATH} CMAKE_PREFIX_PATH=/home/rmi/ros2ws/install/my_robot_description:/opt/ros/humble /usr/bin/cmake --install /home/rmi/ros2ws/build/my_robot_bringup
[1.103s] Level 1:colcon.colcon_core.environment:checking '/home/rmi/ros2ws/install/my_robot_bringup' for CMake config files
[1.103s] Level 1:colcon.colcon_core.shell:create_environment_hook('my_robot_bringup', 'cmake_prefix_path')
[1.103s] INFO:colcon.colcon_core.shell:Creating environment hook '/home/rmi/ros2ws/install/my_robot_bringup/share/my_robot_bringup/hook/cmake_prefix_path.ps1'
[1.104s] INFO:colcon.colcon_core.shell:Creating environment descriptor '/home/rmi/ros2ws/install/my_robot_bringup/share/my_robot_bringup/hook/cmake_prefix_path.dsv'
[1.105s] INFO:colcon.colcon_core.shell:Creating environment hook '/home/rmi/ros2ws/install/my_robot_bringup/share/my_robot_bringup/hook/cmake_prefix_path.sh'
[1.105s] Level 1:colcon.colcon_core.environment:checking '/home/rmi/ros2ws/install/my_robot_bringup/bin'
[1.106s] Level 1:colcon.colcon_core.environment:checking '/home/rmi/ros2ws/install/my_robot_bringup/lib/pkgconfig/my_robot_bringup.pc'
[1.106s] Level 1:colcon.colcon_core.environment:checking '/home/rmi/ros2ws/install/my_robot_bringup/lib/python3.10/site-packages'
[1.106s] Level 1:colcon.colcon_core.environment:checking '/home/rmi/ros2ws/install/my_robot_bringup/bin'
[1.106s] INFO:colcon.colcon_core.shell:Creating package script '/home/rmi/ros2ws/install/my_robot_bringup/share/my_robot_bringup/package.ps1'
[1.107s] INFO:colcon.colcon_core.shell:Creating package descriptor '/home/rmi/ros2ws/install/my_robot_bringup/share/my_robot_bringup/package.dsv'
[1.107s] INFO:colcon.colcon_core.shell:Creating package script '/home/rmi/ros2ws/install/my_robot_bringup/share/my_robot_bringup/package.sh'
[1.108s] INFO:colcon.colcon_core.shell:Creating package script '/home/rmi/ros2ws/install/my_robot_bringup/share/my_robot_bringup/package.bash'
[1.108s] INFO:colcon.colcon_core.shell:Creating package script '/home/rmi/ros2ws/install/my_robot_bringup/share/my_robot_bringup/package.zsh'
[1.109s] Level 1:colcon.colcon_core.environment:create_file_with_runtime_dependencies(/home/rmi/ros2ws/install/my_robot_bringup/share/colcon-core/packages/my_robot_bringup)
[1.110s] Level 1:colcon.colcon_core.environment:create_environment_scripts_only(my_robot_bringup)
[1.110s] Level 1:colcon.colcon_core.environment:checking '/home/rmi/ros2ws/install/my_robot_bringup' for CMake module files
[1.111s] Level 1:colcon.colcon_core.environment:checking '/home/rmi/ros2ws/install/my_robot_bringup' for CMake config files
[1.111s] Level 1:colcon.colcon_core.shell:create_environment_hook('my_robot_bringup', 'cmake_prefix_path')
[1.111s] INFO:colcon.colcon_core.shell:Creating environment hook '/home/rmi/ros2ws/install/my_robot_bringup/share/my_robot_bringup/hook/cmake_prefix_path.ps1'
[1.112s] INFO:colcon.colcon_core.shell:Creating environment descriptor '/home/rmi/ros2ws/install/my_robot_bringup/share/my_robot_bringup/hook/cmake_prefix_path.dsv'
[1.112s] INFO:colcon.colcon_core.shell:Creating environment hook '/home/rmi/ros2ws/install/my_robot_bringup/share/my_robot_bringup/hook/cmake_prefix_path.sh'
[1.113s] Level 1:colcon.colcon_core.environment:checking '/home/rmi/ros2ws/install/my_robot_bringup/bin'
[1.113s] Level 1:colcon.colcon_core.environment:checking '/home/rmi/ros2ws/install/my_robot_bringup/lib/pkgconfig/my_robot_bringup.pc'
[1.113s] Level 1:colcon.colcon_core.environment:checking '/home/rmi/ros2ws/install/my_robot_bringup/lib/python3.10/site-packages'
[1.113s] Level 1:colcon.colcon_core.environment:checking '/home/rmi/ros2ws/install/my_robot_bringup/bin'
[1.114s] INFO:colcon.colcon_core.shell:Creating package script '/home/rmi/ros2ws/install/my_robot_bringup/share/my_robot_bringup/package.ps1'
[1.114s] INFO:colcon.colcon_core.shell:Creating package descriptor '/home/rmi/ros2ws/install/my_robot_bringup/share/my_robot_bringup/package.dsv'
[1.115s] INFO:colcon.colcon_core.shell:Creating package script '/home/rmi/ros2ws/install/my_robot_bringup/share/my_robot_bringup/package.sh'
[1.115s] INFO:colcon.colcon_core.shell:Creating package script '/home/rmi/ros2ws/install/my_robot_bringup/share/my_robot_bringup/package.bash'
[1.116s] INFO:colcon.colcon_core.shell:Creating package script '/home/rmi/ros2ws/install/my_robot_bringup/share/my_robot_bringup/package.zsh'
[1.117s] Level 1:colcon.colcon_core.environment:create_file_with_runtime_dependencies(/home/rmi/ros2ws/install/my_robot_bringup/share/colcon-core/packages/my_robot_bringup)
[1.420s] DEBUG:colcon.colcon_core.event_handler.log_command:Invoked command in '/home/rmi/ros2ws/build/serial_motor_demo_msgs' returned '0': CMAKE_PREFIX_PATH=/opt/ros/humble /usr/bin/cmake /home/rmi/ros2ws/src/serial_motor_demo/serial_motor_demo_msgs -DAMENT_CMAKE_SYMLINK_INSTALL=1 -DCMAKE_INSTALL_PREFIX=/home/rmi/ros2ws/install/serial_motor_demo_msgs
[1.422s] DEBUG:colcon.colcon_core.event_handler.log_command:Invoking command in '/home/rmi/ros2ws/build/serial_motor_demo_msgs': CMAKE_PREFIX_PATH=/opt/ros/humble /usr/bin/cmake --build /home/rmi/ros2ws/build/serial_motor_demo_msgs -- -j8 -l8
[1.500s] Level 1:colcon.colcon_core.shell:create_environment_hook('learning_tf2_py', 'pythonpath_develop')
[1.501s] INFO:colcon.colcon_core.shell:Creating environment hook '/home/rmi/ros2ws/build/learning_tf2_py/share/learning_tf2_py/hook/pythonpath_develop.ps1'
[1.501s] DEBUG:colcon.colcon_core.event_handler.log_command:Invoked command in '/home/rmi/ros2ws/build/learning_tf2_py' returned '0': PYTHONPATH=/home/rmi/ros2ws/build/learning_tf2_py/prefix_override:/usr/lib/python3/dist-packages/colcon_core/task/python/colcon_distutils_commands:/home/rmi/ros2ws/install/learning_tf2_py/lib/python3.10/site-packages:${PYTHONPATH} /usr/bin/python3 -W ignore:setup.py install is deprecated -W ignore:easy_install command is deprecated setup.py develop --editable --build-directory /home/rmi/ros2ws/build/learning_tf2_py/build --no-deps symlink_data --force
[1.502s] INFO:colcon.colcon_core.shell:Creating environment descriptor '/home/rmi/ros2ws/build/learning_tf2_py/share/learning_tf2_py/hook/pythonpath_develop.dsv'
[1.503s] INFO:colcon.colcon_core.shell:Creating environment hook '/home/rmi/ros2ws/build/learning_tf2_py/share/learning_tf2_py/hook/pythonpath_develop.sh'
[1.504s] Level 1:colcon.colcon_core.environment:checking '/home/rmi/ros2ws/install/learning_tf2_py' for CMake module files
[1.505s] Level 1:colcon.colcon_core.environment:checking '/home/rmi/ros2ws/install/learning_tf2_py' for CMake config files
[1.507s] Level 1:colcon.colcon_core.environment:checking '/home/rmi/ros2ws/install/learning_tf2_py/lib'
[1.507s] Level 1:colcon.colcon_core.environment:checking '/home/rmi/ros2ws/install/learning_tf2_py/bin'
[1.507s] Level 1:colcon.colcon_core.environment:checking '/home/rmi/ros2ws/install/learning_tf2_py/lib/pkgconfig/learning_tf2_py.pc'
[1.508s] Level 1:colcon.colcon_core.environment:checking '/home/rmi/ros2ws/install/learning_tf2_py/lib/python3.10/site-packages'
[1.508s] Level 1:colcon.colcon_core.shell:create_environment_hook('learning_tf2_py', 'pythonpath')
[1.508s] INFO:colcon.colcon_core.shell:Creating environment hook '/home/rmi/ros2ws/install/learning_tf2_py/share/learning_tf2_py/hook/pythonpath.ps1'
[1.509s] INFO:colcon.colcon_core.shell:Creating environment descriptor '/home/rmi/ros2ws/install/learning_tf2_py/share/learning_tf2_py/hook/pythonpath.dsv'
[1.510s] INFO:colcon.colcon_core.shell:Creating environment hook '/home/rmi/ros2ws/install/learning_tf2_py/share/learning_tf2_py/hook/pythonpath.sh'
[1.512s] Level 1:colcon.colcon_core.environment:checking '/home/rmi/ros2ws/install/learning_tf2_py/bin'
[1.512s] Level 1:colcon.colcon_core.environment:create_environment_scripts_only(learning_tf2_py)
[1.513s] INFO:colcon.colcon_core.shell:Creating package script '/home/rmi/ros2ws/install/learning_tf2_py/share/learning_tf2_py/package.ps1'
[1.514s] INFO:colcon.colcon_core.shell:Creating package descriptor '/home/rmi/ros2ws/install/learning_tf2_py/share/learning_tf2_py/package.dsv'
[1.515s] INFO:colcon.colcon_core.shell:Creating package script '/home/rmi/ros2ws/install/learning_tf2_py/share/learning_tf2_py/package.sh'
[1.516s] INFO:colcon.colcon_core.shell:Creating package script '/home/rmi/ros2ws/install/learning_tf2_py/share/learning_tf2_py/package.bash'
[1.517s] INFO:colcon.colcon_core.shell:Creating package script '/home/rmi/ros2ws/install/learning_tf2_py/share/learning_tf2_py/package.zsh'
[1.518s] Level 1:colcon.colcon_core.environment:create_file_with_runtime_dependencies(/home/rmi/ros2ws/install/learning_tf2_py/share/colcon-core/packages/learning_tf2_py)
[1.790s] DEBUG:colcon.colcon_core.event_handler.log_command:Invoked command in '/home/rmi/ros2ws/build/serial_motor_demo_msgs' returned '0': CMAKE_PREFIX_PATH=/opt/ros/humble /usr/bin/cmake --build /home/rmi/ros2ws/build/serial_motor_demo_msgs -- -j8 -l8
[1.792s] DEBUG:colcon.colcon_core.event_handler.log_command:Invoking command in '/home/rmi/ros2ws/build/serial_motor_demo_msgs': CMAKE_PREFIX_PATH=/opt/ros/humble /usr/bin/cmake --install /home/rmi/ros2ws/build/serial_motor_demo_msgs
[1.869s] Level 1:colcon.colcon_core.environment:create_environment_scripts_only(serial_motor_demo_msgs)
[1.869s] Level 1:colcon.colcon_core.environment:checking '/home/rmi/ros2ws/install/serial_motor_demo_msgs' for CMake module files
[1.870s] DEBUG:colcon.colcon_core.event_handler.log_command:Invoked command in '/home/rmi/ros2ws/build/serial_motor_demo_msgs' returned '0': CMAKE_PREFIX_PATH=/opt/ros/humble /usr/bin/cmake --install /home/rmi/ros2ws/build/serial_motor_demo_msgs
[1.871s] Level 1:colcon.colcon_core.environment:checking '/home/rmi/ros2ws/install/serial_motor_demo_msgs' for CMake config files
[1.871s] Level 1:colcon.colcon_core.shell:create_environment_hook('serial_motor_demo_msgs', 'cmake_prefix_path')
[1.872s] INFO:colcon.colcon_core.shell:Creating environment hook '/home/rmi/ros2ws/install/serial_motor_demo_msgs/share/serial_motor_demo_msgs/hook/cmake_prefix_path.ps1'
[1.872s] INFO:colcon.colcon_core.shell:Creating environment descriptor '/home/rmi/ros2ws/install/serial_motor_demo_msgs/share/serial_motor_demo_msgs/hook/cmake_prefix_path.dsv'
[1.873s] INFO:colcon.colcon_core.shell:Creating environment hook '/home/rmi/ros2ws/install/serial_motor_demo_msgs/share/serial_motor_demo_msgs/hook/cmake_prefix_path.sh'
[1.874s] Level 1:colcon.colcon_core.environment:checking '/home/rmi/ros2ws/install/serial_motor_demo_msgs/lib'
[1.874s] Level 1:colcon.colcon_core.shell:create_environment_hook('serial_motor_demo_msgs', 'ld_library_path_lib')
[1.874s] INFO:colcon.colcon_core.shell:Creating environment hook '/home/rmi/ros2ws/install/serial_motor_demo_msgs/share/serial_motor_demo_msgs/hook/ld_library_path_lib.ps1'
[1.874s] INFO:colcon.colcon_core.shell:Creating environment descriptor '/home/rmi/ros2ws/install/serial_motor_demo_msgs/share/serial_motor_demo_msgs/hook/ld_library_path_lib.dsv'
[1.875s] INFO:colcon.colcon_core.shell:Creating environment hook '/home/rmi/ros2ws/install/serial_motor_demo_msgs/share/serial_motor_demo_msgs/hook/ld_library_path_lib.sh'
[1.875s] Level 1:colcon.colcon_core.environment:checking '/home/rmi/ros2ws/install/serial_motor_demo_msgs/bin'
[1.875s] Level 1:colcon.colcon_core.environment:checking '/home/rmi/ros2ws/install/serial_motor_demo_msgs/lib/pkgconfig/serial_motor_demo_msgs.pc'
[1.875s] Level 1:colcon.colcon_core.environment:checking '/home/rmi/ros2ws/install/serial_motor_demo_msgs/lib/python3.10/site-packages'
[1.876s] Level 1:colcon.colcon_core.environment:checking '/home/rmi/ros2ws/install/serial_motor_demo_msgs/bin'
[1.876s] INFO:colcon.colcon_core.shell:Creating package script '/home/rmi/ros2ws/install/serial_motor_demo_msgs/share/serial_motor_demo_msgs/package.ps1'
[1.877s] INFO:colcon.colcon_core.shell:Creating package descriptor '/home/rmi/ros2ws/install/serial_motor_demo_msgs/share/serial_motor_demo_msgs/package.dsv'
[1.877s] INFO:colcon.colcon_core.shell:Creating package script '/home/rmi/ros2ws/install/serial_motor_demo_msgs/share/serial_motor_demo_msgs/package.sh'
[1.877s] INFO:colcon.colcon_core.shell:Creating package script '/home/rmi/ros2ws/install/serial_motor_demo_msgs/share/serial_motor_demo_msgs/package.bash'
[1.878s] INFO:colcon.colcon_core.shell:Creating package script '/home/rmi/ros2ws/install/serial_motor_demo_msgs/share/serial_motor_demo_msgs/package.zsh'
[1.878s] Level 1:colcon.colcon_core.environment:create_file_with_runtime_dependencies(/home/rmi/ros2ws/install/serial_motor_demo_msgs/share/colcon-core/packages/serial_motor_demo_msgs)
[1.879s] Level 1:colcon.colcon_core.environment:create_environment_scripts_only(serial_motor_demo_msgs)
[1.879s] Level 1:colcon.colcon_core.environment:checking '/home/rmi/ros2ws/install/serial_motor_demo_msgs' for CMake module files
[1.880s] Level 1:colcon.colcon_core.environment:checking '/home/rmi/ros2ws/install/serial_motor_demo_msgs' for CMake config files
[1.880s] Level 1:colcon.colcon_core.shell:create_environment_hook('serial_motor_demo_msgs', 'cmake_prefix_path')
[1.881s] INFO:colcon.colcon_core.shell:Creating environment hook '/home/rmi/ros2ws/install/serial_motor_demo_msgs/share/serial_motor_demo_msgs/hook/cmake_prefix_path.ps1'
[1.881s] INFO:colcon.colcon_core.shell:Creating environment descriptor '/home/rmi/ros2ws/install/serial_motor_demo_msgs/share/serial_motor_demo_msgs/hook/cmake_prefix_path.dsv'
[1.882s] INFO:colcon.colcon_core.shell:Creating environment hook '/home/rmi/ros2ws/install/serial_motor_demo_msgs/share/serial_motor_demo_msgs/hook/cmake_prefix_path.sh'
[1.882s] Level 1:colcon.colcon_core.environment:checking '/home/rmi/ros2ws/install/serial_motor_demo_msgs/lib'
[1.882s] Level 1:colcon.colcon_core.shell:create_environment_hook('serial_motor_demo_msgs', 'ld_library_path_lib')
[1.882s] INFO:colcon.colcon_core.shell:Creating environment hook '/home/rmi/ros2ws/install/serial_motor_demo_msgs/share/serial_motor_demo_msgs/hook/ld_library_path_lib.ps1'
[1.883s] INFO:colcon.colcon_core.shell:Creating environment descriptor '/home/rmi/ros2ws/install/serial_motor_demo_msgs/share/serial_motor_demo_msgs/hook/ld_library_path_lib.dsv'
[1.883s] INFO:colcon.colcon_core.shell:Creating environment hook '/home/rmi/ros2ws/install/serial_motor_demo_msgs/share/serial_motor_demo_msgs/hook/ld_library_path_lib.sh'
[1.884s] Level 1:colcon.colcon_core.environment:checking '/home/rmi/ros2ws/install/serial_motor_demo_msgs/bin'
[1.884s] Level 1:colcon.colcon_core.environment:checking '/home/rmi/ros2ws/install/serial_motor_demo_msgs/lib/pkgconfig/serial_motor_demo_msgs.pc'
[1.884s] Level 1:colcon.colcon_core.environment:checking '/home/rmi/ros2ws/install/serial_motor_demo_msgs/lib/python3.10/site-packages'
[1.884s] Level 1:colcon.colcon_core.environment:checking '/home/rmi/ros2ws/install/serial_motor_demo_msgs/bin'
[1.885s] INFO:colcon.colcon_core.shell:Creating package script '/home/rmi/ros2ws/install/serial_motor_demo_msgs/share/serial_motor_demo_msgs/package.ps1'
[1.885s] INFO:colcon.colcon_core.shell:Creating package descriptor '/home/rmi/ros2ws/install/serial_motor_demo_msgs/share/serial_motor_demo_msgs/package.dsv'
[1.886s] INFO:colcon.colcon_core.shell:Creating package script '/home/rmi/ros2ws/install/serial_motor_demo_msgs/share/serial_motor_demo_msgs/package.sh'
[1.886s] INFO:colcon.colcon_core.shell:Creating package script '/home/rmi/ros2ws/install/serial_motor_demo_msgs/share/serial_motor_demo_msgs/package.bash'
[1.887s] INFO:colcon.colcon_core.shell:Creating package script '/home/rmi/ros2ws/install/serial_motor_demo_msgs/share/serial_motor_demo_msgs/package.zsh'
[1.887s] Level 1:colcon.colcon_core.environment:create_file_with_runtime_dependencies(/home/rmi/ros2ws/install/serial_motor_demo_msgs/share/colcon-core/packages/serial_motor_demo_msgs)
[1.888s] INFO:colcon.colcon_ros.task.ament_python.build:Building ROS package in '/home/rmi/ros2ws/src/serial_motor_demo/serial_motor_demo' with build type 'ament_python'
[1.888s] Level 1:colcon.colcon_core.shell:create_environment_hook('serial_motor_demo', 'ament_prefix_path')
[1.888s] INFO:colcon.colcon_core.shell:Creating environment hook '/home/rmi/ros2ws/install/serial_motor_demo/share/serial_motor_demo/hook/ament_prefix_path.ps1'
[1.889s] INFO:colcon.colcon_core.shell:Creating environment descriptor '/home/rmi/ros2ws/install/serial_motor_demo/share/serial_motor_demo/hook/ament_prefix_path.dsv'
[1.890s] INFO:colcon.colcon_core.shell:Creating environment hook '/home/rmi/ros2ws/install/serial_motor_demo/share/serial_motor_demo/hook/ament_prefix_path.sh'
[1.891s] INFO:colcon.colcon_core.shell:Skip shell extension 'powershell' for command environment: Not usable outside of PowerShell
[1.891s] DEBUG:colcon.colcon_core.shell:Skip shell extension 'dsv' for command environment
[2.149s] INFO:colcon.colcon_core.task.python.build:Building Python package in '/home/rmi/ros2ws/src/serial_motor_demo/serial_motor_demo'
[2.149s] INFO:colcon.colcon_core.shell:Skip shell extension 'powershell' for command environment: Not usable outside of PowerShell
[2.149s] DEBUG:colcon.colcon_core.shell:Skip shell extension 'dsv' for command environment
[2.482s] DEBUG:colcon.colcon_core.task.python.build:While undoing a previous installation files outside the Python library path are being ignored: /home/rmi/ros2ws/install/serial_motor_demo/share/ament_index/resource_index/packages/serial_motor_demo
[2.482s] DEBUG:colcon.colcon_core.task.python.build:While undoing a previous installation files outside the Python library path are being ignored: /home/rmi/ros2ws/install/serial_motor_demo/share/serial_motor_demo/package.xml
[2.482s] DEBUG:colcon.colcon_core.task.python.build:While undoing a previous installation files outside the Python library path are being ignored: /home/rmi/ros2ws/install/serial_motor_demo/lib/serial_motor_demo/driver
[2.482s] DEBUG:colcon.colcon_core.task.python.build:While undoing a previous installation files outside the Python library path are being ignored: /home/rmi/ros2ws/install/serial_motor_demo/lib/serial_motor_demo/gui
[2.486s] DEBUG:colcon.colcon_core.event_handler.log_command:Invoking command in '/home/rmi/ros2ws/build/serial_motor_demo': AMENT_PREFIX_PATH=/home/rmi/ros2ws/install/serial_motor_demo_msgs:${AMENT_PREFIX_PATH} CMAKE_PREFIX_PATH=/home/rmi/ros2ws/install/serial_motor_demo_msgs LD_LIBRARY_PATH=/home/rmi/ros2ws/install/serial_motor_demo_msgs/lib:${LD_LIBRARY_PATH} PYTHONPATH=/home/rmi/ros2ws/build/serial_motor_demo/prefix_override:/usr/lib/python3/dist-packages/colcon_core/task/python/colcon_distutils_commands:/home/rmi/ros2ws/install/serial_motor_demo/lib/python3.10/site-packages:/home/rmi/ros2ws/install/serial_motor_demo_msgs/local/lib/python3.10/dist-packages:${PYTHONPATH} /usr/bin/python3 -W ignore:setup.py install is deprecated -W ignore:easy_install command is deprecated setup.py develop --editable --build-directory /home/rmi/ros2ws/build/serial_motor_demo/build --no-deps symlink_data --force
[2.895s] Level 1:colcon.colcon_core.shell:create_environment_hook('serial_motor_demo', 'pythonpath_develop')
[2.895s] INFO:colcon.colcon_core.shell:Creating environment hook '/home/rmi/ros2ws/build/serial_motor_demo/share/serial_motor_demo/hook/pythonpath_develop.ps1'
[2.896s] DEBUG:colcon.colcon_core.event_handler.log_command:Invoked command in '/home/rmi/ros2ws/build/serial_motor_demo' returned '0': AMENT_PREFIX_PATH=/home/rmi/ros2ws/install/serial_motor_demo_msgs:${AMENT_PREFIX_PATH} CMAKE_PREFIX_PATH=/home/rmi/ros2ws/install/serial_motor_demo_msgs LD_LIBRARY_PATH=/home/rmi/ros2ws/install/serial_motor_demo_msgs/lib:${LD_LIBRARY_PATH} PYTHONPATH=/home/rmi/ros2ws/build/serial_motor_demo/prefix_override:/usr/lib/python3/dist-packages/colcon_core/task/python/colcon_distutils_commands:/home/rmi/ros2ws/install/serial_motor_demo/lib/python3.10/site-packages:/home/rmi/ros2ws/install/serial_motor_demo_msgs/local/lib/python3.10/dist-packages:${PYTHONPATH} /usr/bin/python3 -W ignore:setup.py install is deprecated -W ignore:easy_install command is deprecated setup.py develop --editable --build-directory /home/rmi/ros2ws/build/serial_motor_demo/build --no-deps symlink_data --force
[2.897s] INFO:colcon.colcon_core.shell:Creating environment descriptor '/home/rmi/ros2ws/build/serial_motor_demo/share/serial_motor_demo/hook/pythonpath_develop.dsv'
[2.898s] INFO:colcon.colcon_core.shell:Creating environment hook '/home/rmi/ros2ws/build/serial_motor_demo/share/serial_motor_demo/hook/pythonpath_develop.sh'
[2.899s] Level 1:colcon.colcon_core.environment:checking '/home/rmi/ros2ws/install/serial_motor_demo' for CMake module files
[2.899s] Level 1:colcon.colcon_core.environment:checking '/home/rmi/ros2ws/install/serial_motor_demo' for CMake config files
[2.900s] Level 1:colcon.colcon_core.environment:checking '/home/rmi/ros2ws/install/serial_motor_demo/lib'
[2.900s] Level 1:colcon.colcon_core.environment:checking '/home/rmi/ros2ws/install/serial_motor_demo/bin'
[2.900s] Level 1:colcon.colcon_core.environment:checking '/home/rmi/ros2ws/install/serial_motor_demo/lib/pkgconfig/serial_motor_demo.pc'
[2.900s] Level 1:colcon.colcon_core.environment:checking '/home/rmi/ros2ws/install/serial_motor_demo/lib/python3.10/site-packages'
[2.900s] Level 1:colcon.colcon_core.shell:create_environment_hook('serial_motor_demo', 'pythonpath')
[2.900s] INFO:colcon.colcon_core.shell:Creating environment hook '/home/rmi/ros2ws/install/serial_motor_demo/share/serial_motor_demo/hook/pythonpath.ps1'
[2.901s] INFO:colcon.colcon_core.shell:Creating environment descriptor '/home/rmi/ros2ws/install/serial_motor_demo/share/serial_motor_demo/hook/pythonpath.dsv'
[2.901s] INFO:colcon.colcon_core.shell:Creating environment hook '/home/rmi/ros2ws/install/serial_motor_demo/share/serial_motor_demo/hook/pythonpath.sh'
[2.902s] Level 1:colcon.colcon_core.environment:checking '/home/rmi/ros2ws/install/serial_motor_demo/bin'
[2.902s] Level 1:colcon.colcon_core.environment:create_environment_scripts_only(serial_motor_demo)
[2.903s] INFO:colcon.colcon_core.shell:Creating package script '/home/rmi/ros2ws/install/serial_motor_demo/share/serial_motor_demo/package.ps1'
[2.904s] INFO:colcon.colcon_core.shell:Creating package descriptor '/home/rmi/ros2ws/install/serial_motor_demo/share/serial_motor_demo/package.dsv'
[2.905s] INFO:colcon.colcon_core.shell:Creating package script '/home/rmi/ros2ws/install/serial_motor_demo/share/serial_motor_demo/package.sh'
[2.906s] INFO:colcon.colcon_core.shell:Creating package script '/home/rmi/ros2ws/install/serial_motor_demo/share/serial_motor_demo/package.bash'
[2.906s] INFO:colcon.colcon_core.shell:Creating package script '/home/rmi/ros2ws/install/serial_motor_demo/share/serial_motor_demo/package.zsh'
[2.907s] Level 1:colcon.colcon_core.environment:create_file_with_runtime_dependencies(/home/rmi/ros2ws/install/serial_motor_demo/share/colcon-core/packages/serial_motor_demo)
[2.908s] DEBUG:colcon.colcon_parallel_executor.executor.parallel:closing loop
[2.908s] DEBUG:colcon.colcon_parallel_executor.executor.parallel:loop closed
[2.909s] DEBUG:colcon.colcon_parallel_executor.executor.parallel:run_until_complete finished with '0'
[2.909s] DEBUG:colcon.colcon_core.event_reactor:joining thread
[2.914s] INFO:colcon.colcon_core.plugin_system:Skipping extension 'colcon_notification.desktop_notification.notify_send': Could not find 'notify-send'
[2.914s] INFO:colcon.colcon_core.plugin_system:Skipping extension 'colcon_notification.desktop_notification.terminal_notifier': Not used on non-Darwin systems
[2.914s] INFO:colcon.colcon_core.plugin_system:Skipping extension 'colcon_notification.desktop_notification.win32': Not used on non-Windows systems
[2.914s] INFO:colcon.colcon_notification.desktop_notification:Sending desktop notification using 'notify2'
[2.916s] DEBUG:colcon.colcon_notification.desktop_notification.notify2:Failed to initialize notify2: org.freedesktop.DBus.Error.ServiceUnknown: The name org.freedesktop.Notifications was not provided by any .service files
[2.916s] DEBUG:colcon.colcon_core.event_reactor:joined thread
[2.916s] INFO:colcon.colcon_core.shell:Creating prefix script '/home/rmi/ros2ws/install/local_setup.ps1'
[2.918s] INFO:colcon.colcon_core.shell:Creating prefix util module '/home/rmi/ros2ws/install/_local_setup_util_ps1.py'
[2.919s] INFO:colcon.colcon_core.shell:Creating prefix chain script '/home/rmi/ros2ws/install/setup.ps1'
[2.921s] INFO:colcon.colcon_core.shell:Creating prefix script '/home/rmi/ros2ws/install/local_setup.sh'
[2.922s] INFO:colcon.colcon_core.shell:Creating prefix util module '/home/rmi/ros2ws/install/_local_setup_util_sh.py'
[2.923s] INFO:colcon.colcon_core.shell:Creating prefix chain script '/home/rmi/ros2ws/install/setup.sh'
[2.924s] INFO:colcon.colcon_core.shell:Creating prefix script '/home/rmi/ros2ws/install/local_setup.bash'
[2.925s] INFO:colcon.colcon_core.shell:Creating prefix chain script '/home/rmi/ros2ws/install/setup.bash'
[2.926s] INFO:colcon.colcon_core.shell:Creating prefix script '/home/rmi/ros2ws/install/local_setup.zsh'
[2.927s] INFO:colcon.colcon_core.shell:Creating prefix chain script '/home/rmi/ros2ws/install/setup.zsh'
