[0.033s] Invoking command in '/home/rmi/ros2ws/src/build/differential_drive_robot': CMAKE_PREFIX_PATH=${CMAKE_PREFIX_PATH}:/home/rmi/ros2ws/install/serial_motor_demo:/home/rmi/ros2ws/install/learning_tf2_py:/opt/ros/humble /usr/bin/cmake /home/rmi/ros2ws/src/differential_drive_robot -DAMENT_CMAKE_SYMLINK_INSTALL=1 -DCMAKE_INSTALL_PREFIX=/home/rmi/ros2ws/src/install/differential_drive_robot
[0.244s] -- The C compiler identification is GNU 11.4.0
[0.392s] -- The CXX compiler identification is GNU 11.4.0
[0.409s] -- Detecting C compiler ABI info
[0.526s] -- Detecting C compiler ABI info - done
[0.539s] -- Check for working C compiler: /usr/bin/cc - skipped
[0.539s] -- Detecting C compile features
[0.539s] -- Detecting C compile features - done
[0.544s] -- Detecting CXX compiler ABI info
[0.674s] -- Detecting CXX compiler ABI info - done
[0.682s] -- Check for working CXX compiler: /usr/bin/c++ - skipped
[0.682s] -- Detecting CXX compile features
[0.682s] -- Detecting CXX compile features - done
[0.686s] -- Found ament_cmake: 1.3.11 (/opt/ros/humble/share/ament_cmake/cmake)
[0.863s] -- Found Python3: /usr/bin/python3 (found version "3.10.12") found components: Interpreter 
[0.934s] -- Override CMake install command with custom implementation using symlinks instead of copying resources
[1.019s] -- Found ament_lint_auto: 0.12.11 (/opt/ros/humble/share/ament_lint_auto/cmake)
[1.141s] -- Added test 'lint_cmake' to check CMake code style
[1.145s] -- Added test 'xmllint' to check XML markup files
[1.147s] -- Configuring done
[1.151s] -- Generating done
[1.153s] -- Build files have been written to: /home/rmi/ros2ws/src/build/differential_drive_robot
[1.159s] Invoked command in '/home/rmi/ros2ws/src/build/differential_drive_robot' returned '0': CMAKE_PREFIX_PATH=${CMAKE_PREFIX_PATH}:/home/rmi/ros2ws/install/serial_motor_demo:/home/rmi/ros2ws/install/learning_tf2_py:/opt/ros/humble /usr/bin/cmake /home/rmi/ros2ws/src/differential_drive_robot -DAMENT_CMAKE_SYMLINK_INSTALL=1 -DCMAKE_INSTALL_PREFIX=/home/rmi/ros2ws/src/install/differential_drive_robot
[1.160s] Invoking command in '/home/rmi/ros2ws/src/build/differential_drive_robot': CMAKE_PREFIX_PATH=${CMAKE_PREFIX_PATH}:/home/rmi/ros2ws/install/serial_motor_demo:/home/rmi/ros2ws/install/learning_tf2_py:/opt/ros/humble /usr/bin/cmake --build /home/rmi/ros2ws/src/build/differential_drive_robot -- -j8 -l8
[1.213s] Invoked command in '/home/rmi/ros2ws/src/build/differential_drive_robot' returned '0': CMAKE_PREFIX_PATH=${CMAKE_PREFIX_PATH}:/home/rmi/ros2ws/install/serial_motor_demo:/home/rmi/ros2ws/install/learning_tf2_py:/opt/ros/humble /usr/bin/cmake --build /home/rmi/ros2ws/src/build/differential_drive_robot -- -j8 -l8
[1.215s] Invoking command in '/home/rmi/ros2ws/src/build/differential_drive_robot': CMAKE_PREFIX_PATH=${CMAKE_PREFIX_PATH}:/home/rmi/ros2ws/install/serial_motor_demo:/home/rmi/ros2ws/install/learning_tf2_py:/opt/ros/humble /usr/bin/cmake --install /home/rmi/ros2ws/src/build/differential_drive_robot
[1.227s] -- Install configuration: ""
[1.227s] -- Execute custom install script
[1.228s] -- Symlinking: /home/rmi/ros2ws/src/install/differential_drive_robot/share/ament_index/resource_index/package_run_dependencies/differential_drive_robot
[1.240s] -- Symlinking: /home/rmi/ros2ws/src/install/differential_drive_robot/share/ament_index/resource_index/parent_prefix_path/differential_drive_robot
[1.253s] -- Symlinking: /home/rmi/ros2ws/src/install/differential_drive_robot/share/differential_drive_robot/environment/ament_prefix_path.sh
[1.265s] -- Symlinking: /home/rmi/ros2ws/src/install/differential_drive_robot/share/differential_drive_robot/environment/ament_prefix_path.dsv
[1.277s] -- Symlinking: /home/rmi/ros2ws/src/install/differential_drive_robot/share/differential_drive_robot/environment/path.sh
[1.290s] -- Symlinking: /home/rmi/ros2ws/src/install/differential_drive_robot/share/differential_drive_robot/environment/path.dsv
[1.303s] -- Symlinking: /home/rmi/ros2ws/src/install/differential_drive_robot/share/differential_drive_robot/local_setup.bash
[1.315s] -- Symlinking: /home/rmi/ros2ws/src/install/differential_drive_robot/share/differential_drive_robot/local_setup.sh
[1.327s] -- Symlinking: /home/rmi/ros2ws/src/install/differential_drive_robot/share/differential_drive_robot/local_setup.zsh
[1.341s] -- Symlinking: /home/rmi/ros2ws/src/install/differential_drive_robot/share/differential_drive_robot/local_setup.dsv
[1.352s] -- Symlinking: /home/rmi/ros2ws/src/install/differential_drive_robot/share/differential_drive_robot/package.dsv
[1.363s] -- Symlinking: /home/rmi/ros2ws/src/install/differential_drive_robot/share/ament_index/resource_index/packages/differential_drive_robot
[1.375s] -- Symlinking: /home/rmi/ros2ws/src/install/differential_drive_robot/share/differential_drive_robot/cmake/differential_drive_robotConfig.cmake
[1.387s] -- Symlinking: /home/rmi/ros2ws/src/install/differential_drive_robot/share/differential_drive_robot/cmake/differential_drive_robotConfig-version.cmake
[1.399s] -- Symlinking: /home/rmi/ros2ws/src/install/differential_drive_robot/share/differential_drive_robot/package.xml
[1.413s] Invoked command in '/home/rmi/ros2ws/src/build/differential_drive_robot' returned '0': CMAKE_PREFIX_PATH=${CMAKE_PREFIX_PATH}:/home/rmi/ros2ws/install/serial_motor_demo:/home/rmi/ros2ws/install/learning_tf2_py:/opt/ros/humble /usr/bin/cmake --install /home/rmi/ros2ws/src/build/differential_drive_robot
