[0.589s] Invoking command in '/home/rmi/ros2ws/build/serial_motor_demo': AMENT_PREFIX_PATH=/home/rmi/ros2ws/install/serial_motor_demo_msgs:${AMENT_PREFIX_PATH} CMAKE_PREFIX_PATH=/home/rmi/ros2ws/install/serial_motor_demo_msgs LD_LIBRARY_PATH=/home/rmi/ros2ws/install/serial_motor_demo_msgs/lib:${LD_LIBRARY_PATH} PYTHONPATH=/home/rmi/ros2ws/build/serial_motor_demo/prefix_override:/usr/lib/python3/dist-packages/colcon_core/task/python/colcon_distutils_commands:/home/rmi/ros2ws/install/serial_motor_demo/lib/python3.10/site-packages:/home/rmi/ros2ws/install/serial_motor_demo_msgs/local/lib/python3.10/dist-packages:${PYTHONPATH} /usr/bin/python3 -W ignore:setup.py install is deprecated -W ignore:easy_install command is deprecated setup.py develop --uninstall --editable --build-directory /home/rmi/ros2ws/build/serial_motor_demo/build
[0.792s] /usr/lib/python3/dist-packages/setuptools/dist.py:723: UserWarning: Usage of dash-separated 'script-dir' will not be supported in future versions. Please use the underscore name 'script_dir' instead
[0.792s]   warnings.warn(
[0.815s] running develop
[0.963s] Removing /home/rmi/ros2ws/install/serial_motor_demo/lib/python3.10/site-packages/serial-motor-demo.egg-link (link to .)
[0.986s] Invoked command in '/home/rmi/ros2ws/build/serial_motor_demo' returned '0': AMENT_PREFIX_PATH=/home/rmi/ros2ws/install/serial_motor_demo_msgs:${AMENT_PREFIX_PATH} CMAKE_PREFIX_PATH=/home/rmi/ros2ws/install/serial_motor_demo_msgs LD_LIBRARY_PATH=/home/rmi/ros2ws/install/serial_motor_demo_msgs/lib:${LD_LIBRARY_PATH} PYTHONPATH=/home/rmi/ros2ws/build/serial_motor_demo/prefix_override:/usr/lib/python3/dist-packages/colcon_core/task/python/colcon_distutils_commands:/home/rmi/ros2ws/install/serial_motor_demo/lib/python3.10/site-packages:/home/rmi/ros2ws/install/serial_motor_demo_msgs/local/lib/python3.10/dist-packages:${PYTHONPATH} /usr/bin/python3 -W ignore:setup.py install is deprecated -W ignore:easy_install command is deprecated setup.py develop --uninstall --editable --build-directory /home/rmi/ros2ws/build/serial_motor_demo/build
[0.988s] Invoking command in '/home/rmi/ros2ws/src/serial_motor_demo/serial_motor_demo': AMENT_PREFIX_PATH=/home/rmi/ros2ws/install/serial_motor_demo_msgs:${AMENT_PREFIX_PATH} CMAKE_PREFIX_PATH=/home/rmi/ros2ws/install/serial_motor_demo_msgs LD_LIBRARY_PATH=/home/rmi/ros2ws/install/serial_motor_demo_msgs/lib:${LD_LIBRARY_PATH} PYTHONPATH=/home/rmi/ros2ws/build/serial_motor_demo/prefix_override:/usr/lib/python3/dist-packages/colcon_core/task/python/colcon_distutils_commands:/home/rmi/ros2ws/install/serial_motor_demo/lib/python3.10/site-packages:/home/rmi/ros2ws/install/serial_motor_demo_msgs/local/lib/python3.10/dist-packages:${PYTHONPATH} /usr/bin/python3 -W ignore:setup.py install is deprecated -W ignore:easy_install command is deprecated setup.py egg_info --egg-base ../../../build/serial_motor_demo build --build-base /home/rmi/ros2ws/build/serial_motor_demo/build install --record /home/rmi/ros2ws/build/serial_motor_demo/install.log --install-scripts $base/lib/serial_motor_demo --single-version-externally-managed install_data --force
[1.204s] /usr/lib/python3/dist-packages/setuptools/dist.py:723: UserWarning: Usage of dash-separated 'script-dir' will not be supported in future versions. Please use the underscore name 'script_dir' instead
[1.204s]   warnings.warn(
[1.211s] running egg_info
[1.212s] writing ../../../build/serial_motor_demo/serial_motor_demo.egg-info/PKG-INFO
[1.212s] writing dependency_links to ../../../build/serial_motor_demo/serial_motor_demo.egg-info/dependency_links.txt
[1.213s] writing entry points to ../../../build/serial_motor_demo/serial_motor_demo.egg-info/entry_points.txt
[1.213s] writing requirements to ../../../build/serial_motor_demo/serial_motor_demo.egg-info/requires.txt
[1.213s] writing top-level names to ../../../build/serial_motor_demo/serial_motor_demo.egg-info/top_level.txt
[1.215s] reading manifest file '../../../build/serial_motor_demo/serial_motor_demo.egg-info/SOURCES.txt'
[1.216s] writing manifest file '../../../build/serial_motor_demo/serial_motor_demo.egg-info/SOURCES.txt'
[1.216s] running build
[1.216s] running build_py
[1.217s] running install
[1.217s] running install_lib
[1.218s] creating /home/rmi/ros2ws/install/serial_motor_demo/lib/python3.10/site-packages/serial_motor_demo
[1.218s] copying /home/rmi/ros2ws/build/serial_motor_demo/build/lib/serial_motor_demo/gui.py -> /home/rmi/ros2ws/install/serial_motor_demo/lib/python3.10/site-packages/serial_motor_demo
[1.218s] copying /home/rmi/ros2ws/build/serial_motor_demo/build/lib/serial_motor_demo/driver.py -> /home/rmi/ros2ws/install/serial_motor_demo/lib/python3.10/site-packages/serial_motor_demo
[1.218s] copying /home/rmi/ros2ws/build/serial_motor_demo/build/lib/serial_motor_demo/__init__.py -> /home/rmi/ros2ws/install/serial_motor_demo/lib/python3.10/site-packages/serial_motor_demo
[1.219s] byte-compiling /home/rmi/ros2ws/install/serial_motor_demo/lib/python3.10/site-packages/serial_motor_demo/gui.py to gui.cpython-310.pyc
[1.220s] byte-compiling /home/rmi/ros2ws/install/serial_motor_demo/lib/python3.10/site-packages/serial_motor_demo/driver.py to driver.cpython-310.pyc
[1.221s] byte-compiling /home/rmi/ros2ws/install/serial_motor_demo/lib/python3.10/site-packages/serial_motor_demo/__init__.py to __init__.cpython-310.pyc
[1.222s] running install_data
[1.222s] copying resource/serial_motor_demo -> /home/rmi/ros2ws/install/serial_motor_demo/share/ament_index/resource_index/packages
[1.222s] copying package.xml -> /home/rmi/ros2ws/install/serial_motor_demo/share/serial_motor_demo
[1.222s] running install_egg_info
[1.224s] Copying ../../../build/serial_motor_demo/serial_motor_demo.egg-info to /home/rmi/ros2ws/install/serial_motor_demo/lib/python3.10/site-packages/serial_motor_demo-0.0.0-py3.10.egg-info
[1.225s] running install_scripts
[1.243s] Installing driver script to /home/rmi/ros2ws/install/serial_motor_demo/lib/serial_motor_demo
[1.243s] Installing gui script to /home/rmi/ros2ws/install/serial_motor_demo/lib/serial_motor_demo
[1.244s] writing list of installed files to '/home/rmi/ros2ws/build/serial_motor_demo/install.log'
[1.264s] Invoked command in '/home/rmi/ros2ws/src/serial_motor_demo/serial_motor_demo' returned '0': AMENT_PREFIX_PATH=/home/rmi/ros2ws/install/serial_motor_demo_msgs:${AMENT_PREFIX_PATH} CMAKE_PREFIX_PATH=/home/rmi/ros2ws/install/serial_motor_demo_msgs LD_LIBRARY_PATH=/home/rmi/ros2ws/install/serial_motor_demo_msgs/lib:${LD_LIBRARY_PATH} PYTHONPATH=/home/rmi/ros2ws/build/serial_motor_demo/prefix_override:/usr/lib/python3/dist-packages/colcon_core/task/python/colcon_distutils_commands:/home/rmi/ros2ws/install/serial_motor_demo/lib/python3.10/site-packages:/home/rmi/ros2ws/install/serial_motor_demo_msgs/local/lib/python3.10/dist-packages:${PYTHONPATH} /usr/bin/python3 -W ignore:setup.py install is deprecated -W ignore:easy_install command is deprecated setup.py egg_info --egg-base ../../../build/serial_motor_demo build --build-base /home/rmi/ros2ws/build/serial_motor_demo/build install --record /home/rmi/ros2ws/build/serial_motor_demo/install.log --install-scripts $base/lib/serial_motor_demo --single-version-externally-managed install_data --force
