[0.056s] Invoking command in '/home/rmi/ros2ws/build/serial_motor_demo_msgs': CMAKE_PREFIX_PATH=${CMAKE_PREFIX_PATH}:/home/rmi/ros2ws/install/serial_motor_demo:/opt/ros/humble /usr/bin/cmake /home/rmi/ros2ws/src/serial_motor_demo/serial_motor_demo_msgs -DCMAKE_INSTALL_PREFIX=/home/rmi/ros2ws/install/serial_motor_demo_msgs
[0.308s] -- Found ament_cmake: 1.3.11 (/opt/ros/humble/share/ament_cmake/cmake)
[0.737s] -- Override CMake install command with custom implementation using symlinks instead of copying resources
[0.836s] -- Found ament_lint_auto: 0.12.11 (/opt/ros/humble/share/ament_lint_auto/cmake)
[1.113s] -- Found rosidl_default_generators: 1.2.0 (/opt/ros/humble/share/rosidl_default_generators/cmake)
[1.136s] -- Using all available rosidl_typesupport_c: rosidl_typesupport_fastrtps_c;rosidl_typesupport_introspection_c
[1.153s] -- Found rosidl_adapter: 3.1.6 (/opt/ros/humble/share/rosidl_adapter/cmake)
[1.325s] -- Using all available rosidl_typesupport_cpp: rosidl_typesupport_fastrtps_cpp;rosidl_typesupport_introspection_cpp
[2.025s] -- Found ament_cmake_ros: 0.10.0 (/opt/ros/humble/share/ament_cmake_ros/cmake)
[2.592s] -- Using all available rosidl_typesupport_c: rosidl_typesupport_fastrtps_c;rosidl_typesupport_introspection_c
[3.380s] -- Using all available rosidl_typesupport_cpp: rosidl_typesupport_fastrtps_cpp;rosidl_typesupport_introspection_cpp
[3.453s] -- Found python_cmake_module: 0.10.0 (/opt/ros/humble/share/python_cmake_module/cmake)
[3.520s] -- Using PYTHON_EXECUTABLE: /usr/bin/python3
[3.520s] -- Using PYTHON_INCLUDE_DIRS: /usr/include/python3.10
[3.520s] -- Using PYTHON_LIBRARIES: /usr/lib/x86_64-linux-gnu/libpython3.10.so
[3.600s] -- Added test 'copyright' to check source files copyright and LICENSE
[3.608s] -- Added test 'lint_cmake' to check CMake code style
[3.613s] -- Added test 'xmllint' to check XML markup files
[3.685s] -- Configuring done
[4.085s] -- Generating done
[4.168s] -- Build files have been written to: /home/rmi/ros2ws/build/serial_motor_demo_msgs
[4.208s] Invoked command in '/home/rmi/ros2ws/build/serial_motor_demo_msgs' returned '0': CMAKE_PREFIX_PATH=${CMAKE_PREFIX_PATH}:/home/rmi/ros2ws/install/serial_motor_demo:/opt/ros/humble /usr/bin/cmake /home/rmi/ros2ws/src/serial_motor_demo/serial_motor_demo_msgs -DCMAKE_INSTALL_PREFIX=/home/rmi/ros2ws/install/serial_motor_demo_msgs
[4.208s] Invoking command in '/home/rmi/ros2ws/build/serial_motor_demo_msgs': CMAKE_PREFIX_PATH=${CMAKE_PREFIX_PATH}:/home/rmi/ros2ws/install/serial_motor_demo:/opt/ros/humble /usr/bin/cmake --build /home/rmi/ros2ws/build/serial_motor_demo_msgs -- -j8 -l8
[4.416s] [35m[1mConsolidate compiler generated dependencies of target serial_motor_demo_msgs__rosidl_generator_c[0m
[4.452s] [  2%] Built target serial_motor_demo_msgs__cpp
[4.497s] [  2%] Built target ament_cmake_python_symlink_serial_motor_demo_msgs
[4.501s] [ 12%] Built target serial_motor_demo_msgs__rosidl_generator_c
[4.512s] [35m[1mConsolidate compiler generated dependencies of target serial_motor_demo_msgs__rosidl_typesupport_introspection_cpp[0m
[4.516s] [35m[1mConsolidate compiler generated dependencies of target serial_motor_demo_msgs__rosidl_typesupport_fastrtps_cpp[0m
[4.516s] [35m[1mConsolidate compiler generated dependencies of target serial_motor_demo_msgs__rosidl_typesupport_cpp[0m
[4.569s] [35m[1mConsolidate compiler generated dependencies of target serial_motor_demo_msgs__rosidl_typesupport_introspection_c[0m
[4.569s] [35m[1mConsolidate compiler generated dependencies of target serial_motor_demo_msgs__rosidl_typesupport_c[0m
[4.585s] [35m[1mConsolidate compiler generated dependencies of target serial_motor_demo_msgs__rosidl_typesupport_fastrtps_c[0m
[4.625s] [ 34%] Built target serial_motor_demo_msgs__rosidl_typesupport_cpp
[4.625s] [ 34%] Built target serial_motor_demo_msgs__rosidl_typesupport_fastrtps_cpp
[4.633s] [ 44%] Built target serial_motor_demo_msgs__rosidl_typesupport_introspection_cpp
[4.641s] [ 55%] Built target serial_motor_demo_msgs__rosidl_typesupport_c
[4.653s] [ 65%] Built target serial_motor_demo_msgs__rosidl_typesupport_introspection_c
[4.669s] [ 76%] Built target serial_motor_demo_msgs__rosidl_typesupport_fastrtps_c
[4.745s] [ 76%] Built target serial_motor_demo_msgs
[4.821s] [ 78%] Built target serial_motor_demo_msgs__py
[4.864s] [35m[1mConsolidate compiler generated dependencies of target serial_motor_demo_msgs__rosidl_generator_py[0m
[4.948s] [ 87%] Built target serial_motor_demo_msgs__rosidl_generator_py
[5.000s] [35m[1mConsolidate compiler generated dependencies of target serial_motor_demo_msgs__rosidl_typesupport_c__pyext[0m
[5.004s] [35m[1mConsolidate compiler generated dependencies of target serial_motor_demo_msgs__rosidl_typesupport_introspection_c__pyext[0m
[5.009s] [35m[1mConsolidate compiler generated dependencies of target serial_motor_demo_msgs__rosidl_typesupport_fastrtps_c__pyext[0m
[5.065s] [ 91%] Built target serial_motor_demo_msgs__rosidl_typesupport_introspection_c__pyext
[5.068s] [ 95%] Built target serial_motor_demo_msgs__rosidl_typesupport_c__pyext
[5.084s] [100%] Built target serial_motor_demo_msgs__rosidl_typesupport_fastrtps_c__pyext
[5.365s] running egg_info
[5.369s] writing serial_motor_demo_msgs.egg-info/PKG-INFO
[5.372s] writing dependency_links to serial_motor_demo_msgs.egg-info/dependency_links.txt
[5.376s] writing top-level names to serial_motor_demo_msgs.egg-info/top_level.txt
[5.388s] reading manifest file 'serial_motor_demo_msgs.egg-info/SOURCES.txt'
[5.393s] writing manifest file 'serial_motor_demo_msgs.egg-info/SOURCES.txt'
[5.476s] [100%] Built target ament_cmake_python_build_serial_motor_demo_msgs_egg
[5.529s] Invoked command in '/home/rmi/ros2ws/build/serial_motor_demo_msgs' returned '0': CMAKE_PREFIX_PATH=${CMAKE_PREFIX_PATH}:/home/rmi/ros2ws/install/serial_motor_demo:/opt/ros/humble /usr/bin/cmake --build /home/rmi/ros2ws/build/serial_motor_demo_msgs -- -j8 -l8
[5.577s] Invoking command in '/home/rmi/ros2ws/build/serial_motor_demo_msgs': CMAKE_PREFIX_PATH=${CMAKE_PREFIX_PATH}:/home/rmi/ros2ws/install/serial_motor_demo:/opt/ros/humble /usr/bin/cmake --install /home/rmi/ros2ws/build/serial_motor_demo_msgs
[5.604s] -- Install configuration: ""
[5.605s] -- Execute custom install script
[5.608s] -- Up-to-date symlink: /home/rmi/ros2ws/install/serial_motor_demo_msgs/share/ament_index/resource_index/rosidl_interfaces/serial_motor_demo_msgs
[5.612s] -- Up-to-date symlink: /home/rmi/ros2ws/install/serial_motor_demo_msgs/include/serial_motor_demo_msgs/serial_motor_demo_msgs/msg/detail/encoder_vals__functions.h
[5.612s] -- Up-to-date symlink: /home/rmi/ros2ws/install/serial_motor_demo_msgs/include/serial_motor_demo_msgs/serial_motor_demo_msgs/msg/detail/encoder_vals__struct.h
[5.613s] -- Up-to-date symlink: /home/rmi/ros2ws/install/serial_motor_demo_msgs/include/serial_motor_demo_msgs/serial_motor_demo_msgs/msg/detail/encoder_vals__type_support.h
[5.613s] -- Up-to-date symlink: /home/rmi/ros2ws/install/serial_motor_demo_msgs/include/serial_motor_demo_msgs/serial_motor_demo_msgs/msg/detail/motor_command__functions.h
[5.616s] -- Up-to-date symlink: /home/rmi/ros2ws/install/serial_motor_demo_msgs/include/serial_motor_demo_msgs/serial_motor_demo_msgs/msg/detail/motor_command__struct.h
[5.616s] -- Up-to-date symlink: /home/rmi/ros2ws/install/serial_motor_demo_msgs/include/serial_motor_demo_msgs/serial_motor_demo_msgs/msg/detail/motor_command__type_support.h
[5.617s] -- Up-to-date symlink: /home/rmi/ros2ws/install/serial_motor_demo_msgs/include/serial_motor_demo_msgs/serial_motor_demo_msgs/msg/detail/motor_vels__functions.h
[5.617s] -- Up-to-date symlink: /home/rmi/ros2ws/install/serial_motor_demo_msgs/include/serial_motor_demo_msgs/serial_motor_demo_msgs/msg/detail/motor_vels__struct.h
[5.617s] -- Up-to-date symlink: /home/rmi/ros2ws/install/serial_motor_demo_msgs/include/serial_motor_demo_msgs/serial_motor_demo_msgs/msg/detail/motor_vels__type_support.h
[5.620s] -- Up-to-date symlink: /home/rmi/ros2ws/install/serial_motor_demo_msgs/include/serial_motor_demo_msgs/serial_motor_demo_msgs/msg/encoder_vals.h
[5.620s] -- Up-to-date symlink: /home/rmi/ros2ws/install/serial_motor_demo_msgs/include/serial_motor_demo_msgs/serial_motor_demo_msgs/msg/motor_command.h
[5.620s] -- Up-to-date symlink: /home/rmi/ros2ws/install/serial_motor_demo_msgs/include/serial_motor_demo_msgs/serial_motor_demo_msgs/msg/motor_vels.h
[5.620s] -- Up-to-date symlink: /home/rmi/ros2ws/install/serial_motor_demo_msgs/include/serial_motor_demo_msgs/serial_motor_demo_msgs/msg/rosidl_generator_c__visibility_control.h
[5.624s] -- Up-to-date symlink: /home/rmi/ros2ws/install/serial_motor_demo_msgs/share/serial_motor_demo_msgs/environment/library_path.sh
[5.624s] -- Up-to-date symlink: /home/rmi/ros2ws/install/serial_motor_demo_msgs/share/serial_motor_demo_msgs/environment/library_path.dsv
[5.625s] -- Up-to-date symlink: /home/rmi/ros2ws/install/serial_motor_demo_msgs/include/serial_motor_demo_msgs/serial_motor_demo_msgs/msg/detail/encoder_vals__rosidl_typesupport_fastrtps_c.h
[5.625s] -- Up-to-date symlink: /home/rmi/ros2ws/install/serial_motor_demo_msgs/include/serial_motor_demo_msgs/serial_motor_demo_msgs/msg/detail/motor_command__rosidl_typesupport_fastrtps_c.h
[5.625s] -- Up-to-date symlink: /home/rmi/ros2ws/install/serial_motor_demo_msgs/include/serial_motor_demo_msgs/serial_motor_demo_msgs/msg/detail/motor_vels__rosidl_typesupport_fastrtps_c.h
[5.628s] -- Up-to-date symlink: /home/rmi/ros2ws/install/serial_motor_demo_msgs/include/serial_motor_demo_msgs/serial_motor_demo_msgs/msg/rosidl_typesupport_fastrtps_c__visibility_control.h
[5.628s] -- Up-to-date symlink: /home/rmi/ros2ws/install/serial_motor_demo_msgs/include/serial_motor_demo_msgs/serial_motor_demo_msgs/msg/detail/encoder_vals__rosidl_typesupport_introspection_c.h
[5.629s] -- Up-to-date symlink: /home/rmi/ros2ws/install/serial_motor_demo_msgs/include/serial_motor_demo_msgs/serial_motor_demo_msgs/msg/detail/motor_command__rosidl_typesupport_introspection_c.h
[5.629s] -- Up-to-date symlink: /home/rmi/ros2ws/install/serial_motor_demo_msgs/include/serial_motor_demo_msgs/serial_motor_demo_msgs/msg/detail/motor_vels__rosidl_typesupport_introspection_c.h
[5.629s] -- Up-to-date symlink: /home/rmi/ros2ws/install/serial_motor_demo_msgs/include/serial_motor_demo_msgs/serial_motor_demo_msgs/msg/rosidl_typesupport_introspection_c__visibility_control.h
[5.632s] -- Up-to-date symlink: /home/rmi/ros2ws/install/serial_motor_demo_msgs/include/serial_motor_demo_msgs/serial_motor_demo_msgs/msg/detail/encoder_vals__builder.hpp
[5.633s] -- Up-to-date symlink: /home/rmi/ros2ws/install/serial_motor_demo_msgs/include/serial_motor_demo_msgs/serial_motor_demo_msgs/msg/detail/encoder_vals__struct.hpp
[5.633s] -- Up-to-date symlink: /home/rmi/ros2ws/install/serial_motor_demo_msgs/include/serial_motor_demo_msgs/serial_motor_demo_msgs/msg/detail/encoder_vals__traits.hpp
[5.633s] -- Up-to-date symlink: /home/rmi/ros2ws/install/serial_motor_demo_msgs/include/serial_motor_demo_msgs/serial_motor_demo_msgs/msg/detail/encoder_vals__type_support.hpp
[5.633s] -- Up-to-date symlink: /home/rmi/ros2ws/install/serial_motor_demo_msgs/include/serial_motor_demo_msgs/serial_motor_demo_msgs/msg/detail/motor_command__builder.hpp
[5.636s] -- Up-to-date symlink: /home/rmi/ros2ws/install/serial_motor_demo_msgs/include/serial_motor_demo_msgs/serial_motor_demo_msgs/msg/detail/motor_command__struct.hpp
[5.636s] -- Up-to-date symlink: /home/rmi/ros2ws/install/serial_motor_demo_msgs/include/serial_motor_demo_msgs/serial_motor_demo_msgs/msg/detail/motor_command__traits.hpp
[5.636s] -- Up-to-date symlink: /home/rmi/ros2ws/install/serial_motor_demo_msgs/include/serial_motor_demo_msgs/serial_motor_demo_msgs/msg/detail/motor_command__type_support.hpp
[5.637s] -- Up-to-date symlink: /home/rmi/ros2ws/install/serial_motor_demo_msgs/include/serial_motor_demo_msgs/serial_motor_demo_msgs/msg/detail/motor_vels__builder.hpp
[5.637s] -- Up-to-date symlink: /home/rmi/ros2ws/install/serial_motor_demo_msgs/include/serial_motor_demo_msgs/serial_motor_demo_msgs/msg/detail/motor_vels__struct.hpp
[5.637s] -- Up-to-date symlink: /home/rmi/ros2ws/install/serial_motor_demo_msgs/include/serial_motor_demo_msgs/serial_motor_demo_msgs/msg/detail/motor_vels__traits.hpp
[5.640s] -- Up-to-date symlink: /home/rmi/ros2ws/install/serial_motor_demo_msgs/include/serial_motor_demo_msgs/serial_motor_demo_msgs/msg/detail/motor_vels__type_support.hpp
[5.640s] -- Up-to-date symlink: /home/rmi/ros2ws/install/serial_motor_demo_msgs/include/serial_motor_demo_msgs/serial_motor_demo_msgs/msg/encoder_vals.hpp
[5.640s] -- Up-to-date symlink: /home/rmi/ros2ws/install/serial_motor_demo_msgs/include/serial_motor_demo_msgs/serial_motor_demo_msgs/msg/motor_command.hpp
[5.641s] -- Up-to-date symlink: /home/rmi/ros2ws/install/serial_motor_demo_msgs/include/serial_motor_demo_msgs/serial_motor_demo_msgs/msg/motor_vels.hpp
[5.641s] -- Up-to-date symlink: /home/rmi/ros2ws/install/serial_motor_demo_msgs/include/serial_motor_demo_msgs/serial_motor_demo_msgs/msg/rosidl_generator_cpp__visibility_control.hpp
[5.641s] -- Up-to-date symlink: /home/rmi/ros2ws/install/serial_motor_demo_msgs/include/serial_motor_demo_msgs/serial_motor_demo_msgs/msg/detail/encoder_vals__rosidl_typesupport_fastrtps_cpp.hpp
[5.644s] -- Up-to-date symlink: /home/rmi/ros2ws/install/serial_motor_demo_msgs/include/serial_motor_demo_msgs/serial_motor_demo_msgs/msg/detail/motor_command__rosidl_typesupport_fastrtps_cpp.hpp
[5.644s] -- Up-to-date symlink: /home/rmi/ros2ws/install/serial_motor_demo_msgs/include/serial_motor_demo_msgs/serial_motor_demo_msgs/msg/detail/motor_vels__rosidl_typesupport_fastrtps_cpp.hpp
[5.644s] -- Up-to-date symlink: /home/rmi/ros2ws/install/serial_motor_demo_msgs/include/serial_motor_demo_msgs/serial_motor_demo_msgs/msg/rosidl_typesupport_fastrtps_cpp__visibility_control.h
[5.645s] -- Up-to-date symlink: /home/rmi/ros2ws/install/serial_motor_demo_msgs/include/serial_motor_demo_msgs/serial_motor_demo_msgs/msg/detail/encoder_vals__rosidl_typesupport_introspection_cpp.hpp
[5.648s] -- Up-to-date symlink: /home/rmi/ros2ws/install/serial_motor_demo_msgs/include/serial_motor_demo_msgs/serial_motor_demo_msgs/msg/detail/motor_command__rosidl_typesupport_introspection_cpp.hpp
[5.649s] -- Up-to-date symlink: /home/rmi/ros2ws/install/serial_motor_demo_msgs/include/serial_motor_demo_msgs/serial_motor_demo_msgs/msg/detail/motor_vels__rosidl_typesupport_introspection_cpp.hpp
[5.649s] -- Up-to-date symlink: /home/rmi/ros2ws/install/serial_motor_demo_msgs/share/serial_motor_demo_msgs/environment/pythonpath.sh
[5.657s] -- Up-to-date symlink: /home/rmi/ros2ws/install/serial_motor_demo_msgs/share/serial_motor_demo_msgs/environment/pythonpath.dsv
[5.660s] -- Up-to-date symlink: /home/rmi/ros2ws/install/serial_motor_demo_msgs/local/lib/python3.10/dist-packages/serial_motor_demo_msgs-0.0.0-py3.10.egg-info/PKG-INFO
[5.661s] -- Up-to-date symlink: /home/rmi/ros2ws/install/serial_motor_demo_msgs/local/lib/python3.10/dist-packages/serial_motor_demo_msgs-0.0.0-py3.10.egg-info/SOURCES.txt
[5.661s] -- Up-to-date symlink: /home/rmi/ros2ws/install/serial_motor_demo_msgs/local/lib/python3.10/dist-packages/serial_motor_demo_msgs-0.0.0-py3.10.egg-info/dependency_links.txt
[5.661s] -- Up-to-date symlink: /home/rmi/ros2ws/install/serial_motor_demo_msgs/local/lib/python3.10/dist-packages/serial_motor_demo_msgs-0.0.0-py3.10.egg-info/top_level.txt
[5.661s] -- Up-to-date symlink: /home/rmi/ros2ws/install/serial_motor_demo_msgs/local/lib/python3.10/dist-packages/serial_motor_demo_msgs/__init__.py
[5.661s] -- Up-to-date symlink: /home/rmi/ros2ws/install/serial_motor_demo_msgs/local/lib/python3.10/dist-packages/serial_motor_demo_msgs/_serial_motor_demo_msgs_s.ep.rosidl_typesupport_c.c
[5.668s] -- Up-to-date symlink: /home/rmi/ros2ws/install/serial_motor_demo_msgs/local/lib/python3.10/dist-packages/serial_motor_demo_msgs/_serial_motor_demo_msgs_s.ep.rosidl_typesupport_fastrtps_c.c
[5.668s] -- Up-to-date symlink: /home/rmi/ros2ws/install/serial_motor_demo_msgs/local/lib/python3.10/dist-packages/serial_motor_demo_msgs/_serial_motor_demo_msgs_s.ep.rosidl_typesupport_introspection_c.c
[5.668s] -- Up-to-date symlink: /home/rmi/ros2ws/install/serial_motor_demo_msgs/local/lib/python3.10/dist-packages/serial_motor_demo_msgs/libserial_motor_demo_msgs__rosidl_generator_py.so
[5.669s] -- Up-to-date symlink: /home/rmi/ros2ws/install/serial_motor_demo_msgs/local/lib/python3.10/dist-packages/serial_motor_demo_msgs/msg/__init__.py
[5.669s] -- Up-to-date symlink: /home/rmi/ros2ws/install/serial_motor_demo_msgs/local/lib/python3.10/dist-packages/serial_motor_demo_msgs/msg/_encoder_vals.py
[5.669s] -- Up-to-date symlink: /home/rmi/ros2ws/install/serial_motor_demo_msgs/local/lib/python3.10/dist-packages/serial_motor_demo_msgs/msg/_encoder_vals_s.c
[5.669s] -- Up-to-date symlink: /home/rmi/ros2ws/install/serial_motor_demo_msgs/local/lib/python3.10/dist-packages/serial_motor_demo_msgs/msg/_motor_command.py
[5.669s] -- Up-to-date symlink: /home/rmi/ros2ws/install/serial_motor_demo_msgs/local/lib/python3.10/dist-packages/serial_motor_demo_msgs/msg/_motor_command_s.c
[5.669s] -- Up-to-date symlink: /home/rmi/ros2ws/install/serial_motor_demo_msgs/local/lib/python3.10/dist-packages/serial_motor_demo_msgs/msg/_motor_vels.py
[5.669s] -- Up-to-date symlink: /home/rmi/ros2ws/install/serial_motor_demo_msgs/local/lib/python3.10/dist-packages/serial_motor_demo_msgs/msg/_motor_vels_s.c
[5.669s] -- Up-to-date symlink: /home/rmi/ros2ws/install/serial_motor_demo_msgs/local/lib/python3.10/dist-packages/serial_motor_demo_msgs/serial_motor_demo_msgs_s__rosidl_typesupport_c.cpython-310-x86_64-linux-gnu.so
[5.669s] -- Up-to-date symlink: /home/rmi/ros2ws/install/serial_motor_demo_msgs/local/lib/python3.10/dist-packages/serial_motor_demo_msgs/serial_motor_demo_msgs_s__rosidl_typesupport_fastrtps_c.cpython-310-x86_64-linux-gnu.so
[5.669s] -- Up-to-date symlink: /home/rmi/ros2ws/install/serial_motor_demo_msgs/local/lib/python3.10/dist-packages/serial_motor_demo_msgs/serial_motor_demo_msgs_s__rosidl_typesupport_introspection_c.cpython-310-x86_64-linux-gnu.so
[5.669s] -- Up-to-date symlink: /home/rmi/ros2ws/install/serial_motor_demo_msgs/local/lib/python3.10/dist-packages/serial_motor_demo_msgs/serial_motor_demo_msgs_s__rosidl_typesupport_fastrtps_c.cpython-310-x86_64-linux-gnu.so
[5.669s] -- Up-to-date symlink: /home/rmi/ros2ws/install/serial_motor_demo_msgs/local/lib/python3.10/dist-packages/serial_motor_demo_msgs/serial_motor_demo_msgs_s__rosidl_typesupport_introspection_c.cpython-310-x86_64-linux-gnu.so
[5.672s] -- Up-to-date symlink: /home/rmi/ros2ws/install/serial_motor_demo_msgs/local/lib/python3.10/dist-packages/serial_motor_demo_msgs/serial_motor_demo_msgs_s__rosidl_typesupport_c.cpython-310-x86_64-linux-gnu.so
[5.672s] -- Up-to-date symlink: /home/rmi/ros2ws/install/serial_motor_demo_msgs/share/serial_motor_demo_msgs/msg/MotorCommand.idl
[5.672s] -- Up-to-date symlink: /home/rmi/ros2ws/install/serial_motor_demo_msgs/share/serial_motor_demo_msgs/msg/MotorVels.idl
[5.676s] -- Up-to-date symlink: /home/rmi/ros2ws/install/serial_motor_demo_msgs/share/serial_motor_demo_msgs/msg/EncoderVals.idl
[5.676s] -- Up-to-date symlink: /home/rmi/ros2ws/install/serial_motor_demo_msgs/share/serial_motor_demo_msgs/msg/MotorCommand.msg
[5.677s] -- Up-to-date symlink: /home/rmi/ros2ws/install/serial_motor_demo_msgs/share/serial_motor_demo_msgs/msg/MotorVels.msg
[5.680s] -- Up-to-date symlink: /home/rmi/ros2ws/install/serial_motor_demo_msgs/share/serial_motor_demo_msgs/msg/EncoderVals.msg
[5.681s] -- Up-to-date symlink: /home/rmi/ros2ws/install/serial_motor_demo_msgs/share/ament_index/resource_index/package_run_dependencies/serial_motor_demo_msgs
[5.684s] -- Up-to-date symlink: /home/rmi/ros2ws/install/serial_motor_demo_msgs/share/ament_index/resource_index/parent_prefix_path/serial_motor_demo_msgs
[5.688s] -- Up-to-date symlink: /home/rmi/ros2ws/install/serial_motor_demo_msgs/share/serial_motor_demo_msgs/environment/ament_prefix_path.sh
[5.688s] -- Up-to-date symlink: /home/rmi/ros2ws/install/serial_motor_demo_msgs/share/serial_motor_demo_msgs/environment/ament_prefix_path.dsv
[5.689s] -- Up-to-date symlink: /home/rmi/ros2ws/install/serial_motor_demo_msgs/share/serial_motor_demo_msgs/environment/path.sh
[5.692s] -- Up-to-date symlink: /home/rmi/ros2ws/install/serial_motor_demo_msgs/share/serial_motor_demo_msgs/environment/path.dsv
[5.692s] -- Up-to-date symlink: /home/rmi/ros2ws/install/serial_motor_demo_msgs/share/serial_motor_demo_msgs/local_setup.bash
[5.696s] -- Up-to-date symlink: /home/rmi/ros2ws/install/serial_motor_demo_msgs/share/serial_motor_demo_msgs/local_setup.sh
[5.696s] -- Up-to-date symlink: /home/rmi/ros2ws/install/serial_motor_demo_msgs/share/serial_motor_demo_msgs/local_setup.zsh
[5.697s] -- Up-to-date symlink: /home/rmi/ros2ws/install/serial_motor_demo_msgs/share/serial_motor_demo_msgs/local_setup.dsv
[5.697s] -- Symlinking: /home/rmi/ros2ws/install/serial_motor_demo_msgs/share/serial_motor_demo_msgs/package.dsv
[5.737s] -- Up-to-date symlink: /home/rmi/ros2ws/install/serial_motor_demo_msgs/share/ament_index/resource_index/packages/serial_motor_demo_msgs
[5.740s] -- Up-to-date symlink: /home/rmi/ros2ws/install/serial_motor_demo_msgs/share/serial_motor_demo_msgs/cmake/rosidl_cmake-extras.cmake
[5.741s] -- Up-to-date symlink: /home/rmi/ros2ws/install/serial_motor_demo_msgs/share/serial_motor_demo_msgs/cmake/ament_cmake_export_include_directories-extras.cmake
[5.744s] -- Up-to-date symlink: /home/rmi/ros2ws/install/serial_motor_demo_msgs/share/serial_motor_demo_msgs/cmake/ament_cmake_export_libraries-extras.cmake
[5.748s] -- Up-to-date symlink: /home/rmi/ros2ws/install/serial_motor_demo_msgs/share/serial_motor_demo_msgs/cmake/ament_cmake_export_targets-extras.cmake
[5.749s] -- Up-to-date symlink: /home/rmi/ros2ws/install/serial_motor_demo_msgs/share/serial_motor_demo_msgs/cmake/rosidl_cmake_export_typesupport_targets-extras.cmake
[5.749s] -- Up-to-date symlink: /home/rmi/ros2ws/install/serial_motor_demo_msgs/share/serial_motor_demo_msgs/cmake/ament_cmake_export_dependencies-extras.cmake
[5.752s] -- Up-to-date symlink: /home/rmi/ros2ws/install/serial_motor_demo_msgs/share/serial_motor_demo_msgs/cmake/rosidl_cmake_export_typesupport_libraries-extras.cmake
[5.753s] -- Up-to-date symlink: /home/rmi/ros2ws/install/serial_motor_demo_msgs/share/serial_motor_demo_msgs/cmake/serial_motor_demo_msgsConfig.cmake
[5.760s] -- Up-to-date symlink: /home/rmi/ros2ws/install/serial_motor_demo_msgs/share/serial_motor_demo_msgs/cmake/serial_motor_demo_msgsConfig-version.cmake
[5.764s] -- Up-to-date symlink: /home/rmi/ros2ws/install/serial_motor_demo_msgs/share/serial_motor_demo_msgs/package.xml
[5.764s] -- Up-to-date: /home/rmi/ros2ws/install/serial_motor_demo_msgs/lib/libserial_motor_demo_msgs__rosidl_generator_c.so
[5.765s] -- Up-to-date: /home/rmi/ros2ws/install/serial_motor_demo_msgs/lib/libserial_motor_demo_msgs__rosidl_typesupport_fastrtps_c.so
[5.768s] -- Up-to-date: /home/rmi/ros2ws/install/serial_motor_demo_msgs/lib/libserial_motor_demo_msgs__rosidl_typesupport_introspection_c.so
[5.768s] -- Up-to-date: /home/rmi/ros2ws/install/serial_motor_demo_msgs/lib/libserial_motor_demo_msgs__rosidl_typesupport_c.so
[5.769s] -- Up-to-date: /home/rmi/ros2ws/install/serial_motor_demo_msgs/lib/libserial_motor_demo_msgs__rosidl_typesupport_fastrtps_cpp.so
[5.772s] -- Up-to-date: /home/rmi/ros2ws/install/serial_motor_demo_msgs/lib/libserial_motor_demo_msgs__rosidl_typesupport_introspection_cpp.so
[5.776s] -- Up-to-date: /home/rmi/ros2ws/install/serial_motor_demo_msgs/lib/libserial_motor_demo_msgs__rosidl_typesupport_cpp.so
[5.868s] Listing '/home/rmi/ros2ws/install/serial_motor_demo_msgs/local/lib/python3.10/dist-packages/serial_motor_demo_msgs'...
[5.868s] Compiling '/home/rmi/ros2ws/install/serial_motor_demo_msgs/local/lib/python3.10/dist-packages/serial_motor_demo_msgs/__init__.py'...
[5.869s] Listing '/home/rmi/ros2ws/install/serial_motor_demo_msgs/local/lib/python3.10/dist-packages/serial_motor_demo_msgs/msg'...
[5.884s] -- Up-to-date: /home/rmi/ros2ws/install/serial_motor_demo_msgs/lib/libserial_motor_demo_msgs__rosidl_generator_py.so
[5.885s] -- Up-to-date: /home/rmi/ros2ws/install/serial_motor_demo_msgs/share/serial_motor_demo_msgs/cmake/export_serial_motor_demo_msgs__rosidl_generator_cExport.cmake
[5.885s] -- Up-to-date: /home/rmi/ros2ws/install/serial_motor_demo_msgs/share/serial_motor_demo_msgs/cmake/export_serial_motor_demo_msgs__rosidl_generator_cExport-noconfig.cmake
[5.889s] -- Up-to-date: /home/rmi/ros2ws/install/serial_motor_demo_msgs/share/serial_motor_demo_msgs/cmake/export_serial_motor_demo_msgs__rosidl_typesupport_fastrtps_cExport.cmake
[5.892s] -- Up-to-date: /home/rmi/ros2ws/install/serial_motor_demo_msgs/share/serial_motor_demo_msgs/cmake/export_serial_motor_demo_msgs__rosidl_typesupport_fastrtps_cExport-noconfig.cmake
[5.892s] -- Up-to-date: /home/rmi/ros2ws/install/serial_motor_demo_msgs/share/serial_motor_demo_msgs/cmake/serial_motor_demo_msgs__rosidl_typesupport_introspection_cExport.cmake
[5.893s] -- Up-to-date: /home/rmi/ros2ws/install/serial_motor_demo_msgs/share/serial_motor_demo_msgs/cmake/serial_motor_demo_msgs__rosidl_typesupport_introspection_cExport-noconfig.cmake
[5.893s] -- Up-to-date: /home/rmi/ros2ws/install/serial_motor_demo_msgs/share/serial_motor_demo_msgs/cmake/serial_motor_demo_msgs__rosidl_typesupport_cExport.cmake
[5.896s] -- Up-to-date: /home/rmi/ros2ws/install/serial_motor_demo_msgs/share/serial_motor_demo_msgs/cmake/serial_motor_demo_msgs__rosidl_typesupport_cExport-noconfig.cmake
[5.896s] -- Up-to-date: /home/rmi/ros2ws/install/serial_motor_demo_msgs/share/serial_motor_demo_msgs/cmake/export_serial_motor_demo_msgs__rosidl_generator_cppExport.cmake
[5.900s] -- Up-to-date: /home/rmi/ros2ws/install/serial_motor_demo_msgs/share/serial_motor_demo_msgs/cmake/export_serial_motor_demo_msgs__rosidl_typesupport_fastrtps_cppExport.cmake
[5.900s] -- Up-to-date: /home/rmi/ros2ws/install/serial_motor_demo_msgs/share/serial_motor_demo_msgs/cmake/export_serial_motor_demo_msgs__rosidl_typesupport_fastrtps_cppExport-noconfig.cmake
[5.901s] -- Up-to-date: /home/rmi/ros2ws/install/serial_motor_demo_msgs/share/serial_motor_demo_msgs/cmake/serial_motor_demo_msgs__rosidl_typesupport_introspection_cppExport.cmake
[5.901s] -- Up-to-date: /home/rmi/ros2ws/install/serial_motor_demo_msgs/share/serial_motor_demo_msgs/cmake/serial_motor_demo_msgs__rosidl_typesupport_introspection_cppExport-noconfig.cmake
[5.904s] -- Up-to-date: /home/rmi/ros2ws/install/serial_motor_demo_msgs/share/serial_motor_demo_msgs/cmake/serial_motor_demo_msgs__rosidl_typesupport_cppExport.cmake
[5.904s] -- Up-to-date: /home/rmi/ros2ws/install/serial_motor_demo_msgs/share/serial_motor_demo_msgs/cmake/serial_motor_demo_msgs__rosidl_typesupport_cppExport-noconfig.cmake
[5.908s] -- Up-to-date: /home/rmi/ros2ws/install/serial_motor_demo_msgs/share/serial_motor_demo_msgs/cmake/export_serial_motor_demo_msgs__rosidl_generator_pyExport.cmake
[5.908s] -- Up-to-date: /home/rmi/ros2ws/install/serial_motor_demo_msgs/share/serial_motor_demo_msgs/cmake/export_serial_motor_demo_msgs__rosidl_generator_pyExport-noconfig.cmake
[5.917s] Invoked command in '/home/rmi/ros2ws/build/serial_motor_demo_msgs' returned '0': CMAKE_PREFIX_PATH=${CMAKE_PREFIX_PATH}:/home/rmi/ros2ws/install/serial_motor_demo:/opt/ros/humble /usr/bin/cmake --install /home/rmi/ros2ws/build/serial_motor_demo_msgs
