[0.023s] Invoking command in '/home/rmi/ros2ws/build/serial_motor_demo_msgs': CMAKE_PREFIX_PATH=/opt/ros/humble /usr/bin/cmake /home/rmi/ros2ws/src/serial_motor_demo/serial_motor_demo_msgs -DCMAKE_INSTALL_PREFIX=/home/rmi/ros2ws/install/serial_motor_demo_msgs
[0.037s] -- Found ament_cmake: 1.3.11 (/opt/ros/humble/share/ament_cmake/cmake)
[0.158s] -- Override CMake install command with custom implementation using symlinks instead of copying resources
[0.182s] -- Found ament_lint_auto: 0.12.11 (/opt/ros/humble/share/ament_lint_auto/cmake)
[0.252s] -- Found rosidl_default_generators: 1.2.0 (/opt/ros/humble/share/rosidl_default_generators/cmake)
[0.254s] -- Using all available rosidl_typesupport_c: rosidl_typesupport_fastrtps_c;rosidl_typesupport_introspection_c
[0.256s] -- Found rosidl_adapter: 3.1.6 (/opt/ros/humble/share/rosidl_adapter/cmake)
[0.292s] -- Using all available rosidl_typesupport_cpp: rosidl_typesupport_fastrtps_cpp;rosidl_typesupport_introspection_cpp
[0.503s] -- Found ament_cmake_ros: 0.10.0 (/opt/ros/humble/share/ament_cmake_ros/cmake)
[0.695s] -- Using all available rosidl_typesupport_c: rosidl_typesupport_fastrtps_c;rosidl_typesupport_introspection_c
[0.922s] -- Using all available rosidl_typesupport_cpp: rosidl_typesupport_fastrtps_cpp;rosidl_typesupport_introspection_cpp
[0.947s] -- Found python_cmake_module: 0.10.0 (/opt/ros/humble/share/python_cmake_module/cmake)
[0.967s] -- Using PYTHON_EXECUTABLE: /usr/bin/python3
[0.967s] -- Using PYTHON_INCLUDE_DIRS: /usr/include/python3.10
[0.967s] -- Using PYTHON_LIBRARIES: /usr/lib/x86_64-linux-gnu/libpython3.10.so
[0.983s] -- Added test 'copyright' to check source files copyright and LICENSE
[0.984s] -- Added test 'lint_cmake' to check CMake code style
[0.985s] -- Added test 'xmllint' to check XML markup files
[0.989s] -- Configuring done
[1.026s] -- Generating done
[1.039s] -- Build files have been written to: /home/rmi/ros2ws/build/serial_motor_demo_msgs
[1.044s] Invoked command in '/home/rmi/ros2ws/build/serial_motor_demo_msgs' returned '0': CMAKE_PREFIX_PATH=/opt/ros/humble /usr/bin/cmake /home/rmi/ros2ws/src/serial_motor_demo/serial_motor_demo_msgs -DCMAKE_INSTALL_PREFIX=/home/rmi/ros2ws/install/serial_motor_demo_msgs
[1.045s] Invoking command in '/home/rmi/ros2ws/build/serial_motor_demo_msgs': CMAKE_PREFIX_PATH=/opt/ros/humble /usr/bin/cmake --build /home/rmi/ros2ws/build/serial_motor_demo_msgs -- -j8 -l8
[1.090s] [35m[1mConsolidate compiler generated dependencies of target serial_motor_demo_msgs__rosidl_generator_c[0m
[1.102s] [  2%] Built target serial_motor_demo_msgs__cpp
[1.110s] [  2%] Built target ament_cmake_python_symlink_serial_motor_demo_msgs
[1.114s] [ 12%] Built target serial_motor_demo_msgs__rosidl_generator_c
[1.115s] [35m[1mConsolidate compiler generated dependencies of target serial_motor_demo_msgs__rosidl_typesupport_fastrtps_cpp[0m
[1.120s] [35m[1mConsolidate compiler generated dependencies of target serial_motor_demo_msgs__rosidl_typesupport_cpp[0m
[1.122s] [35m[1mConsolidate compiler generated dependencies of target serial_motor_demo_msgs__rosidl_typesupport_introspection_cpp[0m
[1.132s] [35m[1mConsolidate compiler generated dependencies of target serial_motor_demo_msgs__rosidl_typesupport_introspection_c[0m
[1.133s] [35m[1mConsolidate compiler generated dependencies of target serial_motor_demo_msgs__rosidl_typesupport_fastrtps_c[0m
[1.142s] [35m[1mConsolidate compiler generated dependencies of target serial_motor_demo_msgs__rosidl_typesupport_c[0m
[1.144s] [ 23%] Built target serial_motor_demo_msgs__rosidl_typesupport_cpp
[1.152s] [ 34%] Built target serial_motor_demo_msgs__rosidl_typesupport_fastrtps_cpp
[1.152s] [ 44%] Built target serial_motor_demo_msgs__rosidl_typesupport_introspection_cpp
[1.155s] [ 55%] Built target serial_motor_demo_msgs__rosidl_typesupport_fastrtps_c
[1.156s] [ 65%] Built target serial_motor_demo_msgs__rosidl_typesupport_c
[1.157s] [ 76%] Built target serial_motor_demo_msgs__rosidl_typesupport_introspection_c
[1.182s] [ 76%] Built target serial_motor_demo_msgs
[1.207s] [ 78%] Built target serial_motor_demo_msgs__py
[1.220s] [35m[1mConsolidate compiler generated dependencies of target serial_motor_demo_msgs__rosidl_generator_py[0m
[1.238s] [ 87%] Built target serial_motor_demo_msgs__rosidl_generator_py
[1.252s] [35m[1mConsolidate compiler generated dependencies of target serial_motor_demo_msgs__rosidl_typesupport_fastrtps_c__pyext[0m
[1.253s] [35m[1mConsolidate compiler generated dependencies of target serial_motor_demo_msgs__rosidl_typesupport_introspection_c__pyext[0m
[1.258s] [35m[1mConsolidate compiler generated dependencies of target serial_motor_demo_msgs__rosidl_typesupport_c__pyext[0m
[1.268s] [ 91%] Built target serial_motor_demo_msgs__rosidl_typesupport_introspection_c__pyext
[1.269s] [ 95%] Built target serial_motor_demo_msgs__rosidl_typesupport_fastrtps_c__pyext
[1.278s] [100%] Built target serial_motor_demo_msgs__rosidl_typesupport_c__pyext
[1.384s] running egg_info
[1.385s] writing serial_motor_demo_msgs.egg-info/PKG-INFO
[1.385s] writing dependency_links to serial_motor_demo_msgs.egg-info/dependency_links.txt
[1.386s] writing top-level names to serial_motor_demo_msgs.egg-info/top_level.txt
[1.388s] reading manifest file 'serial_motor_demo_msgs.egg-info/SOURCES.txt'
[1.389s] writing manifest file 'serial_motor_demo_msgs.egg-info/SOURCES.txt'
[1.417s] [100%] Built target ament_cmake_python_build_serial_motor_demo_msgs_egg
[1.436s] Invoked command in '/home/rmi/ros2ws/build/serial_motor_demo_msgs' returned '0': CMAKE_PREFIX_PATH=/opt/ros/humble /usr/bin/cmake --build /home/rmi/ros2ws/build/serial_motor_demo_msgs -- -j8 -l8
[1.438s] Invoking command in '/home/rmi/ros2ws/build/serial_motor_demo_msgs': CMAKE_PREFIX_PATH=/opt/ros/humble /usr/bin/cmake --install /home/rmi/ros2ws/build/serial_motor_demo_msgs
[1.446s] -- Install configuration: ""
[1.447s] -- Execute custom install script
[1.447s] -- Up-to-date symlink: /home/rmi/ros2ws/install/serial_motor_demo_msgs/share/ament_index/resource_index/rosidl_interfaces/serial_motor_demo_msgs
[1.448s] -- Up-to-date symlink: /home/rmi/ros2ws/install/serial_motor_demo_msgs/include/serial_motor_demo_msgs/serial_motor_demo_msgs/msg/detail/encoder_vals__functions.h
[1.448s] -- Up-to-date symlink: /home/rmi/ros2ws/install/serial_motor_demo_msgs/include/serial_motor_demo_msgs/serial_motor_demo_msgs/msg/detail/encoder_vals__struct.h
[1.448s] -- Up-to-date symlink: /home/rmi/ros2ws/install/serial_motor_demo_msgs/include/serial_motor_demo_msgs/serial_motor_demo_msgs/msg/detail/encoder_vals__type_support.h
[1.448s] -- Up-to-date symlink: /home/rmi/ros2ws/install/serial_motor_demo_msgs/include/serial_motor_demo_msgs/serial_motor_demo_msgs/msg/detail/motor_command__functions.h
[1.449s] -- Up-to-date symlink: /home/rmi/ros2ws/install/serial_motor_demo_msgs/include/serial_motor_demo_msgs/serial_motor_demo_msgs/msg/detail/motor_command__struct.h
[1.449s] -- Up-to-date symlink: /home/rmi/ros2ws/install/serial_motor_demo_msgs/include/serial_motor_demo_msgs/serial_motor_demo_msgs/msg/detail/motor_command__type_support.h
[1.449s] -- Up-to-date symlink: /home/rmi/ros2ws/install/serial_motor_demo_msgs/include/serial_motor_demo_msgs/serial_motor_demo_msgs/msg/detail/motor_vels__functions.h
[1.449s] -- Up-to-date symlink: /home/rmi/ros2ws/install/serial_motor_demo_msgs/include/serial_motor_demo_msgs/serial_motor_demo_msgs/msg/detail/motor_vels__struct.h
[1.449s] -- Up-to-date symlink: /home/rmi/ros2ws/install/serial_motor_demo_msgs/include/serial_motor_demo_msgs/serial_motor_demo_msgs/msg/detail/motor_vels__type_support.h
[1.449s] -- Up-to-date symlink: /home/rmi/ros2ws/install/serial_motor_demo_msgs/include/serial_motor_demo_msgs/serial_motor_demo_msgs/msg/encoder_vals.h
[1.450s] -- Up-to-date symlink: /home/rmi/ros2ws/install/serial_motor_demo_msgs/include/serial_motor_demo_msgs/serial_motor_demo_msgs/msg/motor_command.h
[1.450s] -- Up-to-date symlink: /home/rmi/ros2ws/install/serial_motor_demo_msgs/include/serial_motor_demo_msgs/serial_motor_demo_msgs/msg/motor_vels.h
[1.450s] -- Up-to-date symlink: /home/rmi/ros2ws/install/serial_motor_demo_msgs/include/serial_motor_demo_msgs/serial_motor_demo_msgs/msg/rosidl_generator_c__visibility_control.h
[1.450s] -- Up-to-date symlink: /home/rmi/ros2ws/install/serial_motor_demo_msgs/share/serial_motor_demo_msgs/environment/library_path.sh
[1.450s] -- Up-to-date symlink: /home/rmi/ros2ws/install/serial_motor_demo_msgs/share/serial_motor_demo_msgs/environment/library_path.dsv
[1.450s] -- Up-to-date symlink: /home/rmi/ros2ws/install/serial_motor_demo_msgs/include/serial_motor_demo_msgs/serial_motor_demo_msgs/msg/detail/encoder_vals__rosidl_typesupport_fastrtps_c.h
[1.450s] -- Up-to-date symlink: /home/rmi/ros2ws/install/serial_motor_demo_msgs/include/serial_motor_demo_msgs/serial_motor_demo_msgs/msg/detail/motor_command__rosidl_typesupport_fastrtps_c.h
[1.450s] -- Up-to-date symlink: /home/rmi/ros2ws/install/serial_motor_demo_msgs/include/serial_motor_demo_msgs/serial_motor_demo_msgs/msg/detail/motor_vels__rosidl_typesupport_fastrtps_c.h
[1.451s] -- Up-to-date symlink: /home/rmi/ros2ws/install/serial_motor_demo_msgs/include/serial_motor_demo_msgs/serial_motor_demo_msgs/msg/rosidl_typesupport_fastrtps_c__visibility_control.h
[1.451s] -- Up-to-date symlink: /home/rmi/ros2ws/install/serial_motor_demo_msgs/include/serial_motor_demo_msgs/serial_motor_demo_msgs/msg/detail/encoder_vals__rosidl_typesupport_introspection_c.h
[1.451s] -- Up-to-date symlink: /home/rmi/ros2ws/install/serial_motor_demo_msgs/include/serial_motor_demo_msgs/serial_motor_demo_msgs/msg/detail/motor_command__rosidl_typesupport_introspection_c.h
[1.451s] -- Up-to-date symlink: /home/rmi/ros2ws/install/serial_motor_demo_msgs/include/serial_motor_demo_msgs/serial_motor_demo_msgs/msg/detail/motor_vels__rosidl_typesupport_introspection_c.h
[1.451s] -- Up-to-date symlink: /home/rmi/ros2ws/install/serial_motor_demo_msgs/include/serial_motor_demo_msgs/serial_motor_demo_msgs/msg/rosidl_typesupport_introspection_c__visibility_control.h
[1.452s] -- Up-to-date symlink: /home/rmi/ros2ws/install/serial_motor_demo_msgs/include/serial_motor_demo_msgs/serial_motor_demo_msgs/msg/detail/encoder_vals__builder.hpp
[1.452s] -- Up-to-date symlink: /home/rmi/ros2ws/install/serial_motor_demo_msgs/include/serial_motor_demo_msgs/serial_motor_demo_msgs/msg/detail/encoder_vals__struct.hpp
[1.453s] -- Up-to-date symlink: /home/rmi/ros2ws/install/serial_motor_demo_msgs/include/serial_motor_demo_msgs/serial_motor_demo_msgs/msg/detail/encoder_vals__traits.hpp
[1.453s] -- Up-to-date symlink: /home/rmi/ros2ws/install/serial_motor_demo_msgs/include/serial_motor_demo_msgs/serial_motor_demo_msgs/msg/detail/encoder_vals__type_support.hpp
[1.453s] -- Up-to-date symlink: /home/rmi/ros2ws/install/serial_motor_demo_msgs/include/serial_motor_demo_msgs/serial_motor_demo_msgs/msg/detail/motor_command__builder.hpp
[1.453s] -- Up-to-date symlink: /home/rmi/ros2ws/install/serial_motor_demo_msgs/include/serial_motor_demo_msgs/serial_motor_demo_msgs/msg/detail/motor_command__struct.hpp
[1.453s] -- Up-to-date symlink: /home/rmi/ros2ws/install/serial_motor_demo_msgs/include/serial_motor_demo_msgs/serial_motor_demo_msgs/msg/detail/motor_command__traits.hpp
[1.454s] -- Up-to-date symlink: /home/rmi/ros2ws/install/serial_motor_demo_msgs/include/serial_motor_demo_msgs/serial_motor_demo_msgs/msg/detail/motor_command__type_support.hpp
[1.454s] -- Up-to-date symlink: /home/rmi/ros2ws/install/serial_motor_demo_msgs/include/serial_motor_demo_msgs/serial_motor_demo_msgs/msg/detail/motor_vels__builder.hpp
[1.454s] -- Up-to-date symlink: /home/rmi/ros2ws/install/serial_motor_demo_msgs/include/serial_motor_demo_msgs/serial_motor_demo_msgs/msg/detail/motor_vels__struct.hpp
[1.454s] -- Up-to-date symlink: /home/rmi/ros2ws/install/serial_motor_demo_msgs/include/serial_motor_demo_msgs/serial_motor_demo_msgs/msg/detail/motor_vels__traits.hpp
[1.454s] -- Up-to-date symlink: /home/rmi/ros2ws/install/serial_motor_demo_msgs/include/serial_motor_demo_msgs/serial_motor_demo_msgs/msg/detail/motor_vels__type_support.hpp
[1.454s] -- Up-to-date symlink: /home/rmi/ros2ws/install/serial_motor_demo_msgs/include/serial_motor_demo_msgs/serial_motor_demo_msgs/msg/encoder_vals.hpp
[1.455s] -- Up-to-date symlink: /home/rmi/ros2ws/install/serial_motor_demo_msgs/include/serial_motor_demo_msgs/serial_motor_demo_msgs/msg/motor_command.hpp
[1.455s] -- Up-to-date symlink: /home/rmi/ros2ws/install/serial_motor_demo_msgs/include/serial_motor_demo_msgs/serial_motor_demo_msgs/msg/motor_vels.hpp
[1.455s] -- Up-to-date symlink: /home/rmi/ros2ws/install/serial_motor_demo_msgs/include/serial_motor_demo_msgs/serial_motor_demo_msgs/msg/rosidl_generator_cpp__visibility_control.hpp
[1.455s] -- Up-to-date symlink: /home/rmi/ros2ws/install/serial_motor_demo_msgs/include/serial_motor_demo_msgs/serial_motor_demo_msgs/msg/detail/encoder_vals__rosidl_typesupport_fastrtps_cpp.hpp
[1.455s] -- Up-to-date symlink: /home/rmi/ros2ws/install/serial_motor_demo_msgs/include/serial_motor_demo_msgs/serial_motor_demo_msgs/msg/detail/motor_command__rosidl_typesupport_fastrtps_cpp.hpp
[1.456s] -- Up-to-date symlink: /home/rmi/ros2ws/install/serial_motor_demo_msgs/include/serial_motor_demo_msgs/serial_motor_demo_msgs/msg/detail/motor_vels__rosidl_typesupport_fastrtps_cpp.hpp
[1.456s] -- Up-to-date symlink: /home/rmi/ros2ws/install/serial_motor_demo_msgs/include/serial_motor_demo_msgs/serial_motor_demo_msgs/msg/rosidl_typesupport_fastrtps_cpp__visibility_control.h
[1.456s] -- Up-to-date symlink: /home/rmi/ros2ws/install/serial_motor_demo_msgs/include/serial_motor_demo_msgs/serial_motor_demo_msgs/msg/detail/encoder_vals__rosidl_typesupport_introspection_cpp.hpp
[1.456s] -- Up-to-date symlink: /home/rmi/ros2ws/install/serial_motor_demo_msgs/include/serial_motor_demo_msgs/serial_motor_demo_msgs/msg/detail/motor_command__rosidl_typesupport_introspection_cpp.hpp
[1.457s] -- Up-to-date symlink: /home/rmi/ros2ws/install/serial_motor_demo_msgs/include/serial_motor_demo_msgs/serial_motor_demo_msgs/msg/detail/motor_vels__rosidl_typesupport_introspection_cpp.hpp
[1.457s] -- Up-to-date symlink: /home/rmi/ros2ws/install/serial_motor_demo_msgs/share/serial_motor_demo_msgs/environment/pythonpath.sh
[1.457s] -- Up-to-date symlink: /home/rmi/ros2ws/install/serial_motor_demo_msgs/share/serial_motor_demo_msgs/environment/pythonpath.dsv
[1.457s] -- Up-to-date symlink: /home/rmi/ros2ws/install/serial_motor_demo_msgs/local/lib/python3.10/dist-packages/serial_motor_demo_msgs-0.0.0-py3.10.egg-info/PKG-INFO
[1.457s] -- Up-to-date symlink: /home/rmi/ros2ws/install/serial_motor_demo_msgs/local/lib/python3.10/dist-packages/serial_motor_demo_msgs-0.0.0-py3.10.egg-info/SOURCES.txt
[1.457s] -- Up-to-date symlink: /home/rmi/ros2ws/install/serial_motor_demo_msgs/local/lib/python3.10/dist-packages/serial_motor_demo_msgs-0.0.0-py3.10.egg-info/dependency_links.txt
[1.458s] -- Up-to-date symlink: /home/rmi/ros2ws/install/serial_motor_demo_msgs/local/lib/python3.10/dist-packages/serial_motor_demo_msgs-0.0.0-py3.10.egg-info/top_level.txt
[1.458s] -- Up-to-date symlink: /home/rmi/ros2ws/install/serial_motor_demo_msgs/local/lib/python3.10/dist-packages/serial_motor_demo_msgs/__init__.py
[1.458s] -- Up-to-date symlink: /home/rmi/ros2ws/install/serial_motor_demo_msgs/local/lib/python3.10/dist-packages/serial_motor_demo_msgs/_serial_motor_demo_msgs_s.ep.rosidl_typesupport_c.c
[1.458s] -- Up-to-date symlink: /home/rmi/ros2ws/install/serial_motor_demo_msgs/local/lib/python3.10/dist-packages/serial_motor_demo_msgs/_serial_motor_demo_msgs_s.ep.rosidl_typesupport_fastrtps_c.c
[1.459s] -- Up-to-date symlink: /home/rmi/ros2ws/install/serial_motor_demo_msgs/local/lib/python3.10/dist-packages/serial_motor_demo_msgs/_serial_motor_demo_msgs_s.ep.rosidl_typesupport_introspection_c.c
[1.459s] -- Up-to-date symlink: /home/rmi/ros2ws/install/serial_motor_demo_msgs/local/lib/python3.10/dist-packages/serial_motor_demo_msgs/libserial_motor_demo_msgs__rosidl_generator_py.so
[1.459s] -- Up-to-date symlink: /home/rmi/ros2ws/install/serial_motor_demo_msgs/local/lib/python3.10/dist-packages/serial_motor_demo_msgs/msg/__init__.py
[1.459s] -- Up-to-date symlink: /home/rmi/ros2ws/install/serial_motor_demo_msgs/local/lib/python3.10/dist-packages/serial_motor_demo_msgs/msg/_encoder_vals.py
[1.460s] -- Up-to-date symlink: /home/rmi/ros2ws/install/serial_motor_demo_msgs/local/lib/python3.10/dist-packages/serial_motor_demo_msgs/msg/_encoder_vals_s.c
[1.460s] -- Up-to-date symlink: /home/rmi/ros2ws/install/serial_motor_demo_msgs/local/lib/python3.10/dist-packages/serial_motor_demo_msgs/msg/_motor_command.py
[1.460s] -- Up-to-date symlink: /home/rmi/ros2ws/install/serial_motor_demo_msgs/local/lib/python3.10/dist-packages/serial_motor_demo_msgs/msg/_motor_command_s.c
[1.460s] -- Up-to-date symlink: /home/rmi/ros2ws/install/serial_motor_demo_msgs/local/lib/python3.10/dist-packages/serial_motor_demo_msgs/msg/_motor_vels.py
[1.460s] -- Up-to-date symlink: /home/rmi/ros2ws/install/serial_motor_demo_msgs/local/lib/python3.10/dist-packages/serial_motor_demo_msgs/msg/_motor_vels_s.c
[1.461s] -- Up-to-date symlink: /home/rmi/ros2ws/install/serial_motor_demo_msgs/local/lib/python3.10/dist-packages/serial_motor_demo_msgs/serial_motor_demo_msgs_s__rosidl_typesupport_c.cpython-310-x86_64-linux-gnu.so
[1.461s] -- Up-to-date symlink: /home/rmi/ros2ws/install/serial_motor_demo_msgs/local/lib/python3.10/dist-packages/serial_motor_demo_msgs/serial_motor_demo_msgs_s__rosidl_typesupport_fastrtps_c.cpython-310-x86_64-linux-gnu.so
[1.461s] -- Up-to-date symlink: /home/rmi/ros2ws/install/serial_motor_demo_msgs/local/lib/python3.10/dist-packages/serial_motor_demo_msgs/serial_motor_demo_msgs_s__rosidl_typesupport_introspection_c.cpython-310-x86_64-linux-gnu.so
[1.461s] -- Up-to-date symlink: /home/rmi/ros2ws/install/serial_motor_demo_msgs/local/lib/python3.10/dist-packages/serial_motor_demo_msgs/serial_motor_demo_msgs_s__rosidl_typesupport_fastrtps_c.cpython-310-x86_64-linux-gnu.so
[1.461s] -- Up-to-date symlink: /home/rmi/ros2ws/install/serial_motor_demo_msgs/local/lib/python3.10/dist-packages/serial_motor_demo_msgs/serial_motor_demo_msgs_s__rosidl_typesupport_introspection_c.cpython-310-x86_64-linux-gnu.so
[1.462s] -- Up-to-date symlink: /home/rmi/ros2ws/install/serial_motor_demo_msgs/local/lib/python3.10/dist-packages/serial_motor_demo_msgs/serial_motor_demo_msgs_s__rosidl_typesupport_c.cpython-310-x86_64-linux-gnu.so
[1.462s] -- Up-to-date symlink: /home/rmi/ros2ws/install/serial_motor_demo_msgs/share/serial_motor_demo_msgs/msg/MotorCommand.idl
[1.462s] -- Up-to-date symlink: /home/rmi/ros2ws/install/serial_motor_demo_msgs/share/serial_motor_demo_msgs/msg/MotorVels.idl
[1.462s] -- Up-to-date symlink: /home/rmi/ros2ws/install/serial_motor_demo_msgs/share/serial_motor_demo_msgs/msg/EncoderVals.idl
[1.462s] -- Up-to-date symlink: /home/rmi/ros2ws/install/serial_motor_demo_msgs/share/serial_motor_demo_msgs/msg/MotorCommand.msg
[1.463s] -- Up-to-date symlink: /home/rmi/ros2ws/install/serial_motor_demo_msgs/share/serial_motor_demo_msgs/msg/MotorVels.msg
[1.463s] -- Up-to-date symlink: /home/rmi/ros2ws/install/serial_motor_demo_msgs/share/serial_motor_demo_msgs/msg/EncoderVals.msg
[1.463s] -- Up-to-date symlink: /home/rmi/ros2ws/install/serial_motor_demo_msgs/share/ament_index/resource_index/package_run_dependencies/serial_motor_demo_msgs
[1.463s] -- Up-to-date symlink: /home/rmi/ros2ws/install/serial_motor_demo_msgs/share/ament_index/resource_index/parent_prefix_path/serial_motor_demo_msgs
[1.464s] -- Up-to-date symlink: /home/rmi/ros2ws/install/serial_motor_demo_msgs/share/serial_motor_demo_msgs/environment/ament_prefix_path.sh
[1.464s] -- Up-to-date symlink: /home/rmi/ros2ws/install/serial_motor_demo_msgs/share/serial_motor_demo_msgs/environment/ament_prefix_path.dsv
[1.464s] -- Up-to-date symlink: /home/rmi/ros2ws/install/serial_motor_demo_msgs/share/serial_motor_demo_msgs/environment/path.sh
[1.464s] -- Up-to-date symlink: /home/rmi/ros2ws/install/serial_motor_demo_msgs/share/serial_motor_demo_msgs/environment/path.dsv
[1.464s] -- Up-to-date symlink: /home/rmi/ros2ws/install/serial_motor_demo_msgs/share/serial_motor_demo_msgs/local_setup.bash
[1.464s] -- Up-to-date symlink: /home/rmi/ros2ws/install/serial_motor_demo_msgs/share/serial_motor_demo_msgs/local_setup.sh
[1.464s] -- Up-to-date symlink: /home/rmi/ros2ws/install/serial_motor_demo_msgs/share/serial_motor_demo_msgs/local_setup.zsh
[1.464s] -- Up-to-date symlink: /home/rmi/ros2ws/install/serial_motor_demo_msgs/share/serial_motor_demo_msgs/local_setup.dsv
[1.465s] -- Symlinking: /home/rmi/ros2ws/install/serial_motor_demo_msgs/share/serial_motor_demo_msgs/package.dsv
[1.473s] -- Up-to-date symlink: /home/rmi/ros2ws/install/serial_motor_demo_msgs/share/ament_index/resource_index/packages/serial_motor_demo_msgs
[1.473s] -- Up-to-date symlink: /home/rmi/ros2ws/install/serial_motor_demo_msgs/share/serial_motor_demo_msgs/cmake/rosidl_cmake-extras.cmake
[1.473s] -- Up-to-date symlink: /home/rmi/ros2ws/install/serial_motor_demo_msgs/share/serial_motor_demo_msgs/cmake/ament_cmake_export_include_directories-extras.cmake
[1.473s] -- Up-to-date symlink: /home/rmi/ros2ws/install/serial_motor_demo_msgs/share/serial_motor_demo_msgs/cmake/ament_cmake_export_libraries-extras.cmake
[1.474s] -- Up-to-date symlink: /home/rmi/ros2ws/install/serial_motor_demo_msgs/share/serial_motor_demo_msgs/cmake/ament_cmake_export_targets-extras.cmake
[1.474s] -- Up-to-date symlink: /home/rmi/ros2ws/install/serial_motor_demo_msgs/share/serial_motor_demo_msgs/cmake/rosidl_cmake_export_typesupport_targets-extras.cmake
[1.474s] -- Up-to-date symlink: /home/rmi/ros2ws/install/serial_motor_demo_msgs/share/serial_motor_demo_msgs/cmake/ament_cmake_export_dependencies-extras.cmake
[1.474s] -- Up-to-date symlink: /home/rmi/ros2ws/install/serial_motor_demo_msgs/share/serial_motor_demo_msgs/cmake/rosidl_cmake_export_typesupport_libraries-extras.cmake
[1.474s] -- Up-to-date symlink: /home/rmi/ros2ws/install/serial_motor_demo_msgs/share/serial_motor_demo_msgs/cmake/serial_motor_demo_msgsConfig.cmake
[1.475s] -- Up-to-date symlink: /home/rmi/ros2ws/install/serial_motor_demo_msgs/share/serial_motor_demo_msgs/cmake/serial_motor_demo_msgsConfig-version.cmake
[1.475s] -- Up-to-date symlink: /home/rmi/ros2ws/install/serial_motor_demo_msgs/share/serial_motor_demo_msgs/package.xml
[1.475s] -- Up-to-date: /home/rmi/ros2ws/install/serial_motor_demo_msgs/lib/libserial_motor_demo_msgs__rosidl_generator_c.so
[1.475s] -- Up-to-date: /home/rmi/ros2ws/install/serial_motor_demo_msgs/lib/libserial_motor_demo_msgs__rosidl_typesupport_fastrtps_c.so
[1.476s] -- Up-to-date: /home/rmi/ros2ws/install/serial_motor_demo_msgs/lib/libserial_motor_demo_msgs__rosidl_typesupport_introspection_c.so
[1.476s] -- Up-to-date: /home/rmi/ros2ws/install/serial_motor_demo_msgs/lib/libserial_motor_demo_msgs__rosidl_typesupport_c.so
[1.477s] -- Up-to-date: /home/rmi/ros2ws/install/serial_motor_demo_msgs/lib/libserial_motor_demo_msgs__rosidl_typesupport_fastrtps_cpp.so
[1.477s] -- Up-to-date: /home/rmi/ros2ws/install/serial_motor_demo_msgs/lib/libserial_motor_demo_msgs__rosidl_typesupport_introspection_cpp.so
[1.477s] -- Up-to-date: /home/rmi/ros2ws/install/serial_motor_demo_msgs/lib/libserial_motor_demo_msgs__rosidl_typesupport_cpp.so
[1.506s] Listing '/home/rmi/ros2ws/install/serial_motor_demo_msgs/local/lib/python3.10/dist-packages/serial_motor_demo_msgs'...
[1.506s] Compiling '/home/rmi/ros2ws/install/serial_motor_demo_msgs/local/lib/python3.10/dist-packages/serial_motor_demo_msgs/__init__.py'...
[1.506s] Listing '/home/rmi/ros2ws/install/serial_motor_demo_msgs/local/lib/python3.10/dist-packages/serial_motor_demo_msgs/msg'...
[1.510s] -- Up-to-date: /home/rmi/ros2ws/install/serial_motor_demo_msgs/lib/libserial_motor_demo_msgs__rosidl_generator_py.so
[1.511s] -- Up-to-date: /home/rmi/ros2ws/install/serial_motor_demo_msgs/share/serial_motor_demo_msgs/cmake/export_serial_motor_demo_msgs__rosidl_generator_cExport.cmake
[1.511s] -- Up-to-date: /home/rmi/ros2ws/install/serial_motor_demo_msgs/share/serial_motor_demo_msgs/cmake/export_serial_motor_demo_msgs__rosidl_generator_cExport-noconfig.cmake
[1.511s] -- Up-to-date: /home/rmi/ros2ws/install/serial_motor_demo_msgs/share/serial_motor_demo_msgs/cmake/export_serial_motor_demo_msgs__rosidl_typesupport_fastrtps_cExport.cmake
[1.511s] -- Up-to-date: /home/rmi/ros2ws/install/serial_motor_demo_msgs/share/serial_motor_demo_msgs/cmake/export_serial_motor_demo_msgs__rosidl_typesupport_fastrtps_cExport-noconfig.cmake
[1.512s] -- Up-to-date: /home/rmi/ros2ws/install/serial_motor_demo_msgs/share/serial_motor_demo_msgs/cmake/serial_motor_demo_msgs__rosidl_typesupport_introspection_cExport.cmake
[1.512s] -- Up-to-date: /home/rmi/ros2ws/install/serial_motor_demo_msgs/share/serial_motor_demo_msgs/cmake/serial_motor_demo_msgs__rosidl_typesupport_introspection_cExport-noconfig.cmake
[1.512s] -- Up-to-date: /home/rmi/ros2ws/install/serial_motor_demo_msgs/share/serial_motor_demo_msgs/cmake/serial_motor_demo_msgs__rosidl_typesupport_cExport.cmake
[1.512s] -- Up-to-date: /home/rmi/ros2ws/install/serial_motor_demo_msgs/share/serial_motor_demo_msgs/cmake/serial_motor_demo_msgs__rosidl_typesupport_cExport-noconfig.cmake
[1.512s] -- Up-to-date: /home/rmi/ros2ws/install/serial_motor_demo_msgs/share/serial_motor_demo_msgs/cmake/export_serial_motor_demo_msgs__rosidl_generator_cppExport.cmake
[1.512s] -- Up-to-date: /home/rmi/ros2ws/install/serial_motor_demo_msgs/share/serial_motor_demo_msgs/cmake/export_serial_motor_demo_msgs__rosidl_typesupport_fastrtps_cppExport.cmake
[1.512s] -- Up-to-date: /home/rmi/ros2ws/install/serial_motor_demo_msgs/share/serial_motor_demo_msgs/cmake/export_serial_motor_demo_msgs__rosidl_typesupport_fastrtps_cppExport-noconfig.cmake
[1.512s] -- Up-to-date: /home/rmi/ros2ws/install/serial_motor_demo_msgs/share/serial_motor_demo_msgs/cmake/serial_motor_demo_msgs__rosidl_typesupport_introspection_cppExport.cmake
[1.513s] -- Up-to-date: /home/rmi/ros2ws/install/serial_motor_demo_msgs/share/serial_motor_demo_msgs/cmake/serial_motor_demo_msgs__rosidl_typesupport_introspection_cppExport-noconfig.cmake
[1.513s] -- Up-to-date: /home/rmi/ros2ws/install/serial_motor_demo_msgs/share/serial_motor_demo_msgs/cmake/serial_motor_demo_msgs__rosidl_typesupport_cppExport.cmake
[1.513s] -- Up-to-date: /home/rmi/ros2ws/install/serial_motor_demo_msgs/share/serial_motor_demo_msgs/cmake/serial_motor_demo_msgs__rosidl_typesupport_cppExport-noconfig.cmake
[1.513s] -- Up-to-date: /home/rmi/ros2ws/install/serial_motor_demo_msgs/share/serial_motor_demo_msgs/cmake/export_serial_motor_demo_msgs__rosidl_generator_pyExport.cmake
[1.513s] -- Up-to-date: /home/rmi/ros2ws/install/serial_motor_demo_msgs/share/serial_motor_demo_msgs/cmake/export_serial_motor_demo_msgs__rosidl_generator_pyExport-noconfig.cmake
[1.515s] Invoked command in '/home/rmi/ros2ws/build/serial_motor_demo_msgs' returned '0': CMAKE_PREFIX_PATH=/opt/ros/humble /usr/bin/cmake --install /home/rmi/ros2ws/build/serial_motor_demo_msgs
