[0.030s] Invoking command in '/home/rmi/ros2ws/build/differential_drive_robot': CMAKE_PREFIX_PATH=${CMAKE_PREFIX_PATH}:/home/rmi/ros2ws/install/serial_motor_demo:/home/rmi/ros2ws/install/learning_tf2_py:/home/rmi/install/serial_motor_demo:/opt/ros/humble /usr/bin/cmake --build /home/rmi/ros2ws/build/differential_drive_robot -- -j8 -l8
[0.317s] Invoked command in '/home/rmi/ros2ws/build/differential_drive_robot' returned '0': CMAKE_PREFIX_PATH=${CMAKE_PREFIX_PATH}:/home/rmi/ros2ws/install/serial_motor_demo:/home/rmi/ros2ws/install/learning_tf2_py:/home/rmi/install/serial_motor_demo:/opt/ros/humble /usr/bin/cmake --build /home/rmi/ros2ws/build/differential_drive_robot -- -j8 -l8
[0.332s] Invoking command in '/home/rmi/ros2ws/build/differential_drive_robot': CMAKE_PREFIX_PATH=${CMAKE_PREFIX_PATH}:/home/rmi/ros2ws/install/serial_motor_demo:/home/rmi/ros2ws/install/learning_tf2_py:/home/rmi/install/serial_motor_demo:/opt/ros/humble /usr/bin/cmake --install /home/rmi/ros2ws/build/differential_drive_robot
[0.341s] -- Install configuration: ""
[0.341s] -- Execute custom install script
[0.342s] -- Up-to-date symlink: /home/rmi/ros2ws/install/differential_drive_robot/share/ament_index/resource_index/package_run_dependencies/differential_drive_robot
[0.342s] -- Up-to-date symlink: /home/rmi/ros2ws/install/differential_drive_robot/share/ament_index/resource_index/parent_prefix_path/differential_drive_robot
[0.342s] -- Up-to-date symlink: /home/rmi/ros2ws/install/differential_drive_robot/share/differential_drive_robot/environment/ament_prefix_path.sh
[0.342s] -- Up-to-date symlink: /home/rmi/ros2ws/install/differential_drive_robot/share/differential_drive_robot/environment/ament_prefix_path.dsv
[0.342s] -- Up-to-date symlink: /home/rmi/ros2ws/install/differential_drive_robot/share/differential_drive_robot/environment/path.sh
[0.342s] -- Up-to-date symlink: /home/rmi/ros2ws/install/differential_drive_robot/share/differential_drive_robot/environment/path.dsv
[0.343s] -- Up-to-date symlink: /home/rmi/ros2ws/install/differential_drive_robot/share/differential_drive_robot/local_setup.bash
[0.343s] -- Up-to-date symlink: /home/rmi/ros2ws/install/differential_drive_robot/share/differential_drive_robot/local_setup.sh
[0.343s] -- Up-to-date symlink: /home/rmi/ros2ws/install/differential_drive_robot/share/differential_drive_robot/local_setup.zsh
[0.343s] -- Up-to-date symlink: /home/rmi/ros2ws/install/differential_drive_robot/share/differential_drive_robot/local_setup.dsv
[0.343s] -- Symlinking: /home/rmi/ros2ws/install/differential_drive_robot/share/differential_drive_robot/package.dsv
[0.353s] -- Up-to-date symlink: /home/rmi/ros2ws/install/differential_drive_robot/share/ament_index/resource_index/packages/differential_drive_robot
[0.354s] -- Up-to-date symlink: /home/rmi/ros2ws/install/differential_drive_robot/share/differential_drive_robot/cmake/differential_drive_robotConfig.cmake
[0.354s] -- Up-to-date symlink: /home/rmi/ros2ws/install/differential_drive_robot/share/differential_drive_robot/cmake/differential_drive_robotConfig-version.cmake
[0.354s] -- Up-to-date symlink: /home/rmi/ros2ws/install/differential_drive_robot/share/differential_drive_robot/package.xml
[0.357s] Invoked command in '/home/rmi/ros2ws/build/differential_drive_robot' returned '0': CMAKE_PREFIX_PATH=${CMAKE_PREFIX_PATH}:/home/rmi/ros2ws/install/serial_motor_demo:/home/rmi/ros2ws/install/learning_tf2_py:/home/rmi/install/serial_motor_demo:/opt/ros/humble /usr/bin/cmake --install /home/rmi/ros2ws/build/differential_drive_robot
