[0.648s] Invoking command in '/home/rmi/ros2ws/build/serial_motor_demo': CMAKE_PREFIX_PATH=/home/rmi/ros2ws/install/serial_motor_demo_msgs:/home/rmi/ros2ws/src/install/serial_motor_demo_msgs:/home/rmi/ros2ws/src/install/my_robot_bringup:/home/rmi/ros2ws/src/install/my_robot_description:/home/rmi/ros2ws/src/install/differential_drive_robot:/home/rmi/ros2ws/install/my_robot_bringup:/home/rmi/ros2ws/install/my_robot_description:/home/rmi/ros2ws/install/differential_drive_robot LD_LIBRARY_PATH=/home/rmi/ros2ws/install/serial_motor_demo_msgs/lib:/home/rmi/ros2ws/src/install/serial_motor_demo_msgs/lib:/usr/lib/x86_64-linux-gnu/gazebo-11/plugins:/opt/ros/humble/opt/rviz_ogre_vendor/lib:/opt/ros/humble/lib/x86_64-linux-gnu:/opt/ros/humble/lib PYTHONPATH=/home/rmi/ros2ws/build/serial_motor_demo/prefix_override:/usr/lib/python3/dist-packages/colcon_core/task/python/colcon_distutils_commands:/home/rmi/ros2ws/install/serial_motor_demo/lib/python3.10/site-packages:${PYTHONPATH} /usr/bin/python3 -W ignore:setup.py install is deprecated -W ignore:easy_install command is deprecated setup.py develop --editable --build-directory /home/rmi/ros2ws/build/serial_motor_demo/build --no-deps symlink_data --force
[0.881s] /usr/lib/python3/dist-packages/setuptools/dist.py:723: UserWarning: Usage of dash-separated 'script-dir' will not be supported in future versions. Please use the underscore name 'script_dir' instead
[0.881s]   warnings.warn(
[0.907s] running develop
[1.069s] running egg_info
[1.069s] writing serial_motor_demo.egg-info/PKG-INFO
[1.070s] writing dependency_links to serial_motor_demo.egg-info/dependency_links.txt
[1.070s] writing entry points to serial_motor_demo.egg-info/entry_points.txt
[1.070s] writing requirements to serial_motor_demo.egg-info/requires.txt
[1.071s] writing top-level names to serial_motor_demo.egg-info/top_level.txt
[1.072s] reading manifest file 'serial_motor_demo.egg-info/SOURCES.txt'
[1.073s] writing manifest file 'serial_motor_demo.egg-info/SOURCES.txt'
[1.075s] running build_ext
[1.075s] Creating /home/rmi/ros2ws/install/serial_motor_demo/lib/python3.10/site-packages/serial-motor-demo.egg-link (link to .)
[1.076s] Installing driver script to /home/rmi/ros2ws/install/serial_motor_demo/lib/serial_motor_demo
[1.076s] Installing gui script to /home/rmi/ros2ws/install/serial_motor_demo/lib/serial_motor_demo
[1.076s] 
[1.077s] Installed /home/rmi/ros2ws/build/serial_motor_demo
[1.077s] running symlink_data
[1.077s] symbolically linking /home/rmi/ros2ws/build/serial_motor_demo/resource/serial_motor_demo -> /home/rmi/ros2ws/install/serial_motor_demo/share/ament_index/resource_index/packages
[1.077s] symbolically linking /home/rmi/ros2ws/build/serial_motor_demo/package.xml -> /home/rmi/ros2ws/install/serial_motor_demo/share/serial_motor_demo
[1.101s] Invoked command in '/home/rmi/ros2ws/build/serial_motor_demo' returned '0': CMAKE_PREFIX_PATH=/home/rmi/ros2ws/install/serial_motor_demo_msgs:/home/rmi/ros2ws/src/install/serial_motor_demo_msgs:/home/rmi/ros2ws/src/install/my_robot_bringup:/home/rmi/ros2ws/src/install/my_robot_description:/home/rmi/ros2ws/src/install/differential_drive_robot:/home/rmi/ros2ws/install/my_robot_bringup:/home/rmi/ros2ws/install/my_robot_description:/home/rmi/ros2ws/install/differential_drive_robot LD_LIBRARY_PATH=/home/rmi/ros2ws/install/serial_motor_demo_msgs/lib:/home/rmi/ros2ws/src/install/serial_motor_demo_msgs/lib:/usr/lib/x86_64-linux-gnu/gazebo-11/plugins:/opt/ros/humble/opt/rviz_ogre_vendor/lib:/opt/ros/humble/lib/x86_64-linux-gnu:/opt/ros/humble/lib PYTHONPATH=/home/rmi/ros2ws/build/serial_motor_demo/prefix_override:/usr/lib/python3/dist-packages/colcon_core/task/python/colcon_distutils_commands:/home/rmi/ros2ws/install/serial_motor_demo/lib/python3.10/site-packages:${PYTHONPATH} /usr/bin/python3 -W ignore:setup.py install is deprecated -W ignore:easy_install command is deprecated setup.py develop --editable --build-directory /home/rmi/ros2ws/build/serial_motor_demo/build --no-deps symlink_data --force
