[0.038s] Invoking command in '/home/rmi/ros2ws/src/build/my_robot_description': CMAKE_PREFIX_PATH=${CMAKE_PREFIX_PATH}:/home/rmi/ros2ws/install/serial_motor_demo:/home/rmi/ros2ws/install/learning_tf2_py:/opt/ros/humble /usr/bin/cmake /home/rmi/ros2ws/src/my_robot_description -DAMENT_CMAKE_SYMLINK_INSTALL=1 -DCMAKE_INSTALL_PREFIX=/home/rmi/ros2ws/src/install/my_robot_description
[0.257s] -- The C compiler identification is GNU 11.4.0
[0.401s] -- The CXX compiler identification is GNU 11.4.0
[0.423s] -- Detecting C compiler ABI info
[0.524s] -- Detecting C compiler ABI info - done
[0.525s] -- Check for working C compiler: /usr/bin/cc - skipped
[0.525s] -- Detecting C compile features
[0.527s] -- Detecting C compile features - done
[0.532s] -- Detecting CXX compiler ABI info
[0.655s] -- Detecting CXX compiler ABI info - done
[0.662s] -- Check for working CXX compiler: /usr/bin/c++ - skipped
[0.663s] -- Detecting CXX compile features
[0.663s] -- Detecting CXX compile features - done
[0.667s] -- Found ament_cmake: 1.3.11 (/opt/ros/humble/share/ament_cmake/cmake)
[0.848s] -- Found Python3: /usr/bin/python3 (found version "3.10.12") found components: Interpreter 
[0.944s] -- Override CMake install command with custom implementation using symlinks instead of copying resources
[1.116s] -- Configuring done
[1.119s] -- Generating done
[1.121s] -- Build files have been written to: /home/rmi/ros2ws/src/build/my_robot_description
[1.127s] Invoked command in '/home/rmi/ros2ws/src/build/my_robot_description' returned '0': CMAKE_PREFIX_PATH=${CMAKE_PREFIX_PATH}:/home/rmi/ros2ws/install/serial_motor_demo:/home/rmi/ros2ws/install/learning_tf2_py:/opt/ros/humble /usr/bin/cmake /home/rmi/ros2ws/src/my_robot_description -DAMENT_CMAKE_SYMLINK_INSTALL=1 -DCMAKE_INSTALL_PREFIX=/home/rmi/ros2ws/src/install/my_robot_description
[1.129s] Invoking command in '/home/rmi/ros2ws/src/build/my_robot_description': CMAKE_PREFIX_PATH=${CMAKE_PREFIX_PATH}:/home/rmi/ros2ws/install/serial_motor_demo:/home/rmi/ros2ws/install/learning_tf2_py:/opt/ros/humble /usr/bin/cmake --build /home/rmi/ros2ws/src/build/my_robot_description -- -j8 -l8
[1.181s] Invoked command in '/home/rmi/ros2ws/src/build/my_robot_description' returned '0': CMAKE_PREFIX_PATH=${CMAKE_PREFIX_PATH}:/home/rmi/ros2ws/install/serial_motor_demo:/home/rmi/ros2ws/install/learning_tf2_py:/opt/ros/humble /usr/bin/cmake --build /home/rmi/ros2ws/src/build/my_robot_description -- -j8 -l8
[1.194s] Invoking command in '/home/rmi/ros2ws/src/build/my_robot_description': CMAKE_PREFIX_PATH=${CMAKE_PREFIX_PATH}:/home/rmi/ros2ws/install/serial_motor_demo:/home/rmi/ros2ws/install/learning_tf2_py:/opt/ros/humble /usr/bin/cmake --install /home/rmi/ros2ws/src/build/my_robot_description
[1.202s] -- Install configuration: ""
[1.203s] -- Execute custom install script
[1.204s] -- Symlinking: /home/rmi/ros2ws/src/install/my_robot_description/share/my_robot_description//urdf/camera.xacro
[1.214s] -- Symlinking: /home/rmi/ros2ws/src/install/my_robot_description/share/my_robot_description//urdf/camera.xacroZone.Identifier
[1.227s] -- Symlinking: /home/rmi/ros2ws/src/install/my_robot_description/share/my_robot_description//urdf/common_properties.xacro
[1.238s] -- Symlinking: /home/rmi/ros2ws/src/install/my_robot_description/share/my_robot_description//urdf/common_properties.xacroZone.Identifier
[1.249s] -- Symlinking: /home/rmi/ros2ws/src/install/my_robot_description/share/my_robot_description//urdf/lidar.txt
[1.261s] -- Symlinking: /home/rmi/ros2ws/src/install/my_robot_description/share/my_robot_description//urdf/lidar.xacro
[1.273s] -- Symlinking: /home/rmi/ros2ws/src/install/my_robot_description/share/my_robot_description//urdf/mobile_base.xacro
[1.284s] -- Symlinking: /home/rmi/ros2ws/src/install/my_robot_description/share/my_robot_description//urdf/mobile_base.xacroZone.Identifier
[1.296s] -- Symlinking: /home/rmi/ros2ws/src/install/my_robot_description/share/my_robot_description//urdf/mobile_base_gazebo.xacro
[1.307s] -- Symlinking: /home/rmi/ros2ws/src/install/my_robot_description/share/my_robot_description//urdf/mobile_base_gazebo.xacroZone.Identifier
[1.319s] -- Symlinking: /home/rmi/ros2ws/src/install/my_robot_description/share/my_robot_description//urdf/my_robot.urdf.xacro
[1.333s] -- Symlinking: /home/rmi/ros2ws/src/install/my_robot_description/share/my_robot_description//urdf/my_robot.urdf.xacroZone.Identifier
[1.345s] [33mCMake Warning (dev) at ament_cmake_symlink_install/ament_cmake_symlink_install.cmake:62 (file):
[1.346s]   Policy CMP0009 is not set: FILE GLOB_RECURSE calls should not follow
[1.346s]   symlinks by default.  Run "cmake --help-policy CMP0009" for policy details.
[1.346s]   Use the cmake_policy command to set the policy and suppress this warning.
[1.346s] Call Stack (most recent call first):
[1.346s]   ament_cmake_symlink_install/ament_cmake_symlink_install.cmake:314 (ament_cmake_symlink_install_directory)
[1.346s]   cmake_install.cmake:46 (include)
[1.346s] This warning is for project developers.  Use -Wno-dev to suppress it.
[1.346s] [0m
[1.347s] -- Symlinking: /home/rmi/ros2ws/src/install/my_robot_description/share/my_robot_description//launch/build/.built_by
[1.358s] -- Symlinking: /home/rmi/ros2ws/src/install/my_robot_description/share/my_robot_description//launch/build/COLCON_IGNORE
[1.369s] -- Symlinking: /home/rmi/ros2ws/src/install/my_robot_description/share/my_robot_description//launch/display.launch.py
[1.381s] -- Symlinking: /home/rmi/ros2ws/src/install/my_robot_description/share/my_robot_description//launch/display.launch.pyZone.Identifier
[1.393s] -- Symlinking: /home/rmi/ros2ws/src/install/my_robot_description/share/my_robot_description//launch/display.launch.xml
[1.406s] -- Symlinking: /home/rmi/ros2ws/src/install/my_robot_description/share/my_robot_description//launch/display.launch.xmlZone.Identifier
[1.417s] -- Symlinking: /home/rmi/ros2ws/src/install/my_robot_description/share/my_robot_description//launch/install/.colcon_install_layout
[1.431s] -- Symlinking: /home/rmi/ros2ws/src/install/my_robot_description/share/my_robot_description//launch/install/COLCON_IGNORE
[1.447s] -- Symlinking: /home/rmi/ros2ws/src/install/my_robot_description/share/my_robot_description//launch/install/_local_setup_util_ps1.py
[1.459s] -- Symlinking: /home/rmi/ros2ws/src/install/my_robot_description/share/my_robot_description//launch/install/_local_setup_util_sh.py
[1.476s] -- Symlinking: /home/rmi/ros2ws/src/install/my_robot_description/share/my_robot_description//launch/install/local_setup.bash
[1.487s] -- Symlinking: /home/rmi/ros2ws/src/install/my_robot_description/share/my_robot_description//launch/install/local_setup.ps1
[1.507s] -- Symlinking: /home/rmi/ros2ws/src/install/my_robot_description/share/my_robot_description//launch/install/local_setup.sh
[1.521s] -- Symlinking: /home/rmi/ros2ws/src/install/my_robot_description/share/my_robot_description//launch/install/local_setup.zsh
[1.533s] -- Symlinking: /home/rmi/ros2ws/src/install/my_robot_description/share/my_robot_description//launch/install/setup.bash
[1.554s] -- Symlinking: /home/rmi/ros2ws/src/install/my_robot_description/share/my_robot_description//launch/install/setup.ps1
[1.566s] -- Symlinking: /home/rmi/ros2ws/src/install/my_robot_description/share/my_robot_description//launch/install/setup.sh
[1.577s] -- Symlinking: /home/rmi/ros2ws/src/install/my_robot_description/share/my_robot_description//launch/install/setup.zsh
[1.589s] -- Symlinking: /home/rmi/ros2ws/src/install/my_robot_description/share/my_robot_description//launch/log/COLCON_IGNORE
[1.600s] -- Symlinking: /home/rmi/ros2ws/src/install/my_robot_description/share/my_robot_description//launch/log/build_2024-12-22_01-34-42/events.log
[1.612s] -- Symlinking: /home/rmi/ros2ws/src/install/my_robot_description/share/my_robot_description//launch/log/build_2024-12-22_01-34-42/logger_all.log
[1.625s] -- Symlinking: /home/rmi/ros2ws/src/install/my_robot_description/share/my_robot_description//launch/log/build_2024-12-22_01-37-29/events.log
[1.638s] -- Symlinking: /home/rmi/ros2ws/src/install/my_robot_description/share/my_robot_description//launch/log/build_2024-12-22_01-37-29/logger_all.log
[1.650s] -- Symlinking: /home/rmi/ros2ws/src/install/my_robot_description/share/my_robot_description//launch/log/build_2024-12-22_01-40-27/events.log
[1.664s] -- Symlinking: /home/rmi/ros2ws/src/install/my_robot_description/share/my_robot_description//launch/log/build_2024-12-22_01-40-27/logger_all.log
[1.677s] -- Symlinking: /home/rmi/ros2ws/src/install/my_robot_description/share/my_robot_description//launch/log/latest/events.log
[1.689s] -- Symlinking: /home/rmi/ros2ws/src/install/my_robot_description/share/my_robot_description//launch/log/latest/logger_all.log
[1.702s] -- Symlinking: /home/rmi/ros2ws/src/install/my_robot_description/share/my_robot_description//launch/log/latest_build/events.log
[1.714s] -- Symlinking: /home/rmi/ros2ws/src/install/my_robot_description/share/my_robot_description//launch/log/latest_build/logger_all.log
[1.727s] -- Symlinking: /home/rmi/ros2ws/src/install/my_robot_description/share/my_robot_description//rviz/urdf_config.rviz
[1.739s] -- Symlinking: /home/rmi/ros2ws/src/install/my_robot_description/share/my_robot_description//rviz/urdf_config.rvizZone.Identifier
[1.751s] -- Symlinking: /home/rmi/ros2ws/src/install/my_robot_description/share/ament_index/resource_index/package_run_dependencies/my_robot_description
[1.762s] -- Symlinking: /home/rmi/ros2ws/src/install/my_robot_description/share/ament_index/resource_index/parent_prefix_path/my_robot_description
[1.773s] -- Symlinking: /home/rmi/ros2ws/src/install/my_robot_description/share/my_robot_description/environment/ament_prefix_path.sh
[1.785s] -- Symlinking: /home/rmi/ros2ws/src/install/my_robot_description/share/my_robot_description/environment/ament_prefix_path.dsv
[1.798s] -- Symlinking: /home/rmi/ros2ws/src/install/my_robot_description/share/my_robot_description/environment/path.sh
[1.808s] -- Symlinking: /home/rmi/ros2ws/src/install/my_robot_description/share/my_robot_description/environment/path.dsv
[1.819s] -- Symlinking: /home/rmi/ros2ws/src/install/my_robot_description/share/my_robot_description/local_setup.bash
[1.829s] -- Symlinking: /home/rmi/ros2ws/src/install/my_robot_description/share/my_robot_description/local_setup.sh
[1.840s] -- Symlinking: /home/rmi/ros2ws/src/install/my_robot_description/share/my_robot_description/local_setup.zsh
[1.850s] -- Symlinking: /home/rmi/ros2ws/src/install/my_robot_description/share/my_robot_description/local_setup.dsv
[1.860s] -- Symlinking: /home/rmi/ros2ws/src/install/my_robot_description/share/my_robot_description/package.dsv
[1.871s] -- Symlinking: /home/rmi/ros2ws/src/install/my_robot_description/share/ament_index/resource_index/packages/my_robot_description
[1.881s] -- Symlinking: /home/rmi/ros2ws/src/install/my_robot_description/share/my_robot_description/cmake/my_robot_descriptionConfig.cmake
[1.891s] -- Symlinking: /home/rmi/ros2ws/src/install/my_robot_description/share/my_robot_description/cmake/my_robot_descriptionConfig-version.cmake
[1.902s] -- Symlinking: /home/rmi/ros2ws/src/install/my_robot_description/share/my_robot_description/package.xml
[1.914s] Invoked command in '/home/rmi/ros2ws/src/build/my_robot_description' returned '0': CMAKE_PREFIX_PATH=${CMAKE_PREFIX_PATH}:/home/rmi/ros2ws/install/serial_motor_demo:/home/rmi/ros2ws/install/learning_tf2_py:/opt/ros/humble /usr/bin/cmake --install /home/rmi/ros2ws/src/build/my_robot_description
