[8.956s] Invoking command in '/home/rmi/ros2ws/build/serial_motor_demo': AMENT_PREFIX_PATH=/home/rmi/ros2ws/install/serial_motor_demo_msgs:${AMENT_PREFIX_PATH} CMAKE_PREFIX_PATH=/home/rmi/ros2ws/install/serial_motor_demo_msgs LD_LIBRARY_PATH=/home/rmi/ros2ws/install/serial_motor_demo_msgs/lib:${LD_LIBRARY_PATH} PYTHONPATH=/home/rmi/ros2ws/build/serial_motor_demo/prefix_override:/usr/lib/python3/dist-packages/colcon_core/task/python/colcon_distutils_commands:/home/rmi/ros2ws/install/serial_motor_demo/lib/python3.10/site-packages:/home/rmi/ros2ws/install/serial_motor_demo_msgs/local/lib/python3.10/dist-packages:${PYTHONPATH} /usr/bin/python3 -W ignore:setup.py install is deprecated -W ignore:easy_install command is deprecated setup.py develop --editable --build-directory /home/rmi/ros2ws/build/serial_motor_demo/build --no-deps symlink_data
[12.568s] /usr/lib/python3/dist-packages/setuptools/dist.py:723: UserWarning: Usage of dash-separated 'script-dir' will not be supported in future versions. Please use the underscore name 'script_dir' instead
[12.583s]   warnings.warn(
[12.955s] running develop
[15.603s] running egg_info
[15.604s] creating serial_motor_demo.egg-info
[15.611s] writing serial_motor_demo.egg-info/PKG-INFO
[15.611s] writing dependency_links to serial_motor_demo.egg-info/dependency_links.txt
[15.624s] writing entry points to serial_motor_demo.egg-info/entry_points.txt
[15.624s] writing requirements to serial_motor_demo.egg-info/requires.txt
[15.627s] writing top-level names to serial_motor_demo.egg-info/top_level.txt
[15.627s] writing manifest file 'serial_motor_demo.egg-info/SOURCES.txt'
[15.659s] reading manifest file 'serial_motor_demo.egg-info/SOURCES.txt'
[15.660s] writing manifest file 'serial_motor_demo.egg-info/SOURCES.txt'
[15.684s] running build_ext
[15.687s] Creating /home/rmi/ros2ws/install/serial_motor_demo/lib/python3.10/site-packages/serial-motor-demo.egg-link (link to .)
[15.719s] Installing driver script to /home/rmi/ros2ws/install/serial_motor_demo/lib/serial_motor_demo
[15.720s] Installing gui script to /home/rmi/ros2ws/install/serial_motor_demo/lib/serial_motor_demo
[15.723s] 
[15.723s] Installed /home/rmi/ros2ws/build/serial_motor_demo
[15.723s] running symlink_data
[15.724s] creating /home/rmi/ros2ws/install/serial_motor_demo/share/ament_index
[15.724s] creating /home/rmi/ros2ws/install/serial_motor_demo/share/ament_index/resource_index
[15.724s] creating /home/rmi/ros2ws/install/serial_motor_demo/share/ament_index/resource_index/packages
[15.727s] symbolically linking /home/rmi/ros2ws/build/serial_motor_demo/resource/serial_motor_demo -> /home/rmi/ros2ws/install/serial_motor_demo/share/ament_index/resource_index/packages
[15.731s] symbolically linking /home/rmi/ros2ws/build/serial_motor_demo/package.xml -> /home/rmi/ros2ws/install/serial_motor_demo/share/serial_motor_demo
[15.948s] Invoked command in '/home/rmi/ros2ws/build/serial_motor_demo' returned '0': AMENT_PREFIX_PATH=/home/rmi/ros2ws/install/serial_motor_demo_msgs:${AMENT_PREFIX_PATH} CMAKE_PREFIX_PATH=/home/rmi/ros2ws/install/serial_motor_demo_msgs LD_LIBRARY_PATH=/home/rmi/ros2ws/install/serial_motor_demo_msgs/lib:${LD_LIBRARY_PATH} PYTHONPATH=/home/rmi/ros2ws/build/serial_motor_demo/prefix_override:/usr/lib/python3/dist-packages/colcon_core/task/python/colcon_distutils_commands:/home/rmi/ros2ws/install/serial_motor_demo/lib/python3.10/site-packages:/home/rmi/ros2ws/install/serial_motor_demo_msgs/local/lib/python3.10/dist-packages:${PYTHONPATH} /usr/bin/python3 -W ignore:setup.py install is deprecated -W ignore:easy_install command is deprecated setup.py develop --editable --build-directory /home/rmi/ros2ws/build/serial_motor_demo/build --no-deps symlink_data
