[0.011s] Invoking command in '/home/rmi/ros2ws/build/my_robot_bringup': AMENT_PREFIX_PATH=/home/rmi/ros2ws/install/my_robot_description:${AMENT_PREFIX_PATH} CMAKE_PREFIX_PATH=/home/rmi/ros2ws/install/my_robot_description:/opt/ros/humble /usr/bin/cmake /home/rmi/ros2ws/src/my_robot_bringup -DAMENT_CMAKE_SYMLINK_INSTALL=1 -DCMAKE_INSTALL_PREFIX=/home/rmi/ros2ws/install/my_robot_bringup
[0.023s] -- Found ament_cmake: 1.3.11 (/opt/ros/humble/share/ament_cmake/cmake)
[0.139s] -- Override CMake install command with custom implementation using symlinks instead of copying resources
[0.209s] -- Configuring done
[0.214s] -- Generating done
[0.216s] -- Build files have been written to: /home/rmi/ros2ws/build/my_robot_bringup
[0.219s] Invoked command in '/home/rmi/ros2ws/build/my_robot_bringup' returned '0': AMENT_PREFIX_PATH=/home/rmi/ros2ws/install/my_robot_description:${AMENT_PREFIX_PATH} CMAKE_PREFIX_PATH=/home/rmi/ros2ws/install/my_robot_description:/opt/ros/humble /usr/bin/cmake /home/rmi/ros2ws/src/my_robot_bringup -DAMENT_CMAKE_SYMLINK_INSTALL=1 -DCMAKE_INSTALL_PREFIX=/home/rmi/ros2ws/install/my_robot_bringup
[0.221s] Invoking command in '/home/rmi/ros2ws/build/my_robot_bringup': AMENT_PREFIX_PATH=/home/rmi/ros2ws/install/my_robot_description:${AMENT_PREFIX_PATH} CMAKE_PREFIX_PATH=/home/rmi/ros2ws/install/my_robot_description:/opt/ros/humble /usr/bin/cmake --build /home/rmi/ros2ws/build/my_robot_bringup -- -j8 -l8
[0.265s] Invoked command in '/home/rmi/ros2ws/build/my_robot_bringup' returned '0': AMENT_PREFIX_PATH=/home/rmi/ros2ws/install/my_robot_description:${AMENT_PREFIX_PATH} CMAKE_PREFIX_PATH=/home/rmi/ros2ws/install/my_robot_description:/opt/ros/humble /usr/bin/cmake --build /home/rmi/ros2ws/build/my_robot_bringup -- -j8 -l8
[0.268s] Invoking command in '/home/rmi/ros2ws/build/my_robot_bringup': AMENT_PREFIX_PATH=/home/rmi/ros2ws/install/my_robot_description:${AMENT_PREFIX_PATH} CMAKE_PREFIX_PATH=/home/rmi/ros2ws/install/my_robot_description:/opt/ros/humble /usr/bin/cmake --install /home/rmi/ros2ws/build/my_robot_bringup
[0.275s] -- Install configuration: ""
[0.276s] -- Execute custom install script
[0.277s] -- Up-to-date symlink: /home/rmi/ros2ws/install/my_robot_bringup/share/my_robot_bringup//launch/my_robot_gazebo.launch.xml
[0.277s] -- Up-to-date symlink: /home/rmi/ros2ws/install/my_robot_bringup/share/my_robot_bringup//launch/my_robot_gazebo.launch.xmlZone.Identifier
[0.277s] -- Up-to-date symlink: /home/rmi/ros2ws/install/my_robot_bringup/share/my_robot_bringup//rviz/urdf_config.rviz
[0.278s] -- Up-to-date symlink: /home/rmi/ros2ws/install/my_robot_bringup/share/my_robot_bringup//rviz/urdf_config.rvizZone.Identifier
[0.278s] -- Up-to-date symlink: /home/rmi/ros2ws/install/my_robot_bringup/share/my_robot_bringup//worlds/test_world.world
[0.279s] -- Up-to-date symlink: /home/rmi/ros2ws/install/my_robot_bringup/share/my_robot_bringup//worlds/test_world.worldZone.Identifier
[0.279s] -- Up-to-date symlink: /home/rmi/ros2ws/install/my_robot_bringup/share/ament_index/resource_index/package_run_dependencies/my_robot_bringup
[0.279s] -- Up-to-date symlink: /home/rmi/ros2ws/install/my_robot_bringup/share/ament_index/resource_index/parent_prefix_path/my_robot_bringup
[0.280s] -- Up-to-date symlink: /home/rmi/ros2ws/install/my_robot_bringup/share/my_robot_bringup/environment/ament_prefix_path.sh
[0.280s] -- Up-to-date symlink: /home/rmi/ros2ws/install/my_robot_bringup/share/my_robot_bringup/environment/ament_prefix_path.dsv
[0.281s] -- Up-to-date symlink: /home/rmi/ros2ws/install/my_robot_bringup/share/my_robot_bringup/environment/path.sh
[0.281s] -- Up-to-date symlink: /home/rmi/ros2ws/install/my_robot_bringup/share/my_robot_bringup/environment/path.dsv
[0.282s] -- Up-to-date symlink: /home/rmi/ros2ws/install/my_robot_bringup/share/my_robot_bringup/local_setup.bash
[0.282s] -- Up-to-date symlink: /home/rmi/ros2ws/install/my_robot_bringup/share/my_robot_bringup/local_setup.sh
[0.282s] -- Up-to-date symlink: /home/rmi/ros2ws/install/my_robot_bringup/share/my_robot_bringup/local_setup.zsh
[0.283s] -- Up-to-date symlink: /home/rmi/ros2ws/install/my_robot_bringup/share/my_robot_bringup/local_setup.dsv
[0.283s] -- Symlinking: /home/rmi/ros2ws/install/my_robot_bringup/share/my_robot_bringup/package.dsv
[0.292s] -- Up-to-date symlink: /home/rmi/ros2ws/install/my_robot_bringup/share/ament_index/resource_index/packages/my_robot_bringup
[0.292s] -- Up-to-date symlink: /home/rmi/ros2ws/install/my_robot_bringup/share/my_robot_bringup/cmake/my_robot_bringupConfig.cmake
[0.292s] -- Up-to-date symlink: /home/rmi/ros2ws/install/my_robot_bringup/share/my_robot_bringup/cmake/my_robot_bringupConfig-version.cmake
[0.292s] -- Up-to-date symlink: /home/rmi/ros2ws/install/my_robot_bringup/share/my_robot_bringup/package.xml
[0.294s] Invoked command in '/home/rmi/ros2ws/build/my_robot_bringup' returned '0': AMENT_PREFIX_PATH=/home/rmi/ros2ws/install/my_robot_description:${AMENT_PREFIX_PATH} CMAKE_PREFIX_PATH=/home/rmi/ros2ws/install/my_robot_description:/opt/ros/humble /usr/bin/cmake --install /home/rmi/ros2ws/build/my_robot_bringup
