[0.024s] Invoking command in '/home/rmi/ros2ws/build/differential_drive_robot': CMAKE_PREFIX_PATH=/opt/ros/humble /usr/bin/cmake /home/rmi/ros2ws/src/differential_drive_robot -DCMAKE_INSTALL_PREFIX=/home/rmi/ros2ws/install/differential_drive_robot
[0.036s] -- Found ament_cmake: 1.3.11 (/opt/ros/humble/share/ament_cmake/cmake)
[0.157s] -- Override CMake install command with custom implementation using symlinks instead of copying resources
[0.164s] -- Found ament_lint_auto: 0.12.11 (/opt/ros/humble/share/ament_lint_auto/cmake)
[0.236s] -- Added test 'lint_cmake' to check CMake code style
[0.237s] -- Added test 'xmllint' to check XML markup files
[0.238s] -- Configuring done
[0.241s] -- Generating done
[0.244s] -- Build files have been written to: /home/rmi/ros2ws/build/differential_drive_robot
[0.277s] Invoked command in '/home/rmi/ros2ws/build/differential_drive_robot' returned '0': CMAKE_PREFIX_PATH=/opt/ros/humble /usr/bin/cmake /home/rmi/ros2ws/src/differential_drive_robot -DCMAKE_INSTALL_PREFIX=/home/rmi/ros2ws/install/differential_drive_robot
[0.282s] Invoking command in '/home/rmi/ros2ws/build/differential_drive_robot': CMAKE_PREFIX_PATH=/opt/ros/humble /usr/bin/cmake --build /home/rmi/ros2ws/build/differential_drive_robot -- -j8 -l8
[0.323s] Invoked command in '/home/rmi/ros2ws/build/differential_drive_robot' returned '0': CMAKE_PREFIX_PATH=/opt/ros/humble /usr/bin/cmake --build /home/rmi/ros2ws/build/differential_drive_robot -- -j8 -l8
[0.334s] Invoking command in '/home/rmi/ros2ws/build/differential_drive_robot': CMAKE_PREFIX_PATH=/opt/ros/humble /usr/bin/cmake --install /home/rmi/ros2ws/build/differential_drive_robot
[0.343s] -- Install configuration: ""
[0.343s] -- Execute custom install script
[0.344s] -- Up-to-date symlink: /home/rmi/ros2ws/install/differential_drive_robot/share/ament_index/resource_index/package_run_dependencies/differential_drive_robot
[0.344s] -- Up-to-date symlink: /home/rmi/ros2ws/install/differential_drive_robot/share/ament_index/resource_index/parent_prefix_path/differential_drive_robot
[0.344s] -- Up-to-date symlink: /home/rmi/ros2ws/install/differential_drive_robot/share/differential_drive_robot/environment/ament_prefix_path.sh
[0.344s] -- Up-to-date symlink: /home/rmi/ros2ws/install/differential_drive_robot/share/differential_drive_robot/environment/ament_prefix_path.dsv
[0.345s] -- Up-to-date symlink: /home/rmi/ros2ws/install/differential_drive_robot/share/differential_drive_robot/environment/path.sh
[0.345s] -- Up-to-date symlink: /home/rmi/ros2ws/install/differential_drive_robot/share/differential_drive_robot/environment/path.dsv
[0.345s] -- Up-to-date symlink: /home/rmi/ros2ws/install/differential_drive_robot/share/differential_drive_robot/local_setup.bash
[0.346s] -- Up-to-date symlink: /home/rmi/ros2ws/install/differential_drive_robot/share/differential_drive_robot/local_setup.sh
[0.346s] -- Up-to-date symlink: /home/rmi/ros2ws/install/differential_drive_robot/share/differential_drive_robot/local_setup.zsh
[0.347s] -- Up-to-date symlink: /home/rmi/ros2ws/install/differential_drive_robot/share/differential_drive_robot/local_setup.dsv
[0.347s] -- Symlinking: /home/rmi/ros2ws/install/differential_drive_robot/share/differential_drive_robot/package.dsv
[0.362s] -- Up-to-date symlink: /home/rmi/ros2ws/install/differential_drive_robot/share/ament_index/resource_index/packages/differential_drive_robot
[0.362s] -- Up-to-date symlink: /home/rmi/ros2ws/install/differential_drive_robot/share/differential_drive_robot/cmake/differential_drive_robotConfig.cmake
[0.363s] -- Up-to-date symlink: /home/rmi/ros2ws/install/differential_drive_robot/share/differential_drive_robot/cmake/differential_drive_robotConfig-version.cmake
[0.363s] -- Up-to-date symlink: /home/rmi/ros2ws/install/differential_drive_robot/share/differential_drive_robot/package.xml
[0.364s] Invoked command in '/home/rmi/ros2ws/build/differential_drive_robot' returned '0': CMAKE_PREFIX_PATH=/opt/ros/humble /usr/bin/cmake --install /home/rmi/ros2ws/build/differential_drive_robot
