[0.026s] Invoking command in '/home/rmi/ros2ws/build/my_robot_description': CMAKE_PREFIX_PATH=/opt/ros/humble /usr/bin/cmake /home/rmi/ros2ws/src/my_robot_description -DCMAKE_INSTALL_PREFIX=/home/rmi/ros2ws/install/my_robot_description
[0.113s] -- Found ament_cmake: 1.3.11 (/opt/ros/humble/share/ament_cmake/cmake)
[0.263s] -- Override CMake install command with custom implementation using symlinks instead of copying resources
[0.409s] -- Configuring done
[0.416s] -- Generating done
[0.418s] -- Build files have been written to: /home/rmi/ros2ws/build/my_robot_description
[0.422s] Invoked command in '/home/rmi/ros2ws/build/my_robot_description' returned '0': CMAKE_PREFIX_PATH=/opt/ros/humble /usr/bin/cmake /home/rmi/ros2ws/src/my_robot_description -DCMAKE_INSTALL_PREFIX=/home/rmi/ros2ws/install/my_robot_description
[0.423s] Invoking command in '/home/rmi/ros2ws/build/my_robot_description': CMAKE_PREFIX_PATH=/opt/ros/humble /usr/bin/cmake --build /home/rmi/ros2ws/build/my_robot_description -- -j8 -l8
[0.486s] Invoked command in '/home/rmi/ros2ws/build/my_robot_description' returned '0': CMAKE_PREFIX_PATH=/opt/ros/humble /usr/bin/cmake --build /home/rmi/ros2ws/build/my_robot_description -- -j8 -l8
[0.487s] Invoking command in '/home/rmi/ros2ws/build/my_robot_description': CMAKE_PREFIX_PATH=/opt/ros/humble /usr/bin/cmake --install /home/rmi/ros2ws/build/my_robot_description
[0.495s] -- Install configuration: ""
[0.495s] -- Execute custom install script
[0.496s] -- Up-to-date symlink: /home/rmi/ros2ws/install/my_robot_description/share/my_robot_description//urdf/camera.xacro
[0.496s] -- Up-to-date symlink: /home/rmi/ros2ws/install/my_robot_description/share/my_robot_description//urdf/camera.xacroZone.Identifier
[0.496s] -- Up-to-date symlink: /home/rmi/ros2ws/install/my_robot_description/share/my_robot_description//urdf/common_properties.xacro
[0.496s] -- Up-to-date symlink: /home/rmi/ros2ws/install/my_robot_description/share/my_robot_description//urdf/common_properties.xacroZone.Identifier
[0.497s] -- Up-to-date symlink: /home/rmi/ros2ws/install/my_robot_description/share/my_robot_description//urdf/inertial_macros.xacro
[0.497s] -- Up-to-date symlink: /home/rmi/ros2ws/install/my_robot_description/share/my_robot_description//urdf/lidar.txt
[0.497s] -- Up-to-date symlink: /home/rmi/ros2ws/install/my_robot_description/share/my_robot_description//urdf/lidar.xacro
[0.497s] -- Up-to-date symlink: /home/rmi/ros2ws/install/my_robot_description/share/my_robot_description//urdf/mobile_base.xacro
[0.498s] -- Up-to-date symlink: /home/rmi/ros2ws/install/my_robot_description/share/my_robot_description//urdf/mobile_base.xacroZone.Identifier
[0.498s] -- Up-to-date symlink: /home/rmi/ros2ws/install/my_robot_description/share/my_robot_description//urdf/mobile_base_gazebo.xacro
[0.498s] -- Up-to-date symlink: /home/rmi/ros2ws/install/my_robot_description/share/my_robot_description//urdf/mobile_base_gazebo.xacroZone.Identifier
[0.498s] -- Up-to-date symlink: /home/rmi/ros2ws/install/my_robot_description/share/my_robot_description//urdf/my_robot.urdf.xacro
[0.498s] -- Up-to-date symlink: /home/rmi/ros2ws/install/my_robot_description/share/my_robot_description//urdf/my_robot.urdf.xacroZone.Identifier
[0.499s] [33mCMake Warning (dev) at ament_cmake_symlink_install/ament_cmake_symlink_install.cmake:62 (file):
[0.499s]   Policy CMP0009 is not set: FILE GLOB_RECURSE calls should not follow
[0.499s]   symlinks by default.  Run "cmake --help-policy CMP0009" for policy details.
[0.500s]   Use the cmake_policy command to set the policy and suppress this warning.
[0.500s] Call Stack (most recent call first):
[0.500s]   ament_cmake_symlink_install/ament_cmake_symlink_install.cmake:314 (ament_cmake_symlink_install_directory)
[0.500s]   cmake_install.cmake:46 (include)
[0.500s] This warning is for project developers.  Use -Wno-dev to suppress it.
[0.500s] [0m
[0.500s] -- Up-to-date symlink: /home/rmi/ros2ws/install/my_robot_description/share/my_robot_description//launch/build/.built_by
[0.501s] -- Up-to-date symlink: /home/rmi/ros2ws/install/my_robot_description/share/my_robot_description//launch/build/COLCON_IGNORE
[0.501s] -- Up-to-date symlink: /home/rmi/ros2ws/install/my_robot_description/share/my_robot_description//launch/display.launch.py
[0.501s] -- Up-to-date symlink: /home/rmi/ros2ws/install/my_robot_description/share/my_robot_description//launch/display.launch.pyZone.Identifier
[0.501s] -- Up-to-date symlink: /home/rmi/ros2ws/install/my_robot_description/share/my_robot_description//launch/display.launch.xml
[0.501s] -- Up-to-date symlink: /home/rmi/ros2ws/install/my_robot_description/share/my_robot_description//launch/display.launch.xmlZone.Identifier
[0.502s] -- Up-to-date symlink: /home/rmi/ros2ws/install/my_robot_description/share/my_robot_description//launch/install/.colcon_install_layout
[0.502s] -- Up-to-date symlink: /home/rmi/ros2ws/install/my_robot_description/share/my_robot_description//launch/install/COLCON_IGNORE
[0.502s] -- Up-to-date symlink: /home/rmi/ros2ws/install/my_robot_description/share/my_robot_description//launch/install/_local_setup_util_ps1.py
[0.502s] -- Up-to-date symlink: /home/rmi/ros2ws/install/my_robot_description/share/my_robot_description//launch/install/_local_setup_util_sh.py
[0.502s] -- Up-to-date symlink: /home/rmi/ros2ws/install/my_robot_description/share/my_robot_description//launch/install/local_setup.bash
[0.502s] -- Up-to-date symlink: /home/rmi/ros2ws/install/my_robot_description/share/my_robot_description//launch/install/local_setup.ps1
[0.502s] -- Up-to-date symlink: /home/rmi/ros2ws/install/my_robot_description/share/my_robot_description//launch/install/local_setup.sh
[0.503s] -- Up-to-date symlink: /home/rmi/ros2ws/install/my_robot_description/share/my_robot_description//launch/install/local_setup.zsh
[0.503s] -- Up-to-date symlink: /home/rmi/ros2ws/install/my_robot_description/share/my_robot_description//launch/install/setup.bash
[0.503s] -- Up-to-date symlink: /home/rmi/ros2ws/install/my_robot_description/share/my_robot_description//launch/install/setup.ps1
[0.503s] -- Up-to-date symlink: /home/rmi/ros2ws/install/my_robot_description/share/my_robot_description//launch/install/setup.sh
[0.503s] -- Up-to-date symlink: /home/rmi/ros2ws/install/my_robot_description/share/my_robot_description//launch/install/setup.zsh
[0.503s] -- Up-to-date symlink: /home/rmi/ros2ws/install/my_robot_description/share/my_robot_description//launch/log/COLCON_IGNORE
[0.503s] -- Up-to-date symlink: /home/rmi/ros2ws/install/my_robot_description/share/my_robot_description//launch/log/build_2024-12-22_01-34-42/events.log
[0.503s] -- Up-to-date symlink: /home/rmi/ros2ws/install/my_robot_description/share/my_robot_description//launch/log/build_2024-12-22_01-34-42/logger_all.log
[0.504s] -- Up-to-date symlink: /home/rmi/ros2ws/install/my_robot_description/share/my_robot_description//launch/log/build_2024-12-22_01-37-29/events.log
[0.504s] -- Up-to-date symlink: /home/rmi/ros2ws/install/my_robot_description/share/my_robot_description//launch/log/build_2024-12-22_01-37-29/logger_all.log
[0.504s] -- Up-to-date symlink: /home/rmi/ros2ws/install/my_robot_description/share/my_robot_description//launch/log/build_2024-12-22_01-40-27/events.log
[0.505s] -- Up-to-date symlink: /home/rmi/ros2ws/install/my_robot_description/share/my_robot_description//launch/log/build_2024-12-22_01-40-27/logger_all.log
[0.505s] -- Up-to-date symlink: /home/rmi/ros2ws/install/my_robot_description/share/my_robot_description//launch/log/latest/events.log
[0.505s] -- Up-to-date symlink: /home/rmi/ros2ws/install/my_robot_description/share/my_robot_description//launch/log/latest/logger_all.log
[0.505s] -- Up-to-date symlink: /home/rmi/ros2ws/install/my_robot_description/share/my_robot_description//launch/log/latest_build/events.log
[0.506s] -- Up-to-date symlink: /home/rmi/ros2ws/install/my_robot_description/share/my_robot_description//launch/log/latest_build/logger_all.log
[0.507s] -- Up-to-date symlink: /home/rmi/ros2ws/install/my_robot_description/share/my_robot_description//rviz/urdf_config.rviz
[0.508s] -- Up-to-date symlink: /home/rmi/ros2ws/install/my_robot_description/share/my_robot_description//rviz/urdf_config.rvizZone.Identifier
[0.509s] -- Up-to-date symlink: /home/rmi/ros2ws/install/my_robot_description/share/ament_index/resource_index/package_run_dependencies/my_robot_description
[0.509s] -- Up-to-date symlink: /home/rmi/ros2ws/install/my_robot_description/share/ament_index/resource_index/parent_prefix_path/my_robot_description
[0.509s] -- Up-to-date symlink: /home/rmi/ros2ws/install/my_robot_description/share/my_robot_description/environment/ament_prefix_path.sh
[0.509s] -- Up-to-date symlink: /home/rmi/ros2ws/install/my_robot_description/share/my_robot_description/environment/ament_prefix_path.dsv
[0.510s] -- Up-to-date symlink: /home/rmi/ros2ws/install/my_robot_description/share/my_robot_description/environment/path.sh
[0.510s] -- Up-to-date symlink: /home/rmi/ros2ws/install/my_robot_description/share/my_robot_description/environment/path.dsv
[0.510s] -- Up-to-date symlink: /home/rmi/ros2ws/install/my_robot_description/share/my_robot_description/local_setup.bash
[0.510s] -- Up-to-date symlink: /home/rmi/ros2ws/install/my_robot_description/share/my_robot_description/local_setup.sh
[0.511s] -- Up-to-date symlink: /home/rmi/ros2ws/install/my_robot_description/share/my_robot_description/local_setup.zsh
[0.511s] -- Up-to-date symlink: /home/rmi/ros2ws/install/my_robot_description/share/my_robot_description/local_setup.dsv
[0.511s] -- Symlinking: /home/rmi/ros2ws/install/my_robot_description/share/my_robot_description/package.dsv
[0.527s] -- Up-to-date symlink: /home/rmi/ros2ws/install/my_robot_description/share/ament_index/resource_index/packages/my_robot_description
[0.527s] -- Up-to-date symlink: /home/rmi/ros2ws/install/my_robot_description/share/my_robot_description/cmake/my_robot_descriptionConfig.cmake
[0.528s] -- Up-to-date symlink: /home/rmi/ros2ws/install/my_robot_description/share/my_robot_description/cmake/my_robot_descriptionConfig-version.cmake
[0.528s] -- Up-to-date symlink: /home/rmi/ros2ws/install/my_robot_description/share/my_robot_description/package.xml
[0.529s] Invoked command in '/home/rmi/ros2ws/build/my_robot_description' returned '0': CMAKE_PREFIX_PATH=/opt/ros/humble /usr/bin/cmake --install /home/rmi/ros2ws/build/my_robot_description
