[0.042s] Invoking command in '/home/rmi/ros2ws/build/my_robot_description': CMAKE_PREFIX_PATH=${CMAKE_PREFIX_PATH}:/home/rmi/ros2ws/install/serial_motor_demo:/home/rmi/ros2ws/install/learning_tf2_py:/opt/ros/humble /usr/bin/cmake --build /home/rmi/ros2ws/build/my_robot_description -- -j8 -l8
[0.341s] Invoked command in '/home/rmi/ros2ws/build/my_robot_description' returned '0': CMAKE_PREFIX_PATH=${CMAKE_PREFIX_PATH}:/home/rmi/ros2ws/install/serial_motor_demo:/home/rmi/ros2ws/install/learning_tf2_py:/opt/ros/humble /usr/bin/cmake --build /home/rmi/ros2ws/build/my_robot_description -- -j8 -l8
[0.343s] Invoking command in '/home/rmi/ros2ws/build/my_robot_description': CMAKE_PREFIX_PATH=${CMAKE_PREFIX_PATH}:/home/rmi/ros2ws/install/serial_motor_demo:/home/rmi/ros2ws/install/learning_tf2_py:/opt/ros/humble /usr/bin/cmake --install /home/rmi/ros2ws/build/my_robot_description
[0.368s] -- Install configuration: ""
[0.376s] -- Execute custom install script
[0.380s] -- Up-to-date symlink: /home/rmi/ros2ws/install/my_robot_description/share/my_robot_description//urdf/camera.xacro
[0.380s] -- Up-to-date symlink: /home/rmi/ros2ws/install/my_robot_description/share/my_robot_description//urdf/camera.xacroZone.Identifier
[0.380s] -- Up-to-date symlink: /home/rmi/ros2ws/install/my_robot_description/share/my_robot_description//urdf/common_properties.xacro
[0.381s] -- Up-to-date symlink: /home/rmi/ros2ws/install/my_robot_description/share/my_robot_description//urdf/common_properties.xacroZone.Identifier
[0.381s] -- Up-to-date symlink: /home/rmi/ros2ws/install/my_robot_description/share/my_robot_description//urdf/inertial_macros.xacro
[0.382s] -- Up-to-date symlink: /home/rmi/ros2ws/install/my_robot_description/share/my_robot_description//urdf/lidar.txt
[0.382s] -- Up-to-date symlink: /home/rmi/ros2ws/install/my_robot_description/share/my_robot_description//urdf/lidar.xacro
[0.382s] -- Up-to-date symlink: /home/rmi/ros2ws/install/my_robot_description/share/my_robot_description//urdf/mobile_base.xacro
[0.383s] -- Up-to-date symlink: /home/rmi/ros2ws/install/my_robot_description/share/my_robot_description//urdf/mobile_base.xacroZone.Identifier
[0.383s] -- Up-to-date symlink: /home/rmi/ros2ws/install/my_robot_description/share/my_robot_description//urdf/mobile_base_gazebo.xacro
[0.384s] -- Up-to-date symlink: /home/rmi/ros2ws/install/my_robot_description/share/my_robot_description//urdf/mobile_base_gazebo.xacroZone.Identifier
[0.384s] -- Up-to-date symlink: /home/rmi/ros2ws/install/my_robot_description/share/my_robot_description//urdf/my_robot.urdf.xacro
[0.384s] -- Up-to-date symlink: /home/rmi/ros2ws/install/my_robot_description/share/my_robot_description//urdf/my_robot.urdf.xacroZone.Identifier
[0.385s] -- Up-to-date symlink: /home/rmi/ros2ws/install/my_robot_description/share/my_robot_description//urdf/ros2_control.xacro
[0.386s] [33mCMake Warning (dev) at ament_cmake_symlink_install/ament_cmake_symlink_install.cmake:62 (file):
[0.386s]   Policy CMP0009 is not set: FILE GLOB_RECURSE calls should not follow
[0.386s]   symlinks by default.  Run "cmake --help-policy CMP0009" for policy details.
[0.386s]   Use the cmake_policy command to set the policy and suppress this warning.
[0.386s] Call Stack (most recent call first):
[0.386s]   ament_cmake_symlink_install/ament_cmake_symlink_install.cmake:314 (ament_cmake_symlink_install_directory)
[0.386s]   cmake_install.cmake:46 (include)
[0.386s] This warning is for project developers.  Use -Wno-dev to suppress it.
[0.387s] [0m
[0.387s] -- Up-to-date symlink: /home/rmi/ros2ws/install/my_robot_description/share/my_robot_description//launch/build/.built_by
[0.387s] -- Up-to-date symlink: /home/rmi/ros2ws/install/my_robot_description/share/my_robot_description//launch/build/COLCON_IGNORE
[0.388s] -- Up-to-date symlink: /home/rmi/ros2ws/install/my_robot_description/share/my_robot_description//launch/display.launch.py
[0.388s] -- Up-to-date symlink: /home/rmi/ros2ws/install/my_robot_description/share/my_robot_description//launch/display.launch.pyZone.Identifier
[0.389s] -- Up-to-date symlink: /home/rmi/ros2ws/install/my_robot_description/share/my_robot_description//launch/display.launch.xml
[0.389s] -- Up-to-date symlink: /home/rmi/ros2ws/install/my_robot_description/share/my_robot_description//launch/display.launch.xmlZone.Identifier
[0.390s] -- Up-to-date symlink: /home/rmi/ros2ws/install/my_robot_description/share/my_robot_description//launch/install/.colcon_install_layout
[0.391s] -- Up-to-date symlink: /home/rmi/ros2ws/install/my_robot_description/share/my_robot_description//launch/install/COLCON_IGNORE
[0.392s] -- Up-to-date symlink: /home/rmi/ros2ws/install/my_robot_description/share/my_robot_description//launch/install/_local_setup_util_ps1.py
[0.393s] -- Up-to-date symlink: /home/rmi/ros2ws/install/my_robot_description/share/my_robot_description//launch/install/_local_setup_util_sh.py
[0.393s] -- Up-to-date symlink: /home/rmi/ros2ws/install/my_robot_description/share/my_robot_description//launch/install/local_setup.bash
[0.394s] -- Up-to-date symlink: /home/rmi/ros2ws/install/my_robot_description/share/my_robot_description//launch/install/local_setup.ps1
[0.395s] -- Up-to-date symlink: /home/rmi/ros2ws/install/my_robot_description/share/my_robot_description//launch/install/local_setup.sh
[0.395s] -- Up-to-date symlink: /home/rmi/ros2ws/install/my_robot_description/share/my_robot_description//launch/install/local_setup.zsh
[0.396s] -- Up-to-date symlink: /home/rmi/ros2ws/install/my_robot_description/share/my_robot_description//launch/install/setup.bash
[0.396s] -- Up-to-date symlink: /home/rmi/ros2ws/install/my_robot_description/share/my_robot_description//launch/install/setup.ps1
[0.397s] -- Up-to-date symlink: /home/rmi/ros2ws/install/my_robot_description/share/my_robot_description//launch/install/setup.sh
[0.397s] -- Up-to-date symlink: /home/rmi/ros2ws/install/my_robot_description/share/my_robot_description//launch/install/setup.zsh
[0.398s] -- Up-to-date symlink: /home/rmi/ros2ws/install/my_robot_description/share/my_robot_description//launch/log/COLCON_IGNORE
[0.399s] -- Up-to-date symlink: /home/rmi/ros2ws/install/my_robot_description/share/my_robot_description//launch/log/build_2024-12-22_01-34-42/events.log
[0.399s] -- Up-to-date symlink: /home/rmi/ros2ws/install/my_robot_description/share/my_robot_description//launch/log/build_2024-12-22_01-34-42/logger_all.log
[0.400s] -- Up-to-date symlink: /home/rmi/ros2ws/install/my_robot_description/share/my_robot_description//launch/log/build_2024-12-22_01-37-29/events.log
[0.400s] -- Up-to-date symlink: /home/rmi/ros2ws/install/my_robot_description/share/my_robot_description//launch/log/build_2024-12-22_01-37-29/logger_all.log
[0.401s] -- Up-to-date symlink: /home/rmi/ros2ws/install/my_robot_description/share/my_robot_description//launch/log/build_2024-12-22_01-40-27/events.log
[0.401s] -- Up-to-date symlink: /home/rmi/ros2ws/install/my_robot_description/share/my_robot_description//launch/log/build_2024-12-22_01-40-27/logger_all.log
[0.402s] -- Up-to-date symlink: /home/rmi/ros2ws/install/my_robot_description/share/my_robot_description//launch/log/latest/events.log
[0.402s] -- Up-to-date symlink: /home/rmi/ros2ws/install/my_robot_description/share/my_robot_description//launch/log/latest/logger_all.log
[0.403s] -- Up-to-date symlink: /home/rmi/ros2ws/install/my_robot_description/share/my_robot_description//launch/log/latest_build/events.log
[0.404s] -- Up-to-date symlink: /home/rmi/ros2ws/install/my_robot_description/share/my_robot_description//launch/log/latest_build/logger_all.log
[0.404s] -- Up-to-date symlink: /home/rmi/ros2ws/install/my_robot_description/share/my_robot_description//rviz/urdf_config.rviz
[0.405s] -- Up-to-date symlink: /home/rmi/ros2ws/install/my_robot_description/share/my_robot_description//rviz/urdf_config.rvizZone.Identifier
[0.406s] -- Up-to-date symlink: /home/rmi/ros2ws/install/my_robot_description/share/my_robot_description//config/my_controllers.yaml
[0.406s] -- Up-to-date symlink: /home/rmi/ros2ws/install/my_robot_description/share/ament_index/resource_index/package_run_dependencies/my_robot_description
[0.407s] -- Up-to-date symlink: /home/rmi/ros2ws/install/my_robot_description/share/ament_index/resource_index/parent_prefix_path/my_robot_description
[0.408s] -- Up-to-date symlink: /home/rmi/ros2ws/install/my_robot_description/share/my_robot_description/environment/ament_prefix_path.sh
[0.408s] -- Up-to-date symlink: /home/rmi/ros2ws/install/my_robot_description/share/my_robot_description/environment/ament_prefix_path.dsv
[0.409s] -- Up-to-date symlink: /home/rmi/ros2ws/install/my_robot_description/share/my_robot_description/environment/path.sh
[0.409s] -- Up-to-date symlink: /home/rmi/ros2ws/install/my_robot_description/share/my_robot_description/environment/path.dsv
[0.410s] -- Up-to-date symlink: /home/rmi/ros2ws/install/my_robot_description/share/my_robot_description/local_setup.bash
[0.410s] -- Up-to-date symlink: /home/rmi/ros2ws/install/my_robot_description/share/my_robot_description/local_setup.sh
[0.411s] -- Up-to-date symlink: /home/rmi/ros2ws/install/my_robot_description/share/my_robot_description/local_setup.zsh
[0.411s] -- Up-to-date symlink: /home/rmi/ros2ws/install/my_robot_description/share/my_robot_description/local_setup.dsv
[0.412s] -- Symlinking: /home/rmi/ros2ws/install/my_robot_description/share/my_robot_description/package.dsv
[0.442s] -- Up-to-date symlink: /home/rmi/ros2ws/install/my_robot_description/share/ament_index/resource_index/packages/my_robot_description
[0.443s] -- Up-to-date symlink: /home/rmi/ros2ws/install/my_robot_description/share/my_robot_description/cmake/my_robot_descriptionConfig.cmake
[0.443s] -- Up-to-date symlink: /home/rmi/ros2ws/install/my_robot_description/share/my_robot_description/cmake/my_robot_descriptionConfig-version.cmake
[0.444s] -- Up-to-date symlink: /home/rmi/ros2ws/install/my_robot_description/share/my_robot_description/package.xml
[0.446s] Invoked command in '/home/rmi/ros2ws/build/my_robot_description' returned '0': CMAKE_PREFIX_PATH=${CMAKE_PREFIX_PATH}:/home/rmi/ros2ws/install/serial_motor_demo:/home/rmi/ros2ws/install/learning_tf2_py:/opt/ros/humble /usr/bin/cmake --install /home/rmi/ros2ws/build/my_robot_description
