[0.618s] DEBUG:colcon:Command line arguments: ['/usr/bin/colcon', 'list', '-p', '--base-paths', '/home/rmi/ros2ws']
[0.618s] DEBUG:colcon:Parsed command line arguments: Namespace(log_base=None, log_level=None, verb_name='list', build_base='build', ignore_user_meta=False, metas=['./colcon.meta'], base_paths=['/home/rmi/ros2ws'], packages_ignore=None, packages_ignore_regex=None, paths=None, packages_up_to=None, packages_up_to_regex=None, packages_above=None, packages_above_and_dependencies=None, packages_above_depth=None, packages_select_by_dep=None, packages_skip_by_dep=None, packages_skip_up_to=None, packages_select_build_failed=False, packages_skip_build_finished=False, packages_select_test_failures=False, packages_skip_test_passed=False, packages_select=None, packages_skip=None, packages_select_regex=None, packages_skip_regex=None, packages_start=None, packages_end=None, allow_overriding=[], topological_order=False, names_only=False, paths_only=True, topological_graph=False, topological_graph_dot=False, topological_graph_density=False, topological_graph_legend=False, topological_graph_dot_cluster=False, topological_graph_dot_include_skipped=False, verb_parser=<colcon_defaults.argument_parser.defaults.DefaultArgumentsDecorator object at 0x7efc7c141420>, verb_extension=<colcon_package_information.verb.list.ListVerb object at 0x7efc7c231f00>, main=<bound method ListVerb.main of <colcon_package_information.verb.list.ListVerb object at 0x7efc7c231f00>>)
[1.841s] Level 1:colcon.colcon_core.package_discovery:discover_packages(colcon_meta) check parameters
[1.841s] Level 1:colcon.colcon_core.package_discovery:discover_packages(recursive) check parameters
[1.841s] Level 1:colcon.colcon_core.package_discovery:discover_packages(ignore) check parameters
[1.841s] Level 1:colcon.colcon_core.package_discovery:discover_packages(path) check parameters
[1.841s] Level 1:colcon.colcon_core.package_discovery:discover_packages(recursive) discover
[1.841s] INFO:colcon.colcon_core.package_discovery:Crawling recursively for packages in '/home/rmi/ros2ws'
[1.841s] Level 1:colcon.colcon_core.package_identification:_identify(/home/rmi/ros2ws) by extensions ['ignore', 'ignore_ament_install']
[1.842s] Level 1:colcon.colcon_core.package_identification:_identify(/home/rmi/ros2ws) by extension 'ignore'
[1.842s] Level 1:colcon.colcon_core.package_identification:_identify(/home/rmi/ros2ws) by extension 'ignore_ament_install'
[1.843s] Level 1:colcon.colcon_core.package_identification:_identify(/home/rmi/ros2ws) by extensions ['colcon_pkg']
[1.843s] Level 1:colcon.colcon_core.package_identification:_identify(/home/rmi/ros2ws) by extension 'colcon_pkg'
[1.843s] Level 1:colcon.colcon_core.package_identification:_identify(/home/rmi/ros2ws) by extensions ['colcon_meta']
[1.843s] Level 1:colcon.colcon_core.package_identification:_identify(/home/rmi/ros2ws) by extension 'colcon_meta'
[1.843s] Level 1:colcon.colcon_core.package_identification:_identify(/home/rmi/ros2ws) by extensions ['ros']
[1.843s] Level 1:colcon.colcon_core.package_identification:_identify(/home/rmi/ros2ws) by extension 'ros'
[1.897s] Level 1:colcon.colcon_core.package_identification:_identify(/home/rmi/ros2ws) by extensions ['cmake', 'python']
[1.897s] Level 1:colcon.colcon_core.package_identification:_identify(/home/rmi/ros2ws) by extension 'cmake'
[1.897s] Level 1:colcon.colcon_core.package_identification:_identify(/home/rmi/ros2ws) by extension 'python'
[1.897s] Level 1:colcon.colcon_core.package_identification:_identify(/home/rmi/ros2ws) by extensions ['python_setup_py']
[1.897s] Level 1:colcon.colcon_core.package_identification:_identify(/home/rmi/ros2ws) by extension 'python_setup_py'
[1.897s] Level 1:colcon.colcon_core.package_identification:_identify(/home/rmi/ros2ws/build) by extensions ['ignore', 'ignore_ament_install']
[1.898s] Level 1:colcon.colcon_core.package_identification:_identify(/home/rmi/ros2ws/build) by extension 'ignore'
[1.898s] Level 1:colcon.colcon_core.package_identification:_identify(/home/rmi/ros2ws/build) ignored
[1.898s] Level 1:colcon.colcon_core.package_identification:_identify(/home/rmi/ros2ws/install) by extensions ['ignore', 'ignore_ament_install']
[1.898s] Level 1:colcon.colcon_core.package_identification:_identify(/home/rmi/ros2ws/install) by extension 'ignore'
[1.898s] Level 1:colcon.colcon_core.package_identification:_identify(/home/rmi/ros2ws/install) ignored
[1.898s] Level 1:colcon.colcon_core.package_identification:_identify(/home/rmi/ros2ws/log) by extensions ['ignore', 'ignore_ament_install']
[1.898s] Level 1:colcon.colcon_core.package_identification:_identify(/home/rmi/ros2ws/log) by extension 'ignore'
[1.898s] Level 1:colcon.colcon_core.package_identification:_identify(/home/rmi/ros2ws/log) ignored
[1.898s] Level 1:colcon.colcon_core.package_identification:_identify(/home/rmi/ros2ws/src) by extensions ['ignore', 'ignore_ament_install']
[1.899s] Level 1:colcon.colcon_core.package_identification:_identify(/home/rmi/ros2ws/src) by extension 'ignore'
[1.899s] Level 1:colcon.colcon_core.package_identification:_identify(/home/rmi/ros2ws/src) by extension 'ignore_ament_install'
[1.899s] Level 1:colcon.colcon_core.package_identification:_identify(/home/rmi/ros2ws/src) by extensions ['colcon_pkg']
[1.899s] Level 1:colcon.colcon_core.package_identification:_identify(/home/rmi/ros2ws/src) by extension 'colcon_pkg'
[1.899s] Level 1:colcon.colcon_core.package_identification:_identify(/home/rmi/ros2ws/src) by extensions ['colcon_meta']
[1.899s] Level 1:colcon.colcon_core.package_identification:_identify(/home/rmi/ros2ws/src) by extension 'colcon_meta'
[1.899s] Level 1:colcon.colcon_core.package_identification:_identify(/home/rmi/ros2ws/src) by extensions ['ros']
[1.899s] Level 1:colcon.colcon_core.package_identification:_identify(/home/rmi/ros2ws/src) by extension 'ros'
[1.899s] Level 1:colcon.colcon_core.package_identification:_identify(/home/rmi/ros2ws/src) by extensions ['cmake', 'python']
[1.899s] Level 1:colcon.colcon_core.package_identification:_identify(/home/rmi/ros2ws/src) by extension 'cmake'
[1.899s] Level 1:colcon.colcon_core.package_identification:_identify(/home/rmi/ros2ws/src) by extension 'python'
[1.899s] Level 1:colcon.colcon_core.package_identification:_identify(/home/rmi/ros2ws/src) by extensions ['python_setup_py']
[1.900s] Level 1:colcon.colcon_core.package_identification:_identify(/home/rmi/ros2ws/src) by extension 'python_setup_py'
[1.900s] Level 1:colcon.colcon_core.package_identification:_identify(/home/rmi/ros2ws/src/serial_motor_demo) by extensions ['ignore', 'ignore_ament_install']
[1.900s] Level 1:colcon.colcon_core.package_identification:_identify(/home/rmi/ros2ws/src/serial_motor_demo) by extension 'ignore'
[1.900s] Level 1:colcon.colcon_core.package_identification:_identify(/home/rmi/ros2ws/src/serial_motor_demo) by extension 'ignore_ament_install'
[1.900s] Level 1:colcon.colcon_core.package_identification:_identify(/home/rmi/ros2ws/src/serial_motor_demo) by extensions ['colcon_pkg']
[1.901s] Level 1:colcon.colcon_core.package_identification:_identify(/home/rmi/ros2ws/src/serial_motor_demo) by extension 'colcon_pkg'
[1.901s] Level 1:colcon.colcon_core.package_identification:_identify(/home/rmi/ros2ws/src/serial_motor_demo) by extensions ['colcon_meta']
[1.901s] Level 1:colcon.colcon_core.package_identification:_identify(/home/rmi/ros2ws/src/serial_motor_demo) by extension 'colcon_meta'
[1.901s] Level 1:colcon.colcon_core.package_identification:_identify(/home/rmi/ros2ws/src/serial_motor_demo) by extensions ['ros']
[1.901s] Level 1:colcon.colcon_core.package_identification:_identify(/home/rmi/ros2ws/src/serial_motor_demo) by extension 'ros'
[1.901s] Level 1:colcon.colcon_core.package_identification:_identify(/home/rmi/ros2ws/src/serial_motor_demo) by extensions ['cmake', 'python']
[1.901s] Level 1:colcon.colcon_core.package_identification:_identify(/home/rmi/ros2ws/src/serial_motor_demo) by extension 'cmake'
[1.901s] Level 1:colcon.colcon_core.package_identification:_identify(/home/rmi/ros2ws/src/serial_motor_demo) by extension 'python'
[1.901s] Level 1:colcon.colcon_core.package_identification:_identify(/home/rmi/ros2ws/src/serial_motor_demo) by extensions ['python_setup_py']
[1.901s] Level 1:colcon.colcon_core.package_identification:_identify(/home/rmi/ros2ws/src/serial_motor_demo) by extension 'python_setup_py'
[1.902s] Level 1:colcon.colcon_core.package_identification:_identify(/home/rmi/ros2ws/src/serial_motor_demo/serial_motor_demo) by extensions ['ignore', 'ignore_ament_install']
[1.902s] Level 1:colcon.colcon_core.package_identification:_identify(/home/rmi/ros2ws/src/serial_motor_demo/serial_motor_demo) by extension 'ignore'
[1.902s] Level 1:colcon.colcon_core.package_identification:_identify(/home/rmi/ros2ws/src/serial_motor_demo/serial_motor_demo) by extension 'ignore_ament_install'
[1.902s] Level 1:colcon.colcon_core.package_identification:_identify(/home/rmi/ros2ws/src/serial_motor_demo/serial_motor_demo) by extensions ['colcon_pkg']
[1.902s] Level 1:colcon.colcon_core.package_identification:_identify(/home/rmi/ros2ws/src/serial_motor_demo/serial_motor_demo) by extension 'colcon_pkg'
[1.902s] Level 1:colcon.colcon_core.package_identification:_identify(/home/rmi/ros2ws/src/serial_motor_demo/serial_motor_demo) by extensions ['colcon_meta']
[1.902s] Level 1:colcon.colcon_core.package_identification:_identify(/home/rmi/ros2ws/src/serial_motor_demo/serial_motor_demo) by extension 'colcon_meta'
[1.903s] Level 1:colcon.colcon_core.package_identification:_identify(/home/rmi/ros2ws/src/serial_motor_demo/serial_motor_demo) by extensions ['ros']
[1.903s] Level 1:colcon.colcon_core.package_identification:_identify(/home/rmi/ros2ws/src/serial_motor_demo/serial_motor_demo) by extension 'ros'
[1.910s] DEBUG:colcon.colcon_core.package_identification:Package '/home/rmi/ros2ws/src/serial_motor_demo/serial_motor_demo' with type 'ros.ament_python' and name 'serial_motor_demo'
[1.911s] Level 1:colcon.colcon_core.package_identification:_identify(/home/rmi/ros2ws/src/serial_motor_demo/serial_motor_demo_msgs) by extensions ['ignore', 'ignore_ament_install']
[1.911s] Level 1:colcon.colcon_core.package_identification:_identify(/home/rmi/ros2ws/src/serial_motor_demo/serial_motor_demo_msgs) by extension 'ignore'
[1.911s] Level 1:colcon.colcon_core.package_identification:_identify(/home/rmi/ros2ws/src/serial_motor_demo/serial_motor_demo_msgs) by extension 'ignore_ament_install'
[1.911s] Level 1:colcon.colcon_core.package_identification:_identify(/home/rmi/ros2ws/src/serial_motor_demo/serial_motor_demo_msgs) by extensions ['colcon_pkg']
[1.911s] Level 1:colcon.colcon_core.package_identification:_identify(/home/rmi/ros2ws/src/serial_motor_demo/serial_motor_demo_msgs) by extension 'colcon_pkg'
[1.912s] Level 1:colcon.colcon_core.package_identification:_identify(/home/rmi/ros2ws/src/serial_motor_demo/serial_motor_demo_msgs) by extensions ['colcon_meta']
[1.912s] Level 1:colcon.colcon_core.package_identification:_identify(/home/rmi/ros2ws/src/serial_motor_demo/serial_motor_demo_msgs) by extension 'colcon_meta'
[1.912s] Level 1:colcon.colcon_core.package_identification:_identify(/home/rmi/ros2ws/src/serial_motor_demo/serial_motor_demo_msgs) by extensions ['ros']
[1.912s] Level 1:colcon.colcon_core.package_identification:_identify(/home/rmi/ros2ws/src/serial_motor_demo/serial_motor_demo_msgs) by extension 'ros'
[1.913s] DEBUG:colcon.colcon_core.package_identification:Package '/home/rmi/ros2ws/src/serial_motor_demo/serial_motor_demo_msgs' with type 'ros.ament_cmake' and name 'serial_motor_demo_msgs'
[1.913s] Level 1:colcon.colcon_core.package_discovery:discover_packages(recursive) using defaults
