[0.096s] DEBUG:colcon:Command line arguments: ['/usr/bin/colcon', 'build', '--symlink-install']
[0.096s] DEBUG:colcon:Parsed command line arguments: Namespace(log_base=None, log_level=None, verb_name='build', build_base='build', install_base='install', merge_install=False, symlink_install=True, test_result_base=None, continue_on_error=False, executor='parallel', parallel_workers=8, event_handlers=None, ignore_user_meta=False, metas=['./colcon.meta'], base_paths=['.'], packages_ignore=None, packages_ignore_regex=None, paths=None, packages_up_to=None, packages_up_to_regex=None, packages_above=None, packages_above_and_dependencies=None, packages_above_depth=None, packages_select_by_dep=None, packages_skip_by_dep=None, packages_skip_up_to=None, packages_select_build_failed=False, packages_skip_build_finished=False, packages_select_test_failures=False, packages_skip_test_passed=False, packages_select=None, packages_skip=None, packages_select_regex=None, packages_skip_regex=None, packages_start=None, packages_end=None, allow_overriding=[], cmake_args=None, cmake_target=None, cmake_target_skip_unavailable=False, cmake_clean_cache=False, cmake_clean_first=False, cmake_force_configure=False, ament_cmake_args=None, catkin_cmake_args=None, catkin_skip_building_tests=False, verb_parser=<colcon_defaults.argument_parser.defaults.DefaultArgumentsDecorator object at 0x7fd473960820>, verb_extension=<colcon_core.verb.build.BuildVerb object at 0x7fd4739603a0>, main=<bound method BuildVerb.main of <colcon_core.verb.build.BuildVerb object at 0x7fd4739603a0>>)
[0.251s] Level 1:colcon.colcon_core.package_discovery:discover_packages(colcon_meta) check parameters
[0.251s] Level 1:colcon.colcon_core.package_discovery:discover_packages(recursive) check parameters
[0.251s] Level 1:colcon.colcon_core.package_discovery:discover_packages(ignore) check parameters
[0.251s] Level 1:colcon.colcon_core.package_discovery:discover_packages(path) check parameters
[0.251s] Level 1:colcon.colcon_core.package_discovery:discover_packages(colcon_meta) discover
[0.251s] Level 1:colcon.colcon_core.package_discovery:discover_packages(recursive) discover
[0.251s] INFO:colcon.colcon_core.package_discovery:Crawling recursively for packages in '/home/rmi/ros2ws'
[0.251s] Level 1:colcon.colcon_core.package_identification:_identify(.) by extensions ['ignore', 'ignore_ament_install']
[0.252s] Level 1:colcon.colcon_core.package_identification:_identify(.) by extension 'ignore'
[0.252s] Level 1:colcon.colcon_core.package_identification:_identify(.) by extension 'ignore_ament_install'
[0.252s] Level 1:colcon.colcon_core.package_identification:_identify(.) by extensions ['colcon_pkg']
[0.252s] Level 1:colcon.colcon_core.package_identification:_identify(.) by extension 'colcon_pkg'
[0.252s] Level 1:colcon.colcon_core.package_identification:_identify(.) by extensions ['colcon_meta']
[0.252s] Level 1:colcon.colcon_core.package_identification:_identify(.) by extension 'colcon_meta'
[0.252s] Level 1:colcon.colcon_core.package_identification:_identify(.) by extensions ['ros']
[0.252s] Level 1:colcon.colcon_core.package_identification:_identify(.) by extension 'ros'
[0.262s] Level 1:colcon.colcon_core.package_identification:_identify(.) by extensions ['cmake', 'python']
[0.262s] Level 1:colcon.colcon_core.package_identification:_identify(.) by extension 'cmake'
[0.262s] Level 1:colcon.colcon_core.package_identification:_identify(.) by extension 'python'
[0.262s] Level 1:colcon.colcon_core.package_identification:_identify(.) by extensions ['python_setup_py']
[0.262s] Level 1:colcon.colcon_core.package_identification:_identify(.) by extension 'python_setup_py'
[0.262s] Level 1:colcon.colcon_core.package_identification:_identify(build) by extensions ['ignore', 'ignore_ament_install']
[0.262s] Level 1:colcon.colcon_core.package_identification:_identify(build) by extension 'ignore'
[0.262s] Level 1:colcon.colcon_core.package_identification:_identify(build) ignored
[0.263s] Level 1:colcon.colcon_core.package_identification:_identify(install) by extensions ['ignore', 'ignore_ament_install']
[0.263s] Level 1:colcon.colcon_core.package_identification:_identify(install) by extension 'ignore'
[0.263s] Level 1:colcon.colcon_core.package_identification:_identify(install) ignored
[0.263s] Level 1:colcon.colcon_core.package_identification:_identify(log) by extensions ['ignore', 'ignore_ament_install']
[0.263s] Level 1:colcon.colcon_core.package_identification:_identify(log) by extension 'ignore'
[0.263s] Level 1:colcon.colcon_core.package_identification:_identify(log) ignored
[0.263s] Level 1:colcon.colcon_core.package_identification:_identify(src) by extensions ['ignore', 'ignore_ament_install']
[0.263s] Level 1:colcon.colcon_core.package_identification:_identify(src) by extension 'ignore'
[0.263s] Level 1:colcon.colcon_core.package_identification:_identify(src) by extension 'ignore_ament_install'
[0.263s] Level 1:colcon.colcon_core.package_identification:_identify(src) by extensions ['colcon_pkg']
[0.263s] Level 1:colcon.colcon_core.package_identification:_identify(src) by extension 'colcon_pkg'
[0.263s] Level 1:colcon.colcon_core.package_identification:_identify(src) by extensions ['colcon_meta']
[0.263s] Level 1:colcon.colcon_core.package_identification:_identify(src) by extension 'colcon_meta'
[0.263s] Level 1:colcon.colcon_core.package_identification:_identify(src) by extensions ['ros']
[0.263s] Level 1:colcon.colcon_core.package_identification:_identify(src) by extension 'ros'
[0.264s] Level 1:colcon.colcon_core.package_identification:_identify(src) by extensions ['cmake', 'python']
[0.264s] Level 1:colcon.colcon_core.package_identification:_identify(src) by extension 'cmake'
[0.264s] Level 1:colcon.colcon_core.package_identification:_identify(src) by extension 'python'
[0.264s] Level 1:colcon.colcon_core.package_identification:_identify(src) by extensions ['python_setup_py']
[0.264s] Level 1:colcon.colcon_core.package_identification:_identify(src) by extension 'python_setup_py'
[0.264s] Level 1:colcon.colcon_core.package_identification:_identify(src/build) by extensions ['ignore', 'ignore_ament_install']
[0.264s] Level 1:colcon.colcon_core.package_identification:_identify(src/build) by extension 'ignore'
[0.264s] Level 1:colcon.colcon_core.package_identification:_identify(src/build) ignored
[0.264s] Level 1:colcon.colcon_core.package_identification:_identify(src/differential_drive_robot) by extensions ['ignore', 'ignore_ament_install']
[0.264s] Level 1:colcon.colcon_core.package_identification:_identify(src/differential_drive_robot) by extension 'ignore'
[0.264s] Level 1:colcon.colcon_core.package_identification:_identify(src/differential_drive_robot) by extension 'ignore_ament_install'
[0.264s] Level 1:colcon.colcon_core.package_identification:_identify(src/differential_drive_robot) by extensions ['colcon_pkg']
[0.264s] Level 1:colcon.colcon_core.package_identification:_identify(src/differential_drive_robot) by extension 'colcon_pkg'
[0.264s] Level 1:colcon.colcon_core.package_identification:_identify(src/differential_drive_robot) by extensions ['colcon_meta']
[0.264s] Level 1:colcon.colcon_core.package_identification:_identify(src/differential_drive_robot) by extension 'colcon_meta'
[0.264s] Level 1:colcon.colcon_core.package_identification:_identify(src/differential_drive_robot) by extensions ['ros']
[0.264s] Level 1:colcon.colcon_core.package_identification:_identify(src/differential_drive_robot) by extension 'ros'
[0.266s] DEBUG:colcon.colcon_core.package_identification:Package 'src/differential_drive_robot' with type 'ros.ament_cmake' and name 'differential_drive_robot'
[0.266s] Level 1:colcon.colcon_core.package_identification:_identify(src/install) by extensions ['ignore', 'ignore_ament_install']
[0.267s] Level 1:colcon.colcon_core.package_identification:_identify(src/install) by extension 'ignore'
[0.267s] Level 1:colcon.colcon_core.package_identification:_identify(src/install) ignored
[0.267s] Level 1:colcon.colcon_core.package_identification:_identify(src/learning_tf2_py) by extensions ['ignore', 'ignore_ament_install']
[0.267s] Level 1:colcon.colcon_core.package_identification:_identify(src/learning_tf2_py) by extension 'ignore'
[0.267s] Level 1:colcon.colcon_core.package_identification:_identify(src/learning_tf2_py) by extension 'ignore_ament_install'
[0.267s] Level 1:colcon.colcon_core.package_identification:_identify(src/learning_tf2_py) by extensions ['colcon_pkg']
[0.267s] Level 1:colcon.colcon_core.package_identification:_identify(src/learning_tf2_py) by extension 'colcon_pkg'
[0.267s] Level 1:colcon.colcon_core.package_identification:_identify(src/learning_tf2_py) by extensions ['colcon_meta']
[0.267s] Level 1:colcon.colcon_core.package_identification:_identify(src/learning_tf2_py) by extension 'colcon_meta'
[0.267s] Level 1:colcon.colcon_core.package_identification:_identify(src/learning_tf2_py) by extensions ['ros']
[0.267s] Level 1:colcon.colcon_core.package_identification:_identify(src/learning_tf2_py) by extension 'ros'
[0.268s] DEBUG:colcon.colcon_core.package_identification:Package 'src/learning_tf2_py' with type 'ros.ament_python' and name 'learning_tf2_py'
[0.268s] Level 1:colcon.colcon_core.package_identification:_identify(src/log) by extensions ['ignore', 'ignore_ament_install']
[0.268s] Level 1:colcon.colcon_core.package_identification:_identify(src/log) by extension 'ignore'
[0.268s] Level 1:colcon.colcon_core.package_identification:_identify(src/log) ignored
[0.268s] Level 1:colcon.colcon_core.package_identification:_identify(src/my_robot_bringup) by extensions ['ignore', 'ignore_ament_install']
[0.268s] Level 1:colcon.colcon_core.package_identification:_identify(src/my_robot_bringup) by extension 'ignore'
[0.268s] Level 1:colcon.colcon_core.package_identification:_identify(src/my_robot_bringup) by extension 'ignore_ament_install'
[0.268s] Level 1:colcon.colcon_core.package_identification:_identify(src/my_robot_bringup) by extensions ['colcon_pkg']
[0.268s] Level 1:colcon.colcon_core.package_identification:_identify(src/my_robot_bringup) by extension 'colcon_pkg'
[0.268s] Level 1:colcon.colcon_core.package_identification:_identify(src/my_robot_bringup) by extensions ['colcon_meta']
[0.268s] Level 1:colcon.colcon_core.package_identification:_identify(src/my_robot_bringup) by extension 'colcon_meta'
[0.268s] Level 1:colcon.colcon_core.package_identification:_identify(src/my_robot_bringup) by extensions ['ros']
[0.268s] Level 1:colcon.colcon_core.package_identification:_identify(src/my_robot_bringup) by extension 'ros'
[0.269s] DEBUG:colcon.colcon_core.package_identification:Package 'src/my_robot_bringup' with type 'ros.ament_cmake' and name 'my_robot_bringup'
[0.269s] Level 1:colcon.colcon_core.package_identification:_identify(src/my_robot_description) by extensions ['ignore', 'ignore_ament_install']
[0.269s] Level 1:colcon.colcon_core.package_identification:_identify(src/my_robot_description) by extension 'ignore'
[0.269s] Level 1:colcon.colcon_core.package_identification:_identify(src/my_robot_description) by extension 'ignore_ament_install'
[0.269s] Level 1:colcon.colcon_core.package_identification:_identify(src/my_robot_description) by extensions ['colcon_pkg']
[0.269s] Level 1:colcon.colcon_core.package_identification:_identify(src/my_robot_description) by extension 'colcon_pkg'
[0.269s] Level 1:colcon.colcon_core.package_identification:_identify(src/my_robot_description) by extensions ['colcon_meta']
[0.269s] Level 1:colcon.colcon_core.package_identification:_identify(src/my_robot_description) by extension 'colcon_meta'
[0.269s] Level 1:colcon.colcon_core.package_identification:_identify(src/my_robot_description) by extensions ['ros']
[0.269s] Level 1:colcon.colcon_core.package_identification:_identify(src/my_robot_description) by extension 'ros'
[0.270s] DEBUG:colcon.colcon_core.package_identification:Package 'src/my_robot_description' with type 'ros.ament_cmake' and name 'my_robot_description'
[0.270s] Level 1:colcon.colcon_core.package_identification:_identify(src/serial_motor_demo) by extensions ['ignore', 'ignore_ament_install']
[0.270s] Level 1:colcon.colcon_core.package_identification:_identify(src/serial_motor_demo) by extension 'ignore'
[0.270s] Level 1:colcon.colcon_core.package_identification:_identify(src/serial_motor_demo) by extension 'ignore_ament_install'
[0.270s] Level 1:colcon.colcon_core.package_identification:_identify(src/serial_motor_demo) by extensions ['colcon_pkg']
[0.270s] Level 1:colcon.colcon_core.package_identification:_identify(src/serial_motor_demo) by extension 'colcon_pkg'
[0.270s] Level 1:colcon.colcon_core.package_identification:_identify(src/serial_motor_demo) by extensions ['colcon_meta']
[0.270s] Level 1:colcon.colcon_core.package_identification:_identify(src/serial_motor_demo) by extension 'colcon_meta'
[0.270s] Level 1:colcon.colcon_core.package_identification:_identify(src/serial_motor_demo) by extensions ['ros']
[0.270s] Level 1:colcon.colcon_core.package_identification:_identify(src/serial_motor_demo) by extension 'ros'
[0.271s] Level 1:colcon.colcon_core.package_identification:_identify(src/serial_motor_demo) by extensions ['cmake', 'python']
[0.271s] Level 1:colcon.colcon_core.package_identification:_identify(src/serial_motor_demo) by extension 'cmake'
[0.271s] Level 1:colcon.colcon_core.package_identification:_identify(src/serial_motor_demo) by extension 'python'
[0.271s] Level 1:colcon.colcon_core.package_identification:_identify(src/serial_motor_demo) by extensions ['python_setup_py']
[0.271s] Level 1:colcon.colcon_core.package_identification:_identify(src/serial_motor_demo) by extension 'python_setup_py'
[0.271s] Level 1:colcon.colcon_core.package_identification:_identify(src/serial_motor_demo/serial_motor_demo) by extensions ['ignore', 'ignore_ament_install']
[0.271s] Level 1:colcon.colcon_core.package_identification:_identify(src/serial_motor_demo/serial_motor_demo) by extension 'ignore'
[0.271s] Level 1:colcon.colcon_core.package_identification:_identify(src/serial_motor_demo/serial_motor_demo) by extension 'ignore_ament_install'
[0.271s] Level 1:colcon.colcon_core.package_identification:_identify(src/serial_motor_demo/serial_motor_demo) by extensions ['colcon_pkg']
[0.271s] Level 1:colcon.colcon_core.package_identification:_identify(src/serial_motor_demo/serial_motor_demo) by extension 'colcon_pkg'
[0.271s] Level 1:colcon.colcon_core.package_identification:_identify(src/serial_motor_demo/serial_motor_demo) by extensions ['colcon_meta']
[0.271s] Level 1:colcon.colcon_core.package_identification:_identify(src/serial_motor_demo/serial_motor_demo) by extension 'colcon_meta'
[0.271s] Level 1:colcon.colcon_core.package_identification:_identify(src/serial_motor_demo/serial_motor_demo) by extensions ['ros']
[0.271s] Level 1:colcon.colcon_core.package_identification:_identify(src/serial_motor_demo/serial_motor_demo) by extension 'ros'
[0.272s] DEBUG:colcon.colcon_core.package_identification:Package 'src/serial_motor_demo/serial_motor_demo' with type 'ros.ament_python' and name 'serial_motor_demo'
[0.272s] Level 1:colcon.colcon_core.package_identification:_identify(src/serial_motor_demo/serial_motor_demo_msgs) by extensions ['ignore', 'ignore_ament_install']
[0.272s] Level 1:colcon.colcon_core.package_identification:_identify(src/serial_motor_demo/serial_motor_demo_msgs) by extension 'ignore'
[0.272s] Level 1:colcon.colcon_core.package_identification:_identify(src/serial_motor_demo/serial_motor_demo_msgs) by extension 'ignore_ament_install'
[0.272s] Level 1:colcon.colcon_core.package_identification:_identify(src/serial_motor_demo/serial_motor_demo_msgs) by extensions ['colcon_pkg']
[0.272s] Level 1:colcon.colcon_core.package_identification:_identify(src/serial_motor_demo/serial_motor_demo_msgs) by extension 'colcon_pkg'
[0.272s] Level 1:colcon.colcon_core.package_identification:_identify(src/serial_motor_demo/serial_motor_demo_msgs) by extensions ['colcon_meta']
[0.272s] Level 1:colcon.colcon_core.package_identification:_identify(src/serial_motor_demo/serial_motor_demo_msgs) by extension 'colcon_meta'
[0.272s] Level 1:colcon.colcon_core.package_identification:_identify(src/serial_motor_demo/serial_motor_demo_msgs) by extensions ['ros']
[0.272s] Level 1:colcon.colcon_core.package_identification:_identify(src/serial_motor_demo/serial_motor_demo_msgs) by extension 'ros'
[0.273s] DEBUG:colcon.colcon_core.package_identification:Package 'src/serial_motor_demo/serial_motor_demo_msgs' with type 'ros.ament_cmake' and name 'serial_motor_demo_msgs'
[0.273s] Level 1:colcon.colcon_core.package_discovery:discover_packages(recursive) using defaults
[0.273s] Level 1:colcon.colcon_core.package_discovery:discover_packages(ignore) discover
[0.273s] Level 1:colcon.colcon_core.package_discovery:discover_packages(ignore) using defaults
[0.273s] Level 1:colcon.colcon_core.package_discovery:discover_packages(path) discover
[0.273s] Level 1:colcon.colcon_core.package_discovery:discover_packages(path) using defaults
[0.291s] Level 1:colcon.colcon_core.package_discovery:discover_packages(prefix_path) check parameters
[0.291s] Level 1:colcon.colcon_core.package_discovery:discover_packages(prefix_path) discover
[0.293s] DEBUG:colcon.colcon_installed_package_information.package_discovery:Found 6 installed packages in /home/rmi/ros2ws/install
[0.294s] DEBUG:colcon.colcon_installed_package_information.package_discovery:Found 386 installed packages in /opt/ros/humble
[0.304s] Level 1:colcon.colcon_core.package_discovery:discover_packages(prefix_path) using defaults
[0.348s] Level 5:colcon.colcon_core.verb:set package 'differential_drive_robot' build argument 'cmake_args' from command line to 'None'
[0.348s] Level 5:colcon.colcon_core.verb:set package 'differential_drive_robot' build argument 'cmake_target' from command line to 'None'
[0.348s] Level 5:colcon.colcon_core.verb:set package 'differential_drive_robot' build argument 'cmake_target_skip_unavailable' from command line to 'False'
[0.348s] Level 5:colcon.colcon_core.verb:set package 'differential_drive_robot' build argument 'cmake_clean_cache' from command line to 'False'
[0.348s] Level 5:colcon.colcon_core.verb:set package 'differential_drive_robot' build argument 'cmake_clean_first' from command line to 'False'
[0.348s] Level 5:colcon.colcon_core.verb:set package 'differential_drive_robot' build argument 'cmake_force_configure' from command line to 'False'
[0.348s] Level 5:colcon.colcon_core.verb:set package 'differential_drive_robot' build argument 'ament_cmake_args' from command line to 'None'
[0.348s] Level 5:colcon.colcon_core.verb:set package 'differential_drive_robot' build argument 'catkin_cmake_args' from command line to 'None'
[0.348s] Level 5:colcon.colcon_core.verb:set package 'differential_drive_robot' build argument 'catkin_skip_building_tests' from command line to 'False'
[0.348s] DEBUG:colcon.colcon_core.verb:Building package 'differential_drive_robot' with the following arguments: {'ament_cmake_args': None, 'build_base': '/home/rmi/ros2ws/build/differential_drive_robot', 'catkin_cmake_args': None, 'catkin_skip_building_tests': False, 'cmake_args': None, 'cmake_clean_cache': False, 'cmake_clean_first': False, 'cmake_force_configure': False, 'cmake_target': None, 'cmake_target_skip_unavailable': False, 'install_base': '/home/rmi/ros2ws/install/differential_drive_robot', 'merge_install': False, 'path': '/home/rmi/ros2ws/src/differential_drive_robot', 'symlink_install': True, 'test_result_base': None}
[0.349s] Level 5:colcon.colcon_core.verb:set package 'learning_tf2_py' build argument 'cmake_args' from command line to 'None'
[0.349s] Level 5:colcon.colcon_core.verb:set package 'learning_tf2_py' build argument 'cmake_target' from command line to 'None'
[0.349s] Level 5:colcon.colcon_core.verb:set package 'learning_tf2_py' build argument 'cmake_target_skip_unavailable' from command line to 'False'
[0.349s] Level 5:colcon.colcon_core.verb:set package 'learning_tf2_py' build argument 'cmake_clean_cache' from command line to 'False'
[0.349s] Level 5:colcon.colcon_core.verb:set package 'learning_tf2_py' build argument 'cmake_clean_first' from command line to 'False'
[0.349s] Level 5:colcon.colcon_core.verb:set package 'learning_tf2_py' build argument 'cmake_force_configure' from command line to 'False'
[0.349s] Level 5:colcon.colcon_core.verb:set package 'learning_tf2_py' build argument 'ament_cmake_args' from command line to 'None'
[0.349s] Level 5:colcon.colcon_core.verb:set package 'learning_tf2_py' build argument 'catkin_cmake_args' from command line to 'None'
[0.349s] Level 5:colcon.colcon_core.verb:set package 'learning_tf2_py' build argument 'catkin_skip_building_tests' from command line to 'False'
[0.349s] DEBUG:colcon.colcon_core.verb:Building package 'learning_tf2_py' with the following arguments: {'ament_cmake_args': None, 'build_base': '/home/rmi/ros2ws/build/learning_tf2_py', 'catkin_cmake_args': None, 'catkin_skip_building_tests': False, 'cmake_args': None, 'cmake_clean_cache': False, 'cmake_clean_first': False, 'cmake_force_configure': False, 'cmake_target': None, 'cmake_target_skip_unavailable': False, 'install_base': '/home/rmi/ros2ws/install/learning_tf2_py', 'merge_install': False, 'path': '/home/rmi/ros2ws/src/learning_tf2_py', 'symlink_install': True, 'test_result_base': None}
[0.349s] Level 5:colcon.colcon_core.verb:set package 'my_robot_description' build argument 'cmake_args' from command line to 'None'
[0.349s] Level 5:colcon.colcon_core.verb:set package 'my_robot_description' build argument 'cmake_target' from command line to 'None'
[0.349s] Level 5:colcon.colcon_core.verb:set package 'my_robot_description' build argument 'cmake_target_skip_unavailable' from command line to 'False'
[0.349s] Level 5:colcon.colcon_core.verb:set package 'my_robot_description' build argument 'cmake_clean_cache' from command line to 'False'
[0.350s] Level 5:colcon.colcon_core.verb:set package 'my_robot_description' build argument 'cmake_clean_first' from command line to 'False'
[0.350s] Level 5:colcon.colcon_core.verb:set package 'my_robot_description' build argument 'cmake_force_configure' from command line to 'False'
[0.350s] Level 5:colcon.colcon_core.verb:set package 'my_robot_description' build argument 'ament_cmake_args' from command line to 'None'
[0.350s] Level 5:colcon.colcon_core.verb:set package 'my_robot_description' build argument 'catkin_cmake_args' from command line to 'None'
[0.350s] Level 5:colcon.colcon_core.verb:set package 'my_robot_description' build argument 'catkin_skip_building_tests' from command line to 'False'
[0.350s] DEBUG:colcon.colcon_core.verb:Building package 'my_robot_description' with the following arguments: {'ament_cmake_args': None, 'build_base': '/home/rmi/ros2ws/build/my_robot_description', 'catkin_cmake_args': None, 'catkin_skip_building_tests': False, 'cmake_args': None, 'cmake_clean_cache': False, 'cmake_clean_first': False, 'cmake_force_configure': False, 'cmake_target': None, 'cmake_target_skip_unavailable': False, 'install_base': '/home/rmi/ros2ws/install/my_robot_description', 'merge_install': False, 'path': '/home/rmi/ros2ws/src/my_robot_description', 'symlink_install': True, 'test_result_base': None}
[0.350s] Level 5:colcon.colcon_core.verb:set package 'serial_motor_demo_msgs' build argument 'cmake_args' from command line to 'None'
[0.350s] Level 5:colcon.colcon_core.verb:set package 'serial_motor_demo_msgs' build argument 'cmake_target' from command line to 'None'
[0.350s] Level 5:colcon.colcon_core.verb:set package 'serial_motor_demo_msgs' build argument 'cmake_target_skip_unavailable' from command line to 'False'
[0.350s] Level 5:colcon.colcon_core.verb:set package 'serial_motor_demo_msgs' build argument 'cmake_clean_cache' from command line to 'False'
[0.350s] Level 5:colcon.colcon_core.verb:set package 'serial_motor_demo_msgs' build argument 'cmake_clean_first' from command line to 'False'
[0.350s] Level 5:colcon.colcon_core.verb:set package 'serial_motor_demo_msgs' build argument 'cmake_force_configure' from command line to 'False'
[0.350s] Level 5:colcon.colcon_core.verb:set package 'serial_motor_demo_msgs' build argument 'ament_cmake_args' from command line to 'None'
[0.350s] Level 5:colcon.colcon_core.verb:set package 'serial_motor_demo_msgs' build argument 'catkin_cmake_args' from command line to 'None'
[0.350s] Level 5:colcon.colcon_core.verb:set package 'serial_motor_demo_msgs' build argument 'catkin_skip_building_tests' from command line to 'False'
[0.350s] DEBUG:colcon.colcon_core.verb:Building package 'serial_motor_demo_msgs' with the following arguments: {'ament_cmake_args': None, 'build_base': '/home/rmi/ros2ws/build/serial_motor_demo_msgs', 'catkin_cmake_args': None, 'catkin_skip_building_tests': False, 'cmake_args': None, 'cmake_clean_cache': False, 'cmake_clean_first': False, 'cmake_force_configure': False, 'cmake_target': None, 'cmake_target_skip_unavailable': False, 'install_base': '/home/rmi/ros2ws/install/serial_motor_demo_msgs', 'merge_install': False, 'path': '/home/rmi/ros2ws/src/serial_motor_demo/serial_motor_demo_msgs', 'symlink_install': True, 'test_result_base': None}
[0.350s] Level 5:colcon.colcon_core.verb:set package 'my_robot_bringup' build argument 'cmake_args' from command line to 'None'
[0.351s] Level 5:colcon.colcon_core.verb:set package 'my_robot_bringup' build argument 'cmake_target' from command line to 'None'
[0.351s] Level 5:colcon.colcon_core.verb:set package 'my_robot_bringup' build argument 'cmake_target_skip_unavailable' from command line to 'False'
[0.351s] Level 5:colcon.colcon_core.verb:set package 'my_robot_bringup' build argument 'cmake_clean_cache' from command line to 'False'
[0.351s] Level 5:colcon.colcon_core.verb:set package 'my_robot_bringup' build argument 'cmake_clean_first' from command line to 'False'
[0.351s] Level 5:colcon.colcon_core.verb:set package 'my_robot_bringup' build argument 'cmake_force_configure' from command line to 'False'
[0.351s] Level 5:colcon.colcon_core.verb:set package 'my_robot_bringup' build argument 'ament_cmake_args' from command line to 'None'
[0.351s] Level 5:colcon.colcon_core.verb:set package 'my_robot_bringup' build argument 'catkin_cmake_args' from command line to 'None'
[0.351s] Level 5:colcon.colcon_core.verb:set package 'my_robot_bringup' build argument 'catkin_skip_building_tests' from command line to 'False'
[0.351s] DEBUG:colcon.colcon_core.verb:Building package 'my_robot_bringup' with the following arguments: {'ament_cmake_args': None, 'build_base': '/home/rmi/ros2ws/build/my_robot_bringup', 'catkin_cmake_args': None, 'catkin_skip_building_tests': False, 'cmake_args': None, 'cmake_clean_cache': False, 'cmake_clean_first': False, 'cmake_force_configure': False, 'cmake_target': None, 'cmake_target_skip_unavailable': False, 'install_base': '/home/rmi/ros2ws/install/my_robot_bringup', 'merge_install': False, 'path': '/home/rmi/ros2ws/src/my_robot_bringup', 'symlink_install': True, 'test_result_base': None}
[0.351s] Level 5:colcon.colcon_core.verb:set package 'serial_motor_demo' build argument 'cmake_args' from command line to 'None'
[0.351s] Level 5:colcon.colcon_core.verb:set package 'serial_motor_demo' build argument 'cmake_target' from command line to 'None'
[0.351s] Level 5:colcon.colcon_core.verb:set package 'serial_motor_demo' build argument 'cmake_target_skip_unavailable' from command line to 'False'
[0.351s] Level 5:colcon.colcon_core.verb:set package 'serial_motor_demo' build argument 'cmake_clean_cache' from command line to 'False'
[0.351s] Level 5:colcon.colcon_core.verb:set package 'serial_motor_demo' build argument 'cmake_clean_first' from command line to 'False'
[0.351s] Level 5:colcon.colcon_core.verb:set package 'serial_motor_demo' build argument 'cmake_force_configure' from command line to 'False'
[0.351s] Level 5:colcon.colcon_core.verb:set package 'serial_motor_demo' build argument 'ament_cmake_args' from command line to 'None'
[0.351s] Level 5:colcon.colcon_core.verb:set package 'serial_motor_demo' build argument 'catkin_cmake_args' from command line to 'None'
[0.351s] Level 5:colcon.colcon_core.verb:set package 'serial_motor_demo' build argument 'catkin_skip_building_tests' from command line to 'False'
[0.351s] DEBUG:colcon.colcon_core.verb:Building package 'serial_motor_demo' with the following arguments: {'ament_cmake_args': None, 'build_base': '/home/rmi/ros2ws/build/serial_motor_demo', 'catkin_cmake_args': None, 'catkin_skip_building_tests': False, 'cmake_args': None, 'cmake_clean_cache': False, 'cmake_clean_first': False, 'cmake_force_configure': False, 'cmake_target': None, 'cmake_target_skip_unavailable': False, 'install_base': '/home/rmi/ros2ws/install/serial_motor_demo', 'merge_install': False, 'path': '/home/rmi/ros2ws/src/serial_motor_demo/serial_motor_demo', 'symlink_install': True, 'test_result_base': None}
[0.351s] INFO:colcon.colcon_core.executor:Executing jobs using 'parallel' executor
[0.352s] DEBUG:colcon.colcon_parallel_executor.executor.parallel:run_until_complete
[0.353s] INFO:colcon.colcon_ros.task.ament_cmake.build:Building ROS package in '/home/rmi/ros2ws/src/my_robot_description' with build type 'ament_cmake'
[0.353s] INFO:colcon.colcon_cmake.task.cmake.build:Building CMake package in '/home/rmi/ros2ws/src/my_robot_description'
[0.356s] INFO:colcon.colcon_core.plugin_system:Skipping extension 'colcon_core.shell.bat': Not used on non-Windows systems
[0.356s] INFO:colcon.colcon_core.shell:Skip shell extension 'powershell' for command environment: Not usable outside of PowerShell
[0.356s] DEBUG:colcon.colcon_core.shell:Skip shell extension 'dsv' for command environment
[0.360s] INFO:colcon.colcon_ros.task.ament_cmake.build:Building ROS package in '/home/rmi/ros2ws/src/serial_motor_demo/serial_motor_demo_msgs' with build type 'ament_cmake'
[0.360s] INFO:colcon.colcon_cmake.task.cmake.build:Building CMake package in '/home/rmi/ros2ws/src/serial_motor_demo/serial_motor_demo_msgs'
[0.361s] INFO:colcon.colcon_core.shell:Skip shell extension 'powershell' for command environment: Not usable outside of PowerShell
[0.361s] DEBUG:colcon.colcon_core.shell:Skip shell extension 'dsv' for command environment
[0.365s] INFO:colcon.colcon_ros.task.ament_cmake.build:Building ROS package in '/home/rmi/ros2ws/src/differential_drive_robot' with build type 'ament_cmake'
[0.366s] INFO:colcon.colcon_cmake.task.cmake.build:Building CMake package in '/home/rmi/ros2ws/src/differential_drive_robot'
[0.366s] INFO:colcon.colcon_core.shell:Skip shell extension 'powershell' for command environment: Not usable outside of PowerShell
[0.366s] DEBUG:colcon.colcon_core.shell:Skip shell extension 'dsv' for command environment
[0.370s] INFO:colcon.colcon_ros.task.ament_python.build:Building ROS package in '/home/rmi/ros2ws/src/learning_tf2_py' with build type 'ament_python'
[0.371s] Level 1:colcon.colcon_core.shell:create_environment_hook('learning_tf2_py', 'ament_prefix_path')
[0.371s] INFO:colcon.colcon_core.shell:Creating environment hook '/home/rmi/ros2ws/install/learning_tf2_py/share/learning_tf2_py/hook/ament_prefix_path.ps1'
[0.372s] INFO:colcon.colcon_core.shell:Creating environment descriptor '/home/rmi/ros2ws/install/learning_tf2_py/share/learning_tf2_py/hook/ament_prefix_path.dsv'
[0.373s] INFO:colcon.colcon_core.shell:Creating environment hook '/home/rmi/ros2ws/install/learning_tf2_py/share/learning_tf2_py/hook/ament_prefix_path.sh'
[0.374s] INFO:colcon.colcon_core.shell:Skip shell extension 'powershell' for command environment: Not usable outside of PowerShell
[0.374s] DEBUG:colcon.colcon_core.shell:Skip shell extension 'dsv' for command environment
[0.383s] DEBUG:colcon.colcon_core.event_handler.log_command:Invoking command in '/home/rmi/ros2ws/build/my_robot_description': CMAKE_PREFIX_PATH=${CMAKE_PREFIX_PATH}:/home/rmi/ros2ws/install/serial_motor_demo:/home/rmi/ros2ws/install/learning_tf2_py:/opt/ros/humble /usr/bin/cmake --build /home/rmi/ros2ws/build/my_robot_description -- -j8 -l8
[0.390s] DEBUG:colcon.colcon_core.event_handler.log_command:Invoking command in '/home/rmi/ros2ws/build/serial_motor_demo_msgs': CMAKE_PREFIX_PATH=${CMAKE_PREFIX_PATH}:/home/rmi/ros2ws/install/serial_motor_demo:/home/rmi/ros2ws/install/learning_tf2_py:/opt/ros/humble /usr/bin/cmake --build /home/rmi/ros2ws/build/serial_motor_demo_msgs -- -j8 -l8
[0.393s] DEBUG:colcon.colcon_core.event_handler.log_command:Invoking command in '/home/rmi/ros2ws/build/differential_drive_robot': CMAKE_PREFIX_PATH=${CMAKE_PREFIX_PATH}:/home/rmi/ros2ws/install/serial_motor_demo:/home/rmi/ros2ws/install/learning_tf2_py:/opt/ros/humble /usr/bin/cmake --build /home/rmi/ros2ws/build/differential_drive_robot -- -j8 -l8
[0.664s] INFO:colcon.colcon_core.task.python.build:Building Python package in '/home/rmi/ros2ws/src/learning_tf2_py'
[0.664s] INFO:colcon.colcon_core.shell:Skip shell extension 'powershell' for command environment: Not usable outside of PowerShell
[0.664s] DEBUG:colcon.colcon_core.shell:Skip shell extension 'dsv' for command environment
[0.670s] DEBUG:colcon.colcon_core.event_handler.log_command:Invoked command in '/home/rmi/ros2ws/build/my_robot_description' returned '0': CMAKE_PREFIX_PATH=${CMAKE_PREFIX_PATH}:/home/rmi/ros2ws/install/serial_motor_demo:/home/rmi/ros2ws/install/learning_tf2_py:/opt/ros/humble /usr/bin/cmake --build /home/rmi/ros2ws/build/my_robot_description -- -j8 -l8
[0.682s] DEBUG:colcon.colcon_core.event_handler.log_command:Invoking command in '/home/rmi/ros2ws/build/my_robot_description': CMAKE_PREFIX_PATH=${CMAKE_PREFIX_PATH}:/home/rmi/ros2ws/install/serial_motor_demo:/home/rmi/ros2ws/install/learning_tf2_py:/opt/ros/humble /usr/bin/cmake --install /home/rmi/ros2ws/build/my_robot_description
[0.683s] DEBUG:colcon.colcon_core.event_handler.log_command:Invoked command in '/home/rmi/ros2ws/build/differential_drive_robot' returned '0': CMAKE_PREFIX_PATH=${CMAKE_PREFIX_PATH}:/home/rmi/ros2ws/install/serial_motor_demo:/home/rmi/ros2ws/install/learning_tf2_py:/opt/ros/humble /usr/bin/cmake --build /home/rmi/ros2ws/build/differential_drive_robot -- -j8 -l8
[0.684s] DEBUG:colcon.colcon_core.event_handler.log_command:Invoking command in '/home/rmi/ros2ws/build/differential_drive_robot': CMAKE_PREFIX_PATH=${CMAKE_PREFIX_PATH}:/home/rmi/ros2ws/install/serial_motor_demo:/home/rmi/ros2ws/install/learning_tf2_py:/opt/ros/humble /usr/bin/cmake --install /home/rmi/ros2ws/build/differential_drive_robot
[0.712s] Level 1:colcon.colcon_core.environment:create_environment_scripts_only(differential_drive_robot)
[0.713s] DEBUG:colcon.colcon_core.event_handler.log_command:Invoked command in '/home/rmi/ros2ws/build/differential_drive_robot' returned '0': CMAKE_PREFIX_PATH=${CMAKE_PREFIX_PATH}:/home/rmi/ros2ws/install/serial_motor_demo:/home/rmi/ros2ws/install/learning_tf2_py:/opt/ros/humble /usr/bin/cmake --install /home/rmi/ros2ws/build/differential_drive_robot
[0.716s] Level 1:colcon.colcon_core.environment:checking '/home/rmi/ros2ws/install/differential_drive_robot' for CMake module files
[0.719s] Level 1:colcon.colcon_core.environment:checking '/home/rmi/ros2ws/install/differential_drive_robot' for CMake config files
[0.720s] Level 1:colcon.colcon_core.shell:create_environment_hook('differential_drive_robot', 'cmake_prefix_path')
[0.720s] INFO:colcon.colcon_core.shell:Creating environment hook '/home/rmi/ros2ws/install/differential_drive_robot/share/differential_drive_robot/hook/cmake_prefix_path.ps1'
[0.721s] INFO:colcon.colcon_core.shell:Creating environment descriptor '/home/rmi/ros2ws/install/differential_drive_robot/share/differential_drive_robot/hook/cmake_prefix_path.dsv'
[0.721s] INFO:colcon.colcon_core.shell:Creating environment hook '/home/rmi/ros2ws/install/differential_drive_robot/share/differential_drive_robot/hook/cmake_prefix_path.sh'
[0.722s] Level 1:colcon.colcon_core.environment:checking '/home/rmi/ros2ws/install/differential_drive_robot/bin'
[0.722s] Level 1:colcon.colcon_core.environment:checking '/home/rmi/ros2ws/install/differential_drive_robot/lib/pkgconfig/differential_drive_robot.pc'
[0.722s] Level 1:colcon.colcon_core.environment:checking '/home/rmi/ros2ws/install/differential_drive_robot/lib/python3.10/site-packages'
[0.722s] Level 1:colcon.colcon_core.environment:checking '/home/rmi/ros2ws/install/differential_drive_robot/bin'
[0.723s] INFO:colcon.colcon_core.shell:Creating package script '/home/rmi/ros2ws/install/differential_drive_robot/share/differential_drive_robot/package.ps1'
[0.724s] INFO:colcon.colcon_core.shell:Creating package descriptor '/home/rmi/ros2ws/install/differential_drive_robot/share/differential_drive_robot/package.dsv'
[0.725s] INFO:colcon.colcon_core.shell:Creating package script '/home/rmi/ros2ws/install/differential_drive_robot/share/differential_drive_robot/package.sh'
[0.726s] INFO:colcon.colcon_core.shell:Creating package script '/home/rmi/ros2ws/install/differential_drive_robot/share/differential_drive_robot/package.bash'
[0.727s] INFO:colcon.colcon_core.shell:Creating package script '/home/rmi/ros2ws/install/differential_drive_robot/share/differential_drive_robot/package.zsh'
[0.728s] Level 1:colcon.colcon_core.environment:create_file_with_runtime_dependencies(/home/rmi/ros2ws/install/differential_drive_robot/share/colcon-core/packages/differential_drive_robot)
[0.729s] Level 1:colcon.colcon_core.environment:create_environment_scripts_only(differential_drive_robot)
[0.730s] Level 1:colcon.colcon_core.environment:checking '/home/rmi/ros2ws/install/differential_drive_robot' for CMake module files
[0.730s] Level 1:colcon.colcon_core.environment:checking '/home/rmi/ros2ws/install/differential_drive_robot' for CMake config files
[0.730s] Level 1:colcon.colcon_core.shell:create_environment_hook('differential_drive_robot', 'cmake_prefix_path')
[0.731s] INFO:colcon.colcon_core.shell:Creating environment hook '/home/rmi/ros2ws/install/differential_drive_robot/share/differential_drive_robot/hook/cmake_prefix_path.ps1'
[0.732s] INFO:colcon.colcon_core.shell:Creating environment descriptor '/home/rmi/ros2ws/install/differential_drive_robot/share/differential_drive_robot/hook/cmake_prefix_path.dsv'
[0.732s] INFO:colcon.colcon_core.shell:Creating environment hook '/home/rmi/ros2ws/install/differential_drive_robot/share/differential_drive_robot/hook/cmake_prefix_path.sh'
[0.733s] Level 1:colcon.colcon_core.environment:checking '/home/rmi/ros2ws/install/differential_drive_robot/bin'
[0.733s] Level 1:colcon.colcon_core.environment:checking '/home/rmi/ros2ws/install/differential_drive_robot/lib/pkgconfig/differential_drive_robot.pc'
[0.734s] Level 1:colcon.colcon_core.environment:checking '/home/rmi/ros2ws/install/differential_drive_robot/lib/python3.10/site-packages'
[0.734s] Level 1:colcon.colcon_core.environment:checking '/home/rmi/ros2ws/install/differential_drive_robot/bin'
[0.734s] INFO:colcon.colcon_core.shell:Creating package script '/home/rmi/ros2ws/install/differential_drive_robot/share/differential_drive_robot/package.ps1'
[0.735s] INFO:colcon.colcon_core.shell:Creating package descriptor '/home/rmi/ros2ws/install/differential_drive_robot/share/differential_drive_robot/package.dsv'
[0.736s] INFO:colcon.colcon_core.shell:Creating package script '/home/rmi/ros2ws/install/differential_drive_robot/share/differential_drive_robot/package.sh'
[0.736s] INFO:colcon.colcon_core.shell:Creating package script '/home/rmi/ros2ws/install/differential_drive_robot/share/differential_drive_robot/package.bash'
[0.737s] INFO:colcon.colcon_core.shell:Creating package script '/home/rmi/ros2ws/install/differential_drive_robot/share/differential_drive_robot/package.zsh'
[0.737s] Level 1:colcon.colcon_core.environment:create_file_with_runtime_dependencies(/home/rmi/ros2ws/install/differential_drive_robot/share/colcon-core/packages/differential_drive_robot)
[0.741s] Level 1:colcon.colcon_core.environment:create_environment_scripts_only(my_robot_description)
[0.751s] Level 1:colcon.colcon_core.environment:checking '/home/rmi/ros2ws/install/my_robot_description' for CMake module files
[0.752s] Level 1:colcon.colcon_core.environment:checking '/home/rmi/ros2ws/install/my_robot_description' for CMake config files
[0.752s] Level 1:colcon.colcon_core.shell:create_environment_hook('my_robot_description', 'cmake_prefix_path')
[0.753s] INFO:colcon.colcon_core.shell:Creating environment hook '/home/rmi/ros2ws/install/my_robot_description/share/my_robot_description/hook/cmake_prefix_path.ps1'
[0.753s] INFO:colcon.colcon_core.shell:Creating environment descriptor '/home/rmi/ros2ws/install/my_robot_description/share/my_robot_description/hook/cmake_prefix_path.dsv'
[0.754s] INFO:colcon.colcon_core.shell:Creating environment hook '/home/rmi/ros2ws/install/my_robot_description/share/my_robot_description/hook/cmake_prefix_path.sh'
[0.755s] Level 1:colcon.colcon_core.environment:checking '/home/rmi/ros2ws/install/my_robot_description/bin'
[0.755s] Level 1:colcon.colcon_core.environment:checking '/home/rmi/ros2ws/install/my_robot_description/lib/pkgconfig/my_robot_description.pc'
[0.765s] Level 1:colcon.colcon_core.environment:checking '/home/rmi/ros2ws/install/my_robot_description/lib/python3.10/site-packages'
[0.765s] Level 1:colcon.colcon_core.environment:checking '/home/rmi/ros2ws/install/my_robot_description/bin'
[0.766s] INFO:colcon.colcon_core.shell:Creating package script '/home/rmi/ros2ws/install/my_robot_description/share/my_robot_description/package.ps1'
[0.766s] DEBUG:colcon.colcon_core.event_handler.log_command:Invoked command in '/home/rmi/ros2ws/build/my_robot_description' returned '0': CMAKE_PREFIX_PATH=${CMAKE_PREFIX_PATH}:/home/rmi/ros2ws/install/serial_motor_demo:/home/rmi/ros2ws/install/learning_tf2_py:/opt/ros/humble /usr/bin/cmake --install /home/rmi/ros2ws/build/my_robot_description
[0.767s] INFO:colcon.colcon_core.shell:Creating package descriptor '/home/rmi/ros2ws/install/my_robot_description/share/my_robot_description/package.dsv'
[0.769s] INFO:colcon.colcon_core.shell:Creating package script '/home/rmi/ros2ws/install/my_robot_description/share/my_robot_description/package.sh'
[0.769s] INFO:colcon.colcon_core.shell:Creating package script '/home/rmi/ros2ws/install/my_robot_description/share/my_robot_description/package.bash'
[0.770s] INFO:colcon.colcon_core.shell:Creating package script '/home/rmi/ros2ws/install/my_robot_description/share/my_robot_description/package.zsh'
[0.770s] Level 1:colcon.colcon_core.environment:create_file_with_runtime_dependencies(/home/rmi/ros2ws/install/my_robot_description/share/colcon-core/packages/my_robot_description)
[0.771s] Level 1:colcon.colcon_core.environment:create_environment_scripts_only(my_robot_description)
[0.772s] Level 1:colcon.colcon_core.environment:checking '/home/rmi/ros2ws/install/my_robot_description' for CMake module files
[0.772s] Level 1:colcon.colcon_core.environment:checking '/home/rmi/ros2ws/install/my_robot_description' for CMake config files
[0.773s] Level 1:colcon.colcon_core.shell:create_environment_hook('my_robot_description', 'cmake_prefix_path')
[0.773s] INFO:colcon.colcon_core.shell:Creating environment hook '/home/rmi/ros2ws/install/my_robot_description/share/my_robot_description/hook/cmake_prefix_path.ps1'
[0.773s] INFO:colcon.colcon_core.shell:Creating environment descriptor '/home/rmi/ros2ws/install/my_robot_description/share/my_robot_description/hook/cmake_prefix_path.dsv'
[0.774s] INFO:colcon.colcon_core.shell:Creating environment hook '/home/rmi/ros2ws/install/my_robot_description/share/my_robot_description/hook/cmake_prefix_path.sh'
[0.775s] Level 1:colcon.colcon_core.environment:checking '/home/rmi/ros2ws/install/my_robot_description/bin'
[0.775s] Level 1:colcon.colcon_core.environment:checking '/home/rmi/ros2ws/install/my_robot_description/lib/pkgconfig/my_robot_description.pc'
[0.775s] Level 1:colcon.colcon_core.environment:checking '/home/rmi/ros2ws/install/my_robot_description/lib/python3.10/site-packages'
[0.775s] Level 1:colcon.colcon_core.environment:checking '/home/rmi/ros2ws/install/my_robot_description/bin'
[0.776s] INFO:colcon.colcon_core.shell:Creating package script '/home/rmi/ros2ws/install/my_robot_description/share/my_robot_description/package.ps1'
[0.776s] INFO:colcon.colcon_core.shell:Creating package descriptor '/home/rmi/ros2ws/install/my_robot_description/share/my_robot_description/package.dsv'
[0.777s] INFO:colcon.colcon_core.shell:Creating package script '/home/rmi/ros2ws/install/my_robot_description/share/my_robot_description/package.sh'
[0.778s] INFO:colcon.colcon_core.shell:Creating package script '/home/rmi/ros2ws/install/my_robot_description/share/my_robot_description/package.bash'
[0.778s] INFO:colcon.colcon_core.shell:Creating package script '/home/rmi/ros2ws/install/my_robot_description/share/my_robot_description/package.zsh'
[0.779s] Level 1:colcon.colcon_core.environment:create_file_with_runtime_dependencies(/home/rmi/ros2ws/install/my_robot_description/share/colcon-core/packages/my_robot_description)
[0.779s] INFO:colcon.colcon_ros.task.ament_cmake.build:Building ROS package in '/home/rmi/ros2ws/src/my_robot_bringup' with build type 'ament_cmake'
[0.780s] INFO:colcon.colcon_cmake.task.cmake.build:Building CMake package in '/home/rmi/ros2ws/src/my_robot_bringup'
[0.780s] INFO:colcon.colcon_core.shell:Skip shell extension 'powershell' for command environment: Not usable outside of PowerShell
[0.780s] DEBUG:colcon.colcon_core.shell:Skip shell extension 'dsv' for command environment
[0.794s] DEBUG:colcon.colcon_core.event_handler.log_command:Invoking command in '/home/rmi/ros2ws/build/my_robot_bringup': CMAKE_PREFIX_PATH=/home/rmi/ros2ws/install/my_robot_description:/home/rmi/ros2ws/install/serial_motor_demo_msgs:/home/rmi/ros2ws/install/my_robot_bringup:/home/rmi/ros2ws/install/differential_drive_robot:/home/rmi/ros2ws/install/serial_motor_demo:/home/rmi/ros2ws/install/learning_tf2_py:/opt/ros/humble /usr/bin/cmake --build /home/rmi/ros2ws/build/my_robot_bringup -- -j8 -l8
[0.801s] DEBUG:colcon.colcon_core.event_handler.log_command:Invoked command in '/home/rmi/ros2ws/build/serial_motor_demo_msgs' returned '0': CMAKE_PREFIX_PATH=${CMAKE_PREFIX_PATH}:/home/rmi/ros2ws/install/serial_motor_demo:/home/rmi/ros2ws/install/learning_tf2_py:/opt/ros/humble /usr/bin/cmake --build /home/rmi/ros2ws/build/serial_motor_demo_msgs -- -j8 -l8
[0.803s] DEBUG:colcon.colcon_core.event_handler.log_command:Invoking command in '/home/rmi/ros2ws/build/serial_motor_demo_msgs': CMAKE_PREFIX_PATH=${CMAKE_PREFIX_PATH}:/home/rmi/ros2ws/install/serial_motor_demo:/home/rmi/ros2ws/install/learning_tf2_py:/opt/ros/humble /usr/bin/cmake --install /home/rmi/ros2ws/build/serial_motor_demo_msgs
[0.841s] DEBUG:colcon.colcon_core.event_handler.log_command:Invoked command in '/home/rmi/ros2ws/build/my_robot_bringup' returned '0': CMAKE_PREFIX_PATH=/home/rmi/ros2ws/install/my_robot_description:/home/rmi/ros2ws/install/serial_motor_demo_msgs:/home/rmi/ros2ws/install/my_robot_bringup:/home/rmi/ros2ws/install/differential_drive_robot:/home/rmi/ros2ws/install/serial_motor_demo:/home/rmi/ros2ws/install/learning_tf2_py:/opt/ros/humble /usr/bin/cmake --build /home/rmi/ros2ws/build/my_robot_bringup -- -j8 -l8
[0.842s] DEBUG:colcon.colcon_core.event_handler.log_command:Invoking command in '/home/rmi/ros2ws/build/my_robot_bringup': CMAKE_PREFIX_PATH=/home/rmi/ros2ws/install/my_robot_description:/home/rmi/ros2ws/install/serial_motor_demo_msgs:/home/rmi/ros2ws/install/my_robot_bringup:/home/rmi/ros2ws/install/differential_drive_robot:/home/rmi/ros2ws/install/serial_motor_demo:/home/rmi/ros2ws/install/learning_tf2_py:/opt/ros/humble /usr/bin/cmake --install /home/rmi/ros2ws/build/my_robot_bringup
[0.870s] Level 1:colcon.colcon_core.environment:create_environment_scripts_only(my_robot_bringup)
[0.870s] Level 1:colcon.colcon_core.environment:checking '/home/rmi/ros2ws/install/my_robot_bringup' for CMake module files
[0.871s] DEBUG:colcon.colcon_core.event_handler.log_command:Invoked command in '/home/rmi/ros2ws/build/my_robot_bringup' returned '0': CMAKE_PREFIX_PATH=/home/rmi/ros2ws/install/my_robot_description:/home/rmi/ros2ws/install/serial_motor_demo_msgs:/home/rmi/ros2ws/install/my_robot_bringup:/home/rmi/ros2ws/install/differential_drive_robot:/home/rmi/ros2ws/install/serial_motor_demo:/home/rmi/ros2ws/install/learning_tf2_py:/opt/ros/humble /usr/bin/cmake --install /home/rmi/ros2ws/build/my_robot_bringup
[0.871s] Level 1:colcon.colcon_core.environment:checking '/home/rmi/ros2ws/install/my_robot_bringup' for CMake config files
[0.872s] Level 1:colcon.colcon_core.shell:create_environment_hook('my_robot_bringup', 'cmake_prefix_path')
[0.872s] INFO:colcon.colcon_core.shell:Creating environment hook '/home/rmi/ros2ws/install/my_robot_bringup/share/my_robot_bringup/hook/cmake_prefix_path.ps1'
[0.872s] INFO:colcon.colcon_core.shell:Creating environment descriptor '/home/rmi/ros2ws/install/my_robot_bringup/share/my_robot_bringup/hook/cmake_prefix_path.dsv'
[0.873s] INFO:colcon.colcon_core.shell:Creating environment hook '/home/rmi/ros2ws/install/my_robot_bringup/share/my_robot_bringup/hook/cmake_prefix_path.sh'
[0.873s] Level 1:colcon.colcon_core.environment:checking '/home/rmi/ros2ws/install/my_robot_bringup/bin'
[0.874s] Level 1:colcon.colcon_core.environment:checking '/home/rmi/ros2ws/install/my_robot_bringup/lib/pkgconfig/my_robot_bringup.pc'
[0.874s] Level 1:colcon.colcon_core.environment:checking '/home/rmi/ros2ws/install/my_robot_bringup/lib/python3.10/site-packages'
[0.874s] Level 1:colcon.colcon_core.environment:checking '/home/rmi/ros2ws/install/my_robot_bringup/bin'
[0.874s] INFO:colcon.colcon_core.shell:Creating package script '/home/rmi/ros2ws/install/my_robot_bringup/share/my_robot_bringup/package.ps1'
[0.875s] INFO:colcon.colcon_core.shell:Creating package descriptor '/home/rmi/ros2ws/install/my_robot_bringup/share/my_robot_bringup/package.dsv'
[0.875s] INFO:colcon.colcon_core.shell:Creating package script '/home/rmi/ros2ws/install/my_robot_bringup/share/my_robot_bringup/package.sh'
[0.876s] INFO:colcon.colcon_core.shell:Creating package script '/home/rmi/ros2ws/install/my_robot_bringup/share/my_robot_bringup/package.bash'
[0.877s] INFO:colcon.colcon_core.shell:Creating package script '/home/rmi/ros2ws/install/my_robot_bringup/share/my_robot_bringup/package.zsh'
[0.877s] Level 1:colcon.colcon_core.environment:create_file_with_runtime_dependencies(/home/rmi/ros2ws/install/my_robot_bringup/share/colcon-core/packages/my_robot_bringup)
[0.878s] Level 1:colcon.colcon_core.environment:create_environment_scripts_only(my_robot_bringup)
[0.879s] Level 1:colcon.colcon_core.environment:checking '/home/rmi/ros2ws/install/my_robot_bringup' for CMake module files
[0.880s] Level 1:colcon.colcon_core.environment:checking '/home/rmi/ros2ws/install/my_robot_bringup' for CMake config files
[0.880s] Level 1:colcon.colcon_core.shell:create_environment_hook('my_robot_bringup', 'cmake_prefix_path')
[0.880s] INFO:colcon.colcon_core.shell:Creating environment hook '/home/rmi/ros2ws/install/my_robot_bringup/share/my_robot_bringup/hook/cmake_prefix_path.ps1'
[0.881s] INFO:colcon.colcon_core.shell:Creating environment descriptor '/home/rmi/ros2ws/install/my_robot_bringup/share/my_robot_bringup/hook/cmake_prefix_path.dsv'
[0.881s] INFO:colcon.colcon_core.shell:Creating environment hook '/home/rmi/ros2ws/install/my_robot_bringup/share/my_robot_bringup/hook/cmake_prefix_path.sh'
[0.882s] Level 1:colcon.colcon_core.environment:checking '/home/rmi/ros2ws/install/my_robot_bringup/bin'
[0.882s] Level 1:colcon.colcon_core.environment:checking '/home/rmi/ros2ws/install/my_robot_bringup/lib/pkgconfig/my_robot_bringup.pc'
[0.882s] Level 1:colcon.colcon_core.environment:checking '/home/rmi/ros2ws/install/my_robot_bringup/lib/python3.10/site-packages'
[0.882s] Level 1:colcon.colcon_core.environment:checking '/home/rmi/ros2ws/install/my_robot_bringup/bin'
[0.883s] INFO:colcon.colcon_core.shell:Creating package script '/home/rmi/ros2ws/install/my_robot_bringup/share/my_robot_bringup/package.ps1'
[0.884s] INFO:colcon.colcon_core.shell:Creating package descriptor '/home/rmi/ros2ws/install/my_robot_bringup/share/my_robot_bringup/package.dsv'
[0.885s] INFO:colcon.colcon_core.shell:Creating package script '/home/rmi/ros2ws/install/my_robot_bringup/share/my_robot_bringup/package.sh'
[0.885s] INFO:colcon.colcon_core.shell:Creating package script '/home/rmi/ros2ws/install/my_robot_bringup/share/my_robot_bringup/package.bash'
[0.886s] INFO:colcon.colcon_core.shell:Creating package script '/home/rmi/ros2ws/install/my_robot_bringup/share/my_robot_bringup/package.zsh'
[0.886s] Level 1:colcon.colcon_core.environment:create_file_with_runtime_dependencies(/home/rmi/ros2ws/install/my_robot_bringup/share/colcon-core/packages/my_robot_bringup)
[0.891s] Level 1:colcon.colcon_core.environment:create_environment_scripts_only(serial_motor_demo_msgs)
[0.891s] Level 1:colcon.colcon_core.environment:checking '/home/rmi/ros2ws/install/serial_motor_demo_msgs' for CMake module files
[0.892s] DEBUG:colcon.colcon_core.event_handler.log_command:Invoked command in '/home/rmi/ros2ws/build/serial_motor_demo_msgs' returned '0': CMAKE_PREFIX_PATH=${CMAKE_PREFIX_PATH}:/home/rmi/ros2ws/install/serial_motor_demo:/home/rmi/ros2ws/install/learning_tf2_py:/opt/ros/humble /usr/bin/cmake --install /home/rmi/ros2ws/build/serial_motor_demo_msgs
[0.893s] Level 1:colcon.colcon_core.environment:checking '/home/rmi/ros2ws/install/serial_motor_demo_msgs' for CMake config files
[0.894s] Level 1:colcon.colcon_core.shell:create_environment_hook('serial_motor_demo_msgs', 'cmake_prefix_path')
[0.894s] INFO:colcon.colcon_core.shell:Creating environment hook '/home/rmi/ros2ws/install/serial_motor_demo_msgs/share/serial_motor_demo_msgs/hook/cmake_prefix_path.ps1'
[0.894s] INFO:colcon.colcon_core.shell:Creating environment descriptor '/home/rmi/ros2ws/install/serial_motor_demo_msgs/share/serial_motor_demo_msgs/hook/cmake_prefix_path.dsv'
[0.895s] INFO:colcon.colcon_core.shell:Creating environment hook '/home/rmi/ros2ws/install/serial_motor_demo_msgs/share/serial_motor_demo_msgs/hook/cmake_prefix_path.sh'
[0.896s] Level 1:colcon.colcon_core.environment:checking '/home/rmi/ros2ws/install/serial_motor_demo_msgs/lib'
[0.896s] Level 1:colcon.colcon_core.shell:create_environment_hook('serial_motor_demo_msgs', 'ld_library_path_lib')
[0.896s] INFO:colcon.colcon_core.shell:Creating environment hook '/home/rmi/ros2ws/install/serial_motor_demo_msgs/share/serial_motor_demo_msgs/hook/ld_library_path_lib.ps1'
[0.897s] INFO:colcon.colcon_core.shell:Creating environment descriptor '/home/rmi/ros2ws/install/serial_motor_demo_msgs/share/serial_motor_demo_msgs/hook/ld_library_path_lib.dsv'
[0.897s] INFO:colcon.colcon_core.shell:Creating environment hook '/home/rmi/ros2ws/install/serial_motor_demo_msgs/share/serial_motor_demo_msgs/hook/ld_library_path_lib.sh'
[0.898s] Level 1:colcon.colcon_core.environment:checking '/home/rmi/ros2ws/install/serial_motor_demo_msgs/bin'
[0.898s] Level 1:colcon.colcon_core.environment:checking '/home/rmi/ros2ws/install/serial_motor_demo_msgs/lib/pkgconfig/serial_motor_demo_msgs.pc'
[0.898s] Level 1:colcon.colcon_core.environment:checking '/home/rmi/ros2ws/install/serial_motor_demo_msgs/lib/python3.10/site-packages'
[0.898s] Level 1:colcon.colcon_core.environment:checking '/home/rmi/ros2ws/install/serial_motor_demo_msgs/bin'
[0.899s] INFO:colcon.colcon_core.shell:Creating package script '/home/rmi/ros2ws/install/serial_motor_demo_msgs/share/serial_motor_demo_msgs/package.ps1'
[0.899s] INFO:colcon.colcon_core.shell:Creating package descriptor '/home/rmi/ros2ws/install/serial_motor_demo_msgs/share/serial_motor_demo_msgs/package.dsv'
[0.900s] INFO:colcon.colcon_core.shell:Creating package script '/home/rmi/ros2ws/install/serial_motor_demo_msgs/share/serial_motor_demo_msgs/package.sh'
[0.900s] INFO:colcon.colcon_core.shell:Creating package script '/home/rmi/ros2ws/install/serial_motor_demo_msgs/share/serial_motor_demo_msgs/package.bash'
[0.901s] INFO:colcon.colcon_core.shell:Creating package script '/home/rmi/ros2ws/install/serial_motor_demo_msgs/share/serial_motor_demo_msgs/package.zsh'
[0.901s] Level 1:colcon.colcon_core.environment:create_file_with_runtime_dependencies(/home/rmi/ros2ws/install/serial_motor_demo_msgs/share/colcon-core/packages/serial_motor_demo_msgs)
[0.902s] Level 1:colcon.colcon_core.environment:create_environment_scripts_only(serial_motor_demo_msgs)
[0.902s] Level 1:colcon.colcon_core.environment:checking '/home/rmi/ros2ws/install/serial_motor_demo_msgs' for CMake module files
[0.903s] Level 1:colcon.colcon_core.environment:checking '/home/rmi/ros2ws/install/serial_motor_demo_msgs' for CMake config files
[0.904s] Level 1:colcon.colcon_core.shell:create_environment_hook('serial_motor_demo_msgs', 'cmake_prefix_path')
[0.904s] INFO:colcon.colcon_core.shell:Creating environment hook '/home/rmi/ros2ws/install/serial_motor_demo_msgs/share/serial_motor_demo_msgs/hook/cmake_prefix_path.ps1'
[0.904s] INFO:colcon.colcon_core.shell:Creating environment descriptor '/home/rmi/ros2ws/install/serial_motor_demo_msgs/share/serial_motor_demo_msgs/hook/cmake_prefix_path.dsv'
[0.905s] INFO:colcon.colcon_core.shell:Creating environment hook '/home/rmi/ros2ws/install/serial_motor_demo_msgs/share/serial_motor_demo_msgs/hook/cmake_prefix_path.sh'
[0.906s] Level 1:colcon.colcon_core.environment:checking '/home/rmi/ros2ws/install/serial_motor_demo_msgs/lib'
[0.906s] Level 1:colcon.colcon_core.shell:create_environment_hook('serial_motor_demo_msgs', 'ld_library_path_lib')
[0.906s] INFO:colcon.colcon_core.shell:Creating environment hook '/home/rmi/ros2ws/install/serial_motor_demo_msgs/share/serial_motor_demo_msgs/hook/ld_library_path_lib.ps1'
[0.906s] INFO:colcon.colcon_core.shell:Creating environment descriptor '/home/rmi/ros2ws/install/serial_motor_demo_msgs/share/serial_motor_demo_msgs/hook/ld_library_path_lib.dsv'
[0.907s] INFO:colcon.colcon_core.shell:Creating environment hook '/home/rmi/ros2ws/install/serial_motor_demo_msgs/share/serial_motor_demo_msgs/hook/ld_library_path_lib.sh'
[0.907s] Level 1:colcon.colcon_core.environment:checking '/home/rmi/ros2ws/install/serial_motor_demo_msgs/bin'
[0.908s] Level 1:colcon.colcon_core.environment:checking '/home/rmi/ros2ws/install/serial_motor_demo_msgs/lib/pkgconfig/serial_motor_demo_msgs.pc'
[0.908s] Level 1:colcon.colcon_core.environment:checking '/home/rmi/ros2ws/install/serial_motor_demo_msgs/lib/python3.10/site-packages'
[0.908s] Level 1:colcon.colcon_core.environment:checking '/home/rmi/ros2ws/install/serial_motor_demo_msgs/bin'
[0.908s] INFO:colcon.colcon_core.shell:Creating package script '/home/rmi/ros2ws/install/serial_motor_demo_msgs/share/serial_motor_demo_msgs/package.ps1'
[0.909s] INFO:colcon.colcon_core.shell:Creating package descriptor '/home/rmi/ros2ws/install/serial_motor_demo_msgs/share/serial_motor_demo_msgs/package.dsv'
[0.910s] INFO:colcon.colcon_core.shell:Creating package script '/home/rmi/ros2ws/install/serial_motor_demo_msgs/share/serial_motor_demo_msgs/package.sh'
[0.910s] INFO:colcon.colcon_core.shell:Creating package script '/home/rmi/ros2ws/install/serial_motor_demo_msgs/share/serial_motor_demo_msgs/package.bash'
[0.911s] INFO:colcon.colcon_core.shell:Creating package script '/home/rmi/ros2ws/install/serial_motor_demo_msgs/share/serial_motor_demo_msgs/package.zsh'
[0.911s] Level 1:colcon.colcon_core.environment:create_file_with_runtime_dependencies(/home/rmi/ros2ws/install/serial_motor_demo_msgs/share/colcon-core/packages/serial_motor_demo_msgs)
[0.912s] INFO:colcon.colcon_ros.task.ament_python.build:Building ROS package in '/home/rmi/ros2ws/src/serial_motor_demo/serial_motor_demo' with build type 'ament_python'
[0.912s] Level 1:colcon.colcon_core.shell:create_environment_hook('serial_motor_demo', 'ament_prefix_path')
[0.912s] INFO:colcon.colcon_core.shell:Creating environment hook '/home/rmi/ros2ws/install/serial_motor_demo/share/serial_motor_demo/hook/ament_prefix_path.ps1'
[0.913s] INFO:colcon.colcon_core.shell:Creating environment descriptor '/home/rmi/ros2ws/install/serial_motor_demo/share/serial_motor_demo/hook/ament_prefix_path.dsv'
[0.914s] INFO:colcon.colcon_core.shell:Creating environment hook '/home/rmi/ros2ws/install/serial_motor_demo/share/serial_motor_demo/hook/ament_prefix_path.sh'
[0.915s] INFO:colcon.colcon_core.shell:Skip shell extension 'powershell' for command environment: Not usable outside of PowerShell
[0.915s] DEBUG:colcon.colcon_core.shell:Skip shell extension 'dsv' for command environment
[1.184s] INFO:colcon.colcon_core.task.python.build:Building Python package in '/home/rmi/ros2ws/src/serial_motor_demo/serial_motor_demo'
[1.185s] INFO:colcon.colcon_core.shell:Skip shell extension 'powershell' for command environment: Not usable outside of PowerShell
[1.185s] DEBUG:colcon.colcon_core.shell:Skip shell extension 'dsv' for command environment
[1.191s] DEBUG:colcon.colcon_core.event_handler.log_command:Invoking command in '/home/rmi/ros2ws/build/learning_tf2_py': PYTHONPATH=/home/rmi/ros2ws/build/learning_tf2_py/prefix_override:/usr/lib/python3/dist-packages/colcon_core/task/python/colcon_distutils_commands:/home/rmi/ros2ws/install/learning_tf2_py/lib/python3.10/site-packages:${PYTHONPATH} /usr/bin/python3 -W ignore:setup.py install is deprecated -W ignore:easy_install command is deprecated setup.py develop --editable --build-directory /home/rmi/ros2ws/build/learning_tf2_py/build --no-deps symlink_data
[1.537s] DEBUG:colcon.colcon_core.event_handler.log_command:Invoking command in '/home/rmi/ros2ws/build/serial_motor_demo': PYTHONPATH=/home/rmi/ros2ws/build/serial_motor_demo/prefix_override:/usr/lib/python3/dist-packages/colcon_core/task/python/colcon_distutils_commands:/home/rmi/ros2ws/install/serial_motor_demo/lib/python3.10/site-packages:${PYTHONPATH} /usr/bin/python3 -W ignore:setup.py install is deprecated -W ignore:easy_install command is deprecated setup.py develop --editable --build-directory /home/rmi/ros2ws/build/serial_motor_demo/build --no-deps symlink_data
[1.633s] Level 1:colcon.colcon_core.shell:create_environment_hook('learning_tf2_py', 'pythonpath_develop')
[1.633s] INFO:colcon.colcon_core.shell:Creating environment hook '/home/rmi/ros2ws/build/learning_tf2_py/share/learning_tf2_py/hook/pythonpath_develop.ps1'
[1.634s] DEBUG:colcon.colcon_core.event_handler.log_command:Invoked command in '/home/rmi/ros2ws/build/learning_tf2_py' returned '0': PYTHONPATH=/home/rmi/ros2ws/build/learning_tf2_py/prefix_override:/usr/lib/python3/dist-packages/colcon_core/task/python/colcon_distutils_commands:/home/rmi/ros2ws/install/learning_tf2_py/lib/python3.10/site-packages:${PYTHONPATH} /usr/bin/python3 -W ignore:setup.py install is deprecated -W ignore:easy_install command is deprecated setup.py develop --editable --build-directory /home/rmi/ros2ws/build/learning_tf2_py/build --no-deps symlink_data
[1.634s] INFO:colcon.colcon_core.shell:Creating environment descriptor '/home/rmi/ros2ws/build/learning_tf2_py/share/learning_tf2_py/hook/pythonpath_develop.dsv'
[1.635s] INFO:colcon.colcon_core.shell:Creating environment hook '/home/rmi/ros2ws/build/learning_tf2_py/share/learning_tf2_py/hook/pythonpath_develop.sh'
[1.636s] Level 1:colcon.colcon_core.environment:checking '/home/rmi/ros2ws/install/learning_tf2_py' for CMake module files
[1.636s] Level 1:colcon.colcon_core.environment:checking '/home/rmi/ros2ws/install/learning_tf2_py' for CMake config files
[1.636s] Level 1:colcon.colcon_core.environment:checking '/home/rmi/ros2ws/install/learning_tf2_py/lib'
[1.637s] Level 1:colcon.colcon_core.environment:checking '/home/rmi/ros2ws/install/learning_tf2_py/bin'
[1.637s] Level 1:colcon.colcon_core.environment:checking '/home/rmi/ros2ws/install/learning_tf2_py/lib/pkgconfig/learning_tf2_py.pc'
[1.637s] Level 1:colcon.colcon_core.environment:checking '/home/rmi/ros2ws/install/learning_tf2_py/lib/python3.10/site-packages'
[1.637s] Level 1:colcon.colcon_core.shell:create_environment_hook('learning_tf2_py', 'pythonpath')
[1.637s] INFO:colcon.colcon_core.shell:Creating environment hook '/home/rmi/ros2ws/install/learning_tf2_py/share/learning_tf2_py/hook/pythonpath.ps1'
[1.638s] INFO:colcon.colcon_core.shell:Creating environment descriptor '/home/rmi/ros2ws/install/learning_tf2_py/share/learning_tf2_py/hook/pythonpath.dsv'
[1.638s] INFO:colcon.colcon_core.shell:Creating environment hook '/home/rmi/ros2ws/install/learning_tf2_py/share/learning_tf2_py/hook/pythonpath.sh'
[1.639s] Level 1:colcon.colcon_core.environment:checking '/home/rmi/ros2ws/install/learning_tf2_py/bin'
[1.639s] Level 1:colcon.colcon_core.environment:create_environment_scripts_only(learning_tf2_py)
[1.639s] INFO:colcon.colcon_core.shell:Creating package script '/home/rmi/ros2ws/install/learning_tf2_py/share/learning_tf2_py/package.ps1'
[1.640s] INFO:colcon.colcon_core.shell:Creating package descriptor '/home/rmi/ros2ws/install/learning_tf2_py/share/learning_tf2_py/package.dsv'
[1.641s] INFO:colcon.colcon_core.shell:Creating package script '/home/rmi/ros2ws/install/learning_tf2_py/share/learning_tf2_py/package.sh'
[1.641s] INFO:colcon.colcon_core.shell:Creating package script '/home/rmi/ros2ws/install/learning_tf2_py/share/learning_tf2_py/package.bash'
[1.642s] INFO:colcon.colcon_core.shell:Creating package script '/home/rmi/ros2ws/install/learning_tf2_py/share/learning_tf2_py/package.zsh'
[1.643s] Level 1:colcon.colcon_core.environment:create_file_with_runtime_dependencies(/home/rmi/ros2ws/install/learning_tf2_py/share/colcon-core/packages/learning_tf2_py)
[1.956s] Level 1:colcon.colcon_core.shell:create_environment_hook('serial_motor_demo', 'pythonpath_develop')
[1.957s] DEBUG:colcon.colcon_core.event_handler.log_command:Invoked command in '/home/rmi/ros2ws/build/serial_motor_demo' returned '0': PYTHONPATH=/home/rmi/ros2ws/build/serial_motor_demo/prefix_override:/usr/lib/python3/dist-packages/colcon_core/task/python/colcon_distutils_commands:/home/rmi/ros2ws/install/serial_motor_demo/lib/python3.10/site-packages:${PYTHONPATH} /usr/bin/python3 -W ignore:setup.py install is deprecated -W ignore:easy_install command is deprecated setup.py develop --editable --build-directory /home/rmi/ros2ws/build/serial_motor_demo/build --no-deps symlink_data
[1.957s] INFO:colcon.colcon_core.shell:Creating environment hook '/home/rmi/ros2ws/build/serial_motor_demo/share/serial_motor_demo/hook/pythonpath_develop.ps1'
[1.958s] INFO:colcon.colcon_core.shell:Creating environment descriptor '/home/rmi/ros2ws/build/serial_motor_demo/share/serial_motor_demo/hook/pythonpath_develop.dsv'
[1.958s] INFO:colcon.colcon_core.shell:Creating environment hook '/home/rmi/ros2ws/build/serial_motor_demo/share/serial_motor_demo/hook/pythonpath_develop.sh'
[1.959s] Level 1:colcon.colcon_core.environment:checking '/home/rmi/ros2ws/install/serial_motor_demo' for CMake module files
[1.960s] Level 1:colcon.colcon_core.environment:checking '/home/rmi/ros2ws/install/serial_motor_demo' for CMake config files
[1.960s] Level 1:colcon.colcon_core.environment:checking '/home/rmi/ros2ws/install/serial_motor_demo/lib'
[1.960s] Level 1:colcon.colcon_core.environment:checking '/home/rmi/ros2ws/install/serial_motor_demo/bin'
[1.960s] Level 1:colcon.colcon_core.environment:checking '/home/rmi/ros2ws/install/serial_motor_demo/lib/pkgconfig/serial_motor_demo.pc'
[1.961s] Level 1:colcon.colcon_core.environment:checking '/home/rmi/ros2ws/install/serial_motor_demo/lib/python3.10/site-packages'
[1.961s] Level 1:colcon.colcon_core.shell:create_environment_hook('serial_motor_demo', 'pythonpath')
[1.961s] INFO:colcon.colcon_core.shell:Creating environment hook '/home/rmi/ros2ws/install/serial_motor_demo/share/serial_motor_demo/hook/pythonpath.ps1'
[1.961s] INFO:colcon.colcon_core.shell:Creating environment descriptor '/home/rmi/ros2ws/install/serial_motor_demo/share/serial_motor_demo/hook/pythonpath.dsv'
[1.962s] INFO:colcon.colcon_core.shell:Creating environment hook '/home/rmi/ros2ws/install/serial_motor_demo/share/serial_motor_demo/hook/pythonpath.sh'
[1.963s] Level 1:colcon.colcon_core.environment:checking '/home/rmi/ros2ws/install/serial_motor_demo/bin'
[1.963s] Level 1:colcon.colcon_core.environment:create_environment_scripts_only(serial_motor_demo)
[1.963s] INFO:colcon.colcon_core.shell:Creating package script '/home/rmi/ros2ws/install/serial_motor_demo/share/serial_motor_demo/package.ps1'
[1.964s] INFO:colcon.colcon_core.shell:Creating package descriptor '/home/rmi/ros2ws/install/serial_motor_demo/share/serial_motor_demo/package.dsv'
[1.964s] INFO:colcon.colcon_core.shell:Creating package script '/home/rmi/ros2ws/install/serial_motor_demo/share/serial_motor_demo/package.sh'
[1.965s] INFO:colcon.colcon_core.shell:Creating package script '/home/rmi/ros2ws/install/serial_motor_demo/share/serial_motor_demo/package.bash'
[1.966s] INFO:colcon.colcon_core.shell:Creating package script '/home/rmi/ros2ws/install/serial_motor_demo/share/serial_motor_demo/package.zsh'
[1.966s] Level 1:colcon.colcon_core.environment:create_file_with_runtime_dependencies(/home/rmi/ros2ws/install/serial_motor_demo/share/colcon-core/packages/serial_motor_demo)
[1.967s] DEBUG:colcon.colcon_parallel_executor.executor.parallel:closing loop
[1.968s] DEBUG:colcon.colcon_parallel_executor.executor.parallel:loop closed
[1.968s] DEBUG:colcon.colcon_parallel_executor.executor.parallel:run_until_complete finished with '0'
[1.968s] DEBUG:colcon.colcon_core.event_reactor:joining thread
[1.974s] INFO:colcon.colcon_core.plugin_system:Skipping extension 'colcon_notification.desktop_notification.notify_send': Could not find 'notify-send'
[1.974s] INFO:colcon.colcon_core.plugin_system:Skipping extension 'colcon_notification.desktop_notification.terminal_notifier': Not used on non-Darwin systems
[1.974s] INFO:colcon.colcon_core.plugin_system:Skipping extension 'colcon_notification.desktop_notification.win32': Not used on non-Windows systems
[1.974s] INFO:colcon.colcon_notification.desktop_notification:Sending desktop notification using 'notify2'
[1.975s] DEBUG:colcon.colcon_notification.desktop_notification.notify2:Failed to initialize notify2: org.freedesktop.DBus.Error.ServiceUnknown: The name org.freedesktop.Notifications was not provided by any .service files
[1.975s] DEBUG:colcon.colcon_core.event_reactor:joined thread
[1.975s] INFO:colcon.colcon_core.shell:Creating prefix script '/home/rmi/ros2ws/install/local_setup.ps1'
[1.976s] INFO:colcon.colcon_core.shell:Creating prefix util module '/home/rmi/ros2ws/install/_local_setup_util_ps1.py'
[1.978s] INFO:colcon.colcon_core.shell:Creating prefix chain script '/home/rmi/ros2ws/install/setup.ps1'
[1.979s] INFO:colcon.colcon_core.shell:Creating prefix script '/home/rmi/ros2ws/install/local_setup.sh'
[1.980s] INFO:colcon.colcon_core.shell:Creating prefix util module '/home/rmi/ros2ws/install/_local_setup_util_sh.py'
[1.980s] INFO:colcon.colcon_core.shell:Creating prefix chain script '/home/rmi/ros2ws/install/setup.sh'
[1.982s] INFO:colcon.colcon_core.shell:Creating prefix script '/home/rmi/ros2ws/install/local_setup.bash'
[1.983s] INFO:colcon.colcon_core.shell:Creating prefix chain script '/home/rmi/ros2ws/install/setup.bash'
[1.984s] INFO:colcon.colcon_core.shell:Creating prefix script '/home/rmi/ros2ws/install/local_setup.zsh'
[1.984s] INFO:colcon.colcon_core.shell:Creating prefix chain script '/home/rmi/ros2ws/install/setup.zsh'
