[0.011s] Invoking command in '/home/rmi/ros2ws/build/my_robot_bringup': AMENT_PREFIX_PATH=/home/rmi/ros2ws/install/my_robot_description:${AMENT_PREFIX_PATH} CMAKE_PREFIX_PATH=/home/rmi/ros2ws/install/my_robot_description:/opt/ros/humble /usr/bin/cmake --build /home/rmi/ros2ws/build/my_robot_bringup -- -j8 -l8
[0.053s] Invoked command in '/home/rmi/ros2ws/build/my_robot_bringup' returned '0': AMENT_PREFIX_PATH=/home/rmi/ros2ws/install/my_robot_description:${AMENT_PREFIX_PATH} CMAKE_PREFIX_PATH=/home/rmi/ros2ws/install/my_robot_description:/opt/ros/humble /usr/bin/cmake --build /home/rmi/ros2ws/build/my_robot_bringup -- -j8 -l8
[0.054s] Invoking command in '/home/rmi/ros2ws/build/my_robot_bringup': AMENT_PREFIX_PATH=/home/rmi/ros2ws/install/my_robot_description:${AMENT_PREFIX_PATH} CMAKE_PREFIX_PATH=/home/rmi/ros2ws/install/my_robot_description:/opt/ros/humble /usr/bin/cmake --install /home/rmi/ros2ws/build/my_robot_bringup
[0.063s] -- Install configuration: ""
[0.063s] -- Execute custom install script
[0.063s] -- Up-to-date symlink: /home/rmi/ros2ws/install/my_robot_bringup/share/my_robot_bringup//launch/my_robot_gazebo.launch.xml
[0.064s] -- Up-to-date symlink: /home/rmi/ros2ws/install/my_robot_bringup/share/my_robot_bringup//launch/my_robot_gazebo.launch.xmlZone.Identifier
[0.064s] -- Up-to-date symlink: /home/rmi/ros2ws/install/my_robot_bringup/share/my_robot_bringup//rviz/urdf_config.rviz
[0.064s] -- Up-to-date symlink: /home/rmi/ros2ws/install/my_robot_bringup/share/my_robot_bringup//rviz/urdf_config.rvizZone.Identifier
[0.064s] -- Up-to-date symlink: /home/rmi/ros2ws/install/my_robot_bringup/share/my_robot_bringup//worlds/test_world.world
[0.065s] -- Up-to-date symlink: /home/rmi/ros2ws/install/my_robot_bringup/share/my_robot_bringup//worlds/test_world.worldZone.Identifier
[0.065s] -- Up-to-date symlink: /home/rmi/ros2ws/install/my_robot_bringup/share/ament_index/resource_index/package_run_dependencies/my_robot_bringup
[0.065s] -- Up-to-date symlink: /home/rmi/ros2ws/install/my_robot_bringup/share/ament_index/resource_index/parent_prefix_path/my_robot_bringup
[0.065s] -- Up-to-date symlink: /home/rmi/ros2ws/install/my_robot_bringup/share/my_robot_bringup/environment/ament_prefix_path.sh
[0.066s] -- Up-to-date symlink: /home/rmi/ros2ws/install/my_robot_bringup/share/my_robot_bringup/environment/ament_prefix_path.dsv
[0.066s] -- Up-to-date symlink: /home/rmi/ros2ws/install/my_robot_bringup/share/my_robot_bringup/environment/path.sh
[0.066s] -- Up-to-date symlink: /home/rmi/ros2ws/install/my_robot_bringup/share/my_robot_bringup/environment/path.dsv
[0.066s] -- Up-to-date symlink: /home/rmi/ros2ws/install/my_robot_bringup/share/my_robot_bringup/local_setup.bash
[0.067s] -- Up-to-date symlink: /home/rmi/ros2ws/install/my_robot_bringup/share/my_robot_bringup/local_setup.sh
[0.067s] -- Up-to-date symlink: /home/rmi/ros2ws/install/my_robot_bringup/share/my_robot_bringup/local_setup.zsh
[0.068s] -- Up-to-date symlink: /home/rmi/ros2ws/install/my_robot_bringup/share/my_robot_bringup/local_setup.dsv
[0.068s] -- Symlinking: /home/rmi/ros2ws/install/my_robot_bringup/share/my_robot_bringup/package.dsv
[0.076s] -- Up-to-date symlink: /home/rmi/ros2ws/install/my_robot_bringup/share/ament_index/resource_index/packages/my_robot_bringup
[0.076s] -- Up-to-date symlink: /home/rmi/ros2ws/install/my_robot_bringup/share/my_robot_bringup/cmake/my_robot_bringupConfig.cmake
[0.077s] -- Up-to-date symlink: /home/rmi/ros2ws/install/my_robot_bringup/share/my_robot_bringup/cmake/my_robot_bringupConfig-version.cmake
[0.077s] -- Up-to-date symlink: /home/rmi/ros2ws/install/my_robot_bringup/share/my_robot_bringup/package.xml
[0.081s] Invoked command in '/home/rmi/ros2ws/build/my_robot_bringup' returned '0': AMENT_PREFIX_PATH=/home/rmi/ros2ws/install/my_robot_description:${AMENT_PREFIX_PATH} CMAKE_PREFIX_PATH=/home/rmi/ros2ws/install/my_robot_description:/opt/ros/humble /usr/bin/cmake --install /home/rmi/ros2ws/build/my_robot_bringup
