[0.049s] Invoking command in '/home/rmi/ros2ws/build/my_robot_description': CMAKE_PREFIX_PATH=/opt/ros/humble /usr/bin/cmake --build /home/rmi/ros2ws/build/my_robot_description -- -j8 -l8
[0.376s] Invoked command in '/home/rmi/ros2ws/build/my_robot_description' returned '0': CMAKE_PREFIX_PATH=/opt/ros/humble /usr/bin/cmake --build /home/rmi/ros2ws/build/my_robot_description -- -j8 -l8
[0.378s] Invoking command in '/home/rmi/ros2ws/build/my_robot_description': CMAKE_PREFIX_PATH=/opt/ros/humble /usr/bin/cmake --install /home/rmi/ros2ws/build/my_robot_description
[0.401s] -- Install configuration: ""
[0.401s] -- Up-to-date: /home/rmi/ros2ws/install/my_robot_description/share/my_robot_description//urdf
[0.401s] -- Up-to-date: /home/rmi/ros2ws/install/my_robot_description/share/my_robot_description//urdf/mobile_base_gazebo.xacroZone.Identifier
[0.401s] -- Installing: /home/rmi/ros2ws/install/my_robot_description/share/my_robot_description//urdf/common_properties.xacro
[0.401s] -- Installing: /home/rmi/ros2ws/install/my_robot_description/share/my_robot_description//urdf/my_robot.urdf.xacro
[0.401s] -- Up-to-date: /home/rmi/ros2ws/install/my_robot_description/share/my_robot_description//urdf/my_robot.urdf.xacroZone.Identifier
[0.401s] -- Up-to-date: /home/rmi/ros2ws/install/my_robot_description/share/my_robot_description//urdf/common_properties.xacroZone.Identifier
[0.401s] -- Installing: /home/rmi/ros2ws/install/my_robot_description/share/my_robot_description//urdf/lidar.txt
[0.401s] -- Up-to-date: /home/rmi/ros2ws/install/my_robot_description/share/my_robot_description//urdf/mobile_base_gazebo.xacro
[0.401s] -- Up-to-date: /home/rmi/ros2ws/install/my_robot_description/share/my_robot_description//urdf/camera.xacro
[0.402s] -- Up-to-date: /home/rmi/ros2ws/install/my_robot_description/share/my_robot_description//urdf/mobile_base.xacro
[0.402s] -- Installing: /home/rmi/ros2ws/install/my_robot_description/share/my_robot_description//urdf/lidar.xacro
[0.402s] -- Up-to-date: /home/rmi/ros2ws/install/my_robot_description/share/my_robot_description//urdf/mobile_base.xacroZone.Identifier
[0.402s] -- Up-to-date: /home/rmi/ros2ws/install/my_robot_description/share/my_robot_description//urdf/camera.xacroZone.Identifier
[0.403s] -- Up-to-date: /home/rmi/ros2ws/install/my_robot_description/share/my_robot_description//launch
[0.403s] -- Up-to-date: /home/rmi/ros2ws/install/my_robot_description/share/my_robot_description//launch/display.launch.py
[0.403s] -- Up-to-date: /home/rmi/ros2ws/install/my_robot_description/share/my_robot_description//launch/display.launch.xml
[0.403s] -- Up-to-date: /home/rmi/ros2ws/install/my_robot_description/share/my_robot_description//launch/display.launch.xmlZone.Identifier
[0.403s] -- Up-to-date: /home/rmi/ros2ws/install/my_robot_description/share/my_robot_description//launch/display.launch.pyZone.Identifier
[0.404s] -- Up-to-date: /home/rmi/ros2ws/install/my_robot_description/share/my_robot_description//rviz
[0.404s] -- Up-to-date: /home/rmi/ros2ws/install/my_robot_description/share/my_robot_description//rviz/urdf_config.rviz
[0.404s] -- Up-to-date: /home/rmi/ros2ws/install/my_robot_description/share/my_robot_description//rviz/urdf_config.rvizZone.Identifier
[0.411s] -- Up-to-date: /home/rmi/ros2ws/install/my_robot_description/share/ament_index/resource_index/package_run_dependencies/my_robot_description
[0.411s] -- Up-to-date: /home/rmi/ros2ws/install/my_robot_description/share/ament_index/resource_index/parent_prefix_path/my_robot_description
[0.411s] -- Up-to-date: /home/rmi/ros2ws/install/my_robot_description/share/my_robot_description/environment/ament_prefix_path.sh
[0.411s] -- Up-to-date: /home/rmi/ros2ws/install/my_robot_description/share/my_robot_description/environment/ament_prefix_path.dsv
[0.412s] -- Up-to-date: /home/rmi/ros2ws/install/my_robot_description/share/my_robot_description/environment/path.sh
[0.412s] -- Up-to-date: /home/rmi/ros2ws/install/my_robot_description/share/my_robot_description/environment/path.dsv
[0.413s] -- Up-to-date: /home/rmi/ros2ws/install/my_robot_description/share/my_robot_description/local_setup.bash
[0.413s] -- Up-to-date: /home/rmi/ros2ws/install/my_robot_description/share/my_robot_description/local_setup.sh
[0.413s] -- Up-to-date: /home/rmi/ros2ws/install/my_robot_description/share/my_robot_description/local_setup.zsh
[0.414s] -- Up-to-date: /home/rmi/ros2ws/install/my_robot_description/share/my_robot_description/local_setup.dsv
[0.414s] -- Installing: /home/rmi/ros2ws/install/my_robot_description/share/my_robot_description/package.dsv
[0.414s] -- Up-to-date: /home/rmi/ros2ws/install/my_robot_description/share/ament_index/resource_index/packages/my_robot_description
[0.414s] -- Up-to-date: /home/rmi/ros2ws/install/my_robot_description/share/my_robot_description/cmake/my_robot_descriptionConfig.cmake
[0.414s] -- Up-to-date: /home/rmi/ros2ws/install/my_robot_description/share/my_robot_description/cmake/my_robot_descriptionConfig-version.cmake
[0.414s] -- Up-to-date: /home/rmi/ros2ws/install/my_robot_description/share/my_robot_description/package.xml
[0.435s] Invoked command in '/home/rmi/ros2ws/build/my_robot_description' returned '0': CMAKE_PREFIX_PATH=/opt/ros/humble /usr/bin/cmake --install /home/rmi/ros2ws/build/my_robot_description
