[0.643s] Invoking command in '/home/rmi/ros2ws/build/serial_motor_demo': PYTHONPATH=/home/rmi/ros2ws/build/serial_motor_demo/prefix_override:/usr/lib/python3/dist-packages/colcon_core/task/python/colcon_distutils_commands:/home/rmi/ros2ws/install/serial_motor_demo/lib/python3.10/site-packages:${PYTHONPATH} /usr/bin/python3 -W ignore:setup.py install is deprecated -W ignore:easy_install command is deprecated setup.py develop --editable --build-directory /home/rmi/ros2ws/build/serial_motor_demo/build --no-deps symlink_data
[0.884s] /usr/lib/python3/dist-packages/setuptools/dist.py:723: UserWarning: Usage of dash-separated 'script-dir' will not be supported in future versions. Please use the underscore name 'script_dir' instead
[0.884s]   warnings.warn(
[0.911s] running develop
[1.078s] running egg_info
[1.078s] writing serial_motor_demo.egg-info/PKG-INFO
[1.079s] writing dependency_links to serial_motor_demo.egg-info/dependency_links.txt
[1.079s] writing entry points to serial_motor_demo.egg-info/entry_points.txt
[1.080s] writing requirements to serial_motor_demo.egg-info/requires.txt
[1.080s] writing top-level names to serial_motor_demo.egg-info/top_level.txt
[1.082s] reading manifest file 'serial_motor_demo.egg-info/SOURCES.txt'
[1.083s] writing manifest file 'serial_motor_demo.egg-info/SOURCES.txt'
[1.084s] running build_ext
[1.084s] Creating /home/rmi/ros2ws/install/serial_motor_demo/lib/python3.10/site-packages/serial-motor-demo.egg-link (link to .)
[1.085s] Installing driver script to /home/rmi/ros2ws/install/serial_motor_demo/lib/serial_motor_demo
[1.086s] Installing gui script to /home/rmi/ros2ws/install/serial_motor_demo/lib/serial_motor_demo
[1.086s] 
[1.086s] Installed /home/rmi/ros2ws/build/serial_motor_demo
[1.086s] running symlink_data
[1.112s] Invoked command in '/home/rmi/ros2ws/build/serial_motor_demo' returned '0': PYTHONPATH=/home/rmi/ros2ws/build/serial_motor_demo/prefix_override:/usr/lib/python3/dist-packages/colcon_core/task/python/colcon_distutils_commands:/home/rmi/ros2ws/install/serial_motor_demo/lib/python3.10/site-packages:${PYTHONPATH} /usr/bin/python3 -W ignore:setup.py install is deprecated -W ignore:easy_install command is deprecated setup.py develop --editable --build-directory /home/rmi/ros2ws/build/serial_motor_demo/build --no-deps symlink_data
