[0.264s] Invoking command in '/home/rmi/ros2ws/build/my_robot_description': CMAKE_PREFIX_PATH=${CMAKE_PREFIX_PATH}:/home/rmi/ros2ws/install/serial_motor_demo:/opt/ros/humble /usr/bin/cmake /home/rmi/ros2ws/src/my_robot_description -DCMAKE_INSTALL_PREFIX=/home/rmi/ros2ws/install/my_robot_description
[1.728s] -- The C compiler identification is GNU 11.4.0
[2.760s] -- The CXX compiler identification is GNU 11.4.0
[2.900s] -- Detecting C compiler ABI info
[3.900s] -- Detecting C compiler ABI info - done
[3.984s] -- Check for working C compiler: /usr/bin/cc - skipped
[4.004s] -- Detecting C compile features
[4.016s] -- Detecting C compile features - done
[4.088s] -- Detecting CXX compiler ABI info
[5.300s] -- Detecting CXX compiler ABI info - done
[5.424s] -- Check for working CXX compiler: /usr/bin/c++ - skipped
[5.424s] -- Detecting CXX compile features
[5.424s] -- Detecting CXX compile features - done
[5.468s] -- Found ament_cmake: 1.3.11 (/opt/ros/humble/share/ament_cmake/cmake)
[7.524s] -- Found Python3: /usr/bin/python3 (found version "3.10.12") found components: Interpreter 
[9.260s] -- Configuring done
[9.316s] -- Generating done
[9.344s] -- Build files have been written to: /home/rmi/ros2ws/build/my_robot_description
[10.452s] Invoked command in '/home/rmi/ros2ws/build/my_robot_description' returned '0': CMAKE_PREFIX_PATH=${CMAKE_PREFIX_PATH}:/home/rmi/ros2ws/install/serial_motor_demo:/opt/ros/humble /usr/bin/cmake /home/rmi/ros2ws/src/my_robot_description -DCMAKE_INSTALL_PREFIX=/home/rmi/ros2ws/install/my_robot_description
[10.456s] Invoking command in '/home/rmi/ros2ws/build/my_robot_description': CMAKE_PREFIX_PATH=${CMAKE_PREFIX_PATH}:/home/rmi/ros2ws/install/serial_motor_demo:/opt/ros/humble /usr/bin/cmake --build /home/rmi/ros2ws/build/my_robot_description -- -j8 -l8
[11.184s] Invoked command in '/home/rmi/ros2ws/build/my_robot_description' returned '0': CMAKE_PREFIX_PATH=${CMAKE_PREFIX_PATH}:/home/rmi/ros2ws/install/serial_motor_demo:/opt/ros/humble /usr/bin/cmake --build /home/rmi/ros2ws/build/my_robot_description -- -j8 -l8
[11.216s] Invoking command in '/home/rmi/ros2ws/build/my_robot_description': CMAKE_PREFIX_PATH=${CMAKE_PREFIX_PATH}:/home/rmi/ros2ws/install/serial_motor_demo:/opt/ros/humble /usr/bin/cmake --install /home/rmi/ros2ws/build/my_robot_description
[11.376s] -- Install configuration: ""
[11.412s] -- Installing: /home/rmi/ros2ws/install/my_robot_description/share/my_robot_description//urdf
[11.416s] -- Installing: /home/rmi/ros2ws/install/my_robot_description/share/my_robot_description//urdf/mobile_base_gazebo.xacroZone.Identifier
[11.416s] -- Installing: /home/rmi/ros2ws/install/my_robot_description/share/my_robot_description//urdf/common_properties.xacro
[11.444s] -- Installing: /home/rmi/ros2ws/install/my_robot_description/share/my_robot_description//urdf/my_robot.urdf.xacro
[11.444s] -- Installing: /home/rmi/ros2ws/install/my_robot_description/share/my_robot_description//urdf/my_robot.urdf.xacroZone.Identifier
[11.448s] -- Installing: /home/rmi/ros2ws/install/my_robot_description/share/my_robot_description//urdf/common_properties.xacroZone.Identifier
[11.448s] -- Installing: /home/rmi/ros2ws/install/my_robot_description/share/my_robot_description//urdf/mobile_base_gazebo.xacro
[11.448s] -- Installing: /home/rmi/ros2ws/install/my_robot_description/share/my_robot_description//urdf/camera.xacro
[11.448s] -- Installing: /home/rmi/ros2ws/install/my_robot_description/share/my_robot_description//urdf/mobile_base.xacro
[11.448s] -- Installing: /home/rmi/ros2ws/install/my_robot_description/share/my_robot_description//urdf/mobile_base.xacroZone.Identifier
[11.448s] -- Installing: /home/rmi/ros2ws/install/my_robot_description/share/my_robot_description//urdf/camera.xacroZone.Identifier
[11.448s] -- Installing: /home/rmi/ros2ws/install/my_robot_description/share/my_robot_description//launch
[11.452s] -- Installing: /home/rmi/ros2ws/install/my_robot_description/share/my_robot_description//launch/display.launch.py
[11.452s] -- Installing: /home/rmi/ros2ws/install/my_robot_description/share/my_robot_description//launch/display.launch.xml
[11.452s] -- Installing: /home/rmi/ros2ws/install/my_robot_description/share/my_robot_description//launch/display.launch.xmlZone.Identifier
[11.452s] -- Installing: /home/rmi/ros2ws/install/my_robot_description/share/my_robot_description//launch/display.launch.pyZone.Identifier
[11.456s] -- Installing: /home/rmi/ros2ws/install/my_robot_description/share/my_robot_description//rviz
[11.456s] -- Installing: /home/rmi/ros2ws/install/my_robot_description/share/my_robot_description//rviz/urdf_config.rviz
[11.456s] -- Installing: /home/rmi/ros2ws/install/my_robot_description/share/my_robot_description//rviz/urdf_config.rvizZone.Identifier
[11.456s] -- Installing: /home/rmi/ros2ws/install/my_robot_description/share/ament_index/resource_index/package_run_dependencies/my_robot_description
[11.456s] -- Installing: /home/rmi/ros2ws/install/my_robot_description/share/ament_index/resource_index/parent_prefix_path/my_robot_description
[11.456s] -- Installing: /home/rmi/ros2ws/install/my_robot_description/share/my_robot_description/environment/ament_prefix_path.sh
[11.460s] -- Installing: /home/rmi/ros2ws/install/my_robot_description/share/my_robot_description/environment/ament_prefix_path.dsv
[11.460s] -- Installing: /home/rmi/ros2ws/install/my_robot_description/share/my_robot_description/environment/path.sh
[11.460s] -- Installing: /home/rmi/ros2ws/install/my_robot_description/share/my_robot_description/environment/path.dsv
[11.460s] -- Installing: /home/rmi/ros2ws/install/my_robot_description/share/my_robot_description/local_setup.bash
[11.464s] -- Installing: /home/rmi/ros2ws/install/my_robot_description/share/my_robot_description/local_setup.sh
[11.464s] -- Installing: /home/rmi/ros2ws/install/my_robot_description/share/my_robot_description/local_setup.zsh
[11.464s] -- Installing: /home/rmi/ros2ws/install/my_robot_description/share/my_robot_description/local_setup.dsv
[11.464s] -- Installing: /home/rmi/ros2ws/install/my_robot_description/share/my_robot_description/package.dsv
[11.464s] -- Installing: /home/rmi/ros2ws/install/my_robot_description/share/ament_index/resource_index/packages/my_robot_description
[11.464s] -- Installing: /home/rmi/ros2ws/install/my_robot_description/share/my_robot_description/cmake/my_robot_descriptionConfig.cmake
[11.468s] -- Installing: /home/rmi/ros2ws/install/my_robot_description/share/my_robot_description/cmake/my_robot_descriptionConfig-version.cmake
[11.480s] -- Installing: /home/rmi/ros2ws/install/my_robot_description/share/my_robot_description/package.xml
[11.664s] Invoked command in '/home/rmi/ros2ws/build/my_robot_description' returned '0': CMAKE_PREFIX_PATH=${CMAKE_PREFIX_PATH}:/home/rmi/ros2ws/install/serial_motor_demo:/opt/ros/humble /usr/bin/cmake --install /home/rmi/ros2ws/build/my_robot_description
